<?xml version="1.0" encoding="UTF-8"?>
<<<<<<< HEAD
<testsuite name="ca.mcgill.ecse.biketourplus.features.CucumberFeaturesTestRunner" tests="241" skipped="0" failures="39" errors="0" timestamp="2022-11-09T03:56:10" hostname="LAPTOP-BDFK81IC" time="14.445">
  <properties/>
  <testcase name="Add a piece of gear or combo to a participant successfully #1(Add and Remove Gear And Combo for Participant " classname="ca.mcgill.ecse.biketourplus.features.CucumberFeaturesTestRunner" time="1.644"/>
  <testcase name="Add a piece of gear or combo to a participant successfully #2(Add and Remove Gear And Combo for Participant " classname="ca.mcgill.ecse.biketourplus.features.CucumberFeaturesTestRunner" time="0.349"/>
  <testcase name="Add a piece of gear or combo to a participant successfully #3(Add and Remove Gear And Combo for Participant " classname="ca.mcgill.ecse.biketourplus.features.CucumberFeaturesTestRunner" time="0.211"/>
  <testcase name="Add a piece of gear or combo to a participant successfully #4(Add and Remove Gear And Combo for Participant " classname="ca.mcgill.ecse.biketourplus.features.CucumberFeaturesTestRunner" time="0.202"/>
  <testcase name="Add a piece of gear or combo to a participant successfully #5(Add and Remove Gear And Combo for Participant " classname="ca.mcgill.ecse.biketourplus.features.CucumberFeaturesTestRunner" time="0.202"/>
  <testcase name="Add a piece of gear or combo to a participant successfully #6(Add and Remove Gear And Combo for Participant " classname="ca.mcgill.ecse.biketourplus.features.CucumberFeaturesTestRunner" time="0.178"/>
  <testcase name="Add a piece of gear or combo to a participant successfully #7(Add and Remove Gear And Combo for Participant " classname="ca.mcgill.ecse.biketourplus.features.CucumberFeaturesTestRunner" time="0.116"/>
  <testcase name="Add a piece of gear or combo to a participant successfully #8(Add and Remove Gear And Combo for Participant " classname="ca.mcgill.ecse.biketourplus.features.CucumberFeaturesTestRunner" time="0.163"/>
  <testcase name="Add a piece of gear or combo to a participant successfully #9(Add and Remove Gear And Combo for Participant " classname="ca.mcgill.ecse.biketourplus.features.CucumberFeaturesTestRunner" time="0.108"/>
  <testcase name="Add a piece of gear or combo to a participant successfully #10(Add and Remove Gear And Combo for Participant " classname="ca.mcgill.ecse.biketourplus.features.CucumberFeaturesTestRunner" time="0.103"/>
  <testcase name="Unsuccessfully add a piece of gear or combo that does not exist to a participant #1(Add and Remove Gear And Combo for Participant " classname="ca.mcgill.ecse.biketourplus.features.CucumberFeaturesTestRunner" time="0.052"/>
  <testcase name="Unsuccessfully add a piece of gear or combo that does not exist to a participant #2(Add and Remove Gear And Combo for Participant " classname="ca.mcgill.ecse.biketourplus.features.CucumberFeaturesTestRunner" time="0.038"/>
  <testcase name="Unsuccessfully add a piece of gear or combo that does not exist to a participant #3(Add and Remove Gear And Combo for Participant " classname="ca.mcgill.ecse.biketourplus.features.CucumberFeaturesTestRunner" time="0.065"/>
  <testcase name="Unsuccessfully add a piece of gear or combo that does not exist to a participant #4(Add and Remove Gear And Combo for Participant " classname="ca.mcgill.ecse.biketourplus.features.CucumberFeaturesTestRunner" time="0.095"/>
  <testcase name="Unsuccessfully add a piece of gear or combo that does not exist to a participant #5(Add and Remove Gear And Combo for Participant " classname="ca.mcgill.ecse.biketourplus.features.CucumberFeaturesTestRunner" time="0.073"/>
  <testcase name="Unsuccessfully add a piece of gear or combo to a participant that does not exist #1(Add and Remove Gear And Combo for Participant " classname="ca.mcgill.ecse.biketourplus.features.CucumberFeaturesTestRunner" time="0.048"/>
  <testcase name="Unsuccessfully add a piece of gear or combo to a participant that does not exist #2(Add and Remove Gear And Combo for Participant " classname="ca.mcgill.ecse.biketourplus.features.CucumberFeaturesTestRunner" time="0.063"/>
  <testcase name="Unsuccessfully add a piece of gear or combo to a participant that does not exist #3(Add and Remove Gear And Combo for Participant " classname="ca.mcgill.ecse.biketourplus.features.CucumberFeaturesTestRunner" time="0.059"/>
  <testcase name="Unsuccessfully add a piece of gear or combo to a participant that does not exist #4(Add and Remove Gear And Combo for Participant " classname="ca.mcgill.ecse.biketourplus.features.CucumberFeaturesTestRunner" time="0.099"/>
  <testcase name="Unsuccessfully add a piece of gear or combo to a participant that does not exist #5(Add and Remove Gear And Combo for Participant " classname="ca.mcgill.ecse.biketourplus.features.CucumberFeaturesTestRunner" time="0.109"/>
  <testcase name="Remove a piece of gear or combo from a participant successfully #1(Add and Remove Gear And Combo for Participant " classname="ca.mcgill.ecse.biketourplus.features.CucumberFeaturesTestRunner" time="0.164"/>
  <testcase name="Remove a piece of gear or combo from a participant successfully #2(Add and Remove Gear And Combo for Participant " classname="ca.mcgill.ecse.biketourplus.features.CucumberFeaturesTestRunner" time="0.037"/>
  <testcase name="Remove the last item of a piece of gear or combo from a participant successfully #1(Add and Remove Gear And Combo for Participant " classname="ca.mcgill.ecse.biketourplus.features.CucumberFeaturesTestRunner" time="0.062"/>
  <testcase name="Remove the last item of a piece of gear or combo from a participant successfully #2(Add and Remove Gear And Combo for Participant " classname="ca.mcgill.ecse.biketourplus.features.CucumberFeaturesTestRunner" time="0.044"/>
  <testcase name="Remove the last item of a piece of gear or combo from a participant successfully #3(Add and Remove Gear And Combo for Participant " classname="ca.mcgill.ecse.biketourplus.features.CucumberFeaturesTestRunner" time="0.158"/>
  <testcase name="Remove the last item of a piece of gear or combo from a participant successfully #4(Add and Remove Gear And Combo for Participant " classname="ca.mcgill.ecse.biketourplus.features.CucumberFeaturesTestRunner" time="0.053"/>
  <testcase name="Remove the last item of a piece of gear or combo from a participant successfully #5(Add and Remove Gear And Combo for Participant " classname="ca.mcgill.ecse.biketourplus.features.CucumberFeaturesTestRunner" time="0.133"/>
  <testcase name="Remove the last item of a piece of gear or combo from a participant successfully #6(Add and Remove Gear And Combo for Participant " classname="ca.mcgill.ecse.biketourplus.features.CucumberFeaturesTestRunner" time="0.082"/>
  <testcase name="Remove the last item of a piece of gear or combo from a participant successfully #7(Add and Remove Gear And Combo for Participant " classname="ca.mcgill.ecse.biketourplus.features.CucumberFeaturesTestRunner" time="0.095"/>
  <testcase name="Remove the last item of a piece of gear or combo from a participant successfully #8(Add and Remove Gear And Combo for Participant " classname="ca.mcgill.ecse.biketourplus.features.CucumberFeaturesTestRunner" time="0.116"/>
  <testcase name="Unsuccessfully remove a piece of gear or combo from a participant that does not exist #1(Add and Remove Gear And Combo for Participant " classname="ca.mcgill.ecse.biketourplus.features.CucumberFeaturesTestRunner" time="0.087"/>
  <testcase name="Unsuccessfully remove a piece of gear or combo from a participant that does not exist #2(Add and Remove Gear And Combo for Participant " classname="ca.mcgill.ecse.biketourplus.features.CucumberFeaturesTestRunner" time="0.035"/>
  <testcase name="Unsuccessfully remove a piece of gear or combo from a participant that does not exist #3(Add and Remove Gear And Combo for Participant " classname="ca.mcgill.ecse.biketourplus.features.CucumberFeaturesTestRunner" time="0.046"/>
  <testcase name="Unsuccessfully remove a piece of gear or combo from a participant that does not exist #4(Add and Remove Gear And Combo for Participant " classname="ca.mcgill.ecse.biketourplus.features.CucumberFeaturesTestRunner" time="0.045"/>
  <testcase name="Unsuccessfully remove a piece of gear or combo from a participant that does not exist #5(Add and Remove Gear And Combo for Participant " classname="ca.mcgill.ecse.biketourplus.features.CucumberFeaturesTestRunner" time="0.042"/>
  <testcase name="Add a piece of gear to a combo successfully #1(Add and Remove Gear for Combo " classname="ca.mcgill.ecse.biketourplus.features.CucumberFeaturesTestRunner" time="0.045"/>
  <testcase name="Add a piece of gear to a combo successfully #2(Add and Remove Gear for Combo " classname="ca.mcgill.ecse.biketourplus.features.CucumberFeaturesTestRunner" time="0.076"/>
  <testcase name="Add a piece of gear to a combo successfully #3(Add and Remove Gear for Combo " classname="ca.mcgill.ecse.biketourplus.features.CucumberFeaturesTestRunner" time="0.089"/>
  <testcase name="Add a piece of gear to a combo successfully #4(Add and Remove Gear for Combo " classname="ca.mcgill.ecse.biketourplus.features.CucumberFeaturesTestRunner" time="0.047"/>
  <testcase name="Add a piece of gear to a combo successfully #5(Add and Remove Gear for Combo " classname="ca.mcgill.ecse.biketourplus.features.CucumberFeaturesTestRunner" time="0.093"/>
  <testcase name="Add a piece of gear to a combo successfully #6(Add and Remove Gear for Combo " classname="ca.mcgill.ecse.biketourplus.features.CucumberFeaturesTestRunner" time="0.066"/>
  <testcase name="Unsuccessfully add a piece of gear that does not exist to a combo #1(Add and Remove Gear for Combo " classname="ca.mcgill.ecse.biketourplus.features.CucumberFeaturesTestRunner" time="0.056"/>
  <testcase name="Unsuccessfully add a piece of gear that does not exist to a combo #2(Add and Remove Gear for Combo " classname="ca.mcgill.ecse.biketourplus.features.CucumberFeaturesTestRunner" time="0.042"/>
  <testcase name="Unsuccessfully add a piece of gear that does not exist to a combo #3(Add and Remove Gear for Combo " classname="ca.mcgill.ecse.biketourplus.features.CucumberFeaturesTestRunner" time="0.04"/>
  <testcase name="Unsuccessfully add a piece of gear that does not exist to a combo #4(Add and Remove Gear for Combo " classname="ca.mcgill.ecse.biketourplus.features.CucumberFeaturesTestRunner" time="0.069"/>
  <testcase name="Unsuccessfully add a piece of gear that does not exist to a combo #5(Add and Remove Gear for Combo " classname="ca.mcgill.ecse.biketourplus.features.CucumberFeaturesTestRunner" time="0.13"/>
  <testcase name="Unsuccessfully add a piece of gear to a combo that does not exist #1(Add and Remove Gear for Combo " classname="ca.mcgill.ecse.biketourplus.features.CucumberFeaturesTestRunner" time="0.104"/>
  <testcase name="Unsuccessfully add a piece of gear to a combo that does not exist #2(Add and Remove Gear for Combo " classname="ca.mcgill.ecse.biketourplus.features.CucumberFeaturesTestRunner" time="0.125"/>
  <testcase name="Unsuccessfully add a piece of gear to a combo that does not exist #3(Add and Remove Gear for Combo " classname="ca.mcgill.ecse.biketourplus.features.CucumberFeaturesTestRunner" time="0.098"/>
  <testcase name="Unsuccessfully add a piece of gear to a combo that does not exist #4(Add and Remove Gear for Combo " classname="ca.mcgill.ecse.biketourplus.features.CucumberFeaturesTestRunner" time="0.17"/>
  <testcase name="Unsuccessfully add a piece of gear to a combo that does not exist #5(Add and Remove Gear for Combo " classname="ca.mcgill.ecse.biketourplus.features.CucumberFeaturesTestRunner" time="0.108"/>
  <testcase name="Remove a piece of gear from a combo successfully #1(Add and Remove Gear for Combo " classname="ca.mcgill.ecse.biketourplus.features.CucumberFeaturesTestRunner" time="0.094"/>
  <testcase name="Remove a piece of gear from a combo successfully #2(Add and Remove Gear for Combo " classname="ca.mcgill.ecse.biketourplus.features.CucumberFeaturesTestRunner" time="0.085"/>
  <testcase name="Remove a piece of gear from a combo successfully #3(Add and Remove Gear for Combo " classname="ca.mcgill.ecse.biketourplus.features.CucumberFeaturesTestRunner" time="0.095"/>
  <testcase name="Remove the last item of a piece of gear from a combo successfully #1(Add and Remove Gear for Combo " classname="ca.mcgill.ecse.biketourplus.features.CucumberFeaturesTestRunner" time="0.036"/>
  <testcase name="Remove the last item of a piece of gear from a combo successfully #2(Add and Remove Gear for Combo " classname="ca.mcgill.ecse.biketourplus.features.CucumberFeaturesTestRunner" time="0.041"/>
  <testcase name="Remove the last item of a piece of gear from a combo successfully #3(Add and Remove Gear for Combo " classname="ca.mcgill.ecse.biketourplus.features.CucumberFeaturesTestRunner" time="0.037"/>
  <testcase name="Remove a piece of gear from a combo unsuccessfully(Add and Remove Gear for Combo " classname="ca.mcgill.ecse.biketourplus.features.CucumberFeaturesTestRunner" time="0.056"/>
  <testcase name="Unsuccessfully remove a piece of gear from a combo that does not exist #1(Add and Remove Gear for Combo " classname="ca.mcgill.ecse.biketourplus.features.CucumberFeaturesTestRunner" time="0.034"/>
  <testcase name="Unsuccessfully remove a piece of gear from a combo that does not exist #2(Add and Remove Gear for Combo " classname="ca.mcgill.ecse.biketourplus.features.CucumberFeaturesTestRunner" time="0.027"/>
  <testcase name="Unsuccessfully remove a piece of gear from a combo that does not exist #3(Add and Remove Gear for Combo " classname="ca.mcgill.ecse.biketourplus.features.CucumberFeaturesTestRunner" time="0.182"/>
  <testcase name="Unsuccessfully remove a piece of gear from a combo that does not exist #4(Add and Remove Gear for Combo " classname="ca.mcgill.ecse.biketourplus.features.CucumberFeaturesTestRunner" time="0.057"/>
  <testcase name="Unsuccessfully remove a piece of gear from a combo that does not exist #5(Add and Remove Gear for Combo " classname="ca.mcgill.ecse.biketourplus.features.CucumberFeaturesTestRunner" time="0.081"/>
  <testcase name="Add a combo successfully #1(Add and Update Combo " classname="ca.mcgill.ecse.biketourplus.features.CucumberFeaturesTestRunner" time="0.212"/>
  <testcase name="Add a combo successfully #2(Add and Update Combo " classname="ca.mcgill.ecse.biketourplus.features.CucumberFeaturesTestRunner" time="0.112"/>
  <testcase name="Add a combo unsuccessfully #1(Add and Update Combo " classname="ca.mcgill.ecse.biketourplus.features.CucumberFeaturesTestRunner" time="0.178"/>
  <testcase name="Add a combo unsuccessfully #2(Add and Update Combo " classname="ca.mcgill.ecse.biketourplus.features.CucumberFeaturesTestRunner" time="0.075"/>
  <testcase name="Add a combo unsuccessfully #3(Add and Update Combo " classname="ca.mcgill.ecse.biketourplus.features.CucumberFeaturesTestRunner" time="0.096"/>
  <testcase name="Add a combo unsuccessfully #4(Add and Update Combo " classname="ca.mcgill.ecse.biketourplus.features.CucumberFeaturesTestRunner" time="0.042"/>
  <testcase name="Add a combo unsuccessfully #5(Add and Update Combo " classname="ca.mcgill.ecse.biketourplus.features.CucumberFeaturesTestRunner" time="0.045"/>
  <testcase name="Update a combo successfully #1(Add and Update Combo " classname="ca.mcgill.ecse.biketourplus.features.CucumberFeaturesTestRunner" time="0.084"/>
  <testcase name="Update a combo successfully #2(Add and Update Combo " classname="ca.mcgill.ecse.biketourplus.features.CucumberFeaturesTestRunner" time="0.068"/>
  <testcase name="Update a combo unsuccessfully #1(Add and Update Combo " classname="ca.mcgill.ecse.biketourplus.features.CucumberFeaturesTestRunner" time="0.02"/>
  <testcase name="Update a combo unsuccessfully #2(Add and Update Combo " classname="ca.mcgill.ecse.biketourplus.features.CucumberFeaturesTestRunner" time="0.036"/>
  <testcase name="Update a combo unsuccessfully #3(Add and Update Combo " classname="ca.mcgill.ecse.biketourplus.features.CucumberFeaturesTestRunner" time="0.031"/>
  <testcase name="Update a combo unsuccessfully #4(Add and Update Combo " classname="ca.mcgill.ecse.biketourplus.features.CucumberFeaturesTestRunner" time="0.028"/>
  <testcase name="Update a combo unsuccessfully #5(Add and Update Combo " classname="ca.mcgill.ecse.biketourplus.features.CucumberFeaturesTestRunner" time="0.026"/>
  <testcase name="Unsuccessfully update a combo that does not exist(Add and Update Combo " classname="ca.mcgill.ecse.biketourplus.features.CucumberFeaturesTestRunner" time="0.023"/>
  <testcase name="Add a piece of gear successfully #1(Add and Update Gear " classname="ca.mcgill.ecse.biketourplus.features.CucumberFeaturesTestRunner" time="0.054"/>
  <testcase name="Add a piece of gear successfully #2(Add and Update Gear " classname="ca.mcgill.ecse.biketourplus.features.CucumberFeaturesTestRunner" time="0.038"/>
  <testcase name="Add a piece of gear unsuccessfully #1(Add and Update Gear " classname="ca.mcgill.ecse.biketourplus.features.CucumberFeaturesTestRunner" time="0.039"/>
  <testcase name="Add a piece of gear unsuccessfully #2(Add and Update Gear " classname="ca.mcgill.ecse.biketourplus.features.CucumberFeaturesTestRunner" time="0.035"/>
  <testcase name="Add a piece of gear unsuccessfully #3(Add and Update Gear " classname="ca.mcgill.ecse.biketourplus.features.CucumberFeaturesTestRunner" time="0.019"/>
  <testcase name="Add a piece of gear unsuccessfully #4(Add and Update Gear " classname="ca.mcgill.ecse.biketourplus.features.CucumberFeaturesTestRunner" time="0.024"/>
  <testcase name="Update a piece of gear successfully #1(Add and Update Gear " classname="ca.mcgill.ecse.biketourplus.features.CucumberFeaturesTestRunner" time="0.038"/>
  <testcase name="Update a piece of gear successfully #2(Add and Update Gear " classname="ca.mcgill.ecse.biketourplus.features.CucumberFeaturesTestRunner" time="0.031"/>
  <testcase name="Update a piece of gear successfully #3(Add and Update Gear " classname="ca.mcgill.ecse.biketourplus.features.CucumberFeaturesTestRunner" time="0.048"/>
  <testcase name="Update a piece of gear unsuccessfully #1(Add and Update Gear " classname="ca.mcgill.ecse.biketourplus.features.CucumberFeaturesTestRunner" time="0.025"/>
  <testcase name="Update a piece of gear unsuccessfully #2(Add and Update Gear " classname="ca.mcgill.ecse.biketourplus.features.CucumberFeaturesTestRunner" time="0.026"/>
  <testcase name="Update a piece of gear unsuccessfully #3(Add and Update Gear " classname="ca.mcgill.ecse.biketourplus.features.CucumberFeaturesTestRunner" time="0.022"/>
  <testcase name="Update a piece of gear unsuccessfully #4(Add and Update Gear " classname="ca.mcgill.ecse.biketourplus.features.CucumberFeaturesTestRunner" time="0.044"/>
  <testcase name="Unsuccessfully update a piece of gear that does not exist(Add and Update Gear " classname="ca.mcgill.ecse.biketourplus.features.CucumberFeaturesTestRunner" time="0.022"/>
  <testcase name="Successfully initiate bike tour creation in which a newer participant is assigned before an older one" classname="ca.mcgill.ecse.biketourplus.features.CucumberFeaturesTestRunner" time="0.08">
    <failure message="org.opentest4j.AssertionFailedError: expected: &lt;true&gt; but was: &lt;false&gt;" type="org.opentest4j.AssertionFailedError">org.opentest4j.AssertionFailedError: expected: &lt;true&gt; but was: &lt;false&gt;
	at app//org.junit.jupiter.api.AssertionUtils.fail(AssertionUtils.java:55)
	at app//org.junit.jupiter.api.AssertTrue.assertTrue(AssertTrue.java:40)
	at app//org.junit.jupiter.api.AssertTrue.assertTrue(AssertTrue.java:35)
	at app//org.junit.jupiter.api.Assertions.assertTrue(Assertions.java:162)
	at app//ca.mcgill.ecse.biketourplus.features.BikeToursStepDefinitions.the_following_bike_tours_shall_exist_in_the_system(BikeToursStepDefinitions.java:84)
	at ✽.the following bike tours shall exist in the system:(file:///C:/Users/alexa/ecse223-group-project-p7/src/test/resources/CreateBikeTours.feature:25)
</failure>
  </testcase>
  <testcase name="Successfully initiate bike tour creation requiring a single guide" classname="ca.mcgill.ecse.biketourplus.features.CucumberFeaturesTestRunner" time="0.076">
    <failure message="org.opentest4j.AssertionFailedError: expected: &lt;true&gt; but was: &lt;false&gt;" type="org.opentest4j.AssertionFailedError">org.opentest4j.AssertionFailedError: expected: &lt;true&gt; but was: &lt;false&gt;
	at app//org.junit.jupiter.api.AssertionUtils.fail(AssertionUtils.java:55)
	at app//org.junit.jupiter.api.AssertTrue.assertTrue(AssertTrue.java:40)
	at app//org.junit.jupiter.api.AssertTrue.assertTrue(AssertTrue.java:35)
	at app//org.junit.jupiter.api.Assertions.assertTrue(Assertions.java:162)
	at app//ca.mcgill.ecse.biketourplus.features.BikeToursStepDefinitions.the_following_bike_tours_shall_exist_in_the_system(BikeToursStepDefinitions.java:84)
	at ✽.the following bike tours shall exist in the system:(file:///C:/Users/alexa/ecse223-group-project-p7/src/test/resources/CreateBikeTours.feature:46)
</failure>
  </testcase>
  <testcase name="Successfully initiate bike tour creation requiring all guides" classname="ca.mcgill.ecse.biketourplus.features.CucumberFeaturesTestRunner" time="0.04">
    <failure message="org.opentest4j.AssertionFailedError: expected: &lt;true&gt; but was: &lt;false&gt;" type="org.opentest4j.AssertionFailedError">org.opentest4j.AssertionFailedError: expected: &lt;true&gt; but was: &lt;false&gt;
	at app//org.junit.jupiter.api.AssertionUtils.fail(AssertionUtils.java:55)
	at app//org.junit.jupiter.api.AssertTrue.assertTrue(AssertTrue.java:40)
	at app//org.junit.jupiter.api.AssertTrue.assertTrue(AssertTrue.java:35)
	at app//org.junit.jupiter.api.Assertions.assertTrue(Assertions.java:162)
	at app//ca.mcgill.ecse.biketourplus.features.BikeToursStepDefinitions.the_following_bike_tours_shall_exist_in_the_system(BikeToursStepDefinitions.java:84)
	at ✽.the following bike tours shall exist in the system:(file:///C:/Users/alexa/ecse223-group-project-p7/src/test/resources/CreateBikeTours.feature:67)
</failure>
  </testcase>
  <testcase name="Successfully initiate bike tour creation in which a guide is assigned for all biking weeks" classname="ca.mcgill.ecse.biketourplus.features.CucumberFeaturesTestRunner" time="0.039">
    <failure message="org.opentest4j.AssertionFailedError: expected: &lt;true&gt; but was: &lt;false&gt;" type="org.opentest4j.AssertionFailedError">org.opentest4j.AssertionFailedError: expected: &lt;true&gt; but was: &lt;false&gt;
	at app//org.junit.jupiter.api.AssertionUtils.fail(AssertionUtils.java:55)
	at app//org.junit.jupiter.api.AssertTrue.assertTrue(AssertTrue.java:40)
	at app//org.junit.jupiter.api.AssertTrue.assertTrue(AssertTrue.java:35)
	at app//org.junit.jupiter.api.Assertions.assertTrue(Assertions.java:162)
	at app//ca.mcgill.ecse.biketourplus.features.BikeToursStepDefinitions.the_following_bike_tours_shall_exist_in_the_system(BikeToursStepDefinitions.java:84)
	at ✽.the following bike tours shall exist in the system:(file:///C:/Users/alexa/ecse223-group-project-p7/src/test/resources/CreateBikeTours.feature:88)
</failure>
  </testcase>
  <testcase name="Unsuccessfully initiate bike tour creation for all participants and instead provide a partial assignment" classname="ca.mcgill.ecse.biketourplus.features.CucumberFeaturesTestRunner" time="0.037">
    <failure message="org.opentest4j.AssertionFailedError: expected: &lt;true&gt; but was: &lt;false&gt;" type="org.opentest4j.AssertionFailedError">org.opentest4j.AssertionFailedError: expected: &lt;true&gt; but was: &lt;false&gt;
	at app//org.junit.jupiter.api.AssertionUtils.fail(AssertionUtils.java:55)
	at app//org.junit.jupiter.api.AssertTrue.assertTrue(AssertTrue.java:40)
	at app//org.junit.jupiter.api.AssertTrue.assertTrue(AssertTrue.java:35)
	at app//org.junit.jupiter.api.Assertions.assertTrue(Assertions.java:162)
	at app//ca.mcgill.ecse.biketourplus.features.BikeToursStepDefinitions.the_following_bike_tours_shall_exist_in_the_system(BikeToursStepDefinitions.java:84)
	at ✽.the following bike tours shall exist in the system:(file:///C:/Users/alexa/ecse223-group-project-p7/src/test/resources/CreateBikeTours.feature:109)
</failure>
  </testcase>
  <testcase name="Delete a combo successfully #1(Delete Combo " classname="ca.mcgill.ecse.biketourplus.features.CucumberFeaturesTestRunner" time="0.039"/>
  <testcase name="Delete a combo successfully #2(Delete Combo " classname="ca.mcgill.ecse.biketourplus.features.CucumberFeaturesTestRunner" time="0.019"/>
  <testcase name="Delete a combo successfully #3(Delete Combo " classname="ca.mcgill.ecse.biketourplus.features.CucumberFeaturesTestRunner" time="0.039"/>
  <testcase name="Delete a combo successfully #4(Delete Combo " classname="ca.mcgill.ecse.biketourplus.features.CucumberFeaturesTestRunner" time="0.033"/>
  <testcase name="Successfully delete a combo that has been requested by a participant #1(Delete Combo " classname="ca.mcgill.ecse.biketourplus.features.CucumberFeaturesTestRunner" time="0.03"/>
  <testcase name="Successfully delete a combo that has been requested by a participant #2(Delete Combo " classname="ca.mcgill.ecse.biketourplus.features.CucumberFeaturesTestRunner" time="0.029"/>
  <testcase name="Delete a piece of gear successfully #1(Delete Gear " classname="ca.mcgill.ecse.biketourplus.features.CucumberFeaturesTestRunner" time="0.024"/>
  <testcase name="Delete a piece of gear successfully #2(Delete Gear " classname="ca.mcgill.ecse.biketourplus.features.CucumberFeaturesTestRunner" time="0.035"/>
  <testcase name="Delete a piece of gear successfully #3(Delete Gear " classname="ca.mcgill.ecse.biketourplus.features.CucumberFeaturesTestRunner" time="0.046"/>
  <testcase name="Delete a piece of gear successfully #4(Delete Gear " classname="ca.mcgill.ecse.biketourplus.features.CucumberFeaturesTestRunner" time="0.019"/>
  <testcase name="Successfully delete a piece of gear that has been requested by a participant #1(Delete Gear " classname="ca.mcgill.ecse.biketourplus.features.CucumberFeaturesTestRunner" time="0.036"/>
  <testcase name="Successfully delete a piece of gear that has been requested by a participant #2(Delete Gear " classname="ca.mcgill.ecse.biketourplus.features.CucumberFeaturesTestRunner" time="0.04"/>
  <testcase name="Unsuccessfully delete a piece of gear that is in an existing combo #1(Delete Gear " classname="ca.mcgill.ecse.biketourplus.features.CucumberFeaturesTestRunner" time="0.022"/>
  <testcase name="Unsuccessfully delete a piece of gear that is in an existing combo #2(Delete Gear " classname="ca.mcgill.ecse.biketourplus.features.CucumberFeaturesTestRunner" time="0.027"/>
  <testcase name="Delete a guide successfully #1(Delete Guide " classname="ca.mcgill.ecse.biketourplus.features.CucumberFeaturesTestRunner" time="0.024"/>
  <testcase name="Delete a guide successfully #2(Delete Guide " classname="ca.mcgill.ecse.biketourplus.features.CucumberFeaturesTestRunner" time="0.017"/>
  <testcase name="Delete a guide successfully #3(Delete Guide " classname="ca.mcgill.ecse.biketourplus.features.CucumberFeaturesTestRunner" time="0.036"/>
  <testcase name="Delete a guide successfully #4(Delete Guide " classname="ca.mcgill.ecse.biketourplus.features.CucumberFeaturesTestRunner" time="0.033"/>
  <testcase name="Successfully delete a guide that does not exist but participant exists #1(Delete Guide " classname="ca.mcgill.ecse.biketourplus.features.CucumberFeaturesTestRunner" time="0.026"/>
  <testcase name="Successfully delete a guide that does not exist but participant exists #2(Delete Guide " classname="ca.mcgill.ecse.biketourplus.features.CucumberFeaturesTestRunner" time="0.018"/>
  <testcase name="Successfully delete a guide that does not exist but manager exists(Delete Guide " classname="ca.mcgill.ecse.biketourplus.features.CucumberFeaturesTestRunner" time="0.018"/>
  <testcase name="Delete a participant successfully #1(Delete Participant " classname="ca.mcgill.ecse.biketourplus.features.CucumberFeaturesTestRunner" time="0.035"/>
  <testcase name="Delete a participant successfully #2(Delete Participant " classname="ca.mcgill.ecse.biketourplus.features.CucumberFeaturesTestRunner" time="0.032"/>
  <testcase name="Delete a participant successfully #3(Delete Participant " classname="ca.mcgill.ecse.biketourplus.features.CucumberFeaturesTestRunner" time="0.022"/>
  <testcase name="Successfully delete a participant that does not exist but guide exists #1(Delete Participant " classname="ca.mcgill.ecse.biketourplus.features.CucumberFeaturesTestRunner" time="0.023"/>
  <testcase name="Successfully delete a participant that does not exist but guide exists #2(Delete Participant " classname="ca.mcgill.ecse.biketourplus.features.CucumberFeaturesTestRunner" time="0.026"/>
  <testcase name="Successfully delete a participant that does not exist but manager exists(Delete Participant " classname="ca.mcgill.ecse.biketourplus.features.CucumberFeaturesTestRunner" time="0.023"/>
  <testcase name="Successfully delete a participant that has requested a piece of gear or combo #1(Delete Participant " classname="ca.mcgill.ecse.biketourplus.features.CucumberFeaturesTestRunner" time="0.029"/>
  <testcase name="Successfully delete a participant that has requested a piece of gear or combo #2(Delete Participant " classname="ca.mcgill.ecse.biketourplus.features.CucumberFeaturesTestRunner" time="0.025"/>
  <testcase name="Successfully delete a participant that has requested a piece of gear or combo #3(Delete Participant " classname="ca.mcgill.ecse.biketourplus.features.CucumberFeaturesTestRunner" time="0.024"/>
  <testcase name="Successfully delete a participant that has requested a piece of gear or combo #4(Delete Participant " classname="ca.mcgill.ecse.biketourplus.features.CucumberFeaturesTestRunner" time="0.022"/>
  <testcase name="Successfully pay for participant #1" classname="ca.mcgill.ecse.biketourplus.features.CucumberFeaturesTestRunner" time="0.029">
    <failure message="org.opentest4j.AssertionFailedError: expected: &lt;Paid&gt; but was: &lt;NotAssigned&gt;" type="org.opentest4j.AssertionFailedError">org.opentest4j.AssertionFailedError: expected: &lt;Paid&gt; but was: &lt;NotAssigned&gt;
	at app//org.junit.jupiter.api.AssertionUtils.fail(AssertionUtils.java:55)
	at app//org.junit.jupiter.api.AssertionUtils.failNotEqual(AssertionUtils.java:62)
	at app//org.junit.jupiter.api.AssertEquals.assertEquals(AssertEquals.java:182)
	at app//org.junit.jupiter.api.AssertEquals.assertEquals(AssertEquals.java:177)
	at app//org.junit.jupiter.api.Assertions.assertEquals(Assertions.java:1124)
	at app//ca.mcgill.ecse.biketourplus.features.BikeToursStepDefinitions.the_participant_account_with_email_shall_be_marked_as(BikeToursStepDefinitions.java:371)
	at ✽.the participant account with email &quot;alice@gmail.com&quot; shall be marked as &quot;Paid&quot;(file:///C:/Users/alexa/ecse223-group-project-p7/src/test/resources/ProcessBikeTours.feature:47)
</failure>
  </testcase>
  <testcase name="Successfully pay for participant #2" classname="ca.mcgill.ecse.biketourplus.features.CucumberFeaturesTestRunner" time="0.026">
    <failure message="org.opentest4j.AssertionFailedError: expected: &lt;Paid&gt; but was: &lt;NotAssigned&gt;" type="org.opentest4j.AssertionFailedError">org.opentest4j.AssertionFailedError: expected: &lt;Paid&gt; but was: &lt;NotAssigned&gt;
	at app//org.junit.jupiter.api.AssertionUtils.fail(AssertionUtils.java:55)
	at app//org.junit.jupiter.api.AssertionUtils.failNotEqual(AssertionUtils.java:62)
	at app//org.junit.jupiter.api.AssertEquals.assertEquals(AssertEquals.java:182)
	at app//org.junit.jupiter.api.AssertEquals.assertEquals(AssertEquals.java:177)
	at app//org.junit.jupiter.api.Assertions.assertEquals(Assertions.java:1124)
	at app//ca.mcgill.ecse.biketourplus.features.BikeToursStepDefinitions.the_participant_account_with_email_shall_be_marked_as(BikeToursStepDefinitions.java:371)
	at ✽.the participant account with email &quot;charlie@hotmail.ca&quot; shall be marked as &quot;Paid&quot;(file:///C:/Users/alexa/ecse223-group-project-p7/src/test/resources/ProcessBikeTours.feature:47)
</failure>
  </testcase>
  <testcase name="Unsuccessfully pay for participant with an email address that does not exist #1" classname="ca.mcgill.ecse.biketourplus.features.CucumberFeaturesTestRunner" time="0.04"/>
  <testcase name="Unsuccessfully pay for participant with an email address that does not exist #2" classname="ca.mcgill.ecse.biketourplus.features.CucumberFeaturesTestRunner" time="0.031"/>
  <testcase name="Unsuccessfully pay for participant with an invalid authorization code #1" classname="ca.mcgill.ecse.biketourplus.features.CucumberFeaturesTestRunner" time="0.035">
    <failure message="org.opentest4j.AssertionFailedError: expected: &lt;Assigned&gt; but was: &lt;NotAssigned&gt;" type="org.opentest4j.AssertionFailedError">org.opentest4j.AssertionFailedError: expected: &lt;Assigned&gt; but was: &lt;NotAssigned&gt;
	at app//org.junit.jupiter.api.AssertionUtils.fail(AssertionUtils.java:55)
	at app//org.junit.jupiter.api.AssertionUtils.failNotEqual(AssertionUtils.java:62)
	at app//org.junit.jupiter.api.AssertEquals.assertEquals(AssertEquals.java:182)
	at app//org.junit.jupiter.api.AssertEquals.assertEquals(AssertEquals.java:177)
	at app//org.junit.jupiter.api.Assertions.assertEquals(Assertions.java:1124)
	at app//ca.mcgill.ecse.biketourplus.features.BikeToursStepDefinitions.the_participant_with_email_shall_be_marked_as(BikeToursStepDefinitions.java:109)
	at ✽.the participant with email &quot;alice@gmail.com&quot; shall be marked as &quot;Assigned&quot;(file:///C:/Users/alexa/ecse223-group-project-p7/src/test/resources/ProcessBikeTours.feature:68)
</failure>
  </testcase>
  <testcase name="Unsuccessfully pay for participant with an invalid authorization code #2" classname="ca.mcgill.ecse.biketourplus.features.CucumberFeaturesTestRunner" time="0.049">
    <failure message="org.opentest4j.AssertionFailedError: expected: &lt;Assigned&gt; but was: &lt;NotAssigned&gt;" type="org.opentest4j.AssertionFailedError">org.opentest4j.AssertionFailedError: expected: &lt;Assigned&gt; but was: &lt;NotAssigned&gt;
	at app//org.junit.jupiter.api.AssertionUtils.fail(AssertionUtils.java:55)
	at app//org.junit.jupiter.api.AssertionUtils.failNotEqual(AssertionUtils.java:62)
	at app//org.junit.jupiter.api.AssertEquals.assertEquals(AssertEquals.java:182)
	at app//org.junit.jupiter.api.AssertEquals.assertEquals(AssertEquals.java:177)
	at app//org.junit.jupiter.api.Assertions.assertEquals(Assertions.java:1124)
	at app//ca.mcgill.ecse.biketourplus.features.BikeToursStepDefinitions.the_participant_with_email_shall_be_marked_as(BikeToursStepDefinitions.java:109)
	at ✽.the participant with email &quot;charlie@hotmail.ca&quot; shall be marked as &quot;Assigned&quot;(file:///C:/Users/alexa/ecse223-group-project-p7/src/test/resources/ProcessBikeTours.feature:68)
</failure>
  </testcase>
  <testcase name="Unsuccessfully pay for participant who has not been assigned to their tour" classname="ca.mcgill.ecse.biketourplus.features.CucumberFeaturesTestRunner" time="0.029"/>
  <testcase name="Unsuccessfully pay for participant who has paid" classname="ca.mcgill.ecse.biketourplus.features.CucumberFeaturesTestRunner" time="0.049">
    <failure message="org.opentest4j.AssertionFailedError: expected: &lt;Paid&gt; but was: &lt;NotAssigned&gt;" type="org.opentest4j.AssertionFailedError">org.opentest4j.AssertionFailedError: expected: &lt;Paid&gt; but was: &lt;NotAssigned&gt;
	at app//org.junit.jupiter.api.AssertionUtils.fail(AssertionUtils.java:55)
	at app//org.junit.jupiter.api.AssertionUtils.failNotEqual(AssertionUtils.java:62)
	at app//org.junit.jupiter.api.AssertEquals.assertEquals(AssertEquals.java:182)
	at app//org.junit.jupiter.api.AssertEquals.assertEquals(AssertEquals.java:177)
	at app//org.junit.jupiter.api.Assertions.assertEquals(Assertions.java:1124)
	at app//ca.mcgill.ecse.biketourplus.features.BikeToursStepDefinitions.the_participant_with_email_shall_be_marked_as(BikeToursStepDefinitions.java:109)
	at ✽.the participant with email &quot;charlie@hotmail.ca&quot; shall be marked as &quot;Paid&quot;(file:///C:/Users/alexa/ecse223-group-project-p7/src/test/resources/ProcessBikeTours.feature:84)
</failure>
  </testcase>
  <testcase name="Unsuccessfully pay for participant who has started their tour" classname="ca.mcgill.ecse.biketourplus.features.CucumberFeaturesTestRunner" time="0.033">
    <failure message="org.opentest4j.AssertionFailedError: expected: &lt;Started&gt; but was: &lt;NotAssigned&gt;" type="org.opentest4j.AssertionFailedError">org.opentest4j.AssertionFailedError: expected: &lt;Started&gt; but was: &lt;NotAssigned&gt;
	at app//org.junit.jupiter.api.AssertionUtils.fail(AssertionUtils.java:55)
	at app//org.junit.jupiter.api.AssertionUtils.failNotEqual(AssertionUtils.java:62)
	at app//org.junit.jupiter.api.AssertEquals.assertEquals(AssertEquals.java:182)
	at app//org.junit.jupiter.api.AssertEquals.assertEquals(AssertEquals.java:177)
	at app//org.junit.jupiter.api.Assertions.assertEquals(Assertions.java:1124)
	at app//ca.mcgill.ecse.biketourplus.features.BikeToursStepDefinitions.the_participant_with_email_shall_be_marked_as(BikeToursStepDefinitions.java:109)
	at ✽.the participant with email &quot;john@hotmail.ca&quot; shall be marked as &quot;Started&quot;(file:///C:/Users/alexa/ecse223-group-project-p7/src/test/resources/ProcessBikeTours.feature:90)
</failure>
  </testcase>
  <testcase name="Unsuccessfully pay for a banned participant" classname="ca.mcgill.ecse.biketourplus.features.CucumberFeaturesTestRunner" time="0.049">
    <failure message="org.opentest4j.AssertionFailedError: expected: &lt;Banned&gt; but was: &lt;NotAssigned&gt;" type="org.opentest4j.AssertionFailedError">org.opentest4j.AssertionFailedError: expected: &lt;Banned&gt; but was: &lt;NotAssigned&gt;
	at app//org.junit.jupiter.api.AssertionUtils.fail(AssertionUtils.java:55)
	at app//org.junit.jupiter.api.AssertionUtils.failNotEqual(AssertionUtils.java:62)
	at app//org.junit.jupiter.api.AssertEquals.assertEquals(AssertEquals.java:182)
	at app//org.junit.jupiter.api.AssertEquals.assertEquals(AssertEquals.java:177)
	at app//org.junit.jupiter.api.Assertions.assertEquals(Assertions.java:1124)
	at app//ca.mcgill.ecse.biketourplus.features.BikeToursStepDefinitions.the_participant_with_email_shall_be_marked_as(BikeToursStepDefinitions.java:109)
	at ✽.the participant with email &quot;emily@hotmail.ca&quot; shall be marked as &quot;Banned&quot;(file:///C:/Users/alexa/ecse223-group-project-p7/src/test/resources/ProcessBikeTours.feature:96)
</failure>
  </testcase>
  <testcase name="Unsuccessfully pay for participant who has cancelled their tour" classname="ca.mcgill.ecse.biketourplus.features.CucumberFeaturesTestRunner" time="0.05">
    <failure message="org.opentest4j.AssertionFailedError: expected: &lt;Cancelled&gt; but was: &lt;NotAssigned&gt;" type="org.opentest4j.AssertionFailedError">org.opentest4j.AssertionFailedError: expected: &lt;Cancelled&gt; but was: &lt;NotAssigned&gt;
	at app//org.junit.jupiter.api.AssertionUtils.fail(AssertionUtils.java:55)
	at app//org.junit.jupiter.api.AssertionUtils.failNotEqual(AssertionUtils.java:62)
	at app//org.junit.jupiter.api.AssertEquals.assertEquals(AssertEquals.java:182)
	at app//org.junit.jupiter.api.AssertEquals.assertEquals(AssertEquals.java:177)
	at app//org.junit.jupiter.api.Assertions.assertEquals(Assertions.java:1124)
	at app//ca.mcgill.ecse.biketourplus.features.BikeToursStepDefinitions.the_participant_with_email_shall_be_marked_as(BikeToursStepDefinitions.java:109)
	at ✽.the participant with email &quot;alice@gmail.com&quot; shall be marked as &quot;Cancelled&quot;(file:///C:/Users/alexa/ecse223-group-project-p7/src/test/resources/ProcessBikeTours.feature:102)
</failure>
  </testcase>
  <testcase name="Unsuccessfully pay for participant who has finished their tour" classname="ca.mcgill.ecse.biketourplus.features.CucumberFeaturesTestRunner" time="0.049">
    <failure message="org.opentest4j.AssertionFailedError: expected: &lt;Finished&gt; but was: &lt;NotAssigned&gt;" type="org.opentest4j.AssertionFailedError">org.opentest4j.AssertionFailedError: expected: &lt;Finished&gt; but was: &lt;NotAssigned&gt;
	at app//org.junit.jupiter.api.AssertionUtils.fail(AssertionUtils.java:55)
	at app//org.junit.jupiter.api.AssertionUtils.failNotEqual(AssertionUtils.java:62)
	at app//org.junit.jupiter.api.AssertEquals.assertEquals(AssertEquals.java:182)
	at app//org.junit.jupiter.api.AssertEquals.assertEquals(AssertEquals.java:177)
	at app//org.junit.jupiter.api.Assertions.assertEquals(Assertions.java:1124)
	at app//ca.mcgill.ecse.biketourplus.features.BikeToursStepDefinitions.the_participant_with_email_shall_be_marked_as(BikeToursStepDefinitions.java:109)
	at ✽.the participant with email &quot;charlie@hotmail.ca&quot; shall be marked as &quot;Finished&quot;(file:///C:/Users/alexa/ecse223-group-project-p7/src/test/resources/ProcessBikeTours.feature:108)
</failure>
  </testcase>
  <testcase name="Manager starts tours successfully" classname="ca.mcgill.ecse.biketourplus.features.CucumberFeaturesTestRunner" time="0.044">
    <failure message="org.opentest4j.AssertionFailedError: expected: &lt;Started&gt; but was: &lt;NotAssigned&gt;" type="org.opentest4j.AssertionFailedError">org.opentest4j.AssertionFailedError: expected: &lt;Started&gt; but was: &lt;NotAssigned&gt;
	at app//org.junit.jupiter.api.AssertionUtils.fail(AssertionUtils.java:55)
	at app//org.junit.jupiter.api.AssertionUtils.failNotEqual(AssertionUtils.java:62)
	at app//org.junit.jupiter.api.AssertEquals.assertEquals(AssertEquals.java:182)
	at app//org.junit.jupiter.api.AssertEquals.assertEquals(AssertEquals.java:177)
	at app//org.junit.jupiter.api.Assertions.assertEquals(Assertions.java:1124)
	at app//ca.mcgill.ecse.biketourplus.features.BikeToursStepDefinitions.the_participant_with_email_shall_be_marked_as(BikeToursStepDefinitions.java:109)
	at ✽.the participant with email &quot;alice@gmail.com&quot; shall be marked as &quot;Started&quot;(file:///C:/Users/alexa/ecse223-group-project-p7/src/test/resources/ProcessBikeTours.feature:115)
</failure>
  </testcase>
  <testcase name="Unsuccessfully start a tour for a participant who has not been assigned to their tour" classname="ca.mcgill.ecse.biketourplus.features.CucumberFeaturesTestRunner" time="0.04"/>
  <testcase name="Unsuccessfully start a tour for a participant who has started their tour" classname="ca.mcgill.ecse.biketourplus.features.CucumberFeaturesTestRunner" time="0.024">
    <failure message="org.opentest4j.AssertionFailedError: expected: &lt;Started&gt; but was: &lt;NotAssigned&gt;" type="org.opentest4j.AssertionFailedError">org.opentest4j.AssertionFailedError: expected: &lt;Started&gt; but was: &lt;NotAssigned&gt;
	at app//org.junit.jupiter.api.AssertionUtils.fail(AssertionUtils.java:55)
	at app//org.junit.jupiter.api.AssertionUtils.failNotEqual(AssertionUtils.java:62)
	at app//org.junit.jupiter.api.AssertEquals.assertEquals(AssertEquals.java:182)
	at app//org.junit.jupiter.api.AssertEquals.assertEquals(AssertEquals.java:177)
	at app//org.junit.jupiter.api.Assertions.assertEquals(Assertions.java:1124)
	at app//ca.mcgill.ecse.biketourplus.features.BikeToursStepDefinitions.the_participant_with_email_shall_be_marked_as(BikeToursStepDefinitions.java:109)
	at ✽.the participant with email &quot;emily@hotmail.ca&quot; shall be marked as &quot;Started&quot;(file:///C:/Users/alexa/ecse223-group-project-p7/src/test/resources/ProcessBikeTours.feature:128)
</failure>
  </testcase>
  <testcase name="Unsuccessfully start a tour for a banned participant" classname="ca.mcgill.ecse.biketourplus.features.CucumberFeaturesTestRunner" time="0.032">
    <failure message="org.opentest4j.AssertionFailedError: expected: &lt;Banned&gt; but was: &lt;NotAssigned&gt;" type="org.opentest4j.AssertionFailedError">org.opentest4j.AssertionFailedError: expected: &lt;Banned&gt; but was: &lt;NotAssigned&gt;
	at app//org.junit.jupiter.api.AssertionUtils.fail(AssertionUtils.java:55)
	at app//org.junit.jupiter.api.AssertionUtils.failNotEqual(AssertionUtils.java:62)
	at app//org.junit.jupiter.api.AssertEquals.assertEquals(AssertEquals.java:182)
	at app//org.junit.jupiter.api.AssertEquals.assertEquals(AssertEquals.java:177)
	at app//org.junit.jupiter.api.Assertions.assertEquals(Assertions.java:1124)
	at app//ca.mcgill.ecse.biketourplus.features.BikeToursStepDefinitions.the_participant_with_email_shall_be_marked_as(BikeToursStepDefinitions.java:109)
	at ✽.the participant with email &quot;emily@hotmail.ca&quot; shall be marked as &quot;Banned&quot;(file:///C:/Users/alexa/ecse223-group-project-p7/src/test/resources/ProcessBikeTours.feature:134)
</failure>
  </testcase>
  <testcase name="Unsuccessfully start a tour for a participant who has cancelled their tour" classname="ca.mcgill.ecse.biketourplus.features.CucumberFeaturesTestRunner" time="0.031">
    <failure message="org.opentest4j.AssertionFailedError: expected: &lt;Cancelled&gt; but was: &lt;NotAssigned&gt;" type="org.opentest4j.AssertionFailedError">org.opentest4j.AssertionFailedError: expected: &lt;Cancelled&gt; but was: &lt;NotAssigned&gt;
	at app//org.junit.jupiter.api.AssertionUtils.fail(AssertionUtils.java:55)
	at app//org.junit.jupiter.api.AssertionUtils.failNotEqual(AssertionUtils.java:62)
	at app//org.junit.jupiter.api.AssertEquals.assertEquals(AssertEquals.java:182)
	at app//org.junit.jupiter.api.AssertEquals.assertEquals(AssertEquals.java:177)
	at app//org.junit.jupiter.api.Assertions.assertEquals(Assertions.java:1124)
	at app//ca.mcgill.ecse.biketourplus.features.BikeToursStepDefinitions.the_participant_with_email_shall_be_marked_as(BikeToursStepDefinitions.java:109)
	at ✽.the participant with email &quot;emily@hotmail.ca&quot; shall be marked as &quot;Cancelled&quot;(file:///C:/Users/alexa/ecse223-group-project-p7/src/test/resources/ProcessBikeTours.feature:140)
</failure>
  </testcase>
  <testcase name="Unsuccessfully start a tour for a participant who has finished their tour" classname="ca.mcgill.ecse.biketourplus.features.CucumberFeaturesTestRunner" time="0.031">
    <failure message="org.opentest4j.AssertionFailedError: expected: &lt;Finished&gt; but was: &lt;NotAssigned&gt;" type="org.opentest4j.AssertionFailedError">org.opentest4j.AssertionFailedError: expected: &lt;Finished&gt; but was: &lt;NotAssigned&gt;
	at app//org.junit.jupiter.api.AssertionUtils.fail(AssertionUtils.java:55)
	at app//org.junit.jupiter.api.AssertionUtils.failNotEqual(AssertionUtils.java:62)
	at app//org.junit.jupiter.api.AssertEquals.assertEquals(AssertEquals.java:182)
	at app//org.junit.jupiter.api.AssertEquals.assertEquals(AssertEquals.java:177)
	at app//org.junit.jupiter.api.Assertions.assertEquals(Assertions.java:1124)
	at app//ca.mcgill.ecse.biketourplus.features.BikeToursStepDefinitions.the_participant_with_email_shall_be_marked_as(BikeToursStepDefinitions.java:109)
	at ✽.the participant with email &quot;emily@hotmail.ca&quot; shall be marked as &quot;Finished&quot;(file:///C:/Users/alexa/ecse223-group-project-p7/src/test/resources/ProcessBikeTours.feature:146)
</failure>
  </testcase>
  <testcase name="Successfully finish tour for participant #1" classname="ca.mcgill.ecse.biketourplus.features.CucumberFeaturesTestRunner" time="0.031">
    <failure message="org.opentest4j.AssertionFailedError: expected: &lt;Finished&gt; but was: &lt;NotAssigned&gt;" type="org.opentest4j.AssertionFailedError">org.opentest4j.AssertionFailedError: expected: &lt;Finished&gt; but was: &lt;NotAssigned&gt;
	at app//org.junit.jupiter.api.AssertionUtils.fail(AssertionUtils.java:55)
	at app//org.junit.jupiter.api.AssertionUtils.failNotEqual(AssertionUtils.java:62)
	at app//org.junit.jupiter.api.AssertEquals.assertEquals(AssertEquals.java:182)
	at app//org.junit.jupiter.api.AssertEquals.assertEquals(AssertEquals.java:177)
	at app//org.junit.jupiter.api.Assertions.assertEquals(Assertions.java:1124)
	at app//ca.mcgill.ecse.biketourplus.features.BikeToursStepDefinitions.the_participant_with_email_shall_be_marked_as(BikeToursStepDefinitions.java:109)
	at ✽.the participant with email &quot;alice@gmail.com&quot; shall be marked as &quot;Finished&quot;(file:///C:/Users/alexa/ecse223-group-project-p7/src/test/resources/ProcessBikeTours.feature:153)
</failure>
  </testcase>
  <testcase name="Successfully finish tour for participant #2" classname="ca.mcgill.ecse.biketourplus.features.CucumberFeaturesTestRunner" time="0.02">
    <failure message="org.opentest4j.AssertionFailedError: expected: &lt;Finished&gt; but was: &lt;NotAssigned&gt;" type="org.opentest4j.AssertionFailedError">org.opentest4j.AssertionFailedError: expected: &lt;Finished&gt; but was: &lt;NotAssigned&gt;
	at app//org.junit.jupiter.api.AssertionUtils.fail(AssertionUtils.java:55)
	at app//org.junit.jupiter.api.AssertionUtils.failNotEqual(AssertionUtils.java:62)
	at app//org.junit.jupiter.api.AssertEquals.assertEquals(AssertEquals.java:182)
	at app//org.junit.jupiter.api.AssertEquals.assertEquals(AssertEquals.java:177)
	at app//org.junit.jupiter.api.Assertions.assertEquals(Assertions.java:1124)
	at app//ca.mcgill.ecse.biketourplus.features.BikeToursStepDefinitions.the_participant_with_email_shall_be_marked_as(BikeToursStepDefinitions.java:109)
	at ✽.the participant with email &quot;charlie@hotmail.ca&quot; shall be marked as &quot;Finished&quot;(file:///C:/Users/alexa/ecse223-group-project-p7/src/test/resources/ProcessBikeTours.feature:153)
</failure>
  </testcase>
  <testcase name="Unsuccessfully finish tour for participant with an email address that does not exist" classname="ca.mcgill.ecse.biketourplus.features.CucumberFeaturesTestRunner" time="0.034"/>
  <testcase name="Unsuccessfully finish a tour for participant who has not been assigned to their tour" classname="ca.mcgill.ecse.biketourplus.features.CucumberFeaturesTestRunner" time="0.026">
    <failure message="org.opentest4j.AssertionFailedError: expected: not &lt;null&gt;" type="org.opentest4j.AssertionFailedError">org.opentest4j.AssertionFailedError: expected: not &lt;null&gt;
	at app//org.junit.jupiter.api.AssertionUtils.fail(AssertionUtils.java:39)
	at app//org.junit.jupiter.api.Assertions.fail(Assertions.java:117)
	at app//org.junit.jupiter.api.AssertNotNull.failNull(AssertNotNull.java:47)
	at app//org.junit.jupiter.api.AssertNotNull.assertNotNull(AssertNotNull.java:36)
	at app//org.junit.jupiter.api.AssertNotNull.assertNotNull(AssertNotNull.java:31)
	at app//org.junit.jupiter.api.Assertions.assertNotNull(Assertions.java:283)
	at app//ca.mcgill.ecse.biketourplus.features.BikeToursStepDefinitions.the_participant_with_shall_be_marked_as(BikeToursStepDefinitions.java:314)
	at ✽.the participant with &quot;new@hotmail.com&quot; shall be marked as &quot;NotAssigned&quot;(file:///C:/Users/alexa/ecse223-group-project-p7/src/test/resources/ProcessBikeTours.feature:169)
</failure>
  </testcase>
  <testcase name="Unsuccessfully finish a tour for participant who has been assigned to their tour" classname="ca.mcgill.ecse.biketourplus.features.CucumberFeaturesTestRunner" time="0.031">
    <failure message="org.opentest4j.AssertionFailedError: expected: &lt;Assigned&gt; but was: &lt;NotAssigned&gt;" type="org.opentest4j.AssertionFailedError">org.opentest4j.AssertionFailedError: expected: &lt;Assigned&gt; but was: &lt;NotAssigned&gt;
	at app//org.junit.jupiter.api.AssertionUtils.fail(AssertionUtils.java:55)
	at app//org.junit.jupiter.api.AssertionUtils.failNotEqual(AssertionUtils.java:62)
	at app//org.junit.jupiter.api.AssertEquals.assertEquals(AssertEquals.java:182)
	at app//org.junit.jupiter.api.AssertEquals.assertEquals(AssertEquals.java:177)
	at app//org.junit.jupiter.api.Assertions.assertEquals(Assertions.java:1124)
	at app//ca.mcgill.ecse.biketourplus.features.BikeToursStepDefinitions.the_participant_with_email_shall_be_marked_as(BikeToursStepDefinitions.java:109)
	at ✽.the participant with email &quot;alice@gmail.com&quot; shall be marked as &quot;Assigned&quot;(file:///C:/Users/alexa/ecse223-group-project-p7/src/test/resources/ProcessBikeTours.feature:174)
</failure>
  </testcase>
  <testcase name="Unsuccessfully finish a tour for participant who has paid" classname="ca.mcgill.ecse.biketourplus.features.CucumberFeaturesTestRunner" time="0.029">
    <failure message="org.opentest4j.AssertionFailedError: expected: &lt;Paid&gt; but was: &lt;NotAssigned&gt;" type="org.opentest4j.AssertionFailedError">org.opentest4j.AssertionFailedError: expected: &lt;Paid&gt; but was: &lt;NotAssigned&gt;
	at app//org.junit.jupiter.api.AssertionUtils.fail(AssertionUtils.java:55)
	at app//org.junit.jupiter.api.AssertionUtils.failNotEqual(AssertionUtils.java:62)
	at app//org.junit.jupiter.api.AssertEquals.assertEquals(AssertEquals.java:182)
	at app//org.junit.jupiter.api.AssertEquals.assertEquals(AssertEquals.java:177)
	at app//org.junit.jupiter.api.Assertions.assertEquals(Assertions.java:1124)
	at app//ca.mcgill.ecse.biketourplus.features.BikeToursStepDefinitions.the_participant_with_email_shall_be_marked_as(BikeToursStepDefinitions.java:109)
	at ✽.the participant with email &quot;charlie@hotmail.ca&quot; shall be marked as &quot;Paid&quot;(file:///C:/Users/alexa/ecse223-group-project-p7/src/test/resources/ProcessBikeTours.feature:180)
</failure>
  </testcase>
  <testcase name="Unsuccessfully finish a tour for a banned participant" classname="ca.mcgill.ecse.biketourplus.features.CucumberFeaturesTestRunner" time="0.018">
    <failure message="org.opentest4j.AssertionFailedError: expected: &lt;Banned&gt; but was: &lt;NotAssigned&gt;" type="org.opentest4j.AssertionFailedError">org.opentest4j.AssertionFailedError: expected: &lt;Banned&gt; but was: &lt;NotAssigned&gt;
	at app//org.junit.jupiter.api.AssertionUtils.fail(AssertionUtils.java:55)
	at app//org.junit.jupiter.api.AssertionUtils.failNotEqual(AssertionUtils.java:62)
	at app//org.junit.jupiter.api.AssertEquals.assertEquals(AssertEquals.java:182)
	at app//org.junit.jupiter.api.AssertEquals.assertEquals(AssertEquals.java:177)
	at app//org.junit.jupiter.api.Assertions.assertEquals(Assertions.java:1124)
	at app//ca.mcgill.ecse.biketourplus.features.BikeToursStepDefinitions.the_participant_with_email_shall_be_marked_as(BikeToursStepDefinitions.java:109)
	at ✽.the participant with email &quot;emily@hotmail.ca&quot; shall be marked as &quot;Banned&quot;(file:///C:/Users/alexa/ecse223-group-project-p7/src/test/resources/ProcessBikeTours.feature:186)
</failure>
  </testcase>
  <testcase name="Unsuccessfully finish a tour for participant who has cancelled their tour" classname="ca.mcgill.ecse.biketourplus.features.CucumberFeaturesTestRunner" time="0.041">
    <failure message="org.opentest4j.AssertionFailedError: expected: &lt;Cancelled&gt; but was: &lt;NotAssigned&gt;" type="org.opentest4j.AssertionFailedError">org.opentest4j.AssertionFailedError: expected: &lt;Cancelled&gt; but was: &lt;NotAssigned&gt;
	at app//org.junit.jupiter.api.AssertionUtils.fail(AssertionUtils.java:55)
	at app//org.junit.jupiter.api.AssertionUtils.failNotEqual(AssertionUtils.java:62)
	at app//org.junit.jupiter.api.AssertEquals.assertEquals(AssertEquals.java:182)
	at app//org.junit.jupiter.api.AssertEquals.assertEquals(AssertEquals.java:177)
	at app//org.junit.jupiter.api.Assertions.assertEquals(Assertions.java:1124)
	at app//ca.mcgill.ecse.biketourplus.features.BikeToursStepDefinitions.the_participant_with_email_shall_be_marked_as(BikeToursStepDefinitions.java:109)
	at ✽.the participant with email &quot;alice@gmail.com&quot; shall be marked as &quot;Cancelled&quot;(file:///C:/Users/alexa/ecse223-group-project-p7/src/test/resources/ProcessBikeTours.feature:192)
</failure>
  </testcase>
  <testcase name="Unsuccessfully finish a tour for participant who has finished their tour" classname="ca.mcgill.ecse.biketourplus.features.CucumberFeaturesTestRunner" time="0.03">
    <failure message="org.opentest4j.AssertionFailedError: expected: &lt;Finished&gt; but was: &lt;NotAssigned&gt;" type="org.opentest4j.AssertionFailedError">org.opentest4j.AssertionFailedError: expected: &lt;Finished&gt; but was: &lt;NotAssigned&gt;
	at app//org.junit.jupiter.api.AssertionUtils.fail(AssertionUtils.java:55)
	at app//org.junit.jupiter.api.AssertionUtils.failNotEqual(AssertionUtils.java:62)
	at app//org.junit.jupiter.api.AssertEquals.assertEquals(AssertEquals.java:182)
	at app//org.junit.jupiter.api.AssertEquals.assertEquals(AssertEquals.java:177)
	at app//org.junit.jupiter.api.Assertions.assertEquals(Assertions.java:1124)
	at app//ca.mcgill.ecse.biketourplus.features.BikeToursStepDefinitions.the_participant_with_email_shall_be_marked_as(BikeToursStepDefinitions.java:109)
	at ✽.the participant with email &quot;alice@gmail.com&quot; shall be marked as &quot;Finished&quot;(file:///C:/Users/alexa/ecse223-group-project-p7/src/test/resources/ProcessBikeTours.feature:198)
</failure>
  </testcase>
  <testcase name="Successfully cancel tour for participant who has not been assigned to their tour" classname="ca.mcgill.ecse.biketourplus.features.CucumberFeaturesTestRunner" time="0.05">
    <failure message="org.opentest4j.AssertionFailedError: expected: not &lt;null&gt;" type="org.opentest4j.AssertionFailedError">org.opentest4j.AssertionFailedError: expected: not &lt;null&gt;
	at app//org.junit.jupiter.api.AssertionUtils.fail(AssertionUtils.java:39)
	at app//org.junit.jupiter.api.Assertions.fail(Assertions.java:117)
	at app//org.junit.jupiter.api.AssertNotNull.failNull(AssertNotNull.java:47)
	at app//org.junit.jupiter.api.AssertNotNull.assertNotNull(AssertNotNull.java:36)
	at app//org.junit.jupiter.api.AssertNotNull.assertNotNull(AssertNotNull.java:31)
	at app//org.junit.jupiter.api.Assertions.assertNotNull(Assertions.java:283)
	at app//ca.mcgill.ecse.biketourplus.features.BikeToursStepDefinitions.the_participant_with_shall_be_marked_as(BikeToursStepDefinitions.java:314)
	at ✽.the participant with &quot;new@hotmail.com&quot; shall be marked as &quot;Cancelled&quot;(file:///C:/Users/alexa/ecse223-group-project-p7/src/test/resources/ProcessBikeTours.feature:204)
</failure>
  </testcase>
  <testcase name="Successfully cancel tour for participant who has been assigned to their tour #1" classname="ca.mcgill.ecse.biketourplus.features.CucumberFeaturesTestRunner" time="0.032">
    <failure message="org.opentest4j.AssertionFailedError: expected: &lt;Cancelled&gt; but was: &lt;NotAssigned&gt;" type="org.opentest4j.AssertionFailedError">org.opentest4j.AssertionFailedError: expected: &lt;Cancelled&gt; but was: &lt;NotAssigned&gt;
	at app//org.junit.jupiter.api.AssertionUtils.fail(AssertionUtils.java:55)
	at app//org.junit.jupiter.api.AssertionUtils.failNotEqual(AssertionUtils.java:62)
	at app//org.junit.jupiter.api.AssertEquals.assertEquals(AssertEquals.java:182)
	at app//org.junit.jupiter.api.AssertEquals.assertEquals(AssertEquals.java:177)
	at app//org.junit.jupiter.api.Assertions.assertEquals(Assertions.java:1124)
	at app//ca.mcgill.ecse.biketourplus.features.BikeToursStepDefinitions.the_participant_with_shall_be_marked_as(BikeToursStepDefinitions.java:315)
	at ✽.the participant with &quot;alice@gmail.com&quot; shall be marked as &quot;Cancelled&quot;(file:///C:/Users/alexa/ecse223-group-project-p7/src/test/resources/ProcessBikeTours.feature:209)
</failure>
  </testcase>
  <testcase name="Successfully cancel tour for participant who has been assigned to their tour #2" classname="ca.mcgill.ecse.biketourplus.features.CucumberFeaturesTestRunner" time="0.034">
    <failure message="org.opentest4j.AssertionFailedError: expected: &lt;Cancelled&gt; but was: &lt;NotAssigned&gt;" type="org.opentest4j.AssertionFailedError">org.opentest4j.AssertionFailedError: expected: &lt;Cancelled&gt; but was: &lt;NotAssigned&gt;
	at app//org.junit.jupiter.api.AssertionUtils.fail(AssertionUtils.java:55)
	at app//org.junit.jupiter.api.AssertionUtils.failNotEqual(AssertionUtils.java:62)
	at app//org.junit.jupiter.api.AssertEquals.assertEquals(AssertEquals.java:182)
	at app//org.junit.jupiter.api.AssertEquals.assertEquals(AssertEquals.java:177)
	at app//org.junit.jupiter.api.Assertions.assertEquals(Assertions.java:1124)
	at app//ca.mcgill.ecse.biketourplus.features.BikeToursStepDefinitions.the_participant_with_shall_be_marked_as(BikeToursStepDefinitions.java:315)
	at ✽.the participant with &quot;charlie@hotmail.ca&quot; shall be marked as &quot;Cancelled&quot;(file:///C:/Users/alexa/ecse223-group-project-p7/src/test/resources/ProcessBikeTours.feature:209)
</failure>
  </testcase>
  <testcase name="Successfully cancel tour for participant who has paid #1" classname="ca.mcgill.ecse.biketourplus.features.CucumberFeaturesTestRunner" time="0.055">
    <failure message="org.opentest4j.AssertionFailedError: expected: &lt;Cancelled&gt; but was: &lt;NotAssigned&gt;" type="org.opentest4j.AssertionFailedError">org.opentest4j.AssertionFailedError: expected: &lt;Cancelled&gt; but was: &lt;NotAssigned&gt;
	at app//org.junit.jupiter.api.AssertionUtils.fail(AssertionUtils.java:55)
	at app//org.junit.jupiter.api.AssertionUtils.failNotEqual(AssertionUtils.java:62)
	at app//org.junit.jupiter.api.AssertEquals.assertEquals(AssertEquals.java:182)
	at app//org.junit.jupiter.api.AssertEquals.assertEquals(AssertEquals.java:177)
	at app//org.junit.jupiter.api.Assertions.assertEquals(Assertions.java:1124)
	at app//ca.mcgill.ecse.biketourplus.features.BikeToursStepDefinitions.the_participant_with_email_shall_be_marked_as(BikeToursStepDefinitions.java:109)
	at ✽.the participant with email &quot;alice@gmail.com&quot; shall be marked as &quot;Cancelled&quot;(file:///C:/Users/alexa/ecse223-group-project-p7/src/test/resources/ProcessBikeTours.feature:220)
</failure>
  </testcase>
  <testcase name="Successfully cancel tour for participant who has paid #2" classname="ca.mcgill.ecse.biketourplus.features.CucumberFeaturesTestRunner" time="0.049">
    <failure message="org.opentest4j.AssertionFailedError: expected: &lt;Cancelled&gt; but was: &lt;NotAssigned&gt;" type="org.opentest4j.AssertionFailedError">org.opentest4j.AssertionFailedError: expected: &lt;Cancelled&gt; but was: &lt;NotAssigned&gt;
	at app//org.junit.jupiter.api.AssertionUtils.fail(AssertionUtils.java:55)
	at app//org.junit.jupiter.api.AssertionUtils.failNotEqual(AssertionUtils.java:62)
	at app//org.junit.jupiter.api.AssertEquals.assertEquals(AssertEquals.java:182)
	at app//org.junit.jupiter.api.AssertEquals.assertEquals(AssertEquals.java:177)
	at app//org.junit.jupiter.api.Assertions.assertEquals(Assertions.java:1124)
	at app//ca.mcgill.ecse.biketourplus.features.BikeToursStepDefinitions.the_participant_with_email_shall_be_marked_as(BikeToursStepDefinitions.java:109)
	at ✽.the participant with email &quot;charlie@hotmail.ca&quot; shall be marked as &quot;Cancelled&quot;(file:///C:/Users/alexa/ecse223-group-project-p7/src/test/resources/ProcessBikeTours.feature:220)
</failure>
  </testcase>
  <testcase name="Successfully cancel tour for participant who has started their tour #1" classname="ca.mcgill.ecse.biketourplus.features.CucumberFeaturesTestRunner" time="0.033">
    <failure message="org.opentest4j.AssertionFailedError: expected: &lt;Cancelled&gt; but was: &lt;NotAssigned&gt;" type="org.opentest4j.AssertionFailedError">org.opentest4j.AssertionFailedError: expected: &lt;Cancelled&gt; but was: &lt;NotAssigned&gt;
	at app//org.junit.jupiter.api.AssertionUtils.fail(AssertionUtils.java:55)
	at app//org.junit.jupiter.api.AssertionUtils.failNotEqual(AssertionUtils.java:62)
	at app//org.junit.jupiter.api.AssertEquals.assertEquals(AssertEquals.java:182)
	at app//org.junit.jupiter.api.AssertEquals.assertEquals(AssertEquals.java:177)
	at app//org.junit.jupiter.api.Assertions.assertEquals(Assertions.java:1124)
	at app//ca.mcgill.ecse.biketourplus.features.BikeToursStepDefinitions.the_participant_with_shall_be_marked_as(BikeToursStepDefinitions.java:315)
	at ✽.the participant with &quot;alice@gmail.com&quot; shall be marked as &quot;Cancelled&quot;(file:///C:/Users/alexa/ecse223-group-project-p7/src/test/resources/ProcessBikeTours.feature:231)
</failure>
  </testcase>
  <testcase name="Successfully cancel tour for participant who has started their tour #2" classname="ca.mcgill.ecse.biketourplus.features.CucumberFeaturesTestRunner" time="0.04">
    <failure message="org.opentest4j.AssertionFailedError: expected: &lt;Cancelled&gt; but was: &lt;NotAssigned&gt;" type="org.opentest4j.AssertionFailedError">org.opentest4j.AssertionFailedError: expected: &lt;Cancelled&gt; but was: &lt;NotAssigned&gt;
	at app//org.junit.jupiter.api.AssertionUtils.fail(AssertionUtils.java:55)
	at app//org.junit.jupiter.api.AssertionUtils.failNotEqual(AssertionUtils.java:62)
	at app//org.junit.jupiter.api.AssertEquals.assertEquals(AssertEquals.java:182)
	at app//org.junit.jupiter.api.AssertEquals.assertEquals(AssertEquals.java:177)
	at app//org.junit.jupiter.api.Assertions.assertEquals(Assertions.java:1124)
	at app//ca.mcgill.ecse.biketourplus.features.BikeToursStepDefinitions.the_participant_with_shall_be_marked_as(BikeToursStepDefinitions.java:315)
	at ✽.the participant with &quot;charlie@hotmail.ca&quot; shall be marked as &quot;Cancelled&quot;(file:///C:/Users/alexa/ecse223-group-project-p7/src/test/resources/ProcessBikeTours.feature:231)
</failure>
  </testcase>
  <testcase name="Unsuccessfully cancel tour for participant with an email address that does not exist #1" classname="ca.mcgill.ecse.biketourplus.features.CucumberFeaturesTestRunner" time="0.065">
    <failure message="org.opentest4j.AssertionFailedError: expected: &lt;true&gt; but was: &lt;false&gt;" type="org.opentest4j.AssertionFailedError">org.opentest4j.AssertionFailedError: expected: &lt;true&gt; but was: &lt;false&gt;
	at app//org.junit.jupiter.api.AssertionUtils.fail(AssertionUtils.java:55)
	at app//org.junit.jupiter.api.AssertTrue.assertTrue(AssertTrue.java:40)
	at app//org.junit.jupiter.api.AssertTrue.assertTrue(AssertTrue.java:35)
	at app//org.junit.jupiter.api.Assertions.assertTrue(Assertions.java:162)
	at app//ca.mcgill.ecse.biketourplus.features.BikeToursStepDefinitions.the_system_shall_raise_the_error(BikeToursStepDefinitions.java:119)
	at ✽.the system shall raise the error &quot;Participant with email address steve@yahoo.com does not exist&quot;(file:///C:/Users/alexa/ecse223-group-project-p7/src/test/resources/ProcessBikeTours.feature:243)
</failure>
  </testcase>
  <testcase name="Unsuccessfully cancel tour for participant with an email address that does not exist #2" classname="ca.mcgill.ecse.biketourplus.features.CucumberFeaturesTestRunner" time="0.04">
    <failure message="org.opentest4j.AssertionFailedError: expected: &lt;true&gt; but was: &lt;false&gt;" type="org.opentest4j.AssertionFailedError">org.opentest4j.AssertionFailedError: expected: &lt;true&gt; but was: &lt;false&gt;
	at app//org.junit.jupiter.api.AssertionUtils.fail(AssertionUtils.java:55)
	at app//org.junit.jupiter.api.AssertTrue.assertTrue(AssertTrue.java:40)
	at app//org.junit.jupiter.api.AssertTrue.assertTrue(AssertTrue.java:35)
	at app//org.junit.jupiter.api.Assertions.assertTrue(Assertions.java:162)
	at app//ca.mcgill.ecse.biketourplus.features.BikeToursStepDefinitions.the_system_shall_raise_the_error(BikeToursStepDefinitions.java:119)
	at ✽.the system shall raise the error &quot;Participant with email address dave@hotmail.com does not exist&quot;(file:///C:/Users/alexa/ecse223-group-project-p7/src/test/resources/ProcessBikeTours.feature:243)
</failure>
  </testcase>
  <testcase name="Unsuccessfully cancel a tour for a banned participant" classname="ca.mcgill.ecse.biketourplus.features.CucumberFeaturesTestRunner" time="0.049">
    <failure message="org.opentest4j.AssertionFailedError: expected: &lt;Banned&gt; but was: &lt;NotAssigned&gt;" type="org.opentest4j.AssertionFailedError">org.opentest4j.AssertionFailedError: expected: &lt;Banned&gt; but was: &lt;NotAssigned&gt;
	at app//org.junit.jupiter.api.AssertionUtils.fail(AssertionUtils.java:55)
	at app//org.junit.jupiter.api.AssertionUtils.failNotEqual(AssertionUtils.java:62)
	at app//org.junit.jupiter.api.AssertEquals.assertEquals(AssertEquals.java:182)
	at app//org.junit.jupiter.api.AssertEquals.assertEquals(AssertEquals.java:177)
	at app//org.junit.jupiter.api.Assertions.assertEquals(Assertions.java:1124)
	at app//ca.mcgill.ecse.biketourplus.features.BikeToursStepDefinitions.the_participant_with_email_shall_be_marked_as(BikeToursStepDefinitions.java:109)
	at ✽.the participant with email &quot;emily@hotmail.ca&quot; shall be marked as &quot;Banned&quot;(file:///C:/Users/alexa/ecse223-group-project-p7/src/test/resources/ProcessBikeTours.feature:253)
</failure>
  </testcase>
  <testcase name="Unsuccessfully cancel a tour for participant who has cancelled their tour" classname="ca.mcgill.ecse.biketourplus.features.CucumberFeaturesTestRunner" time="0.03">
    <failure message="org.opentest4j.AssertionFailedError: expected: &lt;Cancelled&gt; but was: &lt;NotAssigned&gt;" type="org.opentest4j.AssertionFailedError">org.opentest4j.AssertionFailedError: expected: &lt;Cancelled&gt; but was: &lt;NotAssigned&gt;
	at app//org.junit.jupiter.api.AssertionUtils.fail(AssertionUtils.java:55)
	at app//org.junit.jupiter.api.AssertionUtils.failNotEqual(AssertionUtils.java:62)
	at app//org.junit.jupiter.api.AssertEquals.assertEquals(AssertEquals.java:182)
	at app//org.junit.jupiter.api.AssertEquals.assertEquals(AssertEquals.java:177)
	at app//org.junit.jupiter.api.Assertions.assertEquals(Assertions.java:1124)
	at app//ca.mcgill.ecse.biketourplus.features.BikeToursStepDefinitions.the_participant_with_shall_be_marked_as(BikeToursStepDefinitions.java:315)
	at ✽.the participant with &quot;charlie@hotmail.ca&quot; shall be marked as &quot;Cancelled&quot;(file:///C:/Users/alexa/ecse223-group-project-p7/src/test/resources/ProcessBikeTours.feature:259)
</failure>
  </testcase>
  <testcase name="Unsuccessfully cancel a tour for participant who has finished their tour" classname="ca.mcgill.ecse.biketourplus.features.CucumberFeaturesTestRunner" time="0.048">
    <failure message="org.opentest4j.AssertionFailedError: expected: &lt;Finished&gt; but was: &lt;NotAssigned&gt;" type="org.opentest4j.AssertionFailedError">org.opentest4j.AssertionFailedError: expected: &lt;Finished&gt; but was: &lt;NotAssigned&gt;
	at app//org.junit.jupiter.api.AssertionUtils.fail(AssertionUtils.java:55)
	at app//org.junit.jupiter.api.AssertionUtils.failNotEqual(AssertionUtils.java:62)
	at app//org.junit.jupiter.api.AssertEquals.assertEquals(AssertEquals.java:182)
	at app//org.junit.jupiter.api.AssertEquals.assertEquals(AssertEquals.java:177)
	at app//org.junit.jupiter.api.Assertions.assertEquals(Assertions.java:1124)
	at app//ca.mcgill.ecse.biketourplus.features.BikeToursStepDefinitions.the_participant_with_shall_be_marked_as(BikeToursStepDefinitions.java:315)
	at ✽.the participant with &quot;charlie@hotmail.ca&quot; shall be marked as &quot;Finished&quot;(file:///C:/Users/alexa/ecse223-group-project-p7/src/test/resources/ProcessBikeTours.feature:265)
</failure>
  </testcase>
  <testcase name="Register a guide successfully #1(Register and Update Guide " classname="ca.mcgill.ecse.biketourplus.features.CucumberFeaturesTestRunner" time="0.049"/>
  <testcase name="Register a guide successfully #2(Register and Update Guide " classname="ca.mcgill.ecse.biketourplus.features.CucumberFeaturesTestRunner" time="0.052"/>
  <testcase name="Register a guide unsuccessfully #1(Register and Update Guide " classname="ca.mcgill.ecse.biketourplus.features.CucumberFeaturesTestRunner" time="0.055"/>
  <testcase name="Register a guide unsuccessfully #2(Register and Update Guide " classname="ca.mcgill.ecse.biketourplus.features.CucumberFeaturesTestRunner" time="0.054"/>
  <testcase name="Register a guide unsuccessfully #3(Register and Update Guide " classname="ca.mcgill.ecse.biketourplus.features.CucumberFeaturesTestRunner" time="0.114"/>
  <testcase name="Register a guide unsuccessfully #4(Register and Update Guide " classname="ca.mcgill.ecse.biketourplus.features.CucumberFeaturesTestRunner" time="0.032"/>
  <testcase name="Register a guide unsuccessfully #5(Register and Update Guide " classname="ca.mcgill.ecse.biketourplus.features.CucumberFeaturesTestRunner" time="0.092"/>
  <testcase name="Register a guide unsuccessfully #6(Register and Update Guide " classname="ca.mcgill.ecse.biketourplus.features.CucumberFeaturesTestRunner" time="0.035"/>
  <testcase name="Register a guide unsuccessfully #7(Register and Update Guide " classname="ca.mcgill.ecse.biketourplus.features.CucumberFeaturesTestRunner" time="0.047"/>
  <testcase name="Register a guide unsuccessfully #8(Register and Update Guide " classname="ca.mcgill.ecse.biketourplus.features.CucumberFeaturesTestRunner" time="0.034"/>
  <testcase name="Register a guide unsuccessfully #9(Register and Update Guide " classname="ca.mcgill.ecse.biketourplus.features.CucumberFeaturesTestRunner" time="0.021"/>
  <testcase name="Register a guide unsuccessfully #10(Register and Update Guide " classname="ca.mcgill.ecse.biketourplus.features.CucumberFeaturesTestRunner" time="0.037"/>
  <testcase name="Register a guide unsuccessfully #11(Register and Update Guide " classname="ca.mcgill.ecse.biketourplus.features.CucumberFeaturesTestRunner" time="0.044"/>
  <testcase name="Register a guide unsuccessfully #12(Register and Update Guide " classname="ca.mcgill.ecse.biketourplus.features.CucumberFeaturesTestRunner" time="0.038"/>
  <testcase name="Register a guide unsuccessfully #13(Register and Update Guide " classname="ca.mcgill.ecse.biketourplus.features.CucumberFeaturesTestRunner" time="0.032"/>
  <testcase name="Update a guide account successfully #1(Register and Update Guide " classname="ca.mcgill.ecse.biketourplus.features.CucumberFeaturesTestRunner" time="0.037"/>
  <testcase name="Update a guide account successfully #2(Register and Update Guide " classname="ca.mcgill.ecse.biketourplus.features.CucumberFeaturesTestRunner" time="0.023"/>
  <testcase name="Update a guide account unsuccessfully #1(Register and Update Guide " classname="ca.mcgill.ecse.biketourplus.features.CucumberFeaturesTestRunner" time="0.024"/>
  <testcase name="Update a guide account unsuccessfully #2(Register and Update Guide " classname="ca.mcgill.ecse.biketourplus.features.CucumberFeaturesTestRunner" time="0.018"/>
  <testcase name="Update a guide account unsuccessfully #3(Register and Update Guide " classname="ca.mcgill.ecse.biketourplus.features.CucumberFeaturesTestRunner" time="0.027"/>
  <testcase name="Unsuccessfully update a guide account that does not exist(Register and Update Guide " classname="ca.mcgill.ecse.biketourplus.features.CucumberFeaturesTestRunner" time="0.022"/>
  <testcase name="Register a participant successfully #1(Register and Update Participant " classname="ca.mcgill.ecse.biketourplus.features.CucumberFeaturesTestRunner" time="0.03"/>
  <testcase name="Register a participant successfully #2(Register and Update Participant " classname="ca.mcgill.ecse.biketourplus.features.CucumberFeaturesTestRunner" time="0.029"/>
  <testcase name="Register a participant unsuccessfully #1(Register and Update Participant " classname="ca.mcgill.ecse.biketourplus.features.CucumberFeaturesTestRunner" time="0.024"/>
  <testcase name="Register a participant unsuccessfully #2(Register and Update Participant " classname="ca.mcgill.ecse.biketourplus.features.CucumberFeaturesTestRunner" time="0.027"/>
  <testcase name="Register a participant unsuccessfully #3(Register and Update Participant " classname="ca.mcgill.ecse.biketourplus.features.CucumberFeaturesTestRunner" time="0.023"/>
  <testcase name="Register a participant unsuccessfully #4(Register and Update Participant " classname="ca.mcgill.ecse.biketourplus.features.CucumberFeaturesTestRunner" time="0.025"/>
  <testcase name="Register a participant unsuccessfully #5(Register and Update Participant " classname="ca.mcgill.ecse.biketourplus.features.CucumberFeaturesTestRunner" time="0.037"/>
  <testcase name="Register a participant unsuccessfully #6(Register and Update Participant " classname="ca.mcgill.ecse.biketourplus.features.CucumberFeaturesTestRunner" time="0.028"/>
  <testcase name="Register a participant unsuccessfully #7(Register and Update Participant " classname="ca.mcgill.ecse.biketourplus.features.CucumberFeaturesTestRunner" time="0.027"/>
  <testcase name="Register a participant unsuccessfully #8(Register and Update Participant " classname="ca.mcgill.ecse.biketourplus.features.CucumberFeaturesTestRunner" time="0.089"/>
  <testcase name="Register a participant unsuccessfully #9(Register and Update Participant " classname="ca.mcgill.ecse.biketourplus.features.CucumberFeaturesTestRunner" time="0.039"/>
  <testcase name="Register a participant unsuccessfully #10(Register and Update Participant " classname="ca.mcgill.ecse.biketourplus.features.CucumberFeaturesTestRunner" time="0.041"/>
  <testcase name="Register a participant unsuccessfully #11(Register and Update Participant " classname="ca.mcgill.ecse.biketourplus.features.CucumberFeaturesTestRunner" time="0.038"/>
  <testcase name="Register a participant unsuccessfully #12(Register and Update Participant " classname="ca.mcgill.ecse.biketourplus.features.CucumberFeaturesTestRunner" time="0.04"/>
  <testcase name="Register a participant unsuccessfully #13(Register and Update Participant " classname="ca.mcgill.ecse.biketourplus.features.CucumberFeaturesTestRunner" time="0.032"/>
  <testcase name="Register a participant unsuccessfully #14(Register and Update Participant " classname="ca.mcgill.ecse.biketourplus.features.CucumberFeaturesTestRunner" time="0.039"/>
  <testcase name="Register a participant unsuccessfully #15(Register and Update Participant " classname="ca.mcgill.ecse.biketourplus.features.CucumberFeaturesTestRunner" time="0.039"/>
  <testcase name="Register a participant unsuccessfully #16(Register and Update Participant " classname="ca.mcgill.ecse.biketourplus.features.CucumberFeaturesTestRunner" time="0.03"/>
  <testcase name="Register a participant unsuccessfully #17(Register and Update Participant " classname="ca.mcgill.ecse.biketourplus.features.CucumberFeaturesTestRunner" time="0.051"/>
  <testcase name="Register a participant unsuccessfully #18(Register and Update Participant " classname="ca.mcgill.ecse.biketourplus.features.CucumberFeaturesTestRunner" time="0.073"/>
  <testcase name="Register a participant unsuccessfully #19(Register and Update Participant " classname="ca.mcgill.ecse.biketourplus.features.CucumberFeaturesTestRunner" time="0.049"/>
  <testcase name="Register a participant unsuccessfully #20(Register and Update Participant " classname="ca.mcgill.ecse.biketourplus.features.CucumberFeaturesTestRunner" time="0.05"/>
  <testcase name="Register a participant unsuccessfully #21(Register and Update Participant " classname="ca.mcgill.ecse.biketourplus.features.CucumberFeaturesTestRunner" time="0.045"/>
  <testcase name="Update a participant account successfully #1(Register and Update Participant " classname="ca.mcgill.ecse.biketourplus.features.CucumberFeaturesTestRunner" time="0.082"/>
  <testcase name="Update a participant account successfully #2(Register and Update Participant " classname="ca.mcgill.ecse.biketourplus.features.CucumberFeaturesTestRunner" time="0.029"/>
  <testcase name="Update a participant account unsuccessfully #1(Register and Update Participant " classname="ca.mcgill.ecse.biketourplus.features.CucumberFeaturesTestRunner" time="0.029"/>
  <testcase name="Update a participant account unsuccessfully #2(Register and Update Participant " classname="ca.mcgill.ecse.biketourplus.features.CucumberFeaturesTestRunner" time="0.04"/>
  <testcase name="Update a participant account unsuccessfully #3(Register and Update Participant " classname="ca.mcgill.ecse.biketourplus.features.CucumberFeaturesTestRunner" time="0.031"/>
  <testcase name="Update a participant account unsuccessfully #4(Register and Update Participant " classname="ca.mcgill.ecse.biketourplus.features.CucumberFeaturesTestRunner" time="0.038"/>
  <testcase name="Update a participant account unsuccessfully #5(Register and Update Participant " classname="ca.mcgill.ecse.biketourplus.features.CucumberFeaturesTestRunner" time="0.027"/>
  <testcase name="Update a participant account unsuccessfully #6(Register and Update Participant " classname="ca.mcgill.ecse.biketourplus.features.CucumberFeaturesTestRunner" time="0.025"/>
  <testcase name="Update a participant account unsuccessfully #7(Register and Update Participant " classname="ca.mcgill.ecse.biketourplus.features.CucumberFeaturesTestRunner" time="0.03"/>
  <testcase name="Update a participant account unsuccessfully #8(Register and Update Participant " classname="ca.mcgill.ecse.biketourplus.features.CucumberFeaturesTestRunner" time="0.033"/>
  <testcase name="Update a participant account unsuccessfully #9(Register and Update Participant " classname="ca.mcgill.ecse.biketourplus.features.CucumberFeaturesTestRunner" time="0.026"/>
  <testcase name="Update a participant account unsuccessfully #10(Register and Update Participant " classname="ca.mcgill.ecse.biketourplus.features.CucumberFeaturesTestRunner" time="0.017"/>
  <testcase name="Update a participant account unsuccessfully #11(Register and Update Participant " classname="ca.mcgill.ecse.biketourplus.features.CucumberFeaturesTestRunner" time="0.029"/>
  <testcase name="Unsuccessfully update a participant account that does not exist(Register and Update Participant " classname="ca.mcgill.ecse.biketourplus.features.CucumberFeaturesTestRunner" time="0.025"/>
  <testcase name="Update BikeTourPlus information successfully #1(Update BikeTourPlus Information " classname="ca.mcgill.ecse.biketourplus.features.CucumberFeaturesTestRunner" time="0.037"/>
  <testcase name="Update BikeTourPlus information successfully #2(Update BikeTourPlus Information " classname="ca.mcgill.ecse.biketourplus.features.CucumberFeaturesTestRunner" time="0.028"/>
  <testcase name="Update BikeTourPlus information successfully #3(Update BikeTourPlus Information " classname="ca.mcgill.ecse.biketourplus.features.CucumberFeaturesTestRunner" time="0.03"/>
  <testcase name="Update BikeTourPlus information unsuccessfully #1(Update BikeTourPlus Information " classname="ca.mcgill.ecse.biketourplus.features.CucumberFeaturesTestRunner" time="0.029"/>
  <testcase name="Update BikeTourPlus information unsuccessfully #2(Update BikeTourPlus Information " classname="ca.mcgill.ecse.biketourplus.features.CucumberFeaturesTestRunner" time="0.023"/>
  <testcase name="Update BikeTourPlus information unsuccessfully #3(Update BikeTourPlus Information " classname="ca.mcgill.ecse.biketourplus.features.CucumberFeaturesTestRunner" time="0.027"/>
  <testcase name="Update the manager successfully #1(Update Manager " classname="ca.mcgill.ecse.biketourplus.features.CucumberFeaturesTestRunner" time="0.031"/>
  <testcase name="Update the manager successfully #2(Update Manager " classname="ca.mcgill.ecse.biketourplus.features.CucumberFeaturesTestRunner" time="0.028"/>
  <testcase name="Update the manager successfully #3(Update Manager " classname="ca.mcgill.ecse.biketourplus.features.CucumberFeaturesTestRunner" time="0.022"/>
  <testcase name="Update a manager unsuccessfully #1(Update Manager " classname="ca.mcgill.ecse.biketourplus.features.CucumberFeaturesTestRunner" time="0.026"/>
  <testcase name="Update a manager unsuccessfully #2(Update Manager " classname="ca.mcgill.ecse.biketourplus.features.CucumberFeaturesTestRunner" time="0.029"/>
  <testcase name="Update a manager unsuccessfully #3(Update Manager " classname="ca.mcgill.ecse.biketourplus.features.CucumberFeaturesTestRunner" time="0.025"/>
  <testcase name="Update a manager unsuccessfully #4(Update Manager " classname="ca.mcgill.ecse.biketourplus.features.CucumberFeaturesTestRunner" time="0.036"/>
  <testcase name="Update a manager unsuccessfully #5(Update Manager " classname="ca.mcgill.ecse.biketourplus.features.CucumberFeaturesTestRunner" time="0.032"/>
  <testcase name="Successfully view bike tour 1(View Bike Tour" classname="ca.mcgill.ecse.biketourplus.features.CucumberFeaturesTestRunner" time="0.054"/>
  <testcase name="Successfully view bike tour 2(View Bike Tour" classname="ca.mcgill.ecse.biketourplus.features.CucumberFeaturesTestRunner" time="0.026"/>
=======
<testsuite name="ca.mcgill.ecse.biketourplus.features.CucumberFeaturesTestRunner" tests="241" skipped="0" failures="0" errors="0" timestamp="2022-11-10T14:21:24" hostname="LAPTOP-5IPQ94LA" time="12.646">
  <properties/>
  <testcase name="Add a piece of gear or combo to a participant successfully #1(Add and Remove Gear And Combo for Participant " classname="ca.mcgill.ecse.biketourplus.features.CucumberFeaturesTestRunner" time="1.601"/>
  <testcase name="Add a piece of gear or combo to a participant successfully #2(Add and Remove Gear And Combo for Participant " classname="ca.mcgill.ecse.biketourplus.features.CucumberFeaturesTestRunner" time="0.163"/>
  <testcase name="Add a piece of gear or combo to a participant successfully #3(Add and Remove Gear And Combo for Participant " classname="ca.mcgill.ecse.biketourplus.features.CucumberFeaturesTestRunner" time="0.155"/>
  <testcase name="Add a piece of gear or combo to a participant successfully #4(Add and Remove Gear And Combo for Participant " classname="ca.mcgill.ecse.biketourplus.features.CucumberFeaturesTestRunner" time="0.126"/>
  <testcase name="Add a piece of gear or combo to a participant successfully #5(Add and Remove Gear And Combo for Participant " classname="ca.mcgill.ecse.biketourplus.features.CucumberFeaturesTestRunner" time="0.117"/>
  <testcase name="Add a piece of gear or combo to a participant successfully #6(Add and Remove Gear And Combo for Participant " classname="ca.mcgill.ecse.biketourplus.features.CucumberFeaturesTestRunner" time="0.133"/>
  <testcase name="Add a piece of gear or combo to a participant successfully #7(Add and Remove Gear And Combo for Participant " classname="ca.mcgill.ecse.biketourplus.features.CucumberFeaturesTestRunner" time="0.116"/>
  <testcase name="Add a piece of gear or combo to a participant successfully #8(Add and Remove Gear And Combo for Participant " classname="ca.mcgill.ecse.biketourplus.features.CucumberFeaturesTestRunner" time="0.099"/>
  <testcase name="Add a piece of gear or combo to a participant successfully #9(Add and Remove Gear And Combo for Participant " classname="ca.mcgill.ecse.biketourplus.features.CucumberFeaturesTestRunner" time="0.103"/>
  <testcase name="Add a piece of gear or combo to a participant successfully #10(Add and Remove Gear And Combo for Participant " classname="ca.mcgill.ecse.biketourplus.features.CucumberFeaturesTestRunner" time="0.091"/>
  <testcase name="Unsuccessfully add a piece of gear or combo that does not exist to a participant #1(Add and Remove Gear And Combo for Participant " classname="ca.mcgill.ecse.biketourplus.features.CucumberFeaturesTestRunner" time="0.039"/>
  <testcase name="Unsuccessfully add a piece of gear or combo that does not exist to a participant #2(Add and Remove Gear And Combo for Participant " classname="ca.mcgill.ecse.biketourplus.features.CucumberFeaturesTestRunner" time="0.041"/>
  <testcase name="Unsuccessfully add a piece of gear or combo that does not exist to a participant #3(Add and Remove Gear And Combo for Participant " classname="ca.mcgill.ecse.biketourplus.features.CucumberFeaturesTestRunner" time="0.034"/>
  <testcase name="Unsuccessfully add a piece of gear or combo that does not exist to a participant #4(Add and Remove Gear And Combo for Participant " classname="ca.mcgill.ecse.biketourplus.features.CucumberFeaturesTestRunner" time="0.043"/>
  <testcase name="Unsuccessfully add a piece of gear or combo that does not exist to a participant #5(Add and Remove Gear And Combo for Participant " classname="ca.mcgill.ecse.biketourplus.features.CucumberFeaturesTestRunner" time="0.054"/>
  <testcase name="Unsuccessfully add a piece of gear or combo to a participant that does not exist #1(Add and Remove Gear And Combo for Participant " classname="ca.mcgill.ecse.biketourplus.features.CucumberFeaturesTestRunner" time="0.06"/>
  <testcase name="Unsuccessfully add a piece of gear or combo to a participant that does not exist #2(Add and Remove Gear And Combo for Participant " classname="ca.mcgill.ecse.biketourplus.features.CucumberFeaturesTestRunner" time="0.044"/>
  <testcase name="Unsuccessfully add a piece of gear or combo to a participant that does not exist #3(Add and Remove Gear And Combo for Participant " classname="ca.mcgill.ecse.biketourplus.features.CucumberFeaturesTestRunner" time="0.047"/>
  <testcase name="Unsuccessfully add a piece of gear or combo to a participant that does not exist #4(Add and Remove Gear And Combo for Participant " classname="ca.mcgill.ecse.biketourplus.features.CucumberFeaturesTestRunner" time="0.044"/>
  <testcase name="Unsuccessfully add a piece of gear or combo to a participant that does not exist #5(Add and Remove Gear And Combo for Participant " classname="ca.mcgill.ecse.biketourplus.features.CucumberFeaturesTestRunner" time="0.064"/>
  <testcase name="Remove a piece of gear or combo from a participant successfully #1(Add and Remove Gear And Combo for Participant " classname="ca.mcgill.ecse.biketourplus.features.CucumberFeaturesTestRunner" time="0.048"/>
  <testcase name="Remove a piece of gear or combo from a participant successfully #2(Add and Remove Gear And Combo for Participant " classname="ca.mcgill.ecse.biketourplus.features.CucumberFeaturesTestRunner" time="0.028"/>
  <testcase name="Remove the last item of a piece of gear or combo from a participant successfully #1(Add and Remove Gear And Combo for Participant " classname="ca.mcgill.ecse.biketourplus.features.CucumberFeaturesTestRunner" time="0.052"/>
  <testcase name="Remove the last item of a piece of gear or combo from a participant successfully #2(Add and Remove Gear And Combo for Participant " classname="ca.mcgill.ecse.biketourplus.features.CucumberFeaturesTestRunner" time="0.046"/>
  <testcase name="Remove the last item of a piece of gear or combo from a participant successfully #3(Add and Remove Gear And Combo for Participant " classname="ca.mcgill.ecse.biketourplus.features.CucumberFeaturesTestRunner" time="0.081"/>
  <testcase name="Remove the last item of a piece of gear or combo from a participant successfully #4(Add and Remove Gear And Combo for Participant " classname="ca.mcgill.ecse.biketourplus.features.CucumberFeaturesTestRunner" time="0.024"/>
  <testcase name="Remove the last item of a piece of gear or combo from a participant successfully #5(Add and Remove Gear And Combo for Participant " classname="ca.mcgill.ecse.biketourplus.features.CucumberFeaturesTestRunner" time="0.056"/>
  <testcase name="Remove the last item of a piece of gear or combo from a participant successfully #6(Add and Remove Gear And Combo for Participant " classname="ca.mcgill.ecse.biketourplus.features.CucumberFeaturesTestRunner" time="0.029"/>
  <testcase name="Remove the last item of a piece of gear or combo from a participant successfully #7(Add and Remove Gear And Combo for Participant " classname="ca.mcgill.ecse.biketourplus.features.CucumberFeaturesTestRunner" time="0.031"/>
  <testcase name="Remove the last item of a piece of gear or combo from a participant successfully #8(Add and Remove Gear And Combo for Participant " classname="ca.mcgill.ecse.biketourplus.features.CucumberFeaturesTestRunner" time="0.088"/>
  <testcase name="Unsuccessfully remove a piece of gear or combo from a participant that does not exist #1(Add and Remove Gear And Combo for Participant " classname="ca.mcgill.ecse.biketourplus.features.CucumberFeaturesTestRunner" time="0.041"/>
  <testcase name="Unsuccessfully remove a piece of gear or combo from a participant that does not exist #2(Add and Remove Gear And Combo for Participant " classname="ca.mcgill.ecse.biketourplus.features.CucumberFeaturesTestRunner" time="0.045"/>
  <testcase name="Unsuccessfully remove a piece of gear or combo from a participant that does not exist #3(Add and Remove Gear And Combo for Participant " classname="ca.mcgill.ecse.biketourplus.features.CucumberFeaturesTestRunner" time="0.033"/>
  <testcase name="Unsuccessfully remove a piece of gear or combo from a participant that does not exist #4(Add and Remove Gear And Combo for Participant " classname="ca.mcgill.ecse.biketourplus.features.CucumberFeaturesTestRunner" time="0.03"/>
  <testcase name="Unsuccessfully remove a piece of gear or combo from a participant that does not exist #5(Add and Remove Gear And Combo for Participant " classname="ca.mcgill.ecse.biketourplus.features.CucumberFeaturesTestRunner" time="0.03"/>
  <testcase name="Add a piece of gear to a combo successfully #1(Add and Remove Gear for Combo " classname="ca.mcgill.ecse.biketourplus.features.CucumberFeaturesTestRunner" time="0.04"/>
  <testcase name="Add a piece of gear to a combo successfully #2(Add and Remove Gear for Combo " classname="ca.mcgill.ecse.biketourplus.features.CucumberFeaturesTestRunner" time="0.026"/>
  <testcase name="Add a piece of gear to a combo successfully #3(Add and Remove Gear for Combo " classname="ca.mcgill.ecse.biketourplus.features.CucumberFeaturesTestRunner" time="0.036"/>
  <testcase name="Add a piece of gear to a combo successfully #4(Add and Remove Gear for Combo " classname="ca.mcgill.ecse.biketourplus.features.CucumberFeaturesTestRunner" time="0.033"/>
  <testcase name="Add a piece of gear to a combo successfully #5(Add and Remove Gear for Combo " classname="ca.mcgill.ecse.biketourplus.features.CucumberFeaturesTestRunner" time="0.029"/>
  <testcase name="Add a piece of gear to a combo successfully #6(Add and Remove Gear for Combo " classname="ca.mcgill.ecse.biketourplus.features.CucumberFeaturesTestRunner" time="0.033"/>
  <testcase name="Unsuccessfully add a piece of gear that does not exist to a combo #1(Add and Remove Gear for Combo " classname="ca.mcgill.ecse.biketourplus.features.CucumberFeaturesTestRunner" time="0.044"/>
  <testcase name="Unsuccessfully add a piece of gear that does not exist to a combo #2(Add and Remove Gear for Combo " classname="ca.mcgill.ecse.biketourplus.features.CucumberFeaturesTestRunner" time="0.044"/>
  <testcase name="Unsuccessfully add a piece of gear that does not exist to a combo #3(Add and Remove Gear for Combo " classname="ca.mcgill.ecse.biketourplus.features.CucumberFeaturesTestRunner" time="0.036"/>
  <testcase name="Unsuccessfully add a piece of gear that does not exist to a combo #4(Add and Remove Gear for Combo " classname="ca.mcgill.ecse.biketourplus.features.CucumberFeaturesTestRunner" time="0.034"/>
  <testcase name="Unsuccessfully add a piece of gear that does not exist to a combo #5(Add and Remove Gear for Combo " classname="ca.mcgill.ecse.biketourplus.features.CucumberFeaturesTestRunner" time="0.045"/>
  <testcase name="Unsuccessfully add a piece of gear to a combo that does not exist #1(Add and Remove Gear for Combo " classname="ca.mcgill.ecse.biketourplus.features.CucumberFeaturesTestRunner" time="0.037"/>
  <testcase name="Unsuccessfully add a piece of gear to a combo that does not exist #2(Add and Remove Gear for Combo " classname="ca.mcgill.ecse.biketourplus.features.CucumberFeaturesTestRunner" time="0.026"/>
  <testcase name="Unsuccessfully add a piece of gear to a combo that does not exist #3(Add and Remove Gear for Combo " classname="ca.mcgill.ecse.biketourplus.features.CucumberFeaturesTestRunner" time="0.033"/>
  <testcase name="Unsuccessfully add a piece of gear to a combo that does not exist #4(Add and Remove Gear for Combo " classname="ca.mcgill.ecse.biketourplus.features.CucumberFeaturesTestRunner" time="0.038"/>
  <testcase name="Unsuccessfully add a piece of gear to a combo that does not exist #5(Add and Remove Gear for Combo " classname="ca.mcgill.ecse.biketourplus.features.CucumberFeaturesTestRunner" time="0.041"/>
  <testcase name="Remove a piece of gear from a combo successfully #1(Add and Remove Gear for Combo " classname="ca.mcgill.ecse.biketourplus.features.CucumberFeaturesTestRunner" time="0.033"/>
  <testcase name="Remove a piece of gear from a combo successfully #2(Add and Remove Gear for Combo " classname="ca.mcgill.ecse.biketourplus.features.CucumberFeaturesTestRunner" time="0.039"/>
  <testcase name="Remove a piece of gear from a combo successfully #3(Add and Remove Gear for Combo " classname="ca.mcgill.ecse.biketourplus.features.CucumberFeaturesTestRunner" time="0.034"/>
  <testcase name="Remove the last item of a piece of gear from a combo successfully #1(Add and Remove Gear for Combo " classname="ca.mcgill.ecse.biketourplus.features.CucumberFeaturesTestRunner" time="0.035"/>
  <testcase name="Remove the last item of a piece of gear from a combo successfully #2(Add and Remove Gear for Combo " classname="ca.mcgill.ecse.biketourplus.features.CucumberFeaturesTestRunner" time="0.034"/>
  <testcase name="Remove the last item of a piece of gear from a combo successfully #3(Add and Remove Gear for Combo " classname="ca.mcgill.ecse.biketourplus.features.CucumberFeaturesTestRunner" time="0.035"/>
  <testcase name="Remove a piece of gear from a combo unsuccessfully(Add and Remove Gear for Combo " classname="ca.mcgill.ecse.biketourplus.features.CucumberFeaturesTestRunner" time="0.038"/>
  <testcase name="Unsuccessfully remove a piece of gear from a combo that does not exist #1(Add and Remove Gear for Combo " classname="ca.mcgill.ecse.biketourplus.features.CucumberFeaturesTestRunner" time="0.032"/>
  <testcase name="Unsuccessfully remove a piece of gear from a combo that does not exist #2(Add and Remove Gear for Combo " classname="ca.mcgill.ecse.biketourplus.features.CucumberFeaturesTestRunner" time="0.036"/>
  <testcase name="Unsuccessfully remove a piece of gear from a combo that does not exist #3(Add and Remove Gear for Combo " classname="ca.mcgill.ecse.biketourplus.features.CucumberFeaturesTestRunner" time="0.038"/>
  <testcase name="Unsuccessfully remove a piece of gear from a combo that does not exist #4(Add and Remove Gear for Combo " classname="ca.mcgill.ecse.biketourplus.features.CucumberFeaturesTestRunner" time="0.044"/>
  <testcase name="Unsuccessfully remove a piece of gear from a combo that does not exist #5(Add and Remove Gear for Combo " classname="ca.mcgill.ecse.biketourplus.features.CucumberFeaturesTestRunner" time="0.061"/>
  <testcase name="Add a combo successfully #1(Add and Update Combo " classname="ca.mcgill.ecse.biketourplus.features.CucumberFeaturesTestRunner" time="0.062"/>
  <testcase name="Add a combo successfully #2(Add and Update Combo " classname="ca.mcgill.ecse.biketourplus.features.CucumberFeaturesTestRunner" time="0.063"/>
  <testcase name="Add a combo unsuccessfully #1(Add and Update Combo " classname="ca.mcgill.ecse.biketourplus.features.CucumberFeaturesTestRunner" time="0.047"/>
  <testcase name="Add a combo unsuccessfully #2(Add and Update Combo " classname="ca.mcgill.ecse.biketourplus.features.CucumberFeaturesTestRunner" time="0.038"/>
  <testcase name="Add a combo unsuccessfully #3(Add and Update Combo " classname="ca.mcgill.ecse.biketourplus.features.CucumberFeaturesTestRunner" time="0.044"/>
  <testcase name="Add a combo unsuccessfully #4(Add and Update Combo " classname="ca.mcgill.ecse.biketourplus.features.CucumberFeaturesTestRunner" time="0.04"/>
  <testcase name="Add a combo unsuccessfully #5(Add and Update Combo " classname="ca.mcgill.ecse.biketourplus.features.CucumberFeaturesTestRunner" time="0.036"/>
  <testcase name="Update a combo successfully #1(Add and Update Combo " classname="ca.mcgill.ecse.biketourplus.features.CucumberFeaturesTestRunner" time="0.052"/>
  <testcase name="Update a combo successfully #2(Add and Update Combo " classname="ca.mcgill.ecse.biketourplus.features.CucumberFeaturesTestRunner" time="0.052"/>
  <testcase name="Update a combo unsuccessfully #1(Add and Update Combo " classname="ca.mcgill.ecse.biketourplus.features.CucumberFeaturesTestRunner" time="0.042"/>
  <testcase name="Update a combo unsuccessfully #2(Add and Update Combo " classname="ca.mcgill.ecse.biketourplus.features.CucumberFeaturesTestRunner" time="0.04"/>
  <testcase name="Update a combo unsuccessfully #3(Add and Update Combo " classname="ca.mcgill.ecse.biketourplus.features.CucumberFeaturesTestRunner" time="0.042"/>
  <testcase name="Update a combo unsuccessfully #4(Add and Update Combo " classname="ca.mcgill.ecse.biketourplus.features.CucumberFeaturesTestRunner" time="0.046"/>
  <testcase name="Update a combo unsuccessfully #5(Add and Update Combo " classname="ca.mcgill.ecse.biketourplus.features.CucumberFeaturesTestRunner" time="0.042"/>
  <testcase name="Unsuccessfully update a combo that does not exist(Add and Update Combo " classname="ca.mcgill.ecse.biketourplus.features.CucumberFeaturesTestRunner" time="0.048"/>
  <testcase name="Add a piece of gear successfully #1(Add and Update Gear " classname="ca.mcgill.ecse.biketourplus.features.CucumberFeaturesTestRunner" time="0.063"/>
  <testcase name="Add a piece of gear successfully #2(Add and Update Gear " classname="ca.mcgill.ecse.biketourplus.features.CucumberFeaturesTestRunner" time="0.063"/>
  <testcase name="Add a piece of gear unsuccessfully #1(Add and Update Gear " classname="ca.mcgill.ecse.biketourplus.features.CucumberFeaturesTestRunner" time="0.044"/>
  <testcase name="Add a piece of gear unsuccessfully #2(Add and Update Gear " classname="ca.mcgill.ecse.biketourplus.features.CucumberFeaturesTestRunner" time="0.039"/>
  <testcase name="Add a piece of gear unsuccessfully #3(Add and Update Gear " classname="ca.mcgill.ecse.biketourplus.features.CucumberFeaturesTestRunner" time="0.034"/>
  <testcase name="Add a piece of gear unsuccessfully #4(Add and Update Gear " classname="ca.mcgill.ecse.biketourplus.features.CucumberFeaturesTestRunner" time="0.042"/>
  <testcase name="Update a piece of gear successfully #1(Add and Update Gear " classname="ca.mcgill.ecse.biketourplus.features.CucumberFeaturesTestRunner" time="0.051"/>
  <testcase name="Update a piece of gear successfully #2(Add and Update Gear " classname="ca.mcgill.ecse.biketourplus.features.CucumberFeaturesTestRunner" time="0.037"/>
  <testcase name="Update a piece of gear successfully #3(Add and Update Gear " classname="ca.mcgill.ecse.biketourplus.features.CucumberFeaturesTestRunner" time="0.032"/>
  <testcase name="Update a piece of gear unsuccessfully #1(Add and Update Gear " classname="ca.mcgill.ecse.biketourplus.features.CucumberFeaturesTestRunner" time="0.034"/>
  <testcase name="Update a piece of gear unsuccessfully #2(Add and Update Gear " classname="ca.mcgill.ecse.biketourplus.features.CucumberFeaturesTestRunner" time="0.044"/>
  <testcase name="Update a piece of gear unsuccessfully #3(Add and Update Gear " classname="ca.mcgill.ecse.biketourplus.features.CucumberFeaturesTestRunner" time="0.038"/>
  <testcase name="Update a piece of gear unsuccessfully #4(Add and Update Gear " classname="ca.mcgill.ecse.biketourplus.features.CucumberFeaturesTestRunner" time="0.05"/>
  <testcase name="Unsuccessfully update a piece of gear that does not exist(Add and Update Gear " classname="ca.mcgill.ecse.biketourplus.features.CucumberFeaturesTestRunner" time="0.045"/>
  <testcase name="Successfully initiate bike tour creation in which a newer participant is assigned before an older one" classname="ca.mcgill.ecse.biketourplus.features.CucumberFeaturesTestRunner" time="0.047"/>
  <testcase name="Successfully initiate bike tour creation requiring a single guide" classname="ca.mcgill.ecse.biketourplus.features.CucumberFeaturesTestRunner" time="0.037"/>
  <testcase name="Successfully initiate bike tour creation requiring all guides" classname="ca.mcgill.ecse.biketourplus.features.CucumberFeaturesTestRunner" time="0.047"/>
  <testcase name="Successfully initiate bike tour creation in which a guide is assigned for all biking weeks" classname="ca.mcgill.ecse.biketourplus.features.CucumberFeaturesTestRunner" time="0.044"/>
  <testcase name="Unsuccessfully initiate bike tour creation for all participants and instead provide a partial assignment" classname="ca.mcgill.ecse.biketourplus.features.CucumberFeaturesTestRunner" time="0.046"/>
  <testcase name="Delete a combo successfully #1(Delete Combo " classname="ca.mcgill.ecse.biketourplus.features.CucumberFeaturesTestRunner" time="0.058"/>
  <testcase name="Delete a combo successfully #2(Delete Combo " classname="ca.mcgill.ecse.biketourplus.features.CucumberFeaturesTestRunner" time="0.036"/>
  <testcase name="Delete a combo successfully #3(Delete Combo " classname="ca.mcgill.ecse.biketourplus.features.CucumberFeaturesTestRunner" time="0.056"/>
  <testcase name="Delete a combo successfully #4(Delete Combo " classname="ca.mcgill.ecse.biketourplus.features.CucumberFeaturesTestRunner" time="0.045"/>
  <testcase name="Successfully delete a combo that has been requested by a participant #1(Delete Combo " classname="ca.mcgill.ecse.biketourplus.features.CucumberFeaturesTestRunner" time="0.041"/>
  <testcase name="Successfully delete a combo that has been requested by a participant #2(Delete Combo " classname="ca.mcgill.ecse.biketourplus.features.CucumberFeaturesTestRunner" time="0.037"/>
  <testcase name="Delete a piece of gear successfully #1(Delete Gear " classname="ca.mcgill.ecse.biketourplus.features.CucumberFeaturesTestRunner" time="0.042"/>
  <testcase name="Delete a piece of gear successfully #2(Delete Gear " classname="ca.mcgill.ecse.biketourplus.features.CucumberFeaturesTestRunner" time="0.037"/>
  <testcase name="Delete a piece of gear successfully #3(Delete Gear " classname="ca.mcgill.ecse.biketourplus.features.CucumberFeaturesTestRunner" time="0.045"/>
  <testcase name="Delete a piece of gear successfully #4(Delete Gear " classname="ca.mcgill.ecse.biketourplus.features.CucumberFeaturesTestRunner" time="0.049"/>
  <testcase name="Successfully delete a piece of gear that has been requested by a participant #1(Delete Gear " classname="ca.mcgill.ecse.biketourplus.features.CucumberFeaturesTestRunner" time="0.069"/>
  <testcase name="Successfully delete a piece of gear that has been requested by a participant #2(Delete Gear " classname="ca.mcgill.ecse.biketourplus.features.CucumberFeaturesTestRunner" time="0.064"/>
  <testcase name="Unsuccessfully delete a piece of gear that is in an existing combo #1(Delete Gear " classname="ca.mcgill.ecse.biketourplus.features.CucumberFeaturesTestRunner" time="0.051"/>
  <testcase name="Unsuccessfully delete a piece of gear that is in an existing combo #2(Delete Gear " classname="ca.mcgill.ecse.biketourplus.features.CucumberFeaturesTestRunner" time="0.053"/>
  <testcase name="Delete a guide successfully #1(Delete Guide " classname="ca.mcgill.ecse.biketourplus.features.CucumberFeaturesTestRunner" time="0.059"/>
  <testcase name="Delete a guide successfully #2(Delete Guide " classname="ca.mcgill.ecse.biketourplus.features.CucumberFeaturesTestRunner" time="0.036"/>
  <testcase name="Delete a guide successfully #3(Delete Guide " classname="ca.mcgill.ecse.biketourplus.features.CucumberFeaturesTestRunner" time="0.038"/>
  <testcase name="Delete a guide successfully #4(Delete Guide " classname="ca.mcgill.ecse.biketourplus.features.CucumberFeaturesTestRunner" time="0.036"/>
  <testcase name="Successfully delete a guide that does not exist but participant exists #1(Delete Guide " classname="ca.mcgill.ecse.biketourplus.features.CucumberFeaturesTestRunner" time="0.04"/>
  <testcase name="Successfully delete a guide that does not exist but participant exists #2(Delete Guide " classname="ca.mcgill.ecse.biketourplus.features.CucumberFeaturesTestRunner" time="0.046"/>
  <testcase name="Successfully delete a guide that does not exist but manager exists(Delete Guide " classname="ca.mcgill.ecse.biketourplus.features.CucumberFeaturesTestRunner" time="0.053"/>
  <testcase name="Delete a participant successfully #1(Delete Participant " classname="ca.mcgill.ecse.biketourplus.features.CucumberFeaturesTestRunner" time="0.065"/>
  <testcase name="Delete a participant successfully #2(Delete Participant " classname="ca.mcgill.ecse.biketourplus.features.CucumberFeaturesTestRunner" time="0.064"/>
  <testcase name="Delete a participant successfully #3(Delete Participant " classname="ca.mcgill.ecse.biketourplus.features.CucumberFeaturesTestRunner" time="0.047"/>
  <testcase name="Successfully delete a participant that does not exist but guide exists #1(Delete Participant " classname="ca.mcgill.ecse.biketourplus.features.CucumberFeaturesTestRunner" time="0.04"/>
  <testcase name="Successfully delete a participant that does not exist but guide exists #2(Delete Participant " classname="ca.mcgill.ecse.biketourplus.features.CucumberFeaturesTestRunner" time="0.035"/>
  <testcase name="Successfully delete a participant that does not exist but manager exists(Delete Participant " classname="ca.mcgill.ecse.biketourplus.features.CucumberFeaturesTestRunner" time="0.019"/>
  <testcase name="Successfully delete a participant that has requested a piece of gear or combo #1(Delete Participant " classname="ca.mcgill.ecse.biketourplus.features.CucumberFeaturesTestRunner" time="0.022"/>
  <testcase name="Successfully delete a participant that has requested a piece of gear or combo #2(Delete Participant " classname="ca.mcgill.ecse.biketourplus.features.CucumberFeaturesTestRunner" time="0.024"/>
  <testcase name="Successfully delete a participant that has requested a piece of gear or combo #3(Delete Participant " classname="ca.mcgill.ecse.biketourplus.features.CucumberFeaturesTestRunner" time="0.026"/>
  <testcase name="Successfully delete a participant that has requested a piece of gear or combo #4(Delete Participant " classname="ca.mcgill.ecse.biketourplus.features.CucumberFeaturesTestRunner" time="0.036"/>
  <testcase name="Successfully pay for participant #1" classname="ca.mcgill.ecse.biketourplus.features.CucumberFeaturesTestRunner" time="0.063"/>
  <testcase name="Successfully pay for participant #2" classname="ca.mcgill.ecse.biketourplus.features.CucumberFeaturesTestRunner" time="0.042"/>
  <testcase name="Unsuccessfully pay for participant with an email address that does not exist #1" classname="ca.mcgill.ecse.biketourplus.features.CucumberFeaturesTestRunner" time="0.068"/>
  <testcase name="Unsuccessfully pay for participant with an email address that does not exist #2" classname="ca.mcgill.ecse.biketourplus.features.CucumberFeaturesTestRunner" time="0.051"/>
  <testcase name="Unsuccessfully pay for participant with an invalid authorization code #1" classname="ca.mcgill.ecse.biketourplus.features.CucumberFeaturesTestRunner" time="0.067"/>
  <testcase name="Unsuccessfully pay for participant with an invalid authorization code #2" classname="ca.mcgill.ecse.biketourplus.features.CucumberFeaturesTestRunner" time="0.029"/>
  <testcase name="Unsuccessfully pay for participant who has not been assigned to their tour" classname="ca.mcgill.ecse.biketourplus.features.CucumberFeaturesTestRunner" time="0.036"/>
  <testcase name="Unsuccessfully pay for participant who has paid" classname="ca.mcgill.ecse.biketourplus.features.CucumberFeaturesTestRunner" time="0.056"/>
  <testcase name="Unsuccessfully pay for participant who has started their tour" classname="ca.mcgill.ecse.biketourplus.features.CucumberFeaturesTestRunner" time="0.039"/>
  <testcase name="Unsuccessfully pay for a banned participant" classname="ca.mcgill.ecse.biketourplus.features.CucumberFeaturesTestRunner" time="0.044"/>
  <testcase name="Unsuccessfully pay for participant who has cancelled their tour" classname="ca.mcgill.ecse.biketourplus.features.CucumberFeaturesTestRunner" time="0.046"/>
  <testcase name="Unsuccessfully pay for participant who has finished their tour" classname="ca.mcgill.ecse.biketourplus.features.CucumberFeaturesTestRunner" time="0.043"/>
  <testcase name="Manager starts tours successfully" classname="ca.mcgill.ecse.biketourplus.features.CucumberFeaturesTestRunner" time="0.057"/>
  <testcase name="Unsuccessfully start a tour for a participant who has not been assigned to their tour" classname="ca.mcgill.ecse.biketourplus.features.CucumberFeaturesTestRunner" time="0.061"/>
  <testcase name="Unsuccessfully start a tour for a participant who has started their tour" classname="ca.mcgill.ecse.biketourplus.features.CucumberFeaturesTestRunner" time="0.05"/>
  <testcase name="Unsuccessfully start a tour for a banned participant" classname="ca.mcgill.ecse.biketourplus.features.CucumberFeaturesTestRunner" time="0.048"/>
  <testcase name="Unsuccessfully start a tour for a participant who has cancelled their tour" classname="ca.mcgill.ecse.biketourplus.features.CucumberFeaturesTestRunner" time="0.065"/>
  <testcase name="Unsuccessfully start a tour for a participant who has finished their tour" classname="ca.mcgill.ecse.biketourplus.features.CucumberFeaturesTestRunner" time="0.061"/>
  <testcase name="Successfully finish tour for participant #1" classname="ca.mcgill.ecse.biketourplus.features.CucumberFeaturesTestRunner" time="0.058"/>
  <testcase name="Successfully finish tour for participant #2" classname="ca.mcgill.ecse.biketourplus.features.CucumberFeaturesTestRunner" time="0.059"/>
  <testcase name="Unsuccessfully finish tour for participant with an email address that does not exist" classname="ca.mcgill.ecse.biketourplus.features.CucumberFeaturesTestRunner" time="0.065"/>
  <testcase name="Unsuccessfully finish a tour for participant who has not been assigned to their tour" classname="ca.mcgill.ecse.biketourplus.features.CucumberFeaturesTestRunner" time="0.059"/>
  <testcase name="Unsuccessfully finish a tour for participant who has been assigned to their tour" classname="ca.mcgill.ecse.biketourplus.features.CucumberFeaturesTestRunner" time="0.053"/>
  <testcase name="Unsuccessfully finish a tour for participant who has paid" classname="ca.mcgill.ecse.biketourplus.features.CucumberFeaturesTestRunner" time="0.058"/>
  <testcase name="Unsuccessfully finish a tour for a banned participant" classname="ca.mcgill.ecse.biketourplus.features.CucumberFeaturesTestRunner" time="0.064"/>
  <testcase name="Unsuccessfully finish a tour for participant who has cancelled their tour" classname="ca.mcgill.ecse.biketourplus.features.CucumberFeaturesTestRunner" time="0.069"/>
  <testcase name="Unsuccessfully finish a tour for participant who has finished their tour" classname="ca.mcgill.ecse.biketourplus.features.CucumberFeaturesTestRunner" time="0.072"/>
  <testcase name="Successfully cancel tour for participant who has not been assigned to their tour" classname="ca.mcgill.ecse.biketourplus.features.CucumberFeaturesTestRunner" time="0.032"/>
  <testcase name="Successfully cancel tour for participant who has been assigned to their tour #1" classname="ca.mcgill.ecse.biketourplus.features.CucumberFeaturesTestRunner" time="0.032"/>
  <testcase name="Successfully cancel tour for participant who has been assigned to their tour #2" classname="ca.mcgill.ecse.biketourplus.features.CucumberFeaturesTestRunner" time="0.03"/>
  <testcase name="Successfully cancel tour for participant who has paid #1" classname="ca.mcgill.ecse.biketourplus.features.CucumberFeaturesTestRunner" time="0.024"/>
  <testcase name="Successfully cancel tour for participant who has paid #2" classname="ca.mcgill.ecse.biketourplus.features.CucumberFeaturesTestRunner" time="0.028"/>
  <testcase name="Successfully cancel tour for participant who has started their tour #1" classname="ca.mcgill.ecse.biketourplus.features.CucumberFeaturesTestRunner" time="0.04"/>
  <testcase name="Successfully cancel tour for participant who has started their tour #2" classname="ca.mcgill.ecse.biketourplus.features.CucumberFeaturesTestRunner" time="0.035"/>
  <testcase name="Unsuccessfully cancel tour for participant with an email address that does not exist #1" classname="ca.mcgill.ecse.biketourplus.features.CucumberFeaturesTestRunner" time="0.035"/>
  <testcase name="Unsuccessfully cancel tour for participant with an email address that does not exist #2" classname="ca.mcgill.ecse.biketourplus.features.CucumberFeaturesTestRunner" time="0.036"/>
  <testcase name="Unsuccessfully cancel a tour for a banned participant" classname="ca.mcgill.ecse.biketourplus.features.CucumberFeaturesTestRunner" time="0.038"/>
  <testcase name="Unsuccessfully cancel a tour for participant who has cancelled their tour" classname="ca.mcgill.ecse.biketourplus.features.CucumberFeaturesTestRunner" time="0.038"/>
  <testcase name="Unsuccessfully cancel a tour for participant who has finished their tour" classname="ca.mcgill.ecse.biketourplus.features.CucumberFeaturesTestRunner" time="0.031"/>
  <testcase name="Register a guide successfully #1(Register and Update Guide " classname="ca.mcgill.ecse.biketourplus.features.CucumberFeaturesTestRunner" time="0.064"/>
  <testcase name="Register a guide successfully #2(Register and Update Guide " classname="ca.mcgill.ecse.biketourplus.features.CucumberFeaturesTestRunner" time="0.052"/>
  <testcase name="Register a guide unsuccessfully #1(Register and Update Guide " classname="ca.mcgill.ecse.biketourplus.features.CucumberFeaturesTestRunner" time="0.044"/>
  <testcase name="Register a guide unsuccessfully #2(Register and Update Guide " classname="ca.mcgill.ecse.biketourplus.features.CucumberFeaturesTestRunner" time="0.054"/>
  <testcase name="Register a guide unsuccessfully #3(Register and Update Guide " classname="ca.mcgill.ecse.biketourplus.features.CucumberFeaturesTestRunner" time="0.039"/>
  <testcase name="Register a guide unsuccessfully #4(Register and Update Guide " classname="ca.mcgill.ecse.biketourplus.features.CucumberFeaturesTestRunner" time="0.033"/>
  <testcase name="Register a guide unsuccessfully #5(Register and Update Guide " classname="ca.mcgill.ecse.biketourplus.features.CucumberFeaturesTestRunner" time="0.023"/>
  <testcase name="Register a guide unsuccessfully #6(Register and Update Guide " classname="ca.mcgill.ecse.biketourplus.features.CucumberFeaturesTestRunner" time="0.023"/>
  <testcase name="Register a guide unsuccessfully #7(Register and Update Guide " classname="ca.mcgill.ecse.biketourplus.features.CucumberFeaturesTestRunner" time="0.023"/>
  <testcase name="Register a guide unsuccessfully #8(Register and Update Guide " classname="ca.mcgill.ecse.biketourplus.features.CucumberFeaturesTestRunner" time="0.024"/>
  <testcase name="Register a guide unsuccessfully #9(Register and Update Guide " classname="ca.mcgill.ecse.biketourplus.features.CucumberFeaturesTestRunner" time="0.024"/>
  <testcase name="Register a guide unsuccessfully #10(Register and Update Guide " classname="ca.mcgill.ecse.biketourplus.features.CucumberFeaturesTestRunner" time="0.032"/>
  <testcase name="Register a guide unsuccessfully #11(Register and Update Guide " classname="ca.mcgill.ecse.biketourplus.features.CucumberFeaturesTestRunner" time="0.038"/>
  <testcase name="Register a guide unsuccessfully #12(Register and Update Guide " classname="ca.mcgill.ecse.biketourplus.features.CucumberFeaturesTestRunner" time="0.028"/>
  <testcase name="Register a guide unsuccessfully #13(Register and Update Guide " classname="ca.mcgill.ecse.biketourplus.features.CucumberFeaturesTestRunner" time="0.025"/>
  <testcase name="Update a guide account successfully #1(Register and Update Guide " classname="ca.mcgill.ecse.biketourplus.features.CucumberFeaturesTestRunner" time="0.027"/>
  <testcase name="Update a guide account successfully #2(Register and Update Guide " classname="ca.mcgill.ecse.biketourplus.features.CucumberFeaturesTestRunner" time="0.023"/>
  <testcase name="Update a guide account unsuccessfully #1(Register and Update Guide " classname="ca.mcgill.ecse.biketourplus.features.CucumberFeaturesTestRunner" time="0.039"/>
  <testcase name="Update a guide account unsuccessfully #2(Register and Update Guide " classname="ca.mcgill.ecse.biketourplus.features.CucumberFeaturesTestRunner" time="0.038"/>
  <testcase name="Update a guide account unsuccessfully #3(Register and Update Guide " classname="ca.mcgill.ecse.biketourplus.features.CucumberFeaturesTestRunner" time="0.027"/>
  <testcase name="Unsuccessfully update a guide account that does not exist(Register and Update Guide " classname="ca.mcgill.ecse.biketourplus.features.CucumberFeaturesTestRunner" time="0.029"/>
  <testcase name="Register a participant successfully #1(Register and Update Participant " classname="ca.mcgill.ecse.biketourplus.features.CucumberFeaturesTestRunner" time="0.041"/>
  <testcase name="Register a participant successfully #2(Register and Update Participant " classname="ca.mcgill.ecse.biketourplus.features.CucumberFeaturesTestRunner" time="0.029"/>
  <testcase name="Register a participant unsuccessfully #1(Register and Update Participant " classname="ca.mcgill.ecse.biketourplus.features.CucumberFeaturesTestRunner" time="0.026"/>
  <testcase name="Register a participant unsuccessfully #2(Register and Update Participant " classname="ca.mcgill.ecse.biketourplus.features.CucumberFeaturesTestRunner" time="0.041"/>
  <testcase name="Register a participant unsuccessfully #3(Register and Update Participant " classname="ca.mcgill.ecse.biketourplus.features.CucumberFeaturesTestRunner" time="0.034"/>
  <testcase name="Register a participant unsuccessfully #4(Register and Update Participant " classname="ca.mcgill.ecse.biketourplus.features.CucumberFeaturesTestRunner" time="0.051"/>
  <testcase name="Register a participant unsuccessfully #5(Register and Update Participant " classname="ca.mcgill.ecse.biketourplus.features.CucumberFeaturesTestRunner" time="0.045"/>
  <testcase name="Register a participant unsuccessfully #6(Register and Update Participant " classname="ca.mcgill.ecse.biketourplus.features.CucumberFeaturesTestRunner" time="0.041"/>
  <testcase name="Register a participant unsuccessfully #7(Register and Update Participant " classname="ca.mcgill.ecse.biketourplus.features.CucumberFeaturesTestRunner" time="0.045"/>
  <testcase name="Register a participant unsuccessfully #8(Register and Update Participant " classname="ca.mcgill.ecse.biketourplus.features.CucumberFeaturesTestRunner" time="0.039"/>
  <testcase name="Register a participant unsuccessfully #9(Register and Update Participant " classname="ca.mcgill.ecse.biketourplus.features.CucumberFeaturesTestRunner" time="0.047"/>
  <testcase name="Register a participant unsuccessfully #10(Register and Update Participant " classname="ca.mcgill.ecse.biketourplus.features.CucumberFeaturesTestRunner" time="0.045"/>
  <testcase name="Register a participant unsuccessfully #11(Register and Update Participant " classname="ca.mcgill.ecse.biketourplus.features.CucumberFeaturesTestRunner" time="0.038"/>
  <testcase name="Register a participant unsuccessfully #12(Register and Update Participant " classname="ca.mcgill.ecse.biketourplus.features.CucumberFeaturesTestRunner" time="0.041"/>
  <testcase name="Register a participant unsuccessfully #13(Register and Update Participant " classname="ca.mcgill.ecse.biketourplus.features.CucumberFeaturesTestRunner" time="0.041"/>
  <testcase name="Register a participant unsuccessfully #14(Register and Update Participant " classname="ca.mcgill.ecse.biketourplus.features.CucumberFeaturesTestRunner" time="0.038"/>
  <testcase name="Register a participant unsuccessfully #15(Register and Update Participant " classname="ca.mcgill.ecse.biketourplus.features.CucumberFeaturesTestRunner" time="0.039"/>
  <testcase name="Register a participant unsuccessfully #16(Register and Update Participant " classname="ca.mcgill.ecse.biketourplus.features.CucumberFeaturesTestRunner" time="0.054"/>
  <testcase name="Register a participant unsuccessfully #17(Register and Update Participant " classname="ca.mcgill.ecse.biketourplus.features.CucumberFeaturesTestRunner" time="0.048"/>
  <testcase name="Register a participant unsuccessfully #18(Register and Update Participant " classname="ca.mcgill.ecse.biketourplus.features.CucumberFeaturesTestRunner" time="0.042"/>
  <testcase name="Register a participant unsuccessfully #19(Register and Update Participant " classname="ca.mcgill.ecse.biketourplus.features.CucumberFeaturesTestRunner" time="0.054"/>
  <testcase name="Register a participant unsuccessfully #20(Register and Update Participant " classname="ca.mcgill.ecse.biketourplus.features.CucumberFeaturesTestRunner" time="0.06"/>
  <testcase name="Register a participant unsuccessfully #21(Register and Update Participant " classname="ca.mcgill.ecse.biketourplus.features.CucumberFeaturesTestRunner" time="0.049"/>
  <testcase name="Update a participant account successfully #1(Register and Update Participant " classname="ca.mcgill.ecse.biketourplus.features.CucumberFeaturesTestRunner" time="0.06"/>
  <testcase name="Update a participant account successfully #2(Register and Update Participant " classname="ca.mcgill.ecse.biketourplus.features.CucumberFeaturesTestRunner" time="0.028"/>
  <testcase name="Update a participant account unsuccessfully #1(Register and Update Participant " classname="ca.mcgill.ecse.biketourplus.features.CucumberFeaturesTestRunner" time="0.027"/>
  <testcase name="Update a participant account unsuccessfully #2(Register and Update Participant " classname="ca.mcgill.ecse.biketourplus.features.CucumberFeaturesTestRunner" time="0.034"/>
  <testcase name="Update a participant account unsuccessfully #3(Register and Update Participant " classname="ca.mcgill.ecse.biketourplus.features.CucumberFeaturesTestRunner" time="0.058"/>
  <testcase name="Update a participant account unsuccessfully #4(Register and Update Participant " classname="ca.mcgill.ecse.biketourplus.features.CucumberFeaturesTestRunner" time="0.053"/>
  <testcase name="Update a participant account unsuccessfully #5(Register and Update Participant " classname="ca.mcgill.ecse.biketourplus.features.CucumberFeaturesTestRunner" time="0.053"/>
  <testcase name="Update a participant account unsuccessfully #6(Register and Update Participant " classname="ca.mcgill.ecse.biketourplus.features.CucumberFeaturesTestRunner" time="0.046"/>
  <testcase name="Update a participant account unsuccessfully #7(Register and Update Participant " classname="ca.mcgill.ecse.biketourplus.features.CucumberFeaturesTestRunner" time="0.065"/>
  <testcase name="Update a participant account unsuccessfully #8(Register and Update Participant " classname="ca.mcgill.ecse.biketourplus.features.CucumberFeaturesTestRunner" time="0.038"/>
  <testcase name="Update a participant account unsuccessfully #9(Register and Update Participant " classname="ca.mcgill.ecse.biketourplus.features.CucumberFeaturesTestRunner" time="0.023"/>
  <testcase name="Update a participant account unsuccessfully #10(Register and Update Participant " classname="ca.mcgill.ecse.biketourplus.features.CucumberFeaturesTestRunner" time="0.026"/>
  <testcase name="Update a participant account unsuccessfully #11(Register and Update Participant " classname="ca.mcgill.ecse.biketourplus.features.CucumberFeaturesTestRunner" time="0.038"/>
  <testcase name="Unsuccessfully update a participant account that does not exist(Register and Update Participant " classname="ca.mcgill.ecse.biketourplus.features.CucumberFeaturesTestRunner" time="0.022"/>
  <testcase name="Update BikeTourPlus information successfully #1(Update BikeTourPlus Information " classname="ca.mcgill.ecse.biketourplus.features.CucumberFeaturesTestRunner" time="0.022"/>
  <testcase name="Update BikeTourPlus information successfully #2(Update BikeTourPlus Information " classname="ca.mcgill.ecse.biketourplus.features.CucumberFeaturesTestRunner" time="0.028"/>
  <testcase name="Update BikeTourPlus information successfully #3(Update BikeTourPlus Information " classname="ca.mcgill.ecse.biketourplus.features.CucumberFeaturesTestRunner" time="0.031"/>
  <testcase name="Update BikeTourPlus information unsuccessfully #1(Update BikeTourPlus Information " classname="ca.mcgill.ecse.biketourplus.features.CucumberFeaturesTestRunner" time="0.042"/>
  <testcase name="Update BikeTourPlus information unsuccessfully #2(Update BikeTourPlus Information " classname="ca.mcgill.ecse.biketourplus.features.CucumberFeaturesTestRunner" time="0.042"/>
  <testcase name="Update BikeTourPlus information unsuccessfully #3(Update BikeTourPlus Information " classname="ca.mcgill.ecse.biketourplus.features.CucumberFeaturesTestRunner" time="0.033"/>
  <testcase name="Update the manager successfully #1(Update Manager " classname="ca.mcgill.ecse.biketourplus.features.CucumberFeaturesTestRunner" time="0.036"/>
  <testcase name="Update the manager successfully #2(Update Manager " classname="ca.mcgill.ecse.biketourplus.features.CucumberFeaturesTestRunner" time="0.031"/>
  <testcase name="Update the manager successfully #3(Update Manager " classname="ca.mcgill.ecse.biketourplus.features.CucumberFeaturesTestRunner" time="0.043"/>
  <testcase name="Update a manager unsuccessfully #1(Update Manager " classname="ca.mcgill.ecse.biketourplus.features.CucumberFeaturesTestRunner" time="0.045"/>
  <testcase name="Update a manager unsuccessfully #2(Update Manager " classname="ca.mcgill.ecse.biketourplus.features.CucumberFeaturesTestRunner" time="0.045"/>
  <testcase name="Update a manager unsuccessfully #3(Update Manager " classname="ca.mcgill.ecse.biketourplus.features.CucumberFeaturesTestRunner" time="0.038"/>
  <testcase name="Update a manager unsuccessfully #4(Update Manager " classname="ca.mcgill.ecse.biketourplus.features.CucumberFeaturesTestRunner" time="0.028"/>
  <testcase name="Update a manager unsuccessfully #5(Update Manager " classname="ca.mcgill.ecse.biketourplus.features.CucumberFeaturesTestRunner" time="0.042"/>
  <testcase name="Successfully view bike tour 1(View Bike Tour" classname="ca.mcgill.ecse.biketourplus.features.CucumberFeaturesTestRunner" time="0.057"/>
  <testcase name="Successfully view bike tour 2(View Bike Tour" classname="ca.mcgill.ecse.biketourplus.features.CucumberFeaturesTestRunner" time="0.048"/>
>>>>>>> d4b4bca9468a8a36e85c47ec29e953b9e2418674
  <system-out><![CDATA[
Scenario Outline: Add a piece of gear or combo to a participant successfully                                                             ?[90m# src/test/resources/AddAndRemoveGearAndComboForParticipant.feature:44?[0m
  ?[32mGiven ?[0m?[32mthe following BikeTourPlus system exists: (p10)?[0m                                                                                  ?[90m# ca.mcgill.ecse.biketourplus.features.AddAndRemoveGearAndComboForParticipantStepDefinitions.the_following_bike_tour_plus_system_exists_p10(io.cucumber.datatable.DataTable)?[0m
  ?[32mGiven ?[0m?[32mthe following pieces of gear exist in the system: (p10)?[0m                                                                          ?[90m# ca.mcgill.ecse.biketourplus.features.AddAndRemoveGearAndComboForParticipantStepDefinitions.the_following_pieces_of_gear_exist_in_the_system_p10(io.cucumber.datatable.DataTable)?[0m
  ?[32mGiven ?[0m?[32mthe following combos exist in the system: (p10)?[0m                                                                                  ?[90m# ca.mcgill.ecse.biketourplus.features.AddAndRemoveGearAndComboForParticipantStepDefinitions.the_following_combos_exist_in_the_system_p10(io.cucumber.datatable.DataTable)?[0m
  ?[32mGiven ?[0m?[32mthe following guides exist in the system: (p10)?[0m                                                                                  ?[90m# ca.mcgill.ecse.biketourplus.features.AddAndRemoveGearAndComboForParticipantStepDefinitions.the_following_guides_exist_in_the_system_p10(io.cucumber.datatable.DataTable)?[0m
  ?[32mGiven ?[0m?[32mthe following participants exist in the system: (p10)?[0m                                                                            ?[90m# ca.mcgill.ecse.biketourplus.features.AddAndRemoveGearAndComboForParticipantStepDefinitions.the_following_participants_exist_in_the_system_p10(io.cucumber.datatable.DataTable)?[0m
  ?[32mGiven ?[0m?[32mthe following participants request the following pieces of gear: (p10)?[0m                                                           ?[90m# ca.mcgill.ecse.biketourplus.features.AddAndRemoveGearAndComboForParticipantStepDefinitions.the_following_participants_request_the_following_pieces_of_gear_p10(io.cucumber.datatable.DataTable)?[0m
  ?[32mGiven ?[0m?[32mthe following participants request the following combos: (p10)?[0m                                                                   ?[90m# ca.mcgill.ecse.biketourplus.features.AddAndRemoveGearAndComboForParticipantStepDefinitions.the_following_participants_request_the_following_combos_p10(io.cucumber.datatable.DataTable)?[0m
  ?[32mWhen ?[0m?[32mthe manager attempts to add a piece of gear or combo with name ?[0m?[32m?[1m"bike bag"?[0m?[32m to the participant with email ?[0m?[32m?[1m"peter@email.com"?[0m?[32m (p10)?[0m   ?[90m# ca.mcgill.ecse.biketourplus.features.AddAndRemoveGearAndComboForParticipantStepDefinitions.the_manager_attempts_to_add_a_piece_of_gear_or_combo_with_name_to_the_participant_with_email_p10(java.lang.String,java.lang.String)?[0m
  ?[32mThen ?[0m?[32ma piece of gear or combo shall exist with name ?[0m?[32m?[1m"bike bag"?[0m?[32m and quantity ?[0m?[32m?[1m"3"?[0m?[32m for the participant with email ?[0m?[32m?[1m"peter@email.com"?[0m?[32m (p10)?[0m ?[90m# ca.mcgill.ecse.biketourplus.features.AddAndRemoveGearAndComboForParticipantStepDefinitions.a_piece_of_gear_or_combo_shall_exist_with_name_and_quantity_for_the_participant_with_email_p10(java.lang.String,java.lang.String,java.lang.String)?[0m
  ?[32mThen ?[0m?[32mthe number of pieces of gear or combos for the participant with email ?[0m?[32m?[1m"peter@email.com"?[0m?[32m shall be ?[0m?[32m?[1m"3"?[0m?[32m (p10)?[0m                        ?[90m# ca.mcgill.ecse.biketourplus.features.AddAndRemoveGearAndComboForParticipantStepDefinitions.the_number_of_pieces_of_gear_or_combos_for_the_participant_with_email_shall_be_p10(java.lang.String,java.lang.String)?[0m
  ?[32mThen ?[0m?[32mthe number of participants shall be ?[0m?[32m?[1m"3"?[0m?[32m (p10)?[0m                                                                                     ?[90m# ca.mcgill.ecse.biketourplus.features.AddAndRemoveGearAndComboForParticipantStepDefinitions.the_number_of_participants_shall_be_p10(java.lang.String)?[0m

Scenario Outline: Add a piece of gear or combo to a participant successfully                                                             ?[90m# src/test/resources/AddAndRemoveGearAndComboForParticipant.feature:45?[0m
  ?[32mGiven ?[0m?[32mthe following BikeTourPlus system exists: (p10)?[0m                                                                                  ?[90m# ca.mcgill.ecse.biketourplus.features.AddAndRemoveGearAndComboForParticipantStepDefinitions.the_following_bike_tour_plus_system_exists_p10(io.cucumber.datatable.DataTable)?[0m
  ?[32mGiven ?[0m?[32mthe following pieces of gear exist in the system: (p10)?[0m                                                                          ?[90m# ca.mcgill.ecse.biketourplus.features.AddAndRemoveGearAndComboForParticipantStepDefinitions.the_following_pieces_of_gear_exist_in_the_system_p10(io.cucumber.datatable.DataTable)?[0m
  ?[32mGiven ?[0m?[32mthe following combos exist in the system: (p10)?[0m                                                                                  ?[90m# ca.mcgill.ecse.biketourplus.features.AddAndRemoveGearAndComboForParticipantStepDefinitions.the_following_combos_exist_in_the_system_p10(io.cucumber.datatable.DataTable)?[0m
  ?[32mGiven ?[0m?[32mthe following guides exist in the system: (p10)?[0m                                                                                  ?[90m# ca.mcgill.ecse.biketourplus.features.AddAndRemoveGearAndComboForParticipantStepDefinitions.the_following_guides_exist_in_the_system_p10(io.cucumber.datatable.DataTable)?[0m
  ?[32mGiven ?[0m?[32mthe following participants exist in the system: (p10)?[0m                                                                            ?[90m# ca.mcgill.ecse.biketourplus.features.AddAndRemoveGearAndComboForParticipantStepDefinitions.the_following_participants_exist_in_the_system_p10(io.cucumber.datatable.DataTable)?[0m
  ?[32mGiven ?[0m?[32mthe following participants request the following pieces of gear: (p10)?[0m                                                           ?[90m# ca.mcgill.ecse.biketourplus.features.AddAndRemoveGearAndComboForParticipantStepDefinitions.the_following_participants_request_the_following_pieces_of_gear_p10(io.cucumber.datatable.DataTable)?[0m
  ?[32mGiven ?[0m?[32mthe following participants request the following combos: (p10)?[0m                                                                   ?[90m# ca.mcgill.ecse.biketourplus.features.AddAndRemoveGearAndComboForParticipantStepDefinitions.the_following_participants_request_the_following_combos_p10(io.cucumber.datatable.DataTable)?[0m
  ?[32mWhen ?[0m?[32mthe manager attempts to add a piece of gear or combo with name ?[0m?[32m?[1m"bike bag"?[0m?[32m to the participant with email ?[0m?[32m?[1m"tyler@email.com"?[0m?[32m (p10)?[0m   ?[90m# ca.mcgill.ecse.biketourplus.features.AddAndRemoveGearAndComboForParticipantStepDefinitions.the_manager_attempts_to_add_a_piece_of_gear_or_combo_with_name_to_the_participant_with_email_p10(java.lang.String,java.lang.String)?[0m
  ?[32mThen ?[0m?[32ma piece of gear or combo shall exist with name ?[0m?[32m?[1m"bike bag"?[0m?[32m and quantity ?[0m?[32m?[1m"1"?[0m?[32m for the participant with email ?[0m?[32m?[1m"tyler@email.com"?[0m?[32m (p10)?[0m ?[90m# ca.mcgill.ecse.biketourplus.features.AddAndRemoveGearAndComboForParticipantStepDefinitions.a_piece_of_gear_or_combo_shall_exist_with_name_and_quantity_for_the_participant_with_email_p10(java.lang.String,java.lang.String,java.lang.String)?[0m
  ?[32mThen ?[0m?[32mthe number of pieces of gear or combos for the participant with email ?[0m?[32m?[1m"tyler@email.com"?[0m?[32m shall be ?[0m?[32m?[1m"2"?[0m?[32m (p10)?[0m                        ?[90m# ca.mcgill.ecse.biketourplus.features.AddAndRemoveGearAndComboForParticipantStepDefinitions.the_number_of_pieces_of_gear_or_combos_for_the_participant_with_email_shall_be_p10(java.lang.String,java.lang.String)?[0m
  ?[32mThen ?[0m?[32mthe number of participants shall be ?[0m?[32m?[1m"3"?[0m?[32m (p10)?[0m                                                                                     ?[90m# ca.mcgill.ecse.biketourplus.features.AddAndRemoveGearAndComboForParticipantStepDefinitions.the_number_of_participants_shall_be_p10(java.lang.String)?[0m

Scenario Outline: Add a piece of gear or combo to a participant successfully                                                           ?[90m# src/test/resources/AddAndRemoveGearAndComboForParticipant.feature:46?[0m
  ?[32mGiven ?[0m?[32mthe following BikeTourPlus system exists: (p10)?[0m                                                                                ?[90m# ca.mcgill.ecse.biketourplus.features.AddAndRemoveGearAndComboForParticipantStepDefinitions.the_following_bike_tour_plus_system_exists_p10(io.cucumber.datatable.DataTable)?[0m
  ?[32mGiven ?[0m?[32mthe following pieces of gear exist in the system: (p10)?[0m                                                                        ?[90m# ca.mcgill.ecse.biketourplus.features.AddAndRemoveGearAndComboForParticipantStepDefinitions.the_following_pieces_of_gear_exist_in_the_system_p10(io.cucumber.datatable.DataTable)?[0m
  ?[32mGiven ?[0m?[32mthe following combos exist in the system: (p10)?[0m                                                                                ?[90m# ca.mcgill.ecse.biketourplus.features.AddAndRemoveGearAndComboForParticipantStepDefinitions.the_following_combos_exist_in_the_system_p10(io.cucumber.datatable.DataTable)?[0m
  ?[32mGiven ?[0m?[32mthe following guides exist in the system: (p10)?[0m                                                                                ?[90m# ca.mcgill.ecse.biketourplus.features.AddAndRemoveGearAndComboForParticipantStepDefinitions.the_following_guides_exist_in_the_system_p10(io.cucumber.datatable.DataTable)?[0m
  ?[32mGiven ?[0m?[32mthe following participants exist in the system: (p10)?[0m                                                                          ?[90m# ca.mcgill.ecse.biketourplus.features.AddAndRemoveGearAndComboForParticipantStepDefinitions.the_following_participants_exist_in_the_system_p10(io.cucumber.datatable.DataTable)?[0m
  ?[32mGiven ?[0m?[32mthe following participants request the following pieces of gear: (p10)?[0m                                                         ?[90m# ca.mcgill.ecse.biketourplus.features.AddAndRemoveGearAndComboForParticipantStepDefinitions.the_following_participants_request_the_following_pieces_of_gear_p10(io.cucumber.datatable.DataTable)?[0m
  ?[32mGiven ?[0m?[32mthe following participants request the following combos: (p10)?[0m                                                                 ?[90m# ca.mcgill.ecse.biketourplus.features.AddAndRemoveGearAndComboForParticipantStepDefinitions.the_following_participants_request_the_following_combos_p10(io.cucumber.datatable.DataTable)?[0m
  ?[32mWhen ?[0m?[32mthe manager attempts to add a piece of gear or combo with name ?[0m?[32m?[1m"e-bike"?[0m?[32m to the participant with email ?[0m?[32m?[1m"peter@email.com"?[0m?[32m (p10)?[0m   ?[90m# ca.mcgill.ecse.biketourplus.features.AddAndRemoveGearAndComboForParticipantStepDefinitions.the_manager_attempts_to_add_a_piece_of_gear_or_combo_with_name_to_the_participant_with_email_p10(java.lang.String,java.lang.String)?[0m
  ?[32mThen ?[0m?[32ma piece of gear or combo shall exist with name ?[0m?[32m?[1m"e-bike"?[0m?[32m and quantity ?[0m?[32m?[1m"1"?[0m?[32m for the participant with email ?[0m?[32m?[1m"peter@email.com"?[0m?[32m (p10)?[0m ?[90m# ca.mcgill.ecse.biketourplus.features.AddAndRemoveGearAndComboForParticipantStepDefinitions.a_piece_of_gear_or_combo_shall_exist_with_name_and_quantity_for_the_participant_with_email_p10(java.lang.String,java.lang.String,java.lang.String)?[0m
  ?[32mThen ?[0m?[32mthe number of pieces of gear or combos for the participant with email ?[0m?[32m?[1m"peter@email.com"?[0m?[32m shall be ?[0m?[32m?[1m"4"?[0m?[32m (p10)?[0m                      ?[90m# ca.mcgill.ecse.biketourplus.features.AddAndRemoveGearAndComboForParticipantStepDefinitions.the_number_of_pieces_of_gear_or_combos_for_the_participant_with_email_shall_be_p10(java.lang.String,java.lang.String)?[0m
  ?[32mThen ?[0m?[32mthe number of participants shall be ?[0m?[32m?[1m"3"?[0m?[32m (p10)?[0m                                                                                   ?[90m# ca.mcgill.ecse.biketourplus.features.AddAndRemoveGearAndComboForParticipantStepDefinitions.the_number_of_participants_shall_be_p10(java.lang.String)?[0m

Scenario Outline: Add a piece of gear or combo to a participant successfully                                                           ?[90m# src/test/resources/AddAndRemoveGearAndComboForParticipant.feature:47?[0m
  ?[32mGiven ?[0m?[32mthe following BikeTourPlus system exists: (p10)?[0m                                                                                ?[90m# ca.mcgill.ecse.biketourplus.features.AddAndRemoveGearAndComboForParticipantStepDefinitions.the_following_bike_tour_plus_system_exists_p10(io.cucumber.datatable.DataTable)?[0m
  ?[32mGiven ?[0m?[32mthe following pieces of gear exist in the system: (p10)?[0m                                                                        ?[90m# ca.mcgill.ecse.biketourplus.features.AddAndRemoveGearAndComboForParticipantStepDefinitions.the_following_pieces_of_gear_exist_in_the_system_p10(io.cucumber.datatable.DataTable)?[0m
  ?[32mGiven ?[0m?[32mthe following combos exist in the system: (p10)?[0m                                                                                ?[90m# ca.mcgill.ecse.biketourplus.features.AddAndRemoveGearAndComboForParticipantStepDefinitions.the_following_combos_exist_in_the_system_p10(io.cucumber.datatable.DataTable)?[0m
  ?[32mGiven ?[0m?[32mthe following guides exist in the system: (p10)?[0m                                                                                ?[90m# ca.mcgill.ecse.biketourplus.features.AddAndRemoveGearAndComboForParticipantStepDefinitions.the_following_guides_exist_in_the_system_p10(io.cucumber.datatable.DataTable)?[0m
  ?[32mGiven ?[0m?[32mthe following participants exist in the system: (p10)?[0m                                                                          ?[90m# ca.mcgill.ecse.biketourplus.features.AddAndRemoveGearAndComboForParticipantStepDefinitions.the_following_participants_exist_in_the_system_p10(io.cucumber.datatable.DataTable)?[0m
  ?[32mGiven ?[0m?[32mthe following participants request the following pieces of gear: (p10)?[0m                                                         ?[90m# ca.mcgill.ecse.biketourplus.features.AddAndRemoveGearAndComboForParticipantStepDefinitions.the_following_participants_request_the_following_pieces_of_gear_p10(io.cucumber.datatable.DataTable)?[0m
  ?[32mGiven ?[0m?[32mthe following participants request the following combos: (p10)?[0m                                                                 ?[90m# ca.mcgill.ecse.biketourplus.features.AddAndRemoveGearAndComboForParticipantStepDefinitions.the_following_participants_request_the_following_combos_p10(io.cucumber.datatable.DataTable)?[0m
  ?[32mWhen ?[0m?[32mthe manager attempts to add a piece of gear or combo with name ?[0m?[32m?[1m"e-bike"?[0m?[32m to the participant with email ?[0m?[32m?[1m"tyler@email.com"?[0m?[32m (p10)?[0m   ?[90m# ca.mcgill.ecse.biketourplus.features.AddAndRemoveGearAndComboForParticipantStepDefinitions.the_manager_attempts_to_add_a_piece_of_gear_or_combo_with_name_to_the_participant_with_email_p10(java.lang.String,java.lang.String)?[0m
  ?[32mThen ?[0m?[32ma piece of gear or combo shall exist with name ?[0m?[32m?[1m"e-bike"?[0m?[32m and quantity ?[0m?[32m?[1m"1"?[0m?[32m for the participant with email ?[0m?[32m?[1m"tyler@email.com"?[0m?[32m (p10)?[0m ?[90m# ca.mcgill.ecse.biketourplus.features.AddAndRemoveGearAndComboForParticipantStepDefinitions.a_piece_of_gear_or_combo_shall_exist_with_name_and_quantity_for_the_participant_with_email_p10(java.lang.String,java.lang.String,java.lang.String)?[0m
  ?[32mThen ?[0m?[32mthe number of pieces of gear or combos for the participant with email ?[0m?[32m?[1m"tyler@email.com"?[0m?[32m shall be ?[0m?[32m?[1m"2"?[0m?[32m (p10)?[0m                      ?[90m# ca.mcgill.ecse.biketourplus.features.AddAndRemoveGearAndComboForParticipantStepDefinitions.the_number_of_pieces_of_gear_or_combos_for_the_participant_with_email_shall_be_p10(java.lang.String,java.lang.String)?[0m
  ?[32mThen ?[0m?[32mthe number of participants shall be ?[0m?[32m?[1m"3"?[0m?[32m (p10)?[0m                                                                                   ?[90m# ca.mcgill.ecse.biketourplus.features.AddAndRemoveGearAndComboForParticipantStepDefinitions.the_number_of_participants_shall_be_p10(java.lang.String)?[0m

Scenario Outline: Add a piece of gear or combo to a participant successfully                                                           ?[90m# src/test/resources/AddAndRemoveGearAndComboForParticipant.feature:48?[0m
  ?[32mGiven ?[0m?[32mthe following BikeTourPlus system exists: (p10)?[0m                                                                                ?[90m# ca.mcgill.ecse.biketourplus.features.AddAndRemoveGearAndComboForParticipantStepDefinitions.the_following_bike_tour_plus_system_exists_p10(io.cucumber.datatable.DataTable)?[0m
  ?[32mGiven ?[0m?[32mthe following pieces of gear exist in the system: (p10)?[0m                                                                        ?[90m# ca.mcgill.ecse.biketourplus.features.AddAndRemoveGearAndComboForParticipantStepDefinitions.the_following_pieces_of_gear_exist_in_the_system_p10(io.cucumber.datatable.DataTable)?[0m
  ?[32mGiven ?[0m?[32mthe following combos exist in the system: (p10)?[0m                                                                                ?[90m# ca.mcgill.ecse.biketourplus.features.AddAndRemoveGearAndComboForParticipantStepDefinitions.the_following_combos_exist_in_the_system_p10(io.cucumber.datatable.DataTable)?[0m
  ?[32mGiven ?[0m?[32mthe following guides exist in the system: (p10)?[0m                                                                                ?[90m# ca.mcgill.ecse.biketourplus.features.AddAndRemoveGearAndComboForParticipantStepDefinitions.the_following_guides_exist_in_the_system_p10(io.cucumber.datatable.DataTable)?[0m
  ?[32mGiven ?[0m?[32mthe following participants exist in the system: (p10)?[0m                                                                          ?[90m# ca.mcgill.ecse.biketourplus.features.AddAndRemoveGearAndComboForParticipantStepDefinitions.the_following_participants_exist_in_the_system_p10(io.cucumber.datatable.DataTable)?[0m
  ?[32mGiven ?[0m?[32mthe following participants request the following pieces of gear: (p10)?[0m                                                         ?[90m# ca.mcgill.ecse.biketourplus.features.AddAndRemoveGearAndComboForParticipantStepDefinitions.the_following_participants_request_the_following_pieces_of_gear_p10(io.cucumber.datatable.DataTable)?[0m
  ?[32mGiven ?[0m?[32mthe following participants request the following combos: (p10)?[0m                                                                 ?[90m# ca.mcgill.ecse.biketourplus.features.AddAndRemoveGearAndComboForParticipantStepDefinitions.the_following_participants_request_the_following_combos_p10(io.cucumber.datatable.DataTable)?[0m
  ?[32mWhen ?[0m?[32mthe manager attempts to add a piece of gear or combo with name ?[0m?[32m?[1m"helmet"?[0m?[32m to the participant with email ?[0m?[32m?[1m"peter@email.com"?[0m?[32m (p10)?[0m   ?[90m# ca.mcgill.ecse.biketourplus.features.AddAndRemoveGearAndComboForParticipantStepDefinitions.the_manager_attempts_to_add_a_piece_of_gear_or_combo_with_name_to_the_participant_with_email_p10(java.lang.String,java.lang.String)?[0m
  ?[32mThen ?[0m?[32ma piece of gear or combo shall exist with name ?[0m?[32m?[1m"helmet"?[0m?[32m and quantity ?[0m?[32m?[1m"2"?[0m?[32m for the participant with email ?[0m?[32m?[1m"peter@email.com"?[0m?[32m (p10)?[0m ?[90m# ca.mcgill.ecse.biketourplus.features.AddAndRemoveGearAndComboForParticipantStepDefinitions.a_piece_of_gear_or_combo_shall_exist_with_name_and_quantity_for_the_participant_with_email_p10(java.lang.String,java.lang.String,java.lang.String)?[0m
  ?[32mThen ?[0m?[32mthe number of pieces of gear or combos for the participant with email ?[0m?[32m?[1m"peter@email.com"?[0m?[32m shall be ?[0m?[32m?[1m"3"?[0m?[32m (p10)?[0m                      ?[90m# ca.mcgill.ecse.biketourplus.features.AddAndRemoveGearAndComboForParticipantStepDefinitions.the_number_of_pieces_of_gear_or_combos_for_the_participant_with_email_shall_be_p10(java.lang.String,java.lang.String)?[0m
  ?[32mThen ?[0m?[32mthe number of participants shall be ?[0m?[32m?[1m"3"?[0m?[32m (p10)?[0m                                                                                   ?[90m# ca.mcgill.ecse.biketourplus.features.AddAndRemoveGearAndComboForParticipantStepDefinitions.the_number_of_participants_shall_be_p10(java.lang.String)?[0m

Scenario Outline: Add a piece of gear or combo to a participant successfully                                                           ?[90m# src/test/resources/AddAndRemoveGearAndComboForParticipant.feature:49?[0m
  ?[32mGiven ?[0m?[32mthe following BikeTourPlus system exists: (p10)?[0m                                                                                ?[90m# ca.mcgill.ecse.biketourplus.features.AddAndRemoveGearAndComboForParticipantStepDefinitions.the_following_bike_tour_plus_system_exists_p10(io.cucumber.datatable.DataTable)?[0m
  ?[32mGiven ?[0m?[32mthe following pieces of gear exist in the system: (p10)?[0m                                                                        ?[90m# ca.mcgill.ecse.biketourplus.features.AddAndRemoveGearAndComboForParticipantStepDefinitions.the_following_pieces_of_gear_exist_in_the_system_p10(io.cucumber.datatable.DataTable)?[0m
  ?[32mGiven ?[0m?[32mthe following combos exist in the system: (p10)?[0m                                                                                ?[90m# ca.mcgill.ecse.biketourplus.features.AddAndRemoveGearAndComboForParticipantStepDefinitions.the_following_combos_exist_in_the_system_p10(io.cucumber.datatable.DataTable)?[0m
  ?[32mGiven ?[0m?[32mthe following guides exist in the system: (p10)?[0m                                                                                ?[90m# ca.mcgill.ecse.biketourplus.features.AddAndRemoveGearAndComboForParticipantStepDefinitions.the_following_guides_exist_in_the_system_p10(io.cucumber.datatable.DataTable)?[0m
  ?[32mGiven ?[0m?[32mthe following participants exist in the system: (p10)?[0m                                                                          ?[90m# ca.mcgill.ecse.biketourplus.features.AddAndRemoveGearAndComboForParticipantStepDefinitions.the_following_participants_exist_in_the_system_p10(io.cucumber.datatable.DataTable)?[0m
  ?[32mGiven ?[0m?[32mthe following participants request the following pieces of gear: (p10)?[0m                                                         ?[90m# ca.mcgill.ecse.biketourplus.features.AddAndRemoveGearAndComboForParticipantStepDefinitions.the_following_participants_request_the_following_pieces_of_gear_p10(io.cucumber.datatable.DataTable)?[0m
  ?[32mGiven ?[0m?[32mthe following participants request the following combos: (p10)?[0m                                                                 ?[90m# ca.mcgill.ecse.biketourplus.features.AddAndRemoveGearAndComboForParticipantStepDefinitions.the_following_participants_request_the_following_combos_p10(io.cucumber.datatable.DataTable)?[0m
  ?[32mWhen ?[0m?[32mthe manager attempts to add a piece of gear or combo with name ?[0m?[32m?[1m"helmet"?[0m?[32m to the participant with email ?[0m?[32m?[1m"tyler@email.com"?[0m?[32m (p10)?[0m   ?[90m# ca.mcgill.ecse.biketourplus.features.AddAndRemoveGearAndComboForParticipantStepDefinitions.the_manager_attempts_to_add_a_piece_of_gear_or_combo_with_name_to_the_participant_with_email_p10(java.lang.String,java.lang.String)?[0m
  ?[32mThen ?[0m?[32ma piece of gear or combo shall exist with name ?[0m?[32m?[1m"helmet"?[0m?[32m and quantity ?[0m?[32m?[1m"1"?[0m?[32m for the participant with email ?[0m?[32m?[1m"tyler@email.com"?[0m?[32m (p10)?[0m ?[90m# ca.mcgill.ecse.biketourplus.features.AddAndRemoveGearAndComboForParticipantStepDefinitions.a_piece_of_gear_or_combo_shall_exist_with_name_and_quantity_for_the_participant_with_email_p10(java.lang.String,java.lang.String,java.lang.String)?[0m
  ?[32mThen ?[0m?[32mthe number of pieces of gear or combos for the participant with email ?[0m?[32m?[1m"tyler@email.com"?[0m?[32m shall be ?[0m?[32m?[1m"2"?[0m?[32m (p10)?[0m                      ?[90m# ca.mcgill.ecse.biketourplus.features.AddAndRemoveGearAndComboForParticipantStepDefinitions.the_number_of_pieces_of_gear_or_combos_for_the_participant_with_email_shall_be_p10(java.lang.String,java.lang.String)?[0m
  ?[32mThen ?[0m?[32mthe number of participants shall be ?[0m?[32m?[1m"3"?[0m?[32m (p10)?[0m                                                                                   ?[90m# ca.mcgill.ecse.biketourplus.features.AddAndRemoveGearAndComboForParticipantStepDefinitions.the_number_of_participants_shall_be_p10(java.lang.String)?[0m

Scenario Outline: Add a piece of gear or combo to a participant successfully                                                                ?[90m# src/test/resources/AddAndRemoveGearAndComboForParticipant.feature:50?[0m
  ?[32mGiven ?[0m?[32mthe following BikeTourPlus system exists: (p10)?[0m                                                                                     ?[90m# ca.mcgill.ecse.biketourplus.features.AddAndRemoveGearAndComboForParticipantStepDefinitions.the_following_bike_tour_plus_system_exists_p10(io.cucumber.datatable.DataTable)?[0m
  ?[32mGiven ?[0m?[32mthe following pieces of gear exist in the system: (p10)?[0m                                                                             ?[90m# ca.mcgill.ecse.biketourplus.features.AddAndRemoveGearAndComboForParticipantStepDefinitions.the_following_pieces_of_gear_exist_in_the_system_p10(io.cucumber.datatable.DataTable)?[0m
  ?[32mGiven ?[0m?[32mthe following combos exist in the system: (p10)?[0m                                                                                     ?[90m# ca.mcgill.ecse.biketourplus.features.AddAndRemoveGearAndComboForParticipantStepDefinitions.the_following_combos_exist_in_the_system_p10(io.cucumber.datatable.DataTable)?[0m
  ?[32mGiven ?[0m?[32mthe following guides exist in the system: (p10)?[0m                                                                                     ?[90m# ca.mcgill.ecse.biketourplus.features.AddAndRemoveGearAndComboForParticipantStepDefinitions.the_following_guides_exist_in_the_system_p10(io.cucumber.datatable.DataTable)?[0m
  ?[32mGiven ?[0m?[32mthe following participants exist in the system: (p10)?[0m                                                                               ?[90m# ca.mcgill.ecse.biketourplus.features.AddAndRemoveGearAndComboForParticipantStepDefinitions.the_following_participants_exist_in_the_system_p10(io.cucumber.datatable.DataTable)?[0m
  ?[32mGiven ?[0m?[32mthe following participants request the following pieces of gear: (p10)?[0m                                                              ?[90m# ca.mcgill.ecse.biketourplus.features.AddAndRemoveGearAndComboForParticipantStepDefinitions.the_following_participants_request_the_following_pieces_of_gear_p10(io.cucumber.datatable.DataTable)?[0m
  ?[32mGiven ?[0m?[32mthe following participants request the following combos: (p10)?[0m                                                                      ?[90m# ca.mcgill.ecse.biketourplus.features.AddAndRemoveGearAndComboForParticipantStepDefinitions.the_following_participants_request_the_following_combos_p10(io.cucumber.datatable.DataTable)?[0m
  ?[32mWhen ?[0m?[32mthe manager attempts to add a piece of gear or combo with name ?[0m?[32m?[1m"small combo"?[0m?[32m to the participant with email ?[0m?[32m?[1m"peter@email.com"?[0m?[32m (p10)?[0m   ?[90m# ca.mcgill.ecse.biketourplus.features.AddAndRemoveGearAndComboForParticipantStepDefinitions.the_manager_attempts_to_add_a_piece_of_gear_or_combo_with_name_to_the_participant_with_email_p10(java.lang.String,java.lang.String)?[0m
  ?[32mThen ?[0m?[32ma piece of gear or combo shall exist with name ?[0m?[32m?[1m"small combo"?[0m?[32m and quantity ?[0m?[32m?[1m"2"?[0m?[32m for the participant with email ?[0m?[32m?[1m"peter@email.com"?[0m?[32m (p10)?[0m ?[90m# ca.mcgill.ecse.biketourplus.features.AddAndRemoveGearAndComboForParticipantStepDefinitions.a_piece_of_gear_or_combo_shall_exist_with_name_and_quantity_for_the_participant_with_email_p10(java.lang.String,java.lang.String,java.lang.String)?[0m
  ?[32mThen ?[0m?[32mthe number of pieces of gear or combos for the participant with email ?[0m?[32m?[1m"peter@email.com"?[0m?[32m shall be ?[0m?[32m?[1m"3"?[0m?[32m (p10)?[0m                           ?[90m# ca.mcgill.ecse.biketourplus.features.AddAndRemoveGearAndComboForParticipantStepDefinitions.the_number_of_pieces_of_gear_or_combos_for_the_participant_with_email_shall_be_p10(java.lang.String,java.lang.String)?[0m
  ?[32mThen ?[0m?[32mthe number of participants shall be ?[0m?[32m?[1m"3"?[0m?[32m (p10)?[0m                                                                                        ?[90m# ca.mcgill.ecse.biketourplus.features.AddAndRemoveGearAndComboForParticipantStepDefinitions.the_number_of_participants_shall_be_p10(java.lang.String)?[0m

Scenario Outline: Add a piece of gear or combo to a participant successfully                                                                ?[90m# src/test/resources/AddAndRemoveGearAndComboForParticipant.feature:51?[0m
  ?[32mGiven ?[0m?[32mthe following BikeTourPlus system exists: (p10)?[0m                                                                                     ?[90m# ca.mcgill.ecse.biketourplus.features.AddAndRemoveGearAndComboForParticipantStepDefinitions.the_following_bike_tour_plus_system_exists_p10(io.cucumber.datatable.DataTable)?[0m
  ?[32mGiven ?[0m?[32mthe following pieces of gear exist in the system: (p10)?[0m                                                                             ?[90m# ca.mcgill.ecse.biketourplus.features.AddAndRemoveGearAndComboForParticipantStepDefinitions.the_following_pieces_of_gear_exist_in_the_system_p10(io.cucumber.datatable.DataTable)?[0m
  ?[32mGiven ?[0m?[32mthe following combos exist in the system: (p10)?[0m                                                                                     ?[90m# ca.mcgill.ecse.biketourplus.features.AddAndRemoveGearAndComboForParticipantStepDefinitions.the_following_combos_exist_in_the_system_p10(io.cucumber.datatable.DataTable)?[0m
  ?[32mGiven ?[0m?[32mthe following guides exist in the system: (p10)?[0m                                                                                     ?[90m# ca.mcgill.ecse.biketourplus.features.AddAndRemoveGearAndComboForParticipantStepDefinitions.the_following_guides_exist_in_the_system_p10(io.cucumber.datatable.DataTable)?[0m
  ?[32mGiven ?[0m?[32mthe following participants exist in the system: (p10)?[0m                                                                               ?[90m# ca.mcgill.ecse.biketourplus.features.AddAndRemoveGearAndComboForParticipantStepDefinitions.the_following_participants_exist_in_the_system_p10(io.cucumber.datatable.DataTable)?[0m
  ?[32mGiven ?[0m?[32mthe following participants request the following pieces of gear: (p10)?[0m                                                              ?[90m# ca.mcgill.ecse.biketourplus.features.AddAndRemoveGearAndComboForParticipantStepDefinitions.the_following_participants_request_the_following_pieces_of_gear_p10(io.cucumber.datatable.DataTable)?[0m
  ?[32mGiven ?[0m?[32mthe following participants request the following combos: (p10)?[0m                                                                      ?[90m# ca.mcgill.ecse.biketourplus.features.AddAndRemoveGearAndComboForParticipantStepDefinitions.the_following_participants_request_the_following_combos_p10(io.cucumber.datatable.DataTable)?[0m
  ?[32mWhen ?[0m?[32mthe manager attempts to add a piece of gear or combo with name ?[0m?[32m?[1m"small combo"?[0m?[32m to the participant with email ?[0m?[32m?[1m"tyler@email.com"?[0m?[32m (p10)?[0m   ?[90m# ca.mcgill.ecse.biketourplus.features.AddAndRemoveGearAndComboForParticipantStepDefinitions.the_manager_attempts_to_add_a_piece_of_gear_or_combo_with_name_to_the_participant_with_email_p10(java.lang.String,java.lang.String)?[0m
  ?[32mThen ?[0m?[32ma piece of gear or combo shall exist with name ?[0m?[32m?[1m"small combo"?[0m?[32m and quantity ?[0m?[32m?[1m"1"?[0m?[32m for the participant with email ?[0m?[32m?[1m"tyler@email.com"?[0m?[32m (p10)?[0m ?[90m# ca.mcgill.ecse.biketourplus.features.AddAndRemoveGearAndComboForParticipantStepDefinitions.a_piece_of_gear_or_combo_shall_exist_with_name_and_quantity_for_the_participant_with_email_p10(java.lang.String,java.lang.String,java.lang.String)?[0m
  ?[32mThen ?[0m?[32mthe number of pieces of gear or combos for the participant with email ?[0m?[32m?[1m"tyler@email.com"?[0m?[32m shall be ?[0m?[32m?[1m"2"?[0m?[32m (p10)?[0m                           ?[90m# ca.mcgill.ecse.biketourplus.features.AddAndRemoveGearAndComboForParticipantStepDefinitions.the_number_of_pieces_of_gear_or_combos_for_the_participant_with_email_shall_be_p10(java.lang.String,java.lang.String)?[0m
  ?[32mThen ?[0m?[32mthe number of participants shall be ?[0m?[32m?[1m"3"?[0m?[32m (p10)?[0m                                                                                        ?[90m# ca.mcgill.ecse.biketourplus.features.AddAndRemoveGearAndComboForParticipantStepDefinitions.the_number_of_participants_shall_be_p10(java.lang.String)?[0m

Scenario Outline: Add a piece of gear or combo to a participant successfully                                                                ?[90m# src/test/resources/AddAndRemoveGearAndComboForParticipant.feature:52?[0m
  ?[32mGiven ?[0m?[32mthe following BikeTourPlus system exists: (p10)?[0m                                                                                     ?[90m# ca.mcgill.ecse.biketourplus.features.AddAndRemoveGearAndComboForParticipantStepDefinitions.the_following_bike_tour_plus_system_exists_p10(io.cucumber.datatable.DataTable)?[0m
  ?[32mGiven ?[0m?[32mthe following pieces of gear exist in the system: (p10)?[0m                                                                             ?[90m# ca.mcgill.ecse.biketourplus.features.AddAndRemoveGearAndComboForParticipantStepDefinitions.the_following_pieces_of_gear_exist_in_the_system_p10(io.cucumber.datatable.DataTable)?[0m
  ?[32mGiven ?[0m?[32mthe following combos exist in the system: (p10)?[0m                                                                                     ?[90m# ca.mcgill.ecse.biketourplus.features.AddAndRemoveGearAndComboForParticipantStepDefinitions.the_following_combos_exist_in_the_system_p10(io.cucumber.datatable.DataTable)?[0m
  ?[32mGiven ?[0m?[32mthe following guides exist in the system: (p10)?[0m                                                                                     ?[90m# ca.mcgill.ecse.biketourplus.features.AddAndRemoveGearAndComboForParticipantStepDefinitions.the_following_guides_exist_in_the_system_p10(io.cucumber.datatable.DataTable)?[0m
  ?[32mGiven ?[0m?[32mthe following participants exist in the system: (p10)?[0m                                                                               ?[90m# ca.mcgill.ecse.biketourplus.features.AddAndRemoveGearAndComboForParticipantStepDefinitions.the_following_participants_exist_in_the_system_p10(io.cucumber.datatable.DataTable)?[0m
  ?[32mGiven ?[0m?[32mthe following participants request the following pieces of gear: (p10)?[0m                                                              ?[90m# ca.mcgill.ecse.biketourplus.features.AddAndRemoveGearAndComboForParticipantStepDefinitions.the_following_participants_request_the_following_pieces_of_gear_p10(io.cucumber.datatable.DataTable)?[0m
  ?[32mGiven ?[0m?[32mthe following participants request the following combos: (p10)?[0m                                                                      ?[90m# ca.mcgill.ecse.biketourplus.features.AddAndRemoveGearAndComboForParticipantStepDefinitions.the_following_participants_request_the_following_combos_p10(io.cucumber.datatable.DataTable)?[0m
  ?[32mWhen ?[0m?[32mthe manager attempts to add a piece of gear or combo with name ?[0m?[32m?[1m"large combo"?[0m?[32m to the participant with email ?[0m?[32m?[1m"peter@email.com"?[0m?[32m (p10)?[0m   ?[90m# ca.mcgill.ecse.biketourplus.features.AddAndRemoveGearAndComboForParticipantStepDefinitions.the_manager_attempts_to_add_a_piece_of_gear_or_combo_with_name_to_the_participant_with_email_p10(java.lang.String,java.lang.String)?[0m
  ?[32mThen ?[0m?[32ma piece of gear or combo shall exist with name ?[0m?[32m?[1m"large combo"?[0m?[32m and quantity ?[0m?[32m?[1m"1"?[0m?[32m for the participant with email ?[0m?[32m?[1m"peter@email.com"?[0m?[32m (p10)?[0m ?[90m# ca.mcgill.ecse.biketourplus.features.AddAndRemoveGearAndComboForParticipantStepDefinitions.a_piece_of_gear_or_combo_shall_exist_with_name_and_quantity_for_the_participant_with_email_p10(java.lang.String,java.lang.String,java.lang.String)?[0m
  ?[32mThen ?[0m?[32mthe number of pieces of gear or combos for the participant with email ?[0m?[32m?[1m"peter@email.com"?[0m?[32m shall be ?[0m?[32m?[1m"4"?[0m?[32m (p10)?[0m                           ?[90m# ca.mcgill.ecse.biketourplus.features.AddAndRemoveGearAndComboForParticipantStepDefinitions.the_number_of_pieces_of_gear_or_combos_for_the_participant_with_email_shall_be_p10(java.lang.String,java.lang.String)?[0m
  ?[32mThen ?[0m?[32mthe number of participants shall be ?[0m?[32m?[1m"3"?[0m?[32m (p10)?[0m                                                                                        ?[90m# ca.mcgill.ecse.biketourplus.features.AddAndRemoveGearAndComboForParticipantStepDefinitions.the_number_of_participants_shall_be_p10(java.lang.String)?[0m

Scenario Outline: Add a piece of gear or combo to a participant successfully                                                                ?[90m# src/test/resources/AddAndRemoveGearAndComboForParticipant.feature:53?[0m
  ?[32mGiven ?[0m?[32mthe following BikeTourPlus system exists: (p10)?[0m                                                                                     ?[90m# ca.mcgill.ecse.biketourplus.features.AddAndRemoveGearAndComboForParticipantStepDefinitions.the_following_bike_tour_plus_system_exists_p10(io.cucumber.datatable.DataTable)?[0m
  ?[32mGiven ?[0m?[32mthe following pieces of gear exist in the system: (p10)?[0m                                                                             ?[90m# ca.mcgill.ecse.biketourplus.features.AddAndRemoveGearAndComboForParticipantStepDefinitions.the_following_pieces_of_gear_exist_in_the_system_p10(io.cucumber.datatable.DataTable)?[0m
  ?[32mGiven ?[0m?[32mthe following combos exist in the system: (p10)?[0m                                                                                     ?[90m# ca.mcgill.ecse.biketourplus.features.AddAndRemoveGearAndComboForParticipantStepDefinitions.the_following_combos_exist_in_the_system_p10(io.cucumber.datatable.DataTable)?[0m
  ?[32mGiven ?[0m?[32mthe following guides exist in the system: (p10)?[0m                                                                                     ?[90m# ca.mcgill.ecse.biketourplus.features.AddAndRemoveGearAndComboForParticipantStepDefinitions.the_following_guides_exist_in_the_system_p10(io.cucumber.datatable.DataTable)?[0m
  ?[32mGiven ?[0m?[32mthe following participants exist in the system: (p10)?[0m                                                                               ?[90m# ca.mcgill.ecse.biketourplus.features.AddAndRemoveGearAndComboForParticipantStepDefinitions.the_following_participants_exist_in_the_system_p10(io.cucumber.datatable.DataTable)?[0m
  ?[32mGiven ?[0m?[32mthe following participants request the following pieces of gear: (p10)?[0m                                                              ?[90m# ca.mcgill.ecse.biketourplus.features.AddAndRemoveGearAndComboForParticipantStepDefinitions.the_following_participants_request_the_following_pieces_of_gear_p10(io.cucumber.datatable.DataTable)?[0m
  ?[32mGiven ?[0m?[32mthe following participants request the following combos: (p10)?[0m                                                                      ?[90m# ca.mcgill.ecse.biketourplus.features.AddAndRemoveGearAndComboForParticipantStepDefinitions.the_following_participants_request_the_following_combos_p10(io.cucumber.datatable.DataTable)?[0m
  ?[32mWhen ?[0m?[32mthe manager attempts to add a piece of gear or combo with name ?[0m?[32m?[1m"large combo"?[0m?[32m to the participant with email ?[0m?[32m?[1m"tyler@email.com"?[0m?[32m (p10)?[0m   ?[90m# ca.mcgill.ecse.biketourplus.features.AddAndRemoveGearAndComboForParticipantStepDefinitions.the_manager_attempts_to_add_a_piece_of_gear_or_combo_with_name_to_the_participant_with_email_p10(java.lang.String,java.lang.String)?[0m
  ?[32mThen ?[0m?[32ma piece of gear or combo shall exist with name ?[0m?[32m?[1m"large combo"?[0m?[32m and quantity ?[0m?[32m?[1m"3"?[0m?[32m for the participant with email ?[0m?[32m?[1m"tyler@email.com"?[0m?[32m (p10)?[0m ?[90m# ca.mcgill.ecse.biketourplus.features.AddAndRemoveGearAndComboForParticipantStepDefinitions.a_piece_of_gear_or_combo_shall_exist_with_name_and_quantity_for_the_participant_with_email_p10(java.lang.String,java.lang.String,java.lang.String)?[0m
  ?[32mThen ?[0m?[32mthe number of pieces of gear or combos for the participant with email ?[0m?[32m?[1m"tyler@email.com"?[0m?[32m shall be ?[0m?[32m?[1m"1"?[0m?[32m (p10)?[0m                           ?[90m# ca.mcgill.ecse.biketourplus.features.AddAndRemoveGearAndComboForParticipantStepDefinitions.the_number_of_pieces_of_gear_or_combos_for_the_participant_with_email_shall_be_p10(java.lang.String,java.lang.String)?[0m
  ?[32mThen ?[0m?[32mthe number of participants shall be ?[0m?[32m?[1m"3"?[0m?[32m (p10)?[0m                                                                                        ?[90m# ca.mcgill.ecse.biketourplus.features.AddAndRemoveGearAndComboForParticipantStepDefinitions.the_number_of_participants_shall_be_p10(java.lang.String)?[0m

Scenario Outline: Unsuccessfully add a piece of gear or combo that does not exist to a participant                                       ?[90m# src/test/resources/AddAndRemoveGearAndComboForParticipant.feature:64?[0m
  ?[32mGiven ?[0m?[32mthe following BikeTourPlus system exists: (p10)?[0m                                                                                  ?[90m# ca.mcgill.ecse.biketourplus.features.AddAndRemoveGearAndComboForParticipantStepDefinitions.the_following_bike_tour_plus_system_exists_p10(io.cucumber.datatable.DataTable)?[0m
  ?[32mGiven ?[0m?[32mthe following pieces of gear exist in the system: (p10)?[0m                                                                          ?[90m# ca.mcgill.ecse.biketourplus.features.AddAndRemoveGearAndComboForParticipantStepDefinitions.the_following_pieces_of_gear_exist_in_the_system_p10(io.cucumber.datatable.DataTable)?[0m
  ?[32mGiven ?[0m?[32mthe following combos exist in the system: (p10)?[0m                                                                                  ?[90m# ca.mcgill.ecse.biketourplus.features.AddAndRemoveGearAndComboForParticipantStepDefinitions.the_following_combos_exist_in_the_system_p10(io.cucumber.datatable.DataTable)?[0m
  ?[32mGiven ?[0m?[32mthe following guides exist in the system: (p10)?[0m                                                                                  ?[90m# ca.mcgill.ecse.biketourplus.features.AddAndRemoveGearAndComboForParticipantStepDefinitions.the_following_guides_exist_in_the_system_p10(io.cucumber.datatable.DataTable)?[0m
  ?[32mGiven ?[0m?[32mthe following participants exist in the system: (p10)?[0m                                                                            ?[90m# ca.mcgill.ecse.biketourplus.features.AddAndRemoveGearAndComboForParticipantStepDefinitions.the_following_participants_exist_in_the_system_p10(io.cucumber.datatable.DataTable)?[0m
  ?[32mGiven ?[0m?[32mthe following participants request the following pieces of gear: (p10)?[0m                                                           ?[90m# ca.mcgill.ecse.biketourplus.features.AddAndRemoveGearAndComboForParticipantStepDefinitions.the_following_participants_request_the_following_pieces_of_gear_p10(io.cucumber.datatable.DataTable)?[0m
  ?[32mGiven ?[0m?[32mthe following participants request the following combos: (p10)?[0m                                                                   ?[90m# ca.mcgill.ecse.biketourplus.features.AddAndRemoveGearAndComboForParticipantStepDefinitions.the_following_participants_request_the_following_combos_p10(io.cucumber.datatable.DataTable)?[0m
  ?[32mWhen ?[0m?[32mthe manager attempts to add a piece of gear or combo with name ?[0m?[32m?[1m"spare tire"?[0m?[32m to the participant with email ?[0m?[32m?[1m"peter@email.com"?[0m?[32m (p10)?[0m ?[90m# ca.mcgill.ecse.biketourplus.features.AddAndRemoveGearAndComboForParticipantStepDefinitions.the_manager_attempts_to_add_a_piece_of_gear_or_combo_with_name_to_the_participant_with_email_p10(java.lang.String,java.lang.String)?[0m
  ?[32mThen ?[0m?[32ma piece of gear or combo shall exist with name ?[0m?[32m?[1m"bike bag"?[0m?[32m and quantity ?[0m?[32m?[1m"2"?[0m?[32m for the participant with email ?[0m?[32m?[1m"peter@email.com"?[0m?[32m (p10)?[0m ?[90m# ca.mcgill.ecse.biketourplus.features.AddAndRemoveGearAndComboForParticipantStepDefinitions.a_piece_of_gear_or_combo_shall_exist_with_name_and_quantity_for_the_participant_with_email_p10(java.lang.String,java.lang.String,java.lang.String)?[0m
  ?[32mThen ?[0m?[32mthe number of pieces of gear or combos for the participant with email ?[0m?[32m?[1m"peter@email.com"?[0m?[32m shall be ?[0m?[32m?[1m"3"?[0m?[32m (p10)?[0m                        ?[90m# ca.mcgill.ecse.biketourplus.features.AddAndRemoveGearAndComboForParticipantStepDefinitions.the_number_of_pieces_of_gear_or_combos_for_the_participant_with_email_shall_be_p10(java.lang.String,java.lang.String)?[0m
  ?[32mThen ?[0m?[32mthe number of participants shall be ?[0m?[32m?[1m"3"?[0m?[32m (p10)?[0m                                                                                     ?[90m# ca.mcgill.ecse.biketourplus.features.AddAndRemoveGearAndComboForParticipantStepDefinitions.the_number_of_participants_shall_be_p10(java.lang.String)?[0m
  ?[32mThen ?[0m?[32mthe system shall raise the error ?[0m?[32m?[1m"The piece of gear or combo does not exist"?[0m?[32m (p10)?[0m                                                ?[90m# ca.mcgill.ecse.biketourplus.features.AddAndRemoveGearAndComboForParticipantStepDefinitions.the_system_shall_raise_the_error_p10(java.lang.String)?[0m

Scenario Outline: Unsuccessfully add a piece of gear or combo that does not exist to a participant                                      ?[90m# src/test/resources/AddAndRemoveGearAndComboForParticipant.feature:65?[0m
  ?[32mGiven ?[0m?[32mthe following BikeTourPlus system exists: (p10)?[0m                                                                                 ?[90m# ca.mcgill.ecse.biketourplus.features.AddAndRemoveGearAndComboForParticipantStepDefinitions.the_following_bike_tour_plus_system_exists_p10(io.cucumber.datatable.DataTable)?[0m
  ?[32mGiven ?[0m?[32mthe following pieces of gear exist in the system: (p10)?[0m                                                                         ?[90m# ca.mcgill.ecse.biketourplus.features.AddAndRemoveGearAndComboForParticipantStepDefinitions.the_following_pieces_of_gear_exist_in_the_system_p10(io.cucumber.datatable.DataTable)?[0m
  ?[32mGiven ?[0m?[32mthe following combos exist in the system: (p10)?[0m                                                                                 ?[90m# ca.mcgill.ecse.biketourplus.features.AddAndRemoveGearAndComboForParticipantStepDefinitions.the_following_combos_exist_in_the_system_p10(io.cucumber.datatable.DataTable)?[0m
  ?[32mGiven ?[0m?[32mthe following guides exist in the system: (p10)?[0m                                                                                 ?[90m# ca.mcgill.ecse.biketourplus.features.AddAndRemoveGearAndComboForParticipantStepDefinitions.the_following_guides_exist_in_the_system_p10(io.cucumber.datatable.DataTable)?[0m
  ?[32mGiven ?[0m?[32mthe following participants exist in the system: (p10)?[0m                                                                           ?[90m# ca.mcgill.ecse.biketourplus.features.AddAndRemoveGearAndComboForParticipantStepDefinitions.the_following_participants_exist_in_the_system_p10(io.cucumber.datatable.DataTable)?[0m
  ?[32mGiven ?[0m?[32mthe following participants request the following pieces of gear: (p10)?[0m                                                          ?[90m# ca.mcgill.ecse.biketourplus.features.AddAndRemoveGearAndComboForParticipantStepDefinitions.the_following_participants_request_the_following_pieces_of_gear_p10(io.cucumber.datatable.DataTable)?[0m
  ?[32mGiven ?[0m?[32mthe following participants request the following combos: (p10)?[0m                                                                  ?[90m# ca.mcgill.ecse.biketourplus.features.AddAndRemoveGearAndComboForParticipantStepDefinitions.the_following_participants_request_the_following_combos_p10(io.cucumber.datatable.DataTable)?[0m
  ?[32mWhen ?[0m?[32mthe manager attempts to add a piece of gear or combo with name ?[0m?[32m?[1m"bike lock"?[0m?[32m to the participant with email ?[0m?[32m?[1m"peter@email.com"?[0m?[32m (p10)?[0m ?[90m# ca.mcgill.ecse.biketourplus.features.AddAndRemoveGearAndComboForParticipantStepDefinitions.the_manager_attempts_to_add_a_piece_of_gear_or_combo_with_name_to_the_participant_with_email_p10(java.lang.String,java.lang.String)?[0m
  ?[32mThen ?[0m?[32ma piece of gear or combo shall exist with name ?[0m?[32m?[1m"helmet"?[0m?[32m and quantity ?[0m?[32m?[1m"1"?[0m?[32m for the participant with email ?[0m?[32m?[1m"peter@email.com"?[0m?[32m (p10)?[0m  ?[90m# ca.mcgill.ecse.biketourplus.features.AddAndRemoveGearAndComboForParticipantStepDefinitions.a_piece_of_gear_or_combo_shall_exist_with_name_and_quantity_for_the_participant_with_email_p10(java.lang.String,java.lang.String,java.lang.String)?[0m
  ?[32mThen ?[0m?[32mthe number of pieces of gear or combos for the participant with email ?[0m?[32m?[1m"peter@email.com"?[0m?[32m shall be ?[0m?[32m?[1m"3"?[0m?[32m (p10)?[0m                       ?[90m# ca.mcgill.ecse.biketourplus.features.AddAndRemoveGearAndComboForParticipantStepDefinitions.the_number_of_pieces_of_gear_or_combos_for_the_participant_with_email_shall_be_p10(java.lang.String,java.lang.String)?[0m
  ?[32mThen ?[0m?[32mthe number of participants shall be ?[0m?[32m?[1m"3"?[0m?[32m (p10)?[0m                                                                                    ?[90m# ca.mcgill.ecse.biketourplus.features.AddAndRemoveGearAndComboForParticipantStepDefinitions.the_number_of_participants_shall_be_p10(java.lang.String)?[0m
  ?[32mThen ?[0m?[32mthe system shall raise the error ?[0m?[32m?[1m"The piece of gear or combo does not exist"?[0m?[32m (p10)?[0m                                               ?[90m# ca.mcgill.ecse.biketourplus.features.AddAndRemoveGearAndComboForParticipantStepDefinitions.the_system_shall_raise_the_error_p10(java.lang.String)?[0m

Scenario Outline: Unsuccessfully add a piece of gear or combo that does not exist to a participant                                          ?[90m# src/test/resources/AddAndRemoveGearAndComboForParticipant.feature:66?[0m
  ?[32mGiven ?[0m?[32mthe following BikeTourPlus system exists: (p10)?[0m                                                                                     ?[90m# ca.mcgill.ecse.biketourplus.features.AddAndRemoveGearAndComboForParticipantStepDefinitions.the_following_bike_tour_plus_system_exists_p10(io.cucumber.datatable.DataTable)?[0m
  ?[32mGiven ?[0m?[32mthe following pieces of gear exist in the system: (p10)?[0m                                                                             ?[90m# ca.mcgill.ecse.biketourplus.features.AddAndRemoveGearAndComboForParticipantStepDefinitions.the_following_pieces_of_gear_exist_in_the_system_p10(io.cucumber.datatable.DataTable)?[0m
  ?[32mGiven ?[0m?[32mthe following combos exist in the system: (p10)?[0m                                                                                     ?[90m# ca.mcgill.ecse.biketourplus.features.AddAndRemoveGearAndComboForParticipantStepDefinitions.the_following_combos_exist_in_the_system_p10(io.cucumber.datatable.DataTable)?[0m
  ?[32mGiven ?[0m?[32mthe following guides exist in the system: (p10)?[0m                                                                                     ?[90m# ca.mcgill.ecse.biketourplus.features.AddAndRemoveGearAndComboForParticipantStepDefinitions.the_following_guides_exist_in_the_system_p10(io.cucumber.datatable.DataTable)?[0m
  ?[32mGiven ?[0m?[32mthe following participants exist in the system: (p10)?[0m                                                                               ?[90m# ca.mcgill.ecse.biketourplus.features.AddAndRemoveGearAndComboForParticipantStepDefinitions.the_following_participants_exist_in_the_system_p10(io.cucumber.datatable.DataTable)?[0m
  ?[32mGiven ?[0m?[32mthe following participants request the following pieces of gear: (p10)?[0m                                                              ?[90m# ca.mcgill.ecse.biketourplus.features.AddAndRemoveGearAndComboForParticipantStepDefinitions.the_following_participants_request_the_following_pieces_of_gear_p10(io.cucumber.datatable.DataTable)?[0m
  ?[32mGiven ?[0m?[32mthe following participants request the following combos: (p10)?[0m                                                                      ?[90m# ca.mcgill.ecse.biketourplus.features.AddAndRemoveGearAndComboForParticipantStepDefinitions.the_following_participants_request_the_following_combos_p10(io.cucumber.datatable.DataTable)?[0m
  ?[32mWhen ?[0m?[32mthe manager attempts to add a piece of gear or combo with name ?[0m?[32m?[1m"spare tire"?[0m?[32m to the participant with email ?[0m?[32m?[1m"peter@email.com"?[0m?[32m (p10)?[0m    ?[90m# ca.mcgill.ecse.biketourplus.features.AddAndRemoveGearAndComboForParticipantStepDefinitions.the_manager_attempts_to_add_a_piece_of_gear_or_combo_with_name_to_the_participant_with_email_p10(java.lang.String,java.lang.String)?[0m
  ?[32mThen ?[0m?[32ma piece of gear or combo shall exist with name ?[0m?[32m?[1m"small combo"?[0m?[32m and quantity ?[0m?[32m?[1m"1"?[0m?[32m for the participant with email ?[0m?[32m?[1m"peter@email.com"?[0m?[32m (p10)?[0m ?[90m# ca.mcgill.ecse.biketourplus.features.AddAndRemoveGearAndComboForParticipantStepDefinitions.a_piece_of_gear_or_combo_shall_exist_with_name_and_quantity_for_the_participant_with_email_p10(java.lang.String,java.lang.String,java.lang.String)?[0m
  ?[32mThen ?[0m?[32mthe number of pieces of gear or combos for the participant with email ?[0m?[32m?[1m"peter@email.com"?[0m?[32m shall be ?[0m?[32m?[1m"3"?[0m?[32m (p10)?[0m                           ?[90m# ca.mcgill.ecse.biketourplus.features.AddAndRemoveGearAndComboForParticipantStepDefinitions.the_number_of_pieces_of_gear_or_combos_for_the_participant_with_email_shall_be_p10(java.lang.String,java.lang.String)?[0m
  ?[32mThen ?[0m?[32mthe number of participants shall be ?[0m?[32m?[1m"3"?[0m?[32m (p10)?[0m                                                                                        ?[90m# ca.mcgill.ecse.biketourplus.features.AddAndRemoveGearAndComboForParticipantStepDefinitions.the_number_of_participants_shall_be_p10(java.lang.String)?[0m
  ?[32mThen ?[0m?[32mthe system shall raise the error ?[0m?[32m?[1m"The piece of gear or combo does not exist"?[0m?[32m (p10)?[0m                                                   ?[90m# ca.mcgill.ecse.biketourplus.features.AddAndRemoveGearAndComboForParticipantStepDefinitions.the_system_shall_raise_the_error_p10(java.lang.String)?[0m

Scenario Outline: Unsuccessfully add a piece of gear or combo that does not exist to a participant                                          ?[90m# src/test/resources/AddAndRemoveGearAndComboForParticipant.feature:67?[0m
  ?[32mGiven ?[0m?[32mthe following BikeTourPlus system exists: (p10)?[0m                                                                                     ?[90m# ca.mcgill.ecse.biketourplus.features.AddAndRemoveGearAndComboForParticipantStepDefinitions.the_following_bike_tour_plus_system_exists_p10(io.cucumber.datatable.DataTable)?[0m
  ?[32mGiven ?[0m?[32mthe following pieces of gear exist in the system: (p10)?[0m                                                                             ?[90m# ca.mcgill.ecse.biketourplus.features.AddAndRemoveGearAndComboForParticipantStepDefinitions.the_following_pieces_of_gear_exist_in_the_system_p10(io.cucumber.datatable.DataTable)?[0m
  ?[32mGiven ?[0m?[32mthe following combos exist in the system: (p10)?[0m                                                                                     ?[90m# ca.mcgill.ecse.biketourplus.features.AddAndRemoveGearAndComboForParticipantStepDefinitions.the_following_combos_exist_in_the_system_p10(io.cucumber.datatable.DataTable)?[0m
  ?[32mGiven ?[0m?[32mthe following guides exist in the system: (p10)?[0m                                                                                     ?[90m# ca.mcgill.ecse.biketourplus.features.AddAndRemoveGearAndComboForParticipantStepDefinitions.the_following_guides_exist_in_the_system_p10(io.cucumber.datatable.DataTable)?[0m
  ?[32mGiven ?[0m?[32mthe following participants exist in the system: (p10)?[0m                                                                               ?[90m# ca.mcgill.ecse.biketourplus.features.AddAndRemoveGearAndComboForParticipantStepDefinitions.the_following_participants_exist_in_the_system_p10(io.cucumber.datatable.DataTable)?[0m
  ?[32mGiven ?[0m?[32mthe following participants request the following pieces of gear: (p10)?[0m                                                              ?[90m# ca.mcgill.ecse.biketourplus.features.AddAndRemoveGearAndComboForParticipantStepDefinitions.the_following_participants_request_the_following_pieces_of_gear_p10(io.cucumber.datatable.DataTable)?[0m
  ?[32mGiven ?[0m?[32mthe following participants request the following combos: (p10)?[0m                                                                      ?[90m# ca.mcgill.ecse.biketourplus.features.AddAndRemoveGearAndComboForParticipantStepDefinitions.the_following_participants_request_the_following_combos_p10(io.cucumber.datatable.DataTable)?[0m
  ?[32mWhen ?[0m?[32mthe manager attempts to add a piece of gear or combo with name ?[0m?[32m?[1m"combo plus"?[0m?[32m to the participant with email ?[0m?[32m?[1m"tyler@email.com"?[0m?[32m (p10)?[0m    ?[90m# ca.mcgill.ecse.biketourplus.features.AddAndRemoveGearAndComboForParticipantStepDefinitions.the_manager_attempts_to_add_a_piece_of_gear_or_combo_with_name_to_the_participant_with_email_p10(java.lang.String,java.lang.String)?[0m
  ?[32mThen ?[0m?[32ma piece of gear or combo shall exist with name ?[0m?[32m?[1m"large combo"?[0m?[32m and quantity ?[0m?[32m?[1m"2"?[0m?[32m for the participant with email ?[0m?[32m?[1m"tyler@email.com"?[0m?[32m (p10)?[0m ?[90m# ca.mcgill.ecse.biketourplus.features.AddAndRemoveGearAndComboForParticipantStepDefinitions.a_piece_of_gear_or_combo_shall_exist_with_name_and_quantity_for_the_participant_with_email_p10(java.lang.String,java.lang.String,java.lang.String)?[0m
  ?[32mThen ?[0m?[32mthe number of pieces of gear or combos for the participant with email ?[0m?[32m?[1m"tyler@email.com"?[0m?[32m shall be ?[0m?[32m?[1m"1"?[0m?[32m (p10)?[0m                           ?[90m# ca.mcgill.ecse.biketourplus.features.AddAndRemoveGearAndComboForParticipantStepDefinitions.the_number_of_pieces_of_gear_or_combos_for_the_participant_with_email_shall_be_p10(java.lang.String,java.lang.String)?[0m
  ?[32mThen ?[0m?[32mthe number of participants shall be ?[0m?[32m?[1m"3"?[0m?[32m (p10)?[0m                                                                                        ?[90m# ca.mcgill.ecse.biketourplus.features.AddAndRemoveGearAndComboForParticipantStepDefinitions.the_number_of_participants_shall_be_p10(java.lang.String)?[0m
  ?[32mThen ?[0m?[32mthe system shall raise the error ?[0m?[32m?[1m"The piece of gear or combo does not exist"?[0m?[32m (p10)?[0m                                                   ?[90m# ca.mcgill.ecse.biketourplus.features.AddAndRemoveGearAndComboForParticipantStepDefinitions.the_system_shall_raise_the_error_p10(java.lang.String)?[0m

Scenario Outline: Unsuccessfully add a piece of gear or combo that does not exist to a participant                                         ?[90m# src/test/resources/AddAndRemoveGearAndComboForParticipant.feature:68?[0m
  ?[32mGiven ?[0m?[32mthe following BikeTourPlus system exists: (p10)?[0m                                                                                    ?[90m# ca.mcgill.ecse.biketourplus.features.AddAndRemoveGearAndComboForParticipantStepDefinitions.the_following_bike_tour_plus_system_exists_p10(io.cucumber.datatable.DataTable)?[0m
  ?[32mGiven ?[0m?[32mthe following pieces of gear exist in the system: (p10)?[0m                                                                            ?[90m# ca.mcgill.ecse.biketourplus.features.AddAndRemoveGearAndComboForParticipantStepDefinitions.the_following_pieces_of_gear_exist_in_the_system_p10(io.cucumber.datatable.DataTable)?[0m
  ?[32mGiven ?[0m?[32mthe following combos exist in the system: (p10)?[0m                                                                                    ?[90m# ca.mcgill.ecse.biketourplus.features.AddAndRemoveGearAndComboForParticipantStepDefinitions.the_following_combos_exist_in_the_system_p10(io.cucumber.datatable.DataTable)?[0m
  ?[32mGiven ?[0m?[32mthe following guides exist in the system: (p10)?[0m                                                                                    ?[90m# ca.mcgill.ecse.biketourplus.features.AddAndRemoveGearAndComboForParticipantStepDefinitions.the_following_guides_exist_in_the_system_p10(io.cucumber.datatable.DataTable)?[0m
  ?[32mGiven ?[0m?[32mthe following participants exist in the system: (p10)?[0m                                                                              ?[90m# ca.mcgill.ecse.biketourplus.features.AddAndRemoveGearAndComboForParticipantStepDefinitions.the_following_participants_exist_in_the_system_p10(io.cucumber.datatable.DataTable)?[0m
  ?[32mGiven ?[0m?[32mthe following participants request the following pieces of gear: (p10)?[0m                                                             ?[90m# ca.mcgill.ecse.biketourplus.features.AddAndRemoveGearAndComboForParticipantStepDefinitions.the_following_participants_request_the_following_pieces_of_gear_p10(io.cucumber.datatable.DataTable)?[0m
  ?[32mGiven ?[0m?[32mthe following participants request the following combos: (p10)?[0m                                                                     ?[90m# ca.mcgill.ecse.biketourplus.features.AddAndRemoveGearAndComboForParticipantStepDefinitions.the_following_participants_request_the_following_combos_p10(io.cucumber.datatable.DataTable)?[0m
  ?[32mWhen ?[0m?[32mthe manager attempts to add a piece of gear or combo with name ?[0m?[32m?[1m"deluxe combo"?[0m?[32m to the participant with email ?[0m?[32m?[1m"mary@email.com"?[0m?[32m (p10)?[0m  ?[90m# ca.mcgill.ecse.biketourplus.features.AddAndRemoveGearAndComboForParticipantStepDefinitions.the_manager_attempts_to_add_a_piece_of_gear_or_combo_with_name_to_the_participant_with_email_p10(java.lang.String,java.lang.String)?[0m
  ?[32mThen ?[0m?[32ma piece of gear or combo shall exist with name ?[0m?[32m?[1m"large combo"?[0m?[32m and quantity ?[0m?[32m?[1m"1"?[0m?[32m for the participant with email ?[0m?[32m?[1m"mary@email.com"?[0m?[32m (p10)?[0m ?[90m# ca.mcgill.ecse.biketourplus.features.AddAndRemoveGearAndComboForParticipantStepDefinitions.a_piece_of_gear_or_combo_shall_exist_with_name_and_quantity_for_the_participant_with_email_p10(java.lang.String,java.lang.String,java.lang.String)?[0m
  ?[32mThen ?[0m?[32mthe number of pieces of gear or combos for the participant with email ?[0m?[32m?[1m"mary@email.com"?[0m?[32m shall be ?[0m?[32m?[1m"1"?[0m?[32m (p10)?[0m                           ?[90m# ca.mcgill.ecse.biketourplus.features.AddAndRemoveGearAndComboForParticipantStepDefinitions.the_number_of_pieces_of_gear_or_combos_for_the_participant_with_email_shall_be_p10(java.lang.String,java.lang.String)?[0m
  ?[32mThen ?[0m?[32mthe number of participants shall be ?[0m?[32m?[1m"3"?[0m?[32m (p10)?[0m                                                                                       ?[90m# ca.mcgill.ecse.biketourplus.features.AddAndRemoveGearAndComboForParticipantStepDefinitions.the_number_of_participants_shall_be_p10(java.lang.String)?[0m
  ?[32mThen ?[0m?[32mthe system shall raise the error ?[0m?[32m?[1m"The piece of gear or combo does not exist"?[0m?[32m (p10)?[0m                                                  ?[90m# ca.mcgill.ecse.biketourplus.features.AddAndRemoveGearAndComboForParticipantStepDefinitions.the_system_shall_raise_the_error_p10(java.lang.String)?[0m

Scenario Outline: Unsuccessfully add a piece of gear or combo to a participant that does not exist                                  ?[90m# src/test/resources/AddAndRemoveGearAndComboForParticipant.feature:77?[0m
  ?[32mGiven ?[0m?[32mthe following BikeTourPlus system exists: (p10)?[0m                                                                             ?[90m# ca.mcgill.ecse.biketourplus.features.AddAndRemoveGearAndComboForParticipantStepDefinitions.the_following_bike_tour_plus_system_exists_p10(io.cucumber.datatable.DataTable)?[0m
  ?[32mGiven ?[0m?[32mthe following pieces of gear exist in the system: (p10)?[0m                                                                     ?[90m# ca.mcgill.ecse.biketourplus.features.AddAndRemoveGearAndComboForParticipantStepDefinitions.the_following_pieces_of_gear_exist_in_the_system_p10(io.cucumber.datatable.DataTable)?[0m
  ?[32mGiven ?[0m?[32mthe following combos exist in the system: (p10)?[0m                                                                             ?[90m# ca.mcgill.ecse.biketourplus.features.AddAndRemoveGearAndComboForParticipantStepDefinitions.the_following_combos_exist_in_the_system_p10(io.cucumber.datatable.DataTable)?[0m
  ?[32mGiven ?[0m?[32mthe following guides exist in the system: (p10)?[0m                                                                             ?[90m# ca.mcgill.ecse.biketourplus.features.AddAndRemoveGearAndComboForParticipantStepDefinitions.the_following_guides_exist_in_the_system_p10(io.cucumber.datatable.DataTable)?[0m
  ?[32mGiven ?[0m?[32mthe following participants exist in the system: (p10)?[0m                                                                       ?[90m# ca.mcgill.ecse.biketourplus.features.AddAndRemoveGearAndComboForParticipantStepDefinitions.the_following_participants_exist_in_the_system_p10(io.cucumber.datatable.DataTable)?[0m
  ?[32mGiven ?[0m?[32mthe following participants request the following pieces of gear: (p10)?[0m                                                      ?[90m# ca.mcgill.ecse.biketourplus.features.AddAndRemoveGearAndComboForParticipantStepDefinitions.the_following_participants_request_the_following_pieces_of_gear_p10(io.cucumber.datatable.DataTable)?[0m
  ?[32mGiven ?[0m?[32mthe following participants request the following combos: (p10)?[0m                                                              ?[90m# ca.mcgill.ecse.biketourplus.features.AddAndRemoveGearAndComboForParticipantStepDefinitions.the_following_participants_request_the_following_combos_p10(io.cucumber.datatable.DataTable)?[0m
  ?[32mWhen ?[0m?[32mthe manager attempts to add a piece of gear or combo with name ?[0m?[32m?[1m"e-bike"?[0m?[32m to the participant with email ?[0m?[32m?[1m"john@email.com"?[0m?[32m (p10)?[0m ?[90m# ca.mcgill.ecse.biketourplus.features.AddAndRemoveGearAndComboForParticipantStepDefinitions.the_manager_attempts_to_add_a_piece_of_gear_or_combo_with_name_to_the_participant_with_email_p10(java.lang.String,java.lang.String)?[0m
  ?[32mThen ?[0m?[32mthe number of participants shall be ?[0m?[32m?[1m"3"?[0m?[32m (p10)?[0m                                                                                ?[90m# ca.mcgill.ecse.biketourplus.features.AddAndRemoveGearAndComboForParticipantStepDefinitions.the_number_of_participants_shall_be_p10(java.lang.String)?[0m
  ?[32mThen ?[0m?[32mthe system shall raise the error ?[0m?[32m?[1m"The participant does not exist"?[0m?[32m (p10)?[0m                                                      ?[90m# ca.mcgill.ecse.biketourplus.features.AddAndRemoveGearAndComboForParticipantStepDefinitions.the_system_shall_raise_the_error_p10(java.lang.String)?[0m

Scenario Outline: Unsuccessfully add a piece of gear or combo to a participant that does not exist                                  ?[90m# src/test/resources/AddAndRemoveGearAndComboForParticipant.feature:78?[0m
  ?[32mGiven ?[0m?[32mthe following BikeTourPlus system exists: (p10)?[0m                                                                             ?[90m# ca.mcgill.ecse.biketourplus.features.AddAndRemoveGearAndComboForParticipantStepDefinitions.the_following_bike_tour_plus_system_exists_p10(io.cucumber.datatable.DataTable)?[0m
  ?[32mGiven ?[0m?[32mthe following pieces of gear exist in the system: (p10)?[0m                                                                     ?[90m# ca.mcgill.ecse.biketourplus.features.AddAndRemoveGearAndComboForParticipantStepDefinitions.the_following_pieces_of_gear_exist_in_the_system_p10(io.cucumber.datatable.DataTable)?[0m
  ?[32mGiven ?[0m?[32mthe following combos exist in the system: (p10)?[0m                                                                             ?[90m# ca.mcgill.ecse.biketourplus.features.AddAndRemoveGearAndComboForParticipantStepDefinitions.the_following_combos_exist_in_the_system_p10(io.cucumber.datatable.DataTable)?[0m
  ?[32mGiven ?[0m?[32mthe following guides exist in the system: (p10)?[0m                                                                             ?[90m# ca.mcgill.ecse.biketourplus.features.AddAndRemoveGearAndComboForParticipantStepDefinitions.the_following_guides_exist_in_the_system_p10(io.cucumber.datatable.DataTable)?[0m
  ?[32mGiven ?[0m?[32mthe following participants exist in the system: (p10)?[0m                                                                       ?[90m# ca.mcgill.ecse.biketourplus.features.AddAndRemoveGearAndComboForParticipantStepDefinitions.the_following_participants_exist_in_the_system_p10(io.cucumber.datatable.DataTable)?[0m
  ?[32mGiven ?[0m?[32mthe following participants request the following pieces of gear: (p10)?[0m                                                      ?[90m# ca.mcgill.ecse.biketourplus.features.AddAndRemoveGearAndComboForParticipantStepDefinitions.the_following_participants_request_the_following_pieces_of_gear_p10(io.cucumber.datatable.DataTable)?[0m
  ?[32mGiven ?[0m?[32mthe following participants request the following combos: (p10)?[0m                                                              ?[90m# ca.mcgill.ecse.biketourplus.features.AddAndRemoveGearAndComboForParticipantStepDefinitions.the_following_participants_request_the_following_combos_p10(io.cucumber.datatable.DataTable)?[0m
  ?[32mWhen ?[0m?[32mthe manager attempts to add a piece of gear or combo with name ?[0m?[32m?[1m"helmet"?[0m?[32m to the participant with email ?[0m?[32m?[1m"john@email.com"?[0m?[32m (p10)?[0m ?[90m# ca.mcgill.ecse.biketourplus.features.AddAndRemoveGearAndComboForParticipantStepDefinitions.the_manager_attempts_to_add_a_piece_of_gear_or_combo_with_name_to_the_participant_with_email_p10(java.lang.String,java.lang.String)?[0m
  ?[32mThen ?[0m?[32mthe number of participants shall be ?[0m?[32m?[1m"3"?[0m?[32m (p10)?[0m                                                                                ?[90m# ca.mcgill.ecse.biketourplus.features.AddAndRemoveGearAndComboForParticipantStepDefinitions.the_number_of_participants_shall_be_p10(java.lang.String)?[0m
  ?[32mThen ?[0m?[32mthe system shall raise the error ?[0m?[32m?[1m"The participant does not exist"?[0m?[32m (p10)?[0m                                                      ?[90m# ca.mcgill.ecse.biketourplus.features.AddAndRemoveGearAndComboForParticipantStepDefinitions.the_system_shall_raise_the_error_p10(java.lang.String)?[0m

Scenario Outline: Unsuccessfully add a piece of gear or combo to a participant that does not exist                                 ?[90m# src/test/resources/AddAndRemoveGearAndComboForParticipant.feature:79?[0m
  ?[32mGiven ?[0m?[32mthe following BikeTourPlus system exists: (p10)?[0m                                                                            ?[90m# ca.mcgill.ecse.biketourplus.features.AddAndRemoveGearAndComboForParticipantStepDefinitions.the_following_bike_tour_plus_system_exists_p10(io.cucumber.datatable.DataTable)?[0m
  ?[32mGiven ?[0m?[32mthe following pieces of gear exist in the system: (p10)?[0m                                                                    ?[90m# ca.mcgill.ecse.biketourplus.features.AddAndRemoveGearAndComboForParticipantStepDefinitions.the_following_pieces_of_gear_exist_in_the_system_p10(io.cucumber.datatable.DataTable)?[0m
  ?[32mGiven ?[0m?[32mthe following combos exist in the system: (p10)?[0m                                                                            ?[90m# ca.mcgill.ecse.biketourplus.features.AddAndRemoveGearAndComboForParticipantStepDefinitions.the_following_combos_exist_in_the_system_p10(io.cucumber.datatable.DataTable)?[0m
  ?[32mGiven ?[0m?[32mthe following guides exist in the system: (p10)?[0m                                                                            ?[90m# ca.mcgill.ecse.biketourplus.features.AddAndRemoveGearAndComboForParticipantStepDefinitions.the_following_guides_exist_in_the_system_p10(io.cucumber.datatable.DataTable)?[0m
  ?[32mGiven ?[0m?[32mthe following participants exist in the system: (p10)?[0m                                                                      ?[90m# ca.mcgill.ecse.biketourplus.features.AddAndRemoveGearAndComboForParticipantStepDefinitions.the_following_participants_exist_in_the_system_p10(io.cucumber.datatable.DataTable)?[0m
  ?[32mGiven ?[0m?[32mthe following participants request the following pieces of gear: (p10)?[0m                                                     ?[90m# ca.mcgill.ecse.biketourplus.features.AddAndRemoveGearAndComboForParticipantStepDefinitions.the_following_participants_request_the_following_pieces_of_gear_p10(io.cucumber.datatable.DataTable)?[0m
  ?[32mGiven ?[0m?[32mthe following participants request the following combos: (p10)?[0m                                                             ?[90m# ca.mcgill.ecse.biketourplus.features.AddAndRemoveGearAndComboForParticipantStepDefinitions.the_following_participants_request_the_following_combos_p10(io.cucumber.datatable.DataTable)?[0m
  ?[32mWhen ?[0m?[32mthe manager attempts to add a piece of gear or combo with name ?[0m?[32m?[1m"e-bike"?[0m?[32m to the participant with email ?[0m?[32m?[1m"joe@email.com"?[0m?[32m (p10)?[0m ?[90m# ca.mcgill.ecse.biketourplus.features.AddAndRemoveGearAndComboForParticipantStepDefinitions.the_manager_attempts_to_add_a_piece_of_gear_or_combo_with_name_to_the_participant_with_email_p10(java.lang.String,java.lang.String)?[0m
  ?[32mThen ?[0m?[32mthe number of participants shall be ?[0m?[32m?[1m"3"?[0m?[32m (p10)?[0m                                                                               ?[90m# ca.mcgill.ecse.biketourplus.features.AddAndRemoveGearAndComboForParticipantStepDefinitions.the_number_of_participants_shall_be_p10(java.lang.String)?[0m
  ?[32mThen ?[0m?[32mthe system shall raise the error ?[0m?[32m?[1m"The participant does not exist"?[0m?[32m (p10)?[0m                                                     ?[90m# ca.mcgill.ecse.biketourplus.features.AddAndRemoveGearAndComboForParticipantStepDefinitions.the_system_shall_raise_the_error_p10(java.lang.String)?[0m

Scenario Outline: Unsuccessfully add a piece of gear or combo to a participant that does not exist                                      ?[90m# src/test/resources/AddAndRemoveGearAndComboForParticipant.feature:80?[0m
  ?[32mGiven ?[0m?[32mthe following BikeTourPlus system exists: (p10)?[0m                                                                                 ?[90m# ca.mcgill.ecse.biketourplus.features.AddAndRemoveGearAndComboForParticipantStepDefinitions.the_following_bike_tour_plus_system_exists_p10(io.cucumber.datatable.DataTable)?[0m
  ?[32mGiven ?[0m?[32mthe following pieces of gear exist in the system: (p10)?[0m                                                                         ?[90m# ca.mcgill.ecse.biketourplus.features.AddAndRemoveGearAndComboForParticipantStepDefinitions.the_following_pieces_of_gear_exist_in_the_system_p10(io.cucumber.datatable.DataTable)?[0m
  ?[32mGiven ?[0m?[32mthe following combos exist in the system: (p10)?[0m                                                                                 ?[90m# ca.mcgill.ecse.biketourplus.features.AddAndRemoveGearAndComboForParticipantStepDefinitions.the_following_combos_exist_in_the_system_p10(io.cucumber.datatable.DataTable)?[0m
  ?[32mGiven ?[0m?[32mthe following guides exist in the system: (p10)?[0m                                                                                 ?[90m# ca.mcgill.ecse.biketourplus.features.AddAndRemoveGearAndComboForParticipantStepDefinitions.the_following_guides_exist_in_the_system_p10(io.cucumber.datatable.DataTable)?[0m
  ?[32mGiven ?[0m?[32mthe following participants exist in the system: (p10)?[0m                                                                           ?[90m# ca.mcgill.ecse.biketourplus.features.AddAndRemoveGearAndComboForParticipantStepDefinitions.the_following_participants_exist_in_the_system_p10(io.cucumber.datatable.DataTable)?[0m
  ?[32mGiven ?[0m?[32mthe following participants request the following pieces of gear: (p10)?[0m                                                          ?[90m# ca.mcgill.ecse.biketourplus.features.AddAndRemoveGearAndComboForParticipantStepDefinitions.the_following_participants_request_the_following_pieces_of_gear_p10(io.cucumber.datatable.DataTable)?[0m
  ?[32mGiven ?[0m?[32mthe following participants request the following combos: (p10)?[0m                                                                  ?[90m# ca.mcgill.ecse.biketourplus.features.AddAndRemoveGearAndComboForParticipantStepDefinitions.the_following_participants_request_the_following_combos_p10(io.cucumber.datatable.DataTable)?[0m
  ?[32mWhen ?[0m?[32mthe manager attempts to add a piece of gear or combo with name ?[0m?[32m?[1m"small combo"?[0m?[32m to the participant with email ?[0m?[32m?[1m"joe@email.com"?[0m?[32m (p10)?[0m ?[90m# ca.mcgill.ecse.biketourplus.features.AddAndRemoveGearAndComboForParticipantStepDefinitions.the_manager_attempts_to_add_a_piece_of_gear_or_combo_with_name_to_the_participant_with_email_p10(java.lang.String,java.lang.String)?[0m
  ?[32mThen ?[0m?[32mthe number of participants shall be ?[0m?[32m?[1m"3"?[0m?[32m (p10)?[0m                                                                                    ?[90m# ca.mcgill.ecse.biketourplus.features.AddAndRemoveGearAndComboForParticipantStepDefinitions.the_number_of_participants_shall_be_p10(java.lang.String)?[0m
  ?[32mThen ?[0m?[32mthe system shall raise the error ?[0m?[32m?[1m"The participant does not exist"?[0m?[32m (p10)?[0m                                                          ?[90m# ca.mcgill.ecse.biketourplus.features.AddAndRemoveGearAndComboForParticipantStepDefinitions.the_system_shall_raise_the_error_p10(java.lang.String)?[0m

Scenario Outline: Unsuccessfully add a piece of gear or combo to a participant that does not exist                                      ?[90m# src/test/resources/AddAndRemoveGearAndComboForParticipant.feature:81?[0m
  ?[32mGiven ?[0m?[32mthe following BikeTourPlus system exists: (p10)?[0m                                                                                 ?[90m# ca.mcgill.ecse.biketourplus.features.AddAndRemoveGearAndComboForParticipantStepDefinitions.the_following_bike_tour_plus_system_exists_p10(io.cucumber.datatable.DataTable)?[0m
  ?[32mGiven ?[0m?[32mthe following pieces of gear exist in the system: (p10)?[0m                                                                         ?[90m# ca.mcgill.ecse.biketourplus.features.AddAndRemoveGearAndComboForParticipantStepDefinitions.the_following_pieces_of_gear_exist_in_the_system_p10(io.cucumber.datatable.DataTable)?[0m
  ?[32mGiven ?[0m?[32mthe following combos exist in the system: (p10)?[0m                                                                                 ?[90m# ca.mcgill.ecse.biketourplus.features.AddAndRemoveGearAndComboForParticipantStepDefinitions.the_following_combos_exist_in_the_system_p10(io.cucumber.datatable.DataTable)?[0m
  ?[32mGiven ?[0m?[32mthe following guides exist in the system: (p10)?[0m                                                                                 ?[90m# ca.mcgill.ecse.biketourplus.features.AddAndRemoveGearAndComboForParticipantStepDefinitions.the_following_guides_exist_in_the_system_p10(io.cucumber.datatable.DataTable)?[0m
  ?[32mGiven ?[0m?[32mthe following participants exist in the system: (p10)?[0m                                                                           ?[90m# ca.mcgill.ecse.biketourplus.features.AddAndRemoveGearAndComboForParticipantStepDefinitions.the_following_participants_exist_in_the_system_p10(io.cucumber.datatable.DataTable)?[0m
  ?[32mGiven ?[0m?[32mthe following participants request the following pieces of gear: (p10)?[0m                                                          ?[90m# ca.mcgill.ecse.biketourplus.features.AddAndRemoveGearAndComboForParticipantStepDefinitions.the_following_participants_request_the_following_pieces_of_gear_p10(io.cucumber.datatable.DataTable)?[0m
  ?[32mGiven ?[0m?[32mthe following participants request the following combos: (p10)?[0m                                                                  ?[90m# ca.mcgill.ecse.biketourplus.features.AddAndRemoveGearAndComboForParticipantStepDefinitions.the_following_participants_request_the_following_combos_p10(io.cucumber.datatable.DataTable)?[0m
  ?[32mWhen ?[0m?[32mthe manager attempts to add a piece of gear or combo with name ?[0m?[32m?[1m"large combo"?[0m?[32m to the participant with email ?[0m?[32m?[1m"joe@email.com"?[0m?[32m (p10)?[0m ?[90m# ca.mcgill.ecse.biketourplus.features.AddAndRemoveGearAndComboForParticipantStepDefinitions.the_manager_attempts_to_add_a_piece_of_gear_or_combo_with_name_to_the_participant_with_email_p10(java.lang.String,java.lang.String)?[0m
  ?[32mThen ?[0m?[32mthe number of participants shall be ?[0m?[32m?[1m"3"?[0m?[32m (p10)?[0m                                                                                    ?[90m# ca.mcgill.ecse.biketourplus.features.AddAndRemoveGearAndComboForParticipantStepDefinitions.the_number_of_participants_shall_be_p10(java.lang.String)?[0m
  ?[32mThen ?[0m?[32mthe system shall raise the error ?[0m?[32m?[1m"The participant does not exist"?[0m?[32m (p10)?[0m                                                          ?[90m# ca.mcgill.ecse.biketourplus.features.AddAndRemoveGearAndComboForParticipantStepDefinitions.the_system_shall_raise_the_error_p10(java.lang.String)?[0m

Scenario Outline: Remove a piece of gear or combo from a participant successfully                                                           ?[90m# src/test/resources/AddAndRemoveGearAndComboForParticipant.feature:91?[0m
  ?[32mGiven ?[0m?[32mthe following BikeTourPlus system exists: (p10)?[0m                                                                                     ?[90m# ca.mcgill.ecse.biketourplus.features.AddAndRemoveGearAndComboForParticipantStepDefinitions.the_following_bike_tour_plus_system_exists_p10(io.cucumber.datatable.DataTable)?[0m
  ?[32mGiven ?[0m?[32mthe following pieces of gear exist in the system: (p10)?[0m                                                                             ?[90m# ca.mcgill.ecse.biketourplus.features.AddAndRemoveGearAndComboForParticipantStepDefinitions.the_following_pieces_of_gear_exist_in_the_system_p10(io.cucumber.datatable.DataTable)?[0m
  ?[32mGiven ?[0m?[32mthe following combos exist in the system: (p10)?[0m                                                                                     ?[90m# ca.mcgill.ecse.biketourplus.features.AddAndRemoveGearAndComboForParticipantStepDefinitions.the_following_combos_exist_in_the_system_p10(io.cucumber.datatable.DataTable)?[0m
  ?[32mGiven ?[0m?[32mthe following guides exist in the system: (p10)?[0m                                                                                     ?[90m# ca.mcgill.ecse.biketourplus.features.AddAndRemoveGearAndComboForParticipantStepDefinitions.the_following_guides_exist_in_the_system_p10(io.cucumber.datatable.DataTable)?[0m
  ?[32mGiven ?[0m?[32mthe following participants exist in the system: (p10)?[0m                                                                               ?[90m# ca.mcgill.ecse.biketourplus.features.AddAndRemoveGearAndComboForParticipantStepDefinitions.the_following_participants_exist_in_the_system_p10(io.cucumber.datatable.DataTable)?[0m
  ?[32mGiven ?[0m?[32mthe following participants request the following pieces of gear: (p10)?[0m                                                              ?[90m# ca.mcgill.ecse.biketourplus.features.AddAndRemoveGearAndComboForParticipantStepDefinitions.the_following_participants_request_the_following_pieces_of_gear_p10(io.cucumber.datatable.DataTable)?[0m
  ?[32mGiven ?[0m?[32mthe following participants request the following combos: (p10)?[0m                                                                      ?[90m# ca.mcgill.ecse.biketourplus.features.AddAndRemoveGearAndComboForParticipantStepDefinitions.the_following_participants_request_the_following_combos_p10(io.cucumber.datatable.DataTable)?[0m
  ?[32mWhen ?[0m?[32mthe manager attempts to remove a piece of gear or combo with name ?[0m?[32m?[1m"bike bag"?[0m?[32m from the participant with email ?[0m?[32m?[1m"peter@email.com"?[0m?[32m (p10)?[0m ?[90m# ca.mcgill.ecse.biketourplus.features.AddAndRemoveGearAndComboForParticipantStepDefinitions.the_manager_attempts_to_remove_a_piece_of_gear_or_combo_with_name_from_the_participant_with_email_p10(java.lang.String,java.lang.String)?[0m
  ?[32mThen ?[0m?[32ma piece of gear or combo shall exist with name ?[0m?[32m?[1m"bike bag"?[0m?[32m and quantity ?[0m?[32m?[1m"1"?[0m?[32m for the participant with email ?[0m?[32m?[1m"peter@email.com"?[0m?[32m (p10)?[0m    ?[90m# ca.mcgill.ecse.biketourplus.features.AddAndRemoveGearAndComboForParticipantStepDefinitions.a_piece_of_gear_or_combo_shall_exist_with_name_and_quantity_for_the_participant_with_email_p10(java.lang.String,java.lang.String,java.lang.String)?[0m
  ?[32mThen ?[0m?[32mthe number of pieces of gear or combos for the participant with email ?[0m?[32m?[1m"peter@email.com"?[0m?[32m shall be ?[0m?[32m?[1m"3"?[0m?[32m (p10)?[0m                           ?[90m# ca.mcgill.ecse.biketourplus.features.AddAndRemoveGearAndComboForParticipantStepDefinitions.the_number_of_pieces_of_gear_or_combos_for_the_participant_with_email_shall_be_p10(java.lang.String,java.lang.String)?[0m
  ?[32mThen ?[0m?[32mthe number of participants shall be ?[0m?[32m?[1m"3"?[0m?[32m (p10)?[0m                                                                                        ?[90m# ca.mcgill.ecse.biketourplus.features.AddAndRemoveGearAndComboForParticipantStepDefinitions.the_number_of_participants_shall_be_p10(java.lang.String)?[0m

Scenario Outline: Remove a piece of gear or combo from a participant successfully                                                              ?[90m# src/test/resources/AddAndRemoveGearAndComboForParticipant.feature:92?[0m
  ?[32mGiven ?[0m?[32mthe following BikeTourPlus system exists: (p10)?[0m                                                                                        ?[90m# ca.mcgill.ecse.biketourplus.features.AddAndRemoveGearAndComboForParticipantStepDefinitions.the_following_bike_tour_plus_system_exists_p10(io.cucumber.datatable.DataTable)?[0m
  ?[32mGiven ?[0m?[32mthe following pieces of gear exist in the system: (p10)?[0m                                                                                ?[90m# ca.mcgill.ecse.biketourplus.features.AddAndRemoveGearAndComboForParticipantStepDefinitions.the_following_pieces_of_gear_exist_in_the_system_p10(io.cucumber.datatable.DataTable)?[0m
  ?[32mGiven ?[0m?[32mthe following combos exist in the system: (p10)?[0m                                                                                        ?[90m# ca.mcgill.ecse.biketourplus.features.AddAndRemoveGearAndComboForParticipantStepDefinitions.the_following_combos_exist_in_the_system_p10(io.cucumber.datatable.DataTable)?[0m
  ?[32mGiven ?[0m?[32mthe following guides exist in the system: (p10)?[0m                                                                                        ?[90m# ca.mcgill.ecse.biketourplus.features.AddAndRemoveGearAndComboForParticipantStepDefinitions.the_following_guides_exist_in_the_system_p10(io.cucumber.datatable.DataTable)?[0m
  ?[32mGiven ?[0m?[32mthe following participants exist in the system: (p10)?[0m                                                                                  ?[90m# ca.mcgill.ecse.biketourplus.features.AddAndRemoveGearAndComboForParticipantStepDefinitions.the_following_participants_exist_in_the_system_p10(io.cucumber.datatable.DataTable)?[0m
  ?[32mGiven ?[0m?[32mthe following participants request the following pieces of gear: (p10)?[0m                                                                 ?[90m# ca.mcgill.ecse.biketourplus.features.AddAndRemoveGearAndComboForParticipantStepDefinitions.the_following_participants_request_the_following_pieces_of_gear_p10(io.cucumber.datatable.DataTable)?[0m
  ?[32mGiven ?[0m?[32mthe following participants request the following combos: (p10)?[0m                                                                         ?[90m# ca.mcgill.ecse.biketourplus.features.AddAndRemoveGearAndComboForParticipantStepDefinitions.the_following_participants_request_the_following_combos_p10(io.cucumber.datatable.DataTable)?[0m
  ?[32mWhen ?[0m?[32mthe manager attempts to remove a piece of gear or combo with name ?[0m?[32m?[1m"large combo"?[0m?[32m from the participant with email ?[0m?[32m?[1m"tyler@email.com"?[0m?[32m (p10)?[0m ?[90m# ca.mcgill.ecse.biketourplus.features.AddAndRemoveGearAndComboForParticipantStepDefinitions.the_manager_attempts_to_remove_a_piece_of_gear_or_combo_with_name_from_the_participant_with_email_p10(java.lang.String,java.lang.String)?[0m
  ?[32mThen ?[0m?[32ma piece of gear or combo shall exist with name ?[0m?[32m?[1m"large combo"?[0m?[32m and quantity ?[0m?[32m?[1m"1"?[0m?[32m for the participant with email ?[0m?[32m?[1m"tyler@email.com"?[0m?[32m (p10)?[0m    ?[90m# ca.mcgill.ecse.biketourplus.features.AddAndRemoveGearAndComboForParticipantStepDefinitions.a_piece_of_gear_or_combo_shall_exist_with_name_and_quantity_for_the_participant_with_email_p10(java.lang.String,java.lang.String,java.lang.String)?[0m
  ?[32mThen ?[0m?[32mthe number of pieces of gear or combos for the participant with email ?[0m?[32m?[1m"tyler@email.com"?[0m?[32m shall be ?[0m?[32m?[1m"1"?[0m?[32m (p10)?[0m                              ?[90m# ca.mcgill.ecse.biketourplus.features.AddAndRemoveGearAndComboForParticipantStepDefinitions.the_number_of_pieces_of_gear_or_combos_for_the_participant_with_email_shall_be_p10(java.lang.String,java.lang.String)?[0m
  ?[32mThen ?[0m?[32mthe number of participants shall be ?[0m?[32m?[1m"3"?[0m?[32m (p10)?[0m                                                                                           ?[90m# ca.mcgill.ecse.biketourplus.features.AddAndRemoveGearAndComboForParticipantStepDefinitions.the_number_of_participants_shall_be_p10(java.lang.String)?[0m

Scenario Outline: Remove the last item of a piece of gear or combo from a participant successfully                                        ?[90m# src/test/resources/AddAndRemoveGearAndComboForParticipant.feature:102?[0m
  ?[32mGiven ?[0m?[32mthe following BikeTourPlus system exists: (p10)?[0m                                                                                   ?[90m# ca.mcgill.ecse.biketourplus.features.AddAndRemoveGearAndComboForParticipantStepDefinitions.the_following_bike_tour_plus_system_exists_p10(io.cucumber.datatable.DataTable)?[0m
  ?[32mGiven ?[0m?[32mthe following pieces of gear exist in the system: (p10)?[0m                                                                           ?[90m# ca.mcgill.ecse.biketourplus.features.AddAndRemoveGearAndComboForParticipantStepDefinitions.the_following_pieces_of_gear_exist_in_the_system_p10(io.cucumber.datatable.DataTable)?[0m
  ?[32mGiven ?[0m?[32mthe following combos exist in the system: (p10)?[0m                                                                                   ?[90m# ca.mcgill.ecse.biketourplus.features.AddAndRemoveGearAndComboForParticipantStepDefinitions.the_following_combos_exist_in_the_system_p10(io.cucumber.datatable.DataTable)?[0m
  ?[32mGiven ?[0m?[32mthe following guides exist in the system: (p10)?[0m                                                                                   ?[90m# ca.mcgill.ecse.biketourplus.features.AddAndRemoveGearAndComboForParticipantStepDefinitions.the_following_guides_exist_in_the_system_p10(io.cucumber.datatable.DataTable)?[0m
  ?[32mGiven ?[0m?[32mthe following participants exist in the system: (p10)?[0m                                                                             ?[90m# ca.mcgill.ecse.biketourplus.features.AddAndRemoveGearAndComboForParticipantStepDefinitions.the_following_participants_exist_in_the_system_p10(io.cucumber.datatable.DataTable)?[0m
  ?[32mGiven ?[0m?[32mthe following participants request the following pieces of gear: (p10)?[0m                                                            ?[90m# ca.mcgill.ecse.biketourplus.features.AddAndRemoveGearAndComboForParticipantStepDefinitions.the_following_participants_request_the_following_pieces_of_gear_p10(io.cucumber.datatable.DataTable)?[0m
  ?[32mGiven ?[0m?[32mthe following participants request the following combos: (p10)?[0m                                                                    ?[90m# ca.mcgill.ecse.biketourplus.features.AddAndRemoveGearAndComboForParticipantStepDefinitions.the_following_participants_request_the_following_combos_p10(io.cucumber.datatable.DataTable)?[0m
  ?[32mWhen ?[0m?[32mthe manager attempts to remove a piece of gear or combo with name ?[0m?[32m?[1m"e-bike"?[0m?[32m from the participant with email ?[0m?[32m?[1m"peter@email.com"?[0m?[32m (p10)?[0m ?[90m# ca.mcgill.ecse.biketourplus.features.AddAndRemoveGearAndComboForParticipantStepDefinitions.the_manager_attempts_to_remove_a_piece_of_gear_or_combo_with_name_from_the_participant_with_email_p10(java.lang.String,java.lang.String)?[0m
  ?[32mThen ?[0m?[32ma piece of gear or combo shall not exist with name ?[0m?[32m?[1m"e-bike"?[0m?[32m for the participant with email ?[0m?[32m?[1m"peter@email.com"?[0m?[32m (p10)?[0m                 ?[90m# ca.mcgill.ecse.biketourplus.features.AddAndRemoveGearAndComboForParticipantStepDefinitions.a_piece_of_gear_or_combo_shall_not_exist_with_name_for_the_participant_with_email_p10(java.lang.String,java.lang.String)?[0m
  ?[32mThen ?[0m?[32mthe number of pieces of gear or combos for the participant with email ?[0m?[32m?[1m"peter@email.com"?[0m?[32m shall be ?[0m?[32m?[1m"3"?[0m?[32m (p10)?[0m                         ?[90m# ca.mcgill.ecse.biketourplus.features.AddAndRemoveGearAndComboForParticipantStepDefinitions.the_number_of_pieces_of_gear_or_combos_for_the_participant_with_email_shall_be_p10(java.lang.String,java.lang.String)?[0m
  ?[32mThen ?[0m?[32mthe number of participants shall be ?[0m?[32m?[1m"3"?[0m?[32m (p10)?[0m                                                                                      ?[90m# ca.mcgill.ecse.biketourplus.features.AddAndRemoveGearAndComboForParticipantStepDefinitions.the_number_of_participants_shall_be_p10(java.lang.String)?[0m

Scenario Outline: Remove the last item of a piece of gear or combo from a participant successfully                                        ?[90m# src/test/resources/AddAndRemoveGearAndComboForParticipant.feature:103?[0m
  ?[32mGiven ?[0m?[32mthe following BikeTourPlus system exists: (p10)?[0m                                                                                   ?[90m# ca.mcgill.ecse.biketourplus.features.AddAndRemoveGearAndComboForParticipantStepDefinitions.the_following_bike_tour_plus_system_exists_p10(io.cucumber.datatable.DataTable)?[0m
  ?[32mGiven ?[0m?[32mthe following pieces of gear exist in the system: (p10)?[0m                                                                           ?[90m# ca.mcgill.ecse.biketourplus.features.AddAndRemoveGearAndComboForParticipantStepDefinitions.the_following_pieces_of_gear_exist_in_the_system_p10(io.cucumber.datatable.DataTable)?[0m
  ?[32mGiven ?[0m?[32mthe following combos exist in the system: (p10)?[0m                                                                                   ?[90m# ca.mcgill.ecse.biketourplus.features.AddAndRemoveGearAndComboForParticipantStepDefinitions.the_following_combos_exist_in_the_system_p10(io.cucumber.datatable.DataTable)?[0m
  ?[32mGiven ?[0m?[32mthe following guides exist in the system: (p10)?[0m                                                                                   ?[90m# ca.mcgill.ecse.biketourplus.features.AddAndRemoveGearAndComboForParticipantStepDefinitions.the_following_guides_exist_in_the_system_p10(io.cucumber.datatable.DataTable)?[0m
  ?[32mGiven ?[0m?[32mthe following participants exist in the system: (p10)?[0m                                                                             ?[90m# ca.mcgill.ecse.biketourplus.features.AddAndRemoveGearAndComboForParticipantStepDefinitions.the_following_participants_exist_in_the_system_p10(io.cucumber.datatable.DataTable)?[0m
  ?[32mGiven ?[0m?[32mthe following participants request the following pieces of gear: (p10)?[0m                                                            ?[90m# ca.mcgill.ecse.biketourplus.features.AddAndRemoveGearAndComboForParticipantStepDefinitions.the_following_participants_request_the_following_pieces_of_gear_p10(io.cucumber.datatable.DataTable)?[0m
  ?[32mGiven ?[0m?[32mthe following participants request the following combos: (p10)?[0m                                                                    ?[90m# ca.mcgill.ecse.biketourplus.features.AddAndRemoveGearAndComboForParticipantStepDefinitions.the_following_participants_request_the_following_combos_p10(io.cucumber.datatable.DataTable)?[0m
  ?[32mWhen ?[0m?[32mthe manager attempts to remove a piece of gear or combo with name ?[0m?[32m?[1m"e-bike"?[0m?[32m from the participant with email ?[0m?[32m?[1m"tyler@email.com"?[0m?[32m (p10)?[0m ?[90m# ca.mcgill.ecse.biketourplus.features.AddAndRemoveGearAndComboForParticipantStepDefinitions.the_manager_attempts_to_remove_a_piece_of_gear_or_combo_with_name_from_the_participant_with_email_p10(java.lang.String,java.lang.String)?[0m
  ?[32mThen ?[0m?[32ma piece of gear or combo shall not exist with name ?[0m?[32m?[1m"e-bike"?[0m?[32m for the participant with email ?[0m?[32m?[1m"tyler@email.com"?[0m?[32m (p10)?[0m                 ?[90m# ca.mcgill.ecse.biketourplus.features.AddAndRemoveGearAndComboForParticipantStepDefinitions.a_piece_of_gear_or_combo_shall_not_exist_with_name_for_the_participant_with_email_p10(java.lang.String,java.lang.String)?[0m
  ?[32mThen ?[0m?[32mthe number of pieces of gear or combos for the participant with email ?[0m?[32m?[1m"tyler@email.com"?[0m?[32m shall be ?[0m?[32m?[1m"1"?[0m?[32m (p10)?[0m                         ?[90m# ca.mcgill.ecse.biketourplus.features.AddAndRemoveGearAndComboForParticipantStepDefinitions.the_number_of_pieces_of_gear_or_combos_for_the_participant_with_email_shall_be_p10(java.lang.String,java.lang.String)?[0m
  ?[32mThen ?[0m?[32mthe number of participants shall be ?[0m?[32m?[1m"3"?[0m?[32m (p10)?[0m                                                                                      ?[90m# ca.mcgill.ecse.biketourplus.features.AddAndRemoveGearAndComboForParticipantStepDefinitions.the_number_of_participants_shall_be_p10(java.lang.String)?[0m

Scenario Outline: Remove the last item of a piece of gear or combo from a participant successfully                                        ?[90m# src/test/resources/AddAndRemoveGearAndComboForParticipant.feature:104?[0m
  ?[32mGiven ?[0m?[32mthe following BikeTourPlus system exists: (p10)?[0m                                                                                   ?[90m# ca.mcgill.ecse.biketourplus.features.AddAndRemoveGearAndComboForParticipantStepDefinitions.the_following_bike_tour_plus_system_exists_p10(io.cucumber.datatable.DataTable)?[0m
  ?[32mGiven ?[0m?[32mthe following pieces of gear exist in the system: (p10)?[0m                                                                           ?[90m# ca.mcgill.ecse.biketourplus.features.AddAndRemoveGearAndComboForParticipantStepDefinitions.the_following_pieces_of_gear_exist_in_the_system_p10(io.cucumber.datatable.DataTable)?[0m
  ?[32mGiven ?[0m?[32mthe following combos exist in the system: (p10)?[0m                                                                                   ?[90m# ca.mcgill.ecse.biketourplus.features.AddAndRemoveGearAndComboForParticipantStepDefinitions.the_following_combos_exist_in_the_system_p10(io.cucumber.datatable.DataTable)?[0m
  ?[32mGiven ?[0m?[32mthe following guides exist in the system: (p10)?[0m                                                                                   ?[90m# ca.mcgill.ecse.biketourplus.features.AddAndRemoveGearAndComboForParticipantStepDefinitions.the_following_guides_exist_in_the_system_p10(io.cucumber.datatable.DataTable)?[0m
  ?[32mGiven ?[0m?[32mthe following participants exist in the system: (p10)?[0m                                                                             ?[90m# ca.mcgill.ecse.biketourplus.features.AddAndRemoveGearAndComboForParticipantStepDefinitions.the_following_participants_exist_in_the_system_p10(io.cucumber.datatable.DataTable)?[0m
  ?[32mGiven ?[0m?[32mthe following participants request the following pieces of gear: (p10)?[0m                                                            ?[90m# ca.mcgill.ecse.biketourplus.features.AddAndRemoveGearAndComboForParticipantStepDefinitions.the_following_participants_request_the_following_pieces_of_gear_p10(io.cucumber.datatable.DataTable)?[0m
  ?[32mGiven ?[0m?[32mthe following participants request the following combos: (p10)?[0m                                                                    ?[90m# ca.mcgill.ecse.biketourplus.features.AddAndRemoveGearAndComboForParticipantStepDefinitions.the_following_participants_request_the_following_combos_p10(io.cucumber.datatable.DataTable)?[0m
  ?[32mWhen ?[0m?[32mthe manager attempts to remove a piece of gear or combo with name ?[0m?[32m?[1m"helmet"?[0m?[32m from the participant with email ?[0m?[32m?[1m"peter@email.com"?[0m?[32m (p10)?[0m ?[90m# ca.mcgill.ecse.biketourplus.features.AddAndRemoveGearAndComboForParticipantStepDefinitions.the_manager_attempts_to_remove_a_piece_of_gear_or_combo_with_name_from_the_participant_with_email_p10(java.lang.String,java.lang.String)?[0m
  ?[32mThen ?[0m?[32ma piece of gear or combo shall not exist with name ?[0m?[32m?[1m"helmet"?[0m?[32m for the participant with email ?[0m?[32m?[1m"peter@email.com"?[0m?[32m (p10)?[0m                 ?[90m# ca.mcgill.ecse.biketourplus.features.AddAndRemoveGearAndComboForParticipantStepDefinitions.a_piece_of_gear_or_combo_shall_not_exist_with_name_for_the_participant_with_email_p10(java.lang.String,java.lang.String)?[0m
  ?[32mThen ?[0m?[32mthe number of pieces of gear or combos for the participant with email ?[0m?[32m?[1m"peter@email.com"?[0m?[32m shall be ?[0m?[32m?[1m"2"?[0m?[32m (p10)?[0m                         ?[90m# ca.mcgill.ecse.biketourplus.features.AddAndRemoveGearAndComboForParticipantStepDefinitions.the_number_of_pieces_of_gear_or_combos_for_the_participant_with_email_shall_be_p10(java.lang.String,java.lang.String)?[0m
  ?[32mThen ?[0m?[32mthe number of participants shall be ?[0m?[32m?[1m"3"?[0m?[32m (p10)?[0m                                                                                      ?[90m# ca.mcgill.ecse.biketourplus.features.AddAndRemoveGearAndComboForParticipantStepDefinitions.the_number_of_participants_shall_be_p10(java.lang.String)?[0m

Scenario Outline: Remove the last item of a piece of gear or combo from a participant successfully                                        ?[90m# src/test/resources/AddAndRemoveGearAndComboForParticipant.feature:105?[0m
  ?[32mGiven ?[0m?[32mthe following BikeTourPlus system exists: (p10)?[0m                                                                                   ?[90m# ca.mcgill.ecse.biketourplus.features.AddAndRemoveGearAndComboForParticipantStepDefinitions.the_following_bike_tour_plus_system_exists_p10(io.cucumber.datatable.DataTable)?[0m
  ?[32mGiven ?[0m?[32mthe following pieces of gear exist in the system: (p10)?[0m                                                                           ?[90m# ca.mcgill.ecse.biketourplus.features.AddAndRemoveGearAndComboForParticipantStepDefinitions.the_following_pieces_of_gear_exist_in_the_system_p10(io.cucumber.datatable.DataTable)?[0m
  ?[32mGiven ?[0m?[32mthe following combos exist in the system: (p10)?[0m                                                                                   ?[90m# ca.mcgill.ecse.biketourplus.features.AddAndRemoveGearAndComboForParticipantStepDefinitions.the_following_combos_exist_in_the_system_p10(io.cucumber.datatable.DataTable)?[0m
  ?[32mGiven ?[0m?[32mthe following guides exist in the system: (p10)?[0m                                                                                   ?[90m# ca.mcgill.ecse.biketourplus.features.AddAndRemoveGearAndComboForParticipantStepDefinitions.the_following_guides_exist_in_the_system_p10(io.cucumber.datatable.DataTable)?[0m
  ?[32mGiven ?[0m?[32mthe following participants exist in the system: (p10)?[0m                                                                             ?[90m# ca.mcgill.ecse.biketourplus.features.AddAndRemoveGearAndComboForParticipantStepDefinitions.the_following_participants_exist_in_the_system_p10(io.cucumber.datatable.DataTable)?[0m
  ?[32mGiven ?[0m?[32mthe following participants request the following pieces of gear: (p10)?[0m                                                            ?[90m# ca.mcgill.ecse.biketourplus.features.AddAndRemoveGearAndComboForParticipantStepDefinitions.the_following_participants_request_the_following_pieces_of_gear_p10(io.cucumber.datatable.DataTable)?[0m
  ?[32mGiven ?[0m?[32mthe following participants request the following combos: (p10)?[0m                                                                    ?[90m# ca.mcgill.ecse.biketourplus.features.AddAndRemoveGearAndComboForParticipantStepDefinitions.the_following_participants_request_the_following_combos_p10(io.cucumber.datatable.DataTable)?[0m
  ?[32mWhen ?[0m?[32mthe manager attempts to remove a piece of gear or combo with name ?[0m?[32m?[1m"helmet"?[0m?[32m from the participant with email ?[0m?[32m?[1m"tyler@email.com"?[0m?[32m (p10)?[0m ?[90m# ca.mcgill.ecse.biketourplus.features.AddAndRemoveGearAndComboForParticipantStepDefinitions.the_manager_attempts_to_remove_a_piece_of_gear_or_combo_with_name_from_the_participant_with_email_p10(java.lang.String,java.lang.String)?[0m
  ?[32mThen ?[0m?[32ma piece of gear or combo shall not exist with name ?[0m?[32m?[1m"helmet"?[0m?[32m for the participant with email ?[0m?[32m?[1m"tyler@email.com"?[0m?[32m (p10)?[0m                 ?[90m# ca.mcgill.ecse.biketourplus.features.AddAndRemoveGearAndComboForParticipantStepDefinitions.a_piece_of_gear_or_combo_shall_not_exist_with_name_for_the_participant_with_email_p10(java.lang.String,java.lang.String)?[0m
  ?[32mThen ?[0m?[32mthe number of pieces of gear or combos for the participant with email ?[0m?[32m?[1m"tyler@email.com"?[0m?[32m shall be ?[0m?[32m?[1m"1"?[0m?[32m (p10)?[0m                         ?[90m# ca.mcgill.ecse.biketourplus.features.AddAndRemoveGearAndComboForParticipantStepDefinitions.the_number_of_pieces_of_gear_or_combos_for_the_participant_with_email_shall_be_p10(java.lang.String,java.lang.String)?[0m
  ?[32mThen ?[0m?[32mthe number of participants shall be ?[0m?[32m?[1m"3"?[0m?[32m (p10)?[0m                                                                                      ?[90m# ca.mcgill.ecse.biketourplus.features.AddAndRemoveGearAndComboForParticipantStepDefinitions.the_number_of_participants_shall_be_p10(java.lang.String)?[0m

Scenario Outline: Remove the last item of a piece of gear or combo from a participant successfully                                             ?[90m# src/test/resources/AddAndRemoveGearAndComboForParticipant.feature:106?[0m
  ?[32mGiven ?[0m?[32mthe following BikeTourPlus system exists: (p10)?[0m                                                                                        ?[90m# ca.mcgill.ecse.biketourplus.features.AddAndRemoveGearAndComboForParticipantStepDefinitions.the_following_bike_tour_plus_system_exists_p10(io.cucumber.datatable.DataTable)?[0m
  ?[32mGiven ?[0m?[32mthe following pieces of gear exist in the system: (p10)?[0m                                                                                ?[90m# ca.mcgill.ecse.biketourplus.features.AddAndRemoveGearAndComboForParticipantStepDefinitions.the_following_pieces_of_gear_exist_in_the_system_p10(io.cucumber.datatable.DataTable)?[0m
  ?[32mGiven ?[0m?[32mthe following combos exist in the system: (p10)?[0m                                                                                        ?[90m# ca.mcgill.ecse.biketourplus.features.AddAndRemoveGearAndComboForParticipantStepDefinitions.the_following_combos_exist_in_the_system_p10(io.cucumber.datatable.DataTable)?[0m
  ?[32mGiven ?[0m?[32mthe following guides exist in the system: (p10)?[0m                                                                                        ?[90m# ca.mcgill.ecse.biketourplus.features.AddAndRemoveGearAndComboForParticipantStepDefinitions.the_following_guides_exist_in_the_system_p10(io.cucumber.datatable.DataTable)?[0m
  ?[32mGiven ?[0m?[32mthe following participants exist in the system: (p10)?[0m                                                                                  ?[90m# ca.mcgill.ecse.biketourplus.features.AddAndRemoveGearAndComboForParticipantStepDefinitions.the_following_participants_exist_in_the_system_p10(io.cucumber.datatable.DataTable)?[0m
  ?[32mGiven ?[0m?[32mthe following participants request the following pieces of gear: (p10)?[0m                                                                 ?[90m# ca.mcgill.ecse.biketourplus.features.AddAndRemoveGearAndComboForParticipantStepDefinitions.the_following_participants_request_the_following_pieces_of_gear_p10(io.cucumber.datatable.DataTable)?[0m
  ?[32mGiven ?[0m?[32mthe following participants request the following combos: (p10)?[0m                                                                         ?[90m# ca.mcgill.ecse.biketourplus.features.AddAndRemoveGearAndComboForParticipantStepDefinitions.the_following_participants_request_the_following_combos_p10(io.cucumber.datatable.DataTable)?[0m
  ?[32mWhen ?[0m?[32mthe manager attempts to remove a piece of gear or combo with name ?[0m?[32m?[1m"small combo"?[0m?[32m from the participant with email ?[0m?[32m?[1m"peter@email.com"?[0m?[32m (p10)?[0m ?[90m# ca.mcgill.ecse.biketourplus.features.AddAndRemoveGearAndComboForParticipantStepDefinitions.the_manager_attempts_to_remove_a_piece_of_gear_or_combo_with_name_from_the_participant_with_email_p10(java.lang.String,java.lang.String)?[0m
  ?[32mThen ?[0m?[32ma piece of gear or combo shall not exist with name ?[0m?[32m?[1m"small combo"?[0m?[32m for the participant with email ?[0m?[32m?[1m"peter@email.com"?[0m?[32m (p10)?[0m                 ?[90m# ca.mcgill.ecse.biketourplus.features.AddAndRemoveGearAndComboForParticipantStepDefinitions.a_piece_of_gear_or_combo_shall_not_exist_with_name_for_the_participant_with_email_p10(java.lang.String,java.lang.String)?[0m
  ?[32mThen ?[0m?[32mthe number of pieces of gear or combos for the participant with email ?[0m?[32m?[1m"peter@email.com"?[0m?[32m shall be ?[0m?[32m?[1m"2"?[0m?[32m (p10)?[0m                              ?[90m# ca.mcgill.ecse.biketourplus.features.AddAndRemoveGearAndComboForParticipantStepDefinitions.the_number_of_pieces_of_gear_or_combos_for_the_participant_with_email_shall_be_p10(java.lang.String,java.lang.String)?[0m
  ?[32mThen ?[0m?[32mthe number of participants shall be ?[0m?[32m?[1m"3"?[0m?[32m (p10)?[0m                                                                                           ?[90m# ca.mcgill.ecse.biketourplus.features.AddAndRemoveGearAndComboForParticipantStepDefinitions.the_number_of_participants_shall_be_p10(java.lang.String)?[0m

Scenario Outline: Remove the last item of a piece of gear or combo from a participant successfully                                             ?[90m# src/test/resources/AddAndRemoveGearAndComboForParticipant.feature:107?[0m
  ?[32mGiven ?[0m?[32mthe following BikeTourPlus system exists: (p10)?[0m                                                                                        ?[90m# ca.mcgill.ecse.biketourplus.features.AddAndRemoveGearAndComboForParticipantStepDefinitions.the_following_bike_tour_plus_system_exists_p10(io.cucumber.datatable.DataTable)?[0m
  ?[32mGiven ?[0m?[32mthe following pieces of gear exist in the system: (p10)?[0m                                                                                ?[90m# ca.mcgill.ecse.biketourplus.features.AddAndRemoveGearAndComboForParticipantStepDefinitions.the_following_pieces_of_gear_exist_in_the_system_p10(io.cucumber.datatable.DataTable)?[0m
  ?[32mGiven ?[0m?[32mthe following combos exist in the system: (p10)?[0m                                                                                        ?[90m# ca.mcgill.ecse.biketourplus.features.AddAndRemoveGearAndComboForParticipantStepDefinitions.the_following_combos_exist_in_the_system_p10(io.cucumber.datatable.DataTable)?[0m
  ?[32mGiven ?[0m?[32mthe following guides exist in the system: (p10)?[0m                                                                                        ?[90m# ca.mcgill.ecse.biketourplus.features.AddAndRemoveGearAndComboForParticipantStepDefinitions.the_following_guides_exist_in_the_system_p10(io.cucumber.datatable.DataTable)?[0m
  ?[32mGiven ?[0m?[32mthe following participants exist in the system: (p10)?[0m                                                                                  ?[90m# ca.mcgill.ecse.biketourplus.features.AddAndRemoveGearAndComboForParticipantStepDefinitions.the_following_participants_exist_in_the_system_p10(io.cucumber.datatable.DataTable)?[0m
  ?[32mGiven ?[0m?[32mthe following participants request the following pieces of gear: (p10)?[0m                                                                 ?[90m# ca.mcgill.ecse.biketourplus.features.AddAndRemoveGearAndComboForParticipantStepDefinitions.the_following_participants_request_the_following_pieces_of_gear_p10(io.cucumber.datatable.DataTable)?[0m
  ?[32mGiven ?[0m?[32mthe following participants request the following combos: (p10)?[0m                                                                         ?[90m# ca.mcgill.ecse.biketourplus.features.AddAndRemoveGearAndComboForParticipantStepDefinitions.the_following_participants_request_the_following_combos_p10(io.cucumber.datatable.DataTable)?[0m
  ?[32mWhen ?[0m?[32mthe manager attempts to remove a piece of gear or combo with name ?[0m?[32m?[1m"small combo"?[0m?[32m from the participant with email ?[0m?[32m?[1m"tyler@email.com"?[0m?[32m (p10)?[0m ?[90m# ca.mcgill.ecse.biketourplus.features.AddAndRemoveGearAndComboForParticipantStepDefinitions.the_manager_attempts_to_remove_a_piece_of_gear_or_combo_with_name_from_the_participant_with_email_p10(java.lang.String,java.lang.String)?[0m
  ?[32mThen ?[0m?[32ma piece of gear or combo shall not exist with name ?[0m?[32m?[1m"small combo"?[0m?[32m for the participant with email ?[0m?[32m?[1m"tyler@email.com"?[0m?[32m (p10)?[0m                 ?[90m# ca.mcgill.ecse.biketourplus.features.AddAndRemoveGearAndComboForParticipantStepDefinitions.a_piece_of_gear_or_combo_shall_not_exist_with_name_for_the_participant_with_email_p10(java.lang.String,java.lang.String)?[0m
  ?[32mThen ?[0m?[32mthe number of pieces of gear or combos for the participant with email ?[0m?[32m?[1m"tyler@email.com"?[0m?[32m shall be ?[0m?[32m?[1m"1"?[0m?[32m (p10)?[0m                              ?[90m# ca.mcgill.ecse.biketourplus.features.AddAndRemoveGearAndComboForParticipantStepDefinitions.the_number_of_pieces_of_gear_or_combos_for_the_participant_with_email_shall_be_p10(java.lang.String,java.lang.String)?[0m
  ?[32mThen ?[0m?[32mthe number of participants shall be ?[0m?[32m?[1m"3"?[0m?[32m (p10)?[0m                                                                                           ?[90m# ca.mcgill.ecse.biketourplus.features.AddAndRemoveGearAndComboForParticipantStepDefinitions.the_number_of_participants_shall_be_p10(java.lang.String)?[0m

Scenario Outline: Remove the last item of a piece of gear or combo from a participant successfully                                             ?[90m# src/test/resources/AddAndRemoveGearAndComboForParticipant.feature:108?[0m
  ?[32mGiven ?[0m?[32mthe following BikeTourPlus system exists: (p10)?[0m                                                                                        ?[90m# ca.mcgill.ecse.biketourplus.features.AddAndRemoveGearAndComboForParticipantStepDefinitions.the_following_bike_tour_plus_system_exists_p10(io.cucumber.datatable.DataTable)?[0m
  ?[32mGiven ?[0m?[32mthe following pieces of gear exist in the system: (p10)?[0m                                                                                ?[90m# ca.mcgill.ecse.biketourplus.features.AddAndRemoveGearAndComboForParticipantStepDefinitions.the_following_pieces_of_gear_exist_in_the_system_p10(io.cucumber.datatable.DataTable)?[0m
  ?[32mGiven ?[0m?[32mthe following combos exist in the system: (p10)?[0m                                                                                        ?[90m# ca.mcgill.ecse.biketourplus.features.AddAndRemoveGearAndComboForParticipantStepDefinitions.the_following_combos_exist_in_the_system_p10(io.cucumber.datatable.DataTable)?[0m
  ?[32mGiven ?[0m?[32mthe following guides exist in the system: (p10)?[0m                                                                                        ?[90m# ca.mcgill.ecse.biketourplus.features.AddAndRemoveGearAndComboForParticipantStepDefinitions.the_following_guides_exist_in_the_system_p10(io.cucumber.datatable.DataTable)?[0m
  ?[32mGiven ?[0m?[32mthe following participants exist in the system: (p10)?[0m                                                                                  ?[90m# ca.mcgill.ecse.biketourplus.features.AddAndRemoveGearAndComboForParticipantStepDefinitions.the_following_participants_exist_in_the_system_p10(io.cucumber.datatable.DataTable)?[0m
  ?[32mGiven ?[0m?[32mthe following participants request the following pieces of gear: (p10)?[0m                                                                 ?[90m# ca.mcgill.ecse.biketourplus.features.AddAndRemoveGearAndComboForParticipantStepDefinitions.the_following_participants_request_the_following_pieces_of_gear_p10(io.cucumber.datatable.DataTable)?[0m
  ?[32mGiven ?[0m?[32mthe following participants request the following combos: (p10)?[0m                                                                         ?[90m# ca.mcgill.ecse.biketourplus.features.AddAndRemoveGearAndComboForParticipantStepDefinitions.the_following_participants_request_the_following_combos_p10(io.cucumber.datatable.DataTable)?[0m
  ?[32mWhen ?[0m?[32mthe manager attempts to remove a piece of gear or combo with name ?[0m?[32m?[1m"large combo"?[0m?[32m from the participant with email ?[0m?[32m?[1m"peter@email.com"?[0m?[32m (p10)?[0m ?[90m# ca.mcgill.ecse.biketourplus.features.AddAndRemoveGearAndComboForParticipantStepDefinitions.the_manager_attempts_to_remove_a_piece_of_gear_or_combo_with_name_from_the_participant_with_email_p10(java.lang.String,java.lang.String)?[0m
  ?[32mThen ?[0m?[32ma piece of gear or combo shall not exist with name ?[0m?[32m?[1m"large combo"?[0m?[32m for the participant with email ?[0m?[32m?[1m"peter@email.com"?[0m?[32m (p10)?[0m                 ?[90m# ca.mcgill.ecse.biketourplus.features.AddAndRemoveGearAndComboForParticipantStepDefinitions.a_piece_of_gear_or_combo_shall_not_exist_with_name_for_the_participant_with_email_p10(java.lang.String,java.lang.String)?[0m
  ?[32mThen ?[0m?[32mthe number of pieces of gear or combos for the participant with email ?[0m?[32m?[1m"peter@email.com"?[0m?[32m shall be ?[0m?[32m?[1m"3"?[0m?[32m (p10)?[0m                              ?[90m# ca.mcgill.ecse.biketourplus.features.AddAndRemoveGearAndComboForParticipantStepDefinitions.the_number_of_pieces_of_gear_or_combos_for_the_participant_with_email_shall_be_p10(java.lang.String,java.lang.String)?[0m
  ?[32mThen ?[0m?[32mthe number of participants shall be ?[0m?[32m?[1m"3"?[0m?[32m (p10)?[0m                                                                                           ?[90m# ca.mcgill.ecse.biketourplus.features.AddAndRemoveGearAndComboForParticipantStepDefinitions.the_number_of_participants_shall_be_p10(java.lang.String)?[0m

Scenario Outline: Remove the last item of a piece of gear or combo from a participant successfully                                            ?[90m# src/test/resources/AddAndRemoveGearAndComboForParticipant.feature:109?[0m
  ?[32mGiven ?[0m?[32mthe following BikeTourPlus system exists: (p10)?[0m                                                                                       ?[90m# ca.mcgill.ecse.biketourplus.features.AddAndRemoveGearAndComboForParticipantStepDefinitions.the_following_bike_tour_plus_system_exists_p10(io.cucumber.datatable.DataTable)?[0m
  ?[32mGiven ?[0m?[32mthe following pieces of gear exist in the system: (p10)?[0m                                                                               ?[90m# ca.mcgill.ecse.biketourplus.features.AddAndRemoveGearAndComboForParticipantStepDefinitions.the_following_pieces_of_gear_exist_in_the_system_p10(io.cucumber.datatable.DataTable)?[0m
  ?[32mGiven ?[0m?[32mthe following combos exist in the system: (p10)?[0m                                                                                       ?[90m# ca.mcgill.ecse.biketourplus.features.AddAndRemoveGearAndComboForParticipantStepDefinitions.the_following_combos_exist_in_the_system_p10(io.cucumber.datatable.DataTable)?[0m
  ?[32mGiven ?[0m?[32mthe following guides exist in the system: (p10)?[0m                                                                                       ?[90m# ca.mcgill.ecse.biketourplus.features.AddAndRemoveGearAndComboForParticipantStepDefinitions.the_following_guides_exist_in_the_system_p10(io.cucumber.datatable.DataTable)?[0m
  ?[32mGiven ?[0m?[32mthe following participants exist in the system: (p10)?[0m                                                                                 ?[90m# ca.mcgill.ecse.biketourplus.features.AddAndRemoveGearAndComboForParticipantStepDefinitions.the_following_participants_exist_in_the_system_p10(io.cucumber.datatable.DataTable)?[0m
  ?[32mGiven ?[0m?[32mthe following participants request the following pieces of gear: (p10)?[0m                                                                ?[90m# ca.mcgill.ecse.biketourplus.features.AddAndRemoveGearAndComboForParticipantStepDefinitions.the_following_participants_request_the_following_pieces_of_gear_p10(io.cucumber.datatable.DataTable)?[0m
  ?[32mGiven ?[0m?[32mthe following participants request the following combos: (p10)?[0m                                                                        ?[90m# ca.mcgill.ecse.biketourplus.features.AddAndRemoveGearAndComboForParticipantStepDefinitions.the_following_participants_request_the_following_combos_p10(io.cucumber.datatable.DataTable)?[0m
  ?[32mWhen ?[0m?[32mthe manager attempts to remove a piece of gear or combo with name ?[0m?[32m?[1m"large combo"?[0m?[32m from the participant with email ?[0m?[32m?[1m"mary@email.com"?[0m?[32m (p10)?[0m ?[90m# ca.mcgill.ecse.biketourplus.features.AddAndRemoveGearAndComboForParticipantStepDefinitions.the_manager_attempts_to_remove_a_piece_of_gear_or_combo_with_name_from_the_participant_with_email_p10(java.lang.String,java.lang.String)?[0m
  ?[32mThen ?[0m?[32ma piece of gear or combo shall not exist with name ?[0m?[32m?[1m"large combo"?[0m?[32m for the participant with email ?[0m?[32m?[1m"mary@email.com"?[0m?[32m (p10)?[0m                 ?[90m# ca.mcgill.ecse.biketourplus.features.AddAndRemoveGearAndComboForParticipantStepDefinitions.a_piece_of_gear_or_combo_shall_not_exist_with_name_for_the_participant_with_email_p10(java.lang.String,java.lang.String)?[0m
  ?[32mThen ?[0m?[32mthe number of pieces of gear or combos for the participant with email ?[0m?[32m?[1m"mary@email.com"?[0m?[32m shall be ?[0m?[32m?[1m"0"?[0m?[32m (p10)?[0m                              ?[90m# ca.mcgill.ecse.biketourplus.features.AddAndRemoveGearAndComboForParticipantStepDefinitions.the_number_of_pieces_of_gear_or_combos_for_the_participant_with_email_shall_be_p10(java.lang.String,java.lang.String)?[0m
  ?[32mThen ?[0m?[32mthe number of participants shall be ?[0m?[32m?[1m"3"?[0m?[32m (p10)?[0m                                                                                          ?[90m# ca.mcgill.ecse.biketourplus.features.AddAndRemoveGearAndComboForParticipantStepDefinitions.the_number_of_participants_shall_be_p10(java.lang.String)?[0m

Scenario Outline: Unsuccessfully remove a piece of gear or combo from a participant that does not exist                                  ?[90m# src/test/resources/AddAndRemoveGearAndComboForParticipant.feature:118?[0m
  ?[32mGiven ?[0m?[32mthe following BikeTourPlus system exists: (p10)?[0m                                                                                  ?[90m# ca.mcgill.ecse.biketourplus.features.AddAndRemoveGearAndComboForParticipantStepDefinitions.the_following_bike_tour_plus_system_exists_p10(io.cucumber.datatable.DataTable)?[0m
  ?[32mGiven ?[0m?[32mthe following pieces of gear exist in the system: (p10)?[0m                                                                          ?[90m# ca.mcgill.ecse.biketourplus.features.AddAndRemoveGearAndComboForParticipantStepDefinitions.the_following_pieces_of_gear_exist_in_the_system_p10(io.cucumber.datatable.DataTable)?[0m
  ?[32mGiven ?[0m?[32mthe following combos exist in the system: (p10)?[0m                                                                                  ?[90m# ca.mcgill.ecse.biketourplus.features.AddAndRemoveGearAndComboForParticipantStepDefinitions.the_following_combos_exist_in_the_system_p10(io.cucumber.datatable.DataTable)?[0m
  ?[32mGiven ?[0m?[32mthe following guides exist in the system: (p10)?[0m                                                                                  ?[90m# ca.mcgill.ecse.biketourplus.features.AddAndRemoveGearAndComboForParticipantStepDefinitions.the_following_guides_exist_in_the_system_p10(io.cucumber.datatable.DataTable)?[0m
  ?[32mGiven ?[0m?[32mthe following participants exist in the system: (p10)?[0m                                                                            ?[90m# ca.mcgill.ecse.biketourplus.features.AddAndRemoveGearAndComboForParticipantStepDefinitions.the_following_participants_exist_in_the_system_p10(io.cucumber.datatable.DataTable)?[0m
  ?[32mGiven ?[0m?[32mthe following participants request the following pieces of gear: (p10)?[0m                                                           ?[90m# ca.mcgill.ecse.biketourplus.features.AddAndRemoveGearAndComboForParticipantStepDefinitions.the_following_participants_request_the_following_pieces_of_gear_p10(io.cucumber.datatable.DataTable)?[0m
  ?[32mGiven ?[0m?[32mthe following participants request the following combos: (p10)?[0m                                                                   ?[90m# ca.mcgill.ecse.biketourplus.features.AddAndRemoveGearAndComboForParticipantStepDefinitions.the_following_participants_request_the_following_combos_p10(io.cucumber.datatable.DataTable)?[0m
  ?[32mWhen ?[0m?[32mthe manager attempts to remove a piece of gear or combo with name ?[0m?[32m?[1m"e-bike"?[0m?[32m from the participant with email ?[0m?[32m?[1m"john@email.com"?[0m?[32m (p10)?[0m ?[90m# ca.mcgill.ecse.biketourplus.features.AddAndRemoveGearAndComboForParticipantStepDefinitions.the_manager_attempts_to_remove_a_piece_of_gear_or_combo_with_name_from_the_participant_with_email_p10(java.lang.String,java.lang.String)?[0m
  ?[32mThen ?[0m?[32mthe number of participants shall be ?[0m?[32m?[1m"3"?[0m?[32m (p10)?[0m                                                                                     ?[90m# ca.mcgill.ecse.biketourplus.features.AddAndRemoveGearAndComboForParticipantStepDefinitions.the_number_of_participants_shall_be_p10(java.lang.String)?[0m
  ?[32mThen ?[0m?[32mthe system shall raise the error ?[0m?[32m?[1m"The participant does not exist"?[0m?[32m (p10)?[0m                                                           ?[90m# ca.mcgill.ecse.biketourplus.features.AddAndRemoveGearAndComboForParticipantStepDefinitions.the_system_shall_raise_the_error_p10(java.lang.String)?[0m

Scenario Outline: Unsuccessfully remove a piece of gear or combo from a participant that does not exist                                  ?[90m# src/test/resources/AddAndRemoveGearAndComboForParticipant.feature:119?[0m
  ?[32mGiven ?[0m?[32mthe following BikeTourPlus system exists: (p10)?[0m                                                                                  ?[90m# ca.mcgill.ecse.biketourplus.features.AddAndRemoveGearAndComboForParticipantStepDefinitions.the_following_bike_tour_plus_system_exists_p10(io.cucumber.datatable.DataTable)?[0m
  ?[32mGiven ?[0m?[32mthe following pieces of gear exist in the system: (p10)?[0m                                                                          ?[90m# ca.mcgill.ecse.biketourplus.features.AddAndRemoveGearAndComboForParticipantStepDefinitions.the_following_pieces_of_gear_exist_in_the_system_p10(io.cucumber.datatable.DataTable)?[0m
  ?[32mGiven ?[0m?[32mthe following combos exist in the system: (p10)?[0m                                                                                  ?[90m# ca.mcgill.ecse.biketourplus.features.AddAndRemoveGearAndComboForParticipantStepDefinitions.the_following_combos_exist_in_the_system_p10(io.cucumber.datatable.DataTable)?[0m
  ?[32mGiven ?[0m?[32mthe following guides exist in the system: (p10)?[0m                                                                                  ?[90m# ca.mcgill.ecse.biketourplus.features.AddAndRemoveGearAndComboForParticipantStepDefinitions.the_following_guides_exist_in_the_system_p10(io.cucumber.datatable.DataTable)?[0m
  ?[32mGiven ?[0m?[32mthe following participants exist in the system: (p10)?[0m                                                                            ?[90m# ca.mcgill.ecse.biketourplus.features.AddAndRemoveGearAndComboForParticipantStepDefinitions.the_following_participants_exist_in_the_system_p10(io.cucumber.datatable.DataTable)?[0m
  ?[32mGiven ?[0m?[32mthe following participants request the following pieces of gear: (p10)?[0m                                                           ?[90m# ca.mcgill.ecse.biketourplus.features.AddAndRemoveGearAndComboForParticipantStepDefinitions.the_following_participants_request_the_following_pieces_of_gear_p10(io.cucumber.datatable.DataTable)?[0m
  ?[32mGiven ?[0m?[32mthe following participants request the following combos: (p10)?[0m                                                                   ?[90m# ca.mcgill.ecse.biketourplus.features.AddAndRemoveGearAndComboForParticipantStepDefinitions.the_following_participants_request_the_following_combos_p10(io.cucumber.datatable.DataTable)?[0m
  ?[32mWhen ?[0m?[32mthe manager attempts to remove a piece of gear or combo with name ?[0m?[32m?[1m"helmet"?[0m?[32m from the participant with email ?[0m?[32m?[1m"john@email.com"?[0m?[32m (p10)?[0m ?[90m# ca.mcgill.ecse.biketourplus.features.AddAndRemoveGearAndComboForParticipantStepDefinitions.the_manager_attempts_to_remove_a_piece_of_gear_or_combo_with_name_from_the_participant_with_email_p10(java.lang.String,java.lang.String)?[0m
  ?[32mThen ?[0m?[32mthe number of participants shall be ?[0m?[32m?[1m"3"?[0m?[32m (p10)?[0m                                                                                     ?[90m# ca.mcgill.ecse.biketourplus.features.AddAndRemoveGearAndComboForParticipantStepDefinitions.the_number_of_participants_shall_be_p10(java.lang.String)?[0m
  ?[32mThen ?[0m?[32mthe system shall raise the error ?[0m?[32m?[1m"The participant does not exist"?[0m?[32m (p10)?[0m                                                           ?[90m# ca.mcgill.ecse.biketourplus.features.AddAndRemoveGearAndComboForParticipantStepDefinitions.the_system_shall_raise_the_error_p10(java.lang.String)?[0m

Scenario Outline: Unsuccessfully remove a piece of gear or combo from a participant that does not exist                                 ?[90m# src/test/resources/AddAndRemoveGearAndComboForParticipant.feature:120?[0m
  ?[32mGiven ?[0m?[32mthe following BikeTourPlus system exists: (p10)?[0m                                                                                 ?[90m# ca.mcgill.ecse.biketourplus.features.AddAndRemoveGearAndComboForParticipantStepDefinitions.the_following_bike_tour_plus_system_exists_p10(io.cucumber.datatable.DataTable)?[0m
  ?[32mGiven ?[0m?[32mthe following pieces of gear exist in the system: (p10)?[0m                                                                         ?[90m# ca.mcgill.ecse.biketourplus.features.AddAndRemoveGearAndComboForParticipantStepDefinitions.the_following_pieces_of_gear_exist_in_the_system_p10(io.cucumber.datatable.DataTable)?[0m
  ?[32mGiven ?[0m?[32mthe following combos exist in the system: (p10)?[0m                                                                                 ?[90m# ca.mcgill.ecse.biketourplus.features.AddAndRemoveGearAndComboForParticipantStepDefinitions.the_following_combos_exist_in_the_system_p10(io.cucumber.datatable.DataTable)?[0m
  ?[32mGiven ?[0m?[32mthe following guides exist in the system: (p10)?[0m                                                                                 ?[90m# ca.mcgill.ecse.biketourplus.features.AddAndRemoveGearAndComboForParticipantStepDefinitions.the_following_guides_exist_in_the_system_p10(io.cucumber.datatable.DataTable)?[0m
  ?[32mGiven ?[0m?[32mthe following participants exist in the system: (p10)?[0m                                                                           ?[90m# ca.mcgill.ecse.biketourplus.features.AddAndRemoveGearAndComboForParticipantStepDefinitions.the_following_participants_exist_in_the_system_p10(io.cucumber.datatable.DataTable)?[0m
  ?[32mGiven ?[0m?[32mthe following participants request the following pieces of gear: (p10)?[0m                                                          ?[90m# ca.mcgill.ecse.biketourplus.features.AddAndRemoveGearAndComboForParticipantStepDefinitions.the_following_participants_request_the_following_pieces_of_gear_p10(io.cucumber.datatable.DataTable)?[0m
  ?[32mGiven ?[0m?[32mthe following participants request the following combos: (p10)?[0m                                                                  ?[90m# ca.mcgill.ecse.biketourplus.features.AddAndRemoveGearAndComboForParticipantStepDefinitions.the_following_participants_request_the_following_combos_p10(io.cucumber.datatable.DataTable)?[0m
  ?[32mWhen ?[0m?[32mthe manager attempts to remove a piece of gear or combo with name ?[0m?[32m?[1m"e-bike"?[0m?[32m from the participant with email ?[0m?[32m?[1m"joe@email.com"?[0m?[32m (p10)?[0m ?[90m# ca.mcgill.ecse.biketourplus.features.AddAndRemoveGearAndComboForParticipantStepDefinitions.the_manager_attempts_to_remove_a_piece_of_gear_or_combo_with_name_from_the_participant_with_email_p10(java.lang.String,java.lang.String)?[0m
  ?[32mThen ?[0m?[32mthe number of participants shall be ?[0m?[32m?[1m"3"?[0m?[32m (p10)?[0m                                                                                    ?[90m# ca.mcgill.ecse.biketourplus.features.AddAndRemoveGearAndComboForParticipantStepDefinitions.the_number_of_participants_shall_be_p10(java.lang.String)?[0m
  ?[32mThen ?[0m?[32mthe system shall raise the error ?[0m?[32m?[1m"The participant does not exist"?[0m?[32m (p10)?[0m                                                          ?[90m# ca.mcgill.ecse.biketourplus.features.AddAndRemoveGearAndComboForParticipantStepDefinitions.the_system_shall_raise_the_error_p10(java.lang.String)?[0m

Scenario Outline: Unsuccessfully remove a piece of gear or combo from a participant that does not exist                                      ?[90m# src/test/resources/AddAndRemoveGearAndComboForParticipant.feature:121?[0m
  ?[32mGiven ?[0m?[32mthe following BikeTourPlus system exists: (p10)?[0m                                                                                      ?[90m# ca.mcgill.ecse.biketourplus.features.AddAndRemoveGearAndComboForParticipantStepDefinitions.the_following_bike_tour_plus_system_exists_p10(io.cucumber.datatable.DataTable)?[0m
  ?[32mGiven ?[0m?[32mthe following pieces of gear exist in the system: (p10)?[0m                                                                              ?[90m# ca.mcgill.ecse.biketourplus.features.AddAndRemoveGearAndComboForParticipantStepDefinitions.the_following_pieces_of_gear_exist_in_the_system_p10(io.cucumber.datatable.DataTable)?[0m
  ?[32mGiven ?[0m?[32mthe following combos exist in the system: (p10)?[0m                                                                                      ?[90m# ca.mcgill.ecse.biketourplus.features.AddAndRemoveGearAndComboForParticipantStepDefinitions.the_following_combos_exist_in_the_system_p10(io.cucumber.datatable.DataTable)?[0m
  ?[32mGiven ?[0m?[32mthe following guides exist in the system: (p10)?[0m                                                                                      ?[90m# ca.mcgill.ecse.biketourplus.features.AddAndRemoveGearAndComboForParticipantStepDefinitions.the_following_guides_exist_in_the_system_p10(io.cucumber.datatable.DataTable)?[0m
  ?[32mGiven ?[0m?[32mthe following participants exist in the system: (p10)?[0m                                                                                ?[90m# ca.mcgill.ecse.biketourplus.features.AddAndRemoveGearAndComboForParticipantStepDefinitions.the_following_participants_exist_in_the_system_p10(io.cucumber.datatable.DataTable)?[0m
  ?[32mGiven ?[0m?[32mthe following participants request the following pieces of gear: (p10)?[0m                                                               ?[90m# ca.mcgill.ecse.biketourplus.features.AddAndRemoveGearAndComboForParticipantStepDefinitions.the_following_participants_request_the_following_pieces_of_gear_p10(io.cucumber.datatable.DataTable)?[0m
  ?[32mGiven ?[0m?[32mthe following participants request the following combos: (p10)?[0m                                                                       ?[90m# ca.mcgill.ecse.biketourplus.features.AddAndRemoveGearAndComboForParticipantStepDefinitions.the_following_participants_request_the_following_combos_p10(io.cucumber.datatable.DataTable)?[0m
  ?[32mWhen ?[0m?[32mthe manager attempts to remove a piece of gear or combo with name ?[0m?[32m?[1m"small combo"?[0m?[32m from the participant with email ?[0m?[32m?[1m"joe@email.com"?[0m?[32m (p10)?[0m ?[90m# ca.mcgill.ecse.biketourplus.features.AddAndRemoveGearAndComboForParticipantStepDefinitions.the_manager_attempts_to_remove_a_piece_of_gear_or_combo_with_name_from_the_participant_with_email_p10(java.lang.String,java.lang.String)?[0m
  ?[32mThen ?[0m?[32mthe number of participants shall be ?[0m?[32m?[1m"3"?[0m?[32m (p10)?[0m                                                                                         ?[90m# ca.mcgill.ecse.biketourplus.features.AddAndRemoveGearAndComboForParticipantStepDefinitions.the_number_of_participants_shall_be_p10(java.lang.String)?[0m
  ?[32mThen ?[0m?[32mthe system shall raise the error ?[0m?[32m?[1m"The participant does not exist"?[0m?[32m (p10)?[0m                                                               ?[90m# ca.mcgill.ecse.biketourplus.features.AddAndRemoveGearAndComboForParticipantStepDefinitions.the_system_shall_raise_the_error_p10(java.lang.String)?[0m

Scenario Outline: Unsuccessfully remove a piece of gear or combo from a participant that does not exist                                      ?[90m# src/test/resources/AddAndRemoveGearAndComboForParticipant.feature:122?[0m
  ?[32mGiven ?[0m?[32mthe following BikeTourPlus system exists: (p10)?[0m                                                                                      ?[90m# ca.mcgill.ecse.biketourplus.features.AddAndRemoveGearAndComboForParticipantStepDefinitions.the_following_bike_tour_plus_system_exists_p10(io.cucumber.datatable.DataTable)?[0m
  ?[32mGiven ?[0m?[32mthe following pieces of gear exist in the system: (p10)?[0m                                                                              ?[90m# ca.mcgill.ecse.biketourplus.features.AddAndRemoveGearAndComboForParticipantStepDefinitions.the_following_pieces_of_gear_exist_in_the_system_p10(io.cucumber.datatable.DataTable)?[0m
  ?[32mGiven ?[0m?[32mthe following combos exist in the system: (p10)?[0m                                                                                      ?[90m# ca.mcgill.ecse.biketourplus.features.AddAndRemoveGearAndComboForParticipantStepDefinitions.the_following_combos_exist_in_the_system_p10(io.cucumber.datatable.DataTable)?[0m
  ?[32mGiven ?[0m?[32mthe following guides exist in the system: (p10)?[0m                                                                                      ?[90m# ca.mcgill.ecse.biketourplus.features.AddAndRemoveGearAndComboForParticipantStepDefinitions.the_following_guides_exist_in_the_system_p10(io.cucumber.datatable.DataTable)?[0m
  ?[32mGiven ?[0m?[32mthe following participants exist in the system: (p10)?[0m                                                                                ?[90m# ca.mcgill.ecse.biketourplus.features.AddAndRemoveGearAndComboForParticipantStepDefinitions.the_following_participants_exist_in_the_system_p10(io.cucumber.datatable.DataTable)?[0m
  ?[32mGiven ?[0m?[32mthe following participants request the following pieces of gear: (p10)?[0m                                                               ?[90m# ca.mcgill.ecse.biketourplus.features.AddAndRemoveGearAndComboForParticipantStepDefinitions.the_following_participants_request_the_following_pieces_of_gear_p10(io.cucumber.datatable.DataTable)?[0m
  ?[32mGiven ?[0m?[32mthe following participants request the following combos: (p10)?[0m                                                                       ?[90m# ca.mcgill.ecse.biketourplus.features.AddAndRemoveGearAndComboForParticipantStepDefinitions.the_following_participants_request_the_following_combos_p10(io.cucumber.datatable.DataTable)?[0m
  ?[32mWhen ?[0m?[32mthe manager attempts to remove a piece of gear or combo with name ?[0m?[32m?[1m"large combo"?[0m?[32m from the participant with email ?[0m?[32m?[1m"joe@email.com"?[0m?[32m (p10)?[0m ?[90m# ca.mcgill.ecse.biketourplus.features.AddAndRemoveGearAndComboForParticipantStepDefinitions.the_manager_attempts_to_remove_a_piece_of_gear_or_combo_with_name_from_the_participant_with_email_p10(java.lang.String,java.lang.String)?[0m
  ?[32mThen ?[0m?[32mthe number of participants shall be ?[0m?[32m?[1m"3"?[0m?[32m (p10)?[0m                                                                                         ?[90m# ca.mcgill.ecse.biketourplus.features.AddAndRemoveGearAndComboForParticipantStepDefinitions.the_number_of_participants_shall_be_p10(java.lang.String)?[0m
  ?[32mThen ?[0m?[32mthe system shall raise the error ?[0m?[32m?[1m"The participant does not exist"?[0m?[32m (p10)?[0m                                                               ?[90m# ca.mcgill.ecse.biketourplus.features.AddAndRemoveGearAndComboForParticipantStepDefinitions.the_system_shall_raise_the_error_p10(java.lang.String)?[0m

Scenario Outline: Add a piece of gear to a combo successfully                                                       ?[90m# src/test/resources/AddAndRemoveGearForCombo.feature:27?[0m
  ?[32mGiven ?[0m?[32mthe following BikeTourPlus system exists: (p2)?[0m                                                              ?[90m# ca.mcgill.ecse.biketourplus.features.AddAndRemoveGearForComboStepDefinitions.the_following_bike_tour_plus_system_exists_p2(io.cucumber.datatable.DataTable)?[0m
  ?[32mGiven ?[0m?[32mthe following pieces of gear exist in the system: (p2)?[0m                                                      ?[90m# ca.mcgill.ecse.biketourplus.features.AddAndRemoveGearForComboStepDefinitions.the_following_pieces_of_gear_exist_in_the_system_p2(io.cucumber.datatable.DataTable)?[0m
  ?[32mGiven ?[0m?[32mthe following combos exist in the system: (p2)?[0m                                                              ?[90m# ca.mcgill.ecse.biketourplus.features.AddAndRemoveGearForComboStepDefinitions.the_following_combos_exist_in_the_system_p2(io.cucumber.datatable.DataTable)?[0m
  ?[32mWhen ?[0m?[32mthe manager attempts to add a piece of gear with name ?[0m?[32m?[1m"bike bag"?[0m?[32m to the combo with name ?[0m?[32m?[1m"small combo"?[0m?[32m (p2)?[0m   ?[90m# ca.mcgill.ecse.biketourplus.features.AddAndRemoveGearForComboStepDefinitions.the_manager_attempts_to_add_a_piece_of_gear_with_name_to_the_combo_with_name_p2(java.lang.String,java.lang.String)?[0m
  ?[32mThen ?[0m?[32ma piece of gear shall exist with name ?[0m?[32m?[1m"bike bag"?[0m?[32m and quantity ?[0m?[32m?[1m"1"?[0m?[32m for the combo with name ?[0m?[32m?[1m"small combo"?[0m?[32m (p2)?[0m ?[90m# ca.mcgill.ecse.biketourplus.features.AddAndRemoveGearForComboStepDefinitions.a_piece_of_gear_shall_exist_with_name_and_quantity_for_the_combo_with_name_p2(java.lang.String,java.lang.String,java.lang.String)?[0m
  ?[32mThen ?[0m?[32mthe number of pieces of gear for the combo with name ?[0m?[32m?[1m"small combo"?[0m?[32m shall be ?[0m?[32m?[1m"3"?[0m?[32m (p2)?[0m                         ?[90m# ca.mcgill.ecse.biketourplus.features.AddAndRemoveGearForComboStepDefinitions.the_number_of_pieces_of_gear_for_the_combo_with_name_shall_be_p2(java.lang.String,java.lang.String)?[0m
  ?[32mThen ?[0m?[32mthe number of combos shall be ?[0m?[32m?[1m"2"?[0m?[32m (p2)?[0m                                                                       ?[90m# ca.mcgill.ecse.biketourplus.features.AddAndRemoveGearForComboStepDefinitions.the_number_of_combos_shall_be_p2(java.lang.String)?[0m

Scenario Outline: Add a piece of gear to a combo successfully                                                       ?[90m# src/test/resources/AddAndRemoveGearForCombo.feature:28?[0m
  ?[32mGiven ?[0m?[32mthe following BikeTourPlus system exists: (p2)?[0m                                                              ?[90m# ca.mcgill.ecse.biketourplus.features.AddAndRemoveGearForComboStepDefinitions.the_following_bike_tour_plus_system_exists_p2(io.cucumber.datatable.DataTable)?[0m
  ?[32mGiven ?[0m?[32mthe following pieces of gear exist in the system: (p2)?[0m                                                      ?[90m# ca.mcgill.ecse.biketourplus.features.AddAndRemoveGearForComboStepDefinitions.the_following_pieces_of_gear_exist_in_the_system_p2(io.cucumber.datatable.DataTable)?[0m
  ?[32mGiven ?[0m?[32mthe following combos exist in the system: (p2)?[0m                                                              ?[90m# ca.mcgill.ecse.biketourplus.features.AddAndRemoveGearForComboStepDefinitions.the_following_combos_exist_in_the_system_p2(io.cucumber.datatable.DataTable)?[0m
  ?[32mWhen ?[0m?[32mthe manager attempts to add a piece of gear with name ?[0m?[32m?[1m"bike bag"?[0m?[32m to the combo with name ?[0m?[32m?[1m"large combo"?[0m?[32m (p2)?[0m   ?[90m# ca.mcgill.ecse.biketourplus.features.AddAndRemoveGearForComboStepDefinitions.the_manager_attempts_to_add_a_piece_of_gear_with_name_to_the_combo_with_name_p2(java.lang.String,java.lang.String)?[0m
  ?[32mThen ?[0m?[32ma piece of gear shall exist with name ?[0m?[32m?[1m"bike bag"?[0m?[32m and quantity ?[0m?[32m?[1m"3"?[0m?[32m for the combo with name ?[0m?[32m?[1m"large combo"?[0m?[32m (p2)?[0m ?[90m# ca.mcgill.ecse.biketourplus.features.AddAndRemoveGearForComboStepDefinitions.a_piece_of_gear_shall_exist_with_name_and_quantity_for_the_combo_with_name_p2(java.lang.String,java.lang.String,java.lang.String)?[0m
  ?[32mThen ?[0m?[32mthe number of pieces of gear for the combo with name ?[0m?[32m?[1m"large combo"?[0m?[32m shall be ?[0m?[32m?[1m"3"?[0m?[32m (p2)?[0m                         ?[90m# ca.mcgill.ecse.biketourplus.features.AddAndRemoveGearForComboStepDefinitions.the_number_of_pieces_of_gear_for_the_combo_with_name_shall_be_p2(java.lang.String,java.lang.String)?[0m
  ?[32mThen ?[0m?[32mthe number of combos shall be ?[0m?[32m?[1m"2"?[0m?[32m (p2)?[0m                                                                       ?[90m# ca.mcgill.ecse.biketourplus.features.AddAndRemoveGearForComboStepDefinitions.the_number_of_combos_shall_be_p2(java.lang.String)?[0m

Scenario Outline: Add a piece of gear to a combo successfully                                                     ?[90m# src/test/resources/AddAndRemoveGearForCombo.feature:29?[0m
  ?[32mGiven ?[0m?[32mthe following BikeTourPlus system exists: (p2)?[0m                                                            ?[90m# ca.mcgill.ecse.biketourplus.features.AddAndRemoveGearForComboStepDefinitions.the_following_bike_tour_plus_system_exists_p2(io.cucumber.datatable.DataTable)?[0m
  ?[32mGiven ?[0m?[32mthe following pieces of gear exist in the system: (p2)?[0m                                                    ?[90m# ca.mcgill.ecse.biketourplus.features.AddAndRemoveGearForComboStepDefinitions.the_following_pieces_of_gear_exist_in_the_system_p2(io.cucumber.datatable.DataTable)?[0m
  ?[32mGiven ?[0m?[32mthe following combos exist in the system: (p2)?[0m                                                            ?[90m# ca.mcgill.ecse.biketourplus.features.AddAndRemoveGearForComboStepDefinitions.the_following_combos_exist_in_the_system_p2(io.cucumber.datatable.DataTable)?[0m
  ?[32mWhen ?[0m?[32mthe manager attempts to add a piece of gear with name ?[0m?[32m?[1m"e-bike"?[0m?[32m to the combo with name ?[0m?[32m?[1m"small combo"?[0m?[32m (p2)?[0m   ?[90m# ca.mcgill.ecse.biketourplus.features.AddAndRemoveGearForComboStepDefinitions.the_manager_attempts_to_add_a_piece_of_gear_with_name_to_the_combo_with_name_p2(java.lang.String,java.lang.String)?[0m
  ?[32mThen ?[0m?[32ma piece of gear shall exist with name ?[0m?[32m?[1m"e-bike"?[0m?[32m and quantity ?[0m?[32m?[1m"2"?[0m?[32m for the combo with name ?[0m?[32m?[1m"small combo"?[0m?[32m (p2)?[0m ?[90m# ca.mcgill.ecse.biketourplus.features.AddAndRemoveGearForComboStepDefinitions.a_piece_of_gear_shall_exist_with_name_and_quantity_for_the_combo_with_name_p2(java.lang.String,java.lang.String,java.lang.String)?[0m
  ?[32mThen ?[0m?[32mthe number of pieces of gear for the combo with name ?[0m?[32m?[1m"small combo"?[0m?[32m shall be ?[0m?[32m?[1m"2"?[0m?[32m (p2)?[0m                       ?[90m# ca.mcgill.ecse.biketourplus.features.AddAndRemoveGearForComboStepDefinitions.the_number_of_pieces_of_gear_for_the_combo_with_name_shall_be_p2(java.lang.String,java.lang.String)?[0m
  ?[32mThen ?[0m?[32mthe number of combos shall be ?[0m?[32m?[1m"2"?[0m?[32m (p2)?[0m                                                                     ?[90m# ca.mcgill.ecse.biketourplus.features.AddAndRemoveGearForComboStepDefinitions.the_number_of_combos_shall_be_p2(java.lang.String)?[0m

Scenario Outline: Add a piece of gear to a combo successfully                                                     ?[90m# src/test/resources/AddAndRemoveGearForCombo.feature:30?[0m
  ?[32mGiven ?[0m?[32mthe following BikeTourPlus system exists: (p2)?[0m                                                            ?[90m# ca.mcgill.ecse.biketourplus.features.AddAndRemoveGearForComboStepDefinitions.the_following_bike_tour_plus_system_exists_p2(io.cucumber.datatable.DataTable)?[0m
  ?[32mGiven ?[0m?[32mthe following pieces of gear exist in the system: (p2)?[0m                                                    ?[90m# ca.mcgill.ecse.biketourplus.features.AddAndRemoveGearForComboStepDefinitions.the_following_pieces_of_gear_exist_in_the_system_p2(io.cucumber.datatable.DataTable)?[0m
  ?[32mGiven ?[0m?[32mthe following combos exist in the system: (p2)?[0m                                                            ?[90m# ca.mcgill.ecse.biketourplus.features.AddAndRemoveGearForComboStepDefinitions.the_following_combos_exist_in_the_system_p2(io.cucumber.datatable.DataTable)?[0m
  ?[32mWhen ?[0m?[32mthe manager attempts to add a piece of gear with name ?[0m?[32m?[1m"e-bike"?[0m?[32m to the combo with name ?[0m?[32m?[1m"large combo"?[0m?[32m (p2)?[0m   ?[90m# ca.mcgill.ecse.biketourplus.features.AddAndRemoveGearForComboStepDefinitions.the_manager_attempts_to_add_a_piece_of_gear_with_name_to_the_combo_with_name_p2(java.lang.String,java.lang.String)?[0m
  ?[32mThen ?[0m?[32ma piece of gear shall exist with name ?[0m?[32m?[1m"e-bike"?[0m?[32m and quantity ?[0m?[32m?[1m"2"?[0m?[32m for the combo with name ?[0m?[32m?[1m"large combo"?[0m?[32m (p2)?[0m ?[90m# ca.mcgill.ecse.biketourplus.features.AddAndRemoveGearForComboStepDefinitions.a_piece_of_gear_shall_exist_with_name_and_quantity_for_the_combo_with_name_p2(java.lang.String,java.lang.String,java.lang.String)?[0m
  ?[32mThen ?[0m?[32mthe number of pieces of gear for the combo with name ?[0m?[32m?[1m"large combo"?[0m?[32m shall be ?[0m?[32m?[1m"3"?[0m?[32m (p2)?[0m                       ?[90m# ca.mcgill.ecse.biketourplus.features.AddAndRemoveGearForComboStepDefinitions.the_number_of_pieces_of_gear_for_the_combo_with_name_shall_be_p2(java.lang.String,java.lang.String)?[0m
  ?[32mThen ?[0m?[32mthe number of combos shall be ?[0m?[32m?[1m"2"?[0m?[32m (p2)?[0m                                                                     ?[90m# ca.mcgill.ecse.biketourplus.features.AddAndRemoveGearForComboStepDefinitions.the_number_of_combos_shall_be_p2(java.lang.String)?[0m

Scenario Outline: Add a piece of gear to a combo successfully                                                       ?[90m# src/test/resources/AddAndRemoveGearForCombo.feature:31?[0m
  ?[32mGiven ?[0m?[32mthe following BikeTourPlus system exists: (p2)?[0m                                                              ?[90m# ca.mcgill.ecse.biketourplus.features.AddAndRemoveGearForComboStepDefinitions.the_following_bike_tour_plus_system_exists_p2(io.cucumber.datatable.DataTable)?[0m
  ?[32mGiven ?[0m?[32mthe following pieces of gear exist in the system: (p2)?[0m                                                      ?[90m# ca.mcgill.ecse.biketourplus.features.AddAndRemoveGearForComboStepDefinitions.the_following_pieces_of_gear_exist_in_the_system_p2(io.cucumber.datatable.DataTable)?[0m
  ?[32mGiven ?[0m?[32mthe following combos exist in the system: (p2)?[0m                                                              ?[90m# ca.mcgill.ecse.biketourplus.features.AddAndRemoveGearForComboStepDefinitions.the_following_combos_exist_in_the_system_p2(io.cucumber.datatable.DataTable)?[0m
  ?[32mWhen ?[0m?[32mthe manager attempts to add a piece of gear with name ?[0m?[32m?[1m"tire kit"?[0m?[32m to the combo with name ?[0m?[32m?[1m"small combo"?[0m?[32m (p2)?[0m   ?[90m# ca.mcgill.ecse.biketourplus.features.AddAndRemoveGearForComboStepDefinitions.the_manager_attempts_to_add_a_piece_of_gear_with_name_to_the_combo_with_name_p2(java.lang.String,java.lang.String)?[0m
  ?[32mThen ?[0m?[32ma piece of gear shall exist with name ?[0m?[32m?[1m"tire kit"?[0m?[32m and quantity ?[0m?[32m?[1m"1"?[0m?[32m for the combo with name ?[0m?[32m?[1m"small combo"?[0m?[32m (p2)?[0m ?[90m# ca.mcgill.ecse.biketourplus.features.AddAndRemoveGearForComboStepDefinitions.a_piece_of_gear_shall_exist_with_name_and_quantity_for_the_combo_with_name_p2(java.lang.String,java.lang.String,java.lang.String)?[0m
  ?[32mThen ?[0m?[32mthe number of pieces of gear for the combo with name ?[0m?[32m?[1m"small combo"?[0m?[32m shall be ?[0m?[32m?[1m"3"?[0m?[32m (p2)?[0m                         ?[90m# ca.mcgill.ecse.biketourplus.features.AddAndRemoveGearForComboStepDefinitions.the_number_of_pieces_of_gear_for_the_combo_with_name_shall_be_p2(java.lang.String,java.lang.String)?[0m
  ?[32mThen ?[0m?[32mthe number of combos shall be ?[0m?[32m?[1m"2"?[0m?[32m (p2)?[0m                                                                       ?[90m# ca.mcgill.ecse.biketourplus.features.AddAndRemoveGearForComboStepDefinitions.the_number_of_combos_shall_be_p2(java.lang.String)?[0m

Scenario Outline: Add a piece of gear to a combo successfully                                                       ?[90m# src/test/resources/AddAndRemoveGearForCombo.feature:32?[0m
  ?[32mGiven ?[0m?[32mthe following BikeTourPlus system exists: (p2)?[0m                                                              ?[90m# ca.mcgill.ecse.biketourplus.features.AddAndRemoveGearForComboStepDefinitions.the_following_bike_tour_plus_system_exists_p2(io.cucumber.datatable.DataTable)?[0m
  ?[32mGiven ?[0m?[32mthe following pieces of gear exist in the system: (p2)?[0m                                                      ?[90m# ca.mcgill.ecse.biketourplus.features.AddAndRemoveGearForComboStepDefinitions.the_following_pieces_of_gear_exist_in_the_system_p2(io.cucumber.datatable.DataTable)?[0m
  ?[32mGiven ?[0m?[32mthe following combos exist in the system: (p2)?[0m                                                              ?[90m# ca.mcgill.ecse.biketourplus.features.AddAndRemoveGearForComboStepDefinitions.the_following_combos_exist_in_the_system_p2(io.cucumber.datatable.DataTable)?[0m
  ?[32mWhen ?[0m?[32mthe manager attempts to add a piece of gear with name ?[0m?[32m?[1m"tire kit"?[0m?[32m to the combo with name ?[0m?[32m?[1m"large combo"?[0m?[32m (p2)?[0m   ?[90m# ca.mcgill.ecse.biketourplus.features.AddAndRemoveGearForComboStepDefinitions.the_manager_attempts_to_add_a_piece_of_gear_with_name_to_the_combo_with_name_p2(java.lang.String,java.lang.String)?[0m
  ?[32mThen ?[0m?[32ma piece of gear shall exist with name ?[0m?[32m?[1m"tire kit"?[0m?[32m and quantity ?[0m?[32m?[1m"1"?[0m?[32m for the combo with name ?[0m?[32m?[1m"large combo"?[0m?[32m (p2)?[0m ?[90m# ca.mcgill.ecse.biketourplus.features.AddAndRemoveGearForComboStepDefinitions.a_piece_of_gear_shall_exist_with_name_and_quantity_for_the_combo_with_name_p2(java.lang.String,java.lang.String,java.lang.String)?[0m
  ?[32mThen ?[0m?[32mthe number of pieces of gear for the combo with name ?[0m?[32m?[1m"large combo"?[0m?[32m shall be ?[0m?[32m?[1m"4"?[0m?[32m (p2)?[0m                         ?[90m# ca.mcgill.ecse.biketourplus.features.AddAndRemoveGearForComboStepDefinitions.the_number_of_pieces_of_gear_for_the_combo_with_name_shall_be_p2(java.lang.String,java.lang.String)?[0m
  ?[32mThen ?[0m?[32mthe number of combos shall be ?[0m?[32m?[1m"2"?[0m?[32m (p2)?[0m                                                                       ?[90m# ca.mcgill.ecse.biketourplus.features.AddAndRemoveGearForComboStepDefinitions.the_number_of_combos_shall_be_p2(java.lang.String)?[0m

Scenario Outline: Unsuccessfully add a piece of gear that does not exist to a combo                                 ?[90m# src/test/resources/AddAndRemoveGearForCombo.feature:43?[0m
  ?[32mGiven ?[0m?[32mthe following BikeTourPlus system exists: (p2)?[0m                                                              ?[90m# ca.mcgill.ecse.biketourplus.features.AddAndRemoveGearForComboStepDefinitions.the_following_bike_tour_plus_system_exists_p2(io.cucumber.datatable.DataTable)?[0m
  ?[32mGiven ?[0m?[32mthe following pieces of gear exist in the system: (p2)?[0m                                                      ?[90m# ca.mcgill.ecse.biketourplus.features.AddAndRemoveGearForComboStepDefinitions.the_following_pieces_of_gear_exist_in_the_system_p2(io.cucumber.datatable.DataTable)?[0m
  ?[32mGiven ?[0m?[32mthe following combos exist in the system: (p2)?[0m                                                              ?[90m# ca.mcgill.ecse.biketourplus.features.AddAndRemoveGearForComboStepDefinitions.the_following_combos_exist_in_the_system_p2(io.cucumber.datatable.DataTable)?[0m
  ?[32mWhen ?[0m?[32mthe manager attempts to add a piece of gear with name ?[0m?[32m?[1m"spare tire"?[0m?[32m to the combo with name ?[0m?[32m?[1m"small combo"?[0m?[32m (p2)?[0m ?[90m# ca.mcgill.ecse.biketourplus.features.AddAndRemoveGearForComboStepDefinitions.the_manager_attempts_to_add_a_piece_of_gear_with_name_to_the_combo_with_name_p2(java.lang.String,java.lang.String)?[0m
  ?[32mThen ?[0m?[32ma piece of gear shall exist with name ?[0m?[32m?[1m"e-bike"?[0m?[32m and quantity ?[0m?[32m?[1m"1"?[0m?[32m for the combo with name ?[0m?[32m?[1m"small combo"?[0m?[32m (p2)?[0m   ?[90m# ca.mcgill.ecse.biketourplus.features.AddAndRemoveGearForComboStepDefinitions.a_piece_of_gear_shall_exist_with_name_and_quantity_for_the_combo_with_name_p2(java.lang.String,java.lang.String,java.lang.String)?[0m
  ?[32mThen ?[0m?[32mthe number of pieces of gear for the combo with name ?[0m?[32m?[1m"small combo"?[0m?[32m shall be ?[0m?[32m?[1m"2"?[0m?[32m (p2)?[0m                         ?[90m# ca.mcgill.ecse.biketourplus.features.AddAndRemoveGearForComboStepDefinitions.the_number_of_pieces_of_gear_for_the_combo_with_name_shall_be_p2(java.lang.String,java.lang.String)?[0m
  ?[32mThen ?[0m?[32mthe number of combos shall be ?[0m?[32m?[1m"2"?[0m?[32m (p2)?[0m                                                                       ?[90m# ca.mcgill.ecse.biketourplus.features.AddAndRemoveGearForComboStepDefinitions.the_number_of_combos_shall_be_p2(java.lang.String)?[0m
  ?[32mThen ?[0m?[32mthe system shall raise the error ?[0m?[32m?[1m"The piece of gear does not exist"?[0m?[32m (p2)?[0m                                     ?[90m# ca.mcgill.ecse.biketourplus.features.AddAndRemoveGearForComboStepDefinitions.the_system_shall_raise_the_error_p2(java.lang.String)?[0m

Scenario Outline: Unsuccessfully add a piece of gear that does not exist to a combo                                ?[90m# src/test/resources/AddAndRemoveGearForCombo.feature:44?[0m
  ?[32mGiven ?[0m?[32mthe following BikeTourPlus system exists: (p2)?[0m                                                             ?[90m# ca.mcgill.ecse.biketourplus.features.AddAndRemoveGearForComboStepDefinitions.the_following_bike_tour_plus_system_exists_p2(io.cucumber.datatable.DataTable)?[0m
  ?[32mGiven ?[0m?[32mthe following pieces of gear exist in the system: (p2)?[0m                                                     ?[90m# ca.mcgill.ecse.biketourplus.features.AddAndRemoveGearForComboStepDefinitions.the_following_pieces_of_gear_exist_in_the_system_p2(io.cucumber.datatable.DataTable)?[0m
  ?[32mGiven ?[0m?[32mthe following combos exist in the system: (p2)?[0m                                                             ?[90m# ca.mcgill.ecse.biketourplus.features.AddAndRemoveGearForComboStepDefinitions.the_following_combos_exist_in_the_system_p2(io.cucumber.datatable.DataTable)?[0m
  ?[32mWhen ?[0m?[32mthe manager attempts to add a piece of gear with name ?[0m?[32m?[1m"bike lock"?[0m?[32m to the combo with name ?[0m?[32m?[1m"small combo"?[0m?[32m (p2)?[0m ?[90m# ca.mcgill.ecse.biketourplus.features.AddAndRemoveGearForComboStepDefinitions.the_manager_attempts_to_add_a_piece_of_gear_with_name_to_the_combo_with_name_p2(java.lang.String,java.lang.String)?[0m
  ?[32mThen ?[0m?[32ma piece of gear shall exist with name ?[0m?[32m?[1m"helmet"?[0m?[32m and quantity ?[0m?[32m?[1m"2"?[0m?[32m for the combo with name ?[0m?[32m?[1m"small combo"?[0m?[32m (p2)?[0m  ?[90m# ca.mcgill.ecse.biketourplus.features.AddAndRemoveGearForComboStepDefinitions.a_piece_of_gear_shall_exist_with_name_and_quantity_for_the_combo_with_name_p2(java.lang.String,java.lang.String,java.lang.String)?[0m
  ?[32mThen ?[0m?[32mthe number of pieces of gear for the combo with name ?[0m?[32m?[1m"small combo"?[0m?[32m shall be ?[0m?[32m?[1m"2"?[0m?[32m (p2)?[0m                        ?[90m# ca.mcgill.ecse.biketourplus.features.AddAndRemoveGearForComboStepDefinitions.the_number_of_pieces_of_gear_for_the_combo_with_name_shall_be_p2(java.lang.String,java.lang.String)?[0m
  ?[32mThen ?[0m?[32mthe number of combos shall be ?[0m?[32m?[1m"2"?[0m?[32m (p2)?[0m                                                                      ?[90m# ca.mcgill.ecse.biketourplus.features.AddAndRemoveGearForComboStepDefinitions.the_number_of_combos_shall_be_p2(java.lang.String)?[0m
  ?[32mThen ?[0m?[32mthe system shall raise the error ?[0m?[32m?[1m"The piece of gear does not exist"?[0m?[32m (p2)?[0m                                    ?[90m# ca.mcgill.ecse.biketourplus.features.AddAndRemoveGearForComboStepDefinitions.the_system_shall_raise_the_error_p2(java.lang.String)?[0m

Scenario Outline: Unsuccessfully add a piece of gear that does not exist to a combo                                 ?[90m# src/test/resources/AddAndRemoveGearForCombo.feature:45?[0m
  ?[32mGiven ?[0m?[32mthe following BikeTourPlus system exists: (p2)?[0m                                                              ?[90m# ca.mcgill.ecse.biketourplus.features.AddAndRemoveGearForComboStepDefinitions.the_following_bike_tour_plus_system_exists_p2(io.cucumber.datatable.DataTable)?[0m
  ?[32mGiven ?[0m?[32mthe following pieces of gear exist in the system: (p2)?[0m                                                      ?[90m# ca.mcgill.ecse.biketourplus.features.AddAndRemoveGearForComboStepDefinitions.the_following_pieces_of_gear_exist_in_the_system_p2(io.cucumber.datatable.DataTable)?[0m
  ?[32mGiven ?[0m?[32mthe following combos exist in the system: (p2)?[0m                                                              ?[90m# ca.mcgill.ecse.biketourplus.features.AddAndRemoveGearForComboStepDefinitions.the_following_combos_exist_in_the_system_p2(io.cucumber.datatable.DataTable)?[0m
  ?[32mWhen ?[0m?[32mthe manager attempts to add a piece of gear with name ?[0m?[32m?[1m"spare tire"?[0m?[32m to the combo with name ?[0m?[32m?[1m"large combo"?[0m?[32m (p2)?[0m ?[90m# ca.mcgill.ecse.biketourplus.features.AddAndRemoveGearForComboStepDefinitions.the_manager_attempts_to_add_a_piece_of_gear_with_name_to_the_combo_with_name_p2(java.lang.String,java.lang.String)?[0m
  ?[32mThen ?[0m?[32ma piece of gear shall exist with name ?[0m?[32m?[1m"e-bike"?[0m?[32m and quantity ?[0m?[32m?[1m"1"?[0m?[32m for the combo with name ?[0m?[32m?[1m"large combo"?[0m?[32m (p2)?[0m   ?[90m# ca.mcgill.ecse.biketourplus.features.AddAndRemoveGearForComboStepDefinitions.a_piece_of_gear_shall_exist_with_name_and_quantity_for_the_combo_with_name_p2(java.lang.String,java.lang.String,java.lang.String)?[0m
  ?[32mThen ?[0m?[32mthe number of pieces of gear for the combo with name ?[0m?[32m?[1m"large combo"?[0m?[32m shall be ?[0m?[32m?[1m"3"?[0m?[32m (p2)?[0m                         ?[90m# ca.mcgill.ecse.biketourplus.features.AddAndRemoveGearForComboStepDefinitions.the_number_of_pieces_of_gear_for_the_combo_with_name_shall_be_p2(java.lang.String,java.lang.String)?[0m
  ?[32mThen ?[0m?[32mthe number of combos shall be ?[0m?[32m?[1m"2"?[0m?[32m (p2)?[0m                                                                       ?[90m# ca.mcgill.ecse.biketourplus.features.AddAndRemoveGearForComboStepDefinitions.the_number_of_combos_shall_be_p2(java.lang.String)?[0m
  ?[32mThen ?[0m?[32mthe system shall raise the error ?[0m?[32m?[1m"The piece of gear does not exist"?[0m?[32m (p2)?[0m                                     ?[90m# ca.mcgill.ecse.biketourplus.features.AddAndRemoveGearForComboStepDefinitions.the_system_shall_raise_the_error_p2(java.lang.String)?[0m

Scenario Outline: Unsuccessfully add a piece of gear that does not exist to a combo                                ?[90m# src/test/resources/AddAndRemoveGearForCombo.feature:46?[0m
  ?[32mGiven ?[0m?[32mthe following BikeTourPlus system exists: (p2)?[0m                                                             ?[90m# ca.mcgill.ecse.biketourplus.features.AddAndRemoveGearForComboStepDefinitions.the_following_bike_tour_plus_system_exists_p2(io.cucumber.datatable.DataTable)?[0m
  ?[32mGiven ?[0m?[32mthe following pieces of gear exist in the system: (p2)?[0m                                                     ?[90m# ca.mcgill.ecse.biketourplus.features.AddAndRemoveGearForComboStepDefinitions.the_following_pieces_of_gear_exist_in_the_system_p2(io.cucumber.datatable.DataTable)?[0m
  ?[32mGiven ?[0m?[32mthe following combos exist in the system: (p2)?[0m                                                             ?[90m# ca.mcgill.ecse.biketourplus.features.AddAndRemoveGearForComboStepDefinitions.the_following_combos_exist_in_the_system_p2(io.cucumber.datatable.DataTable)?[0m
  ?[32mWhen ?[0m?[32mthe manager attempts to add a piece of gear with name ?[0m?[32m?[1m"bike lock"?[0m?[32m to the combo with name ?[0m?[32m?[1m"large combo"?[0m?[32m (p2)?[0m ?[90m# ca.mcgill.ecse.biketourplus.features.AddAndRemoveGearForComboStepDefinitions.the_manager_attempts_to_add_a_piece_of_gear_with_name_to_the_combo_with_name_p2(java.lang.String,java.lang.String)?[0m
  ?[32mThen ?[0m?[32ma piece of gear shall exist with name ?[0m?[32m?[1m"helmet"?[0m?[32m and quantity ?[0m?[32m?[1m"2"?[0m?[32m for the combo with name ?[0m?[32m?[1m"large combo"?[0m?[32m (p2)?[0m  ?[90m# ca.mcgill.ecse.biketourplus.features.AddAndRemoveGearForComboStepDefinitions.a_piece_of_gear_shall_exist_with_name_and_quantity_for_the_combo_with_name_p2(java.lang.String,java.lang.String,java.lang.String)?[0m
  ?[32mThen ?[0m?[32mthe number of pieces of gear for the combo with name ?[0m?[32m?[1m"large combo"?[0m?[32m shall be ?[0m?[32m?[1m"3"?[0m?[32m (p2)?[0m                        ?[90m# ca.mcgill.ecse.biketourplus.features.AddAndRemoveGearForComboStepDefinitions.the_number_of_pieces_of_gear_for_the_combo_with_name_shall_be_p2(java.lang.String,java.lang.String)?[0m
  ?[32mThen ?[0m?[32mthe number of combos shall be ?[0m?[32m?[1m"2"?[0m?[32m (p2)?[0m                                                                      ?[90m# ca.mcgill.ecse.biketourplus.features.AddAndRemoveGearForComboStepDefinitions.the_number_of_combos_shall_be_p2(java.lang.String)?[0m
  ?[32mThen ?[0m?[32mthe system shall raise the error ?[0m?[32m?[1m"The piece of gear does not exist"?[0m?[32m (p2)?[0m                                    ?[90m# ca.mcgill.ecse.biketourplus.features.AddAndRemoveGearForComboStepDefinitions.the_system_shall_raise_the_error_p2(java.lang.String)?[0m

Scenario Outline: Unsuccessfully add a piece of gear that does not exist to a combo                                 ?[90m# src/test/resources/AddAndRemoveGearForCombo.feature:47?[0m
  ?[32mGiven ?[0m?[32mthe following BikeTourPlus system exists: (p2)?[0m                                                              ?[90m# ca.mcgill.ecse.biketourplus.features.AddAndRemoveGearForComboStepDefinitions.the_following_bike_tour_plus_system_exists_p2(io.cucumber.datatable.DataTable)?[0m
  ?[32mGiven ?[0m?[32mthe following pieces of gear exist in the system: (p2)?[0m                                                      ?[90m# ca.mcgill.ecse.biketourplus.features.AddAndRemoveGearForComboStepDefinitions.the_following_pieces_of_gear_exist_in_the_system_p2(io.cucumber.datatable.DataTable)?[0m
  ?[32mGiven ?[0m?[32mthe following combos exist in the system: (p2)?[0m                                                              ?[90m# ca.mcgill.ecse.biketourplus.features.AddAndRemoveGearForComboStepDefinitions.the_following_combos_exist_in_the_system_p2(io.cucumber.datatable.DataTable)?[0m
  ?[32mWhen ?[0m?[32mthe manager attempts to add a piece of gear with name ?[0m?[32m?[1m"bike lock"?[0m?[32m to the combo with name ?[0m?[32m?[1m"large combo"?[0m?[32m (p2)?[0m  ?[90m# ca.mcgill.ecse.biketourplus.features.AddAndRemoveGearForComboStepDefinitions.the_manager_attempts_to_add_a_piece_of_gear_with_name_to_the_combo_with_name_p2(java.lang.String,java.lang.String)?[0m
  ?[32mThen ?[0m?[32ma piece of gear shall exist with name ?[0m?[32m?[1m"bike bag"?[0m?[32m and quantity ?[0m?[32m?[1m"2"?[0m?[32m for the combo with name ?[0m?[32m?[1m"large combo"?[0m?[32m (p2)?[0m ?[90m# ca.mcgill.ecse.biketourplus.features.AddAndRemoveGearForComboStepDefinitions.a_piece_of_gear_shall_exist_with_name_and_quantity_for_the_combo_with_name_p2(java.lang.String,java.lang.String,java.lang.String)?[0m
  ?[32mThen ?[0m?[32mthe number of pieces of gear for the combo with name ?[0m?[32m?[1m"large combo"?[0m?[32m shall be ?[0m?[32m?[1m"3"?[0m?[32m (p2)?[0m                         ?[90m# ca.mcgill.ecse.biketourplus.features.AddAndRemoveGearForComboStepDefinitions.the_number_of_pieces_of_gear_for_the_combo_with_name_shall_be_p2(java.lang.String,java.lang.String)?[0m
  ?[32mThen ?[0m?[32mthe number of combos shall be ?[0m?[32m?[1m"2"?[0m?[32m (p2)?[0m                                                                       ?[90m# ca.mcgill.ecse.biketourplus.features.AddAndRemoveGearForComboStepDefinitions.the_number_of_combos_shall_be_p2(java.lang.String)?[0m
  ?[32mThen ?[0m?[32mthe system shall raise the error ?[0m?[32m?[1m"The piece of gear does not exist"?[0m?[32m (p2)?[0m                                     ?[90m# ca.mcgill.ecse.biketourplus.features.AddAndRemoveGearForComboStepDefinitions.the_system_shall_raise_the_error_p2(java.lang.String)?[0m

Scenario Outline: Unsuccessfully add a piece of gear to a combo that does not exist                              ?[90m# src/test/resources/AddAndRemoveGearForCombo.feature:56?[0m
  ?[32mGiven ?[0m?[32mthe following BikeTourPlus system exists: (p2)?[0m                                                           ?[90m# ca.mcgill.ecse.biketourplus.features.AddAndRemoveGearForComboStepDefinitions.the_following_bike_tour_plus_system_exists_p2(io.cucumber.datatable.DataTable)?[0m
  ?[32mGiven ?[0m?[32mthe following pieces of gear exist in the system: (p2)?[0m                                                   ?[90m# ca.mcgill.ecse.biketourplus.features.AddAndRemoveGearForComboStepDefinitions.the_following_pieces_of_gear_exist_in_the_system_p2(io.cucumber.datatable.DataTable)?[0m
  ?[32mGiven ?[0m?[32mthe following combos exist in the system: (p2)?[0m                                                           ?[90m# ca.mcgill.ecse.biketourplus.features.AddAndRemoveGearForComboStepDefinitions.the_following_combos_exist_in_the_system_p2(io.cucumber.datatable.DataTable)?[0m
  ?[32mWhen ?[0m?[32mthe manager attempts to add a piece of gear with name ?[0m?[32m?[1m"e-bike"?[0m?[32m to the combo with name ?[0m?[32m?[1m"deluxe combo"?[0m?[32m (p2)?[0m ?[90m# ca.mcgill.ecse.biketourplus.features.AddAndRemoveGearForComboStepDefinitions.the_manager_attempts_to_add_a_piece_of_gear_with_name_to_the_combo_with_name_p2(java.lang.String,java.lang.String)?[0m
  ?[32mThen ?[0m?[32mthe number of combos shall be ?[0m?[32m?[1m"2"?[0m?[32m (p2)?[0m                                                                    ?[90m# ca.mcgill.ecse.biketourplus.features.AddAndRemoveGearForComboStepDefinitions.the_number_of_combos_shall_be_p2(java.lang.String)?[0m
  ?[32mThen ?[0m?[32mthe system shall raise the error ?[0m?[32m?[1m"The combo does not exist"?[0m?[32m (p2)?[0m                                          ?[90m# ca.mcgill.ecse.biketourplus.features.AddAndRemoveGearForComboStepDefinitions.the_system_shall_raise_the_error_p2(java.lang.String)?[0m

Scenario Outline: Unsuccessfully add a piece of gear to a combo that does not exist                              ?[90m# src/test/resources/AddAndRemoveGearForCombo.feature:57?[0m
  ?[32mGiven ?[0m?[32mthe following BikeTourPlus system exists: (p2)?[0m                                                           ?[90m# ca.mcgill.ecse.biketourplus.features.AddAndRemoveGearForComboStepDefinitions.the_following_bike_tour_plus_system_exists_p2(io.cucumber.datatable.DataTable)?[0m
  ?[32mGiven ?[0m?[32mthe following pieces of gear exist in the system: (p2)?[0m                                                   ?[90m# ca.mcgill.ecse.biketourplus.features.AddAndRemoveGearForComboStepDefinitions.the_following_pieces_of_gear_exist_in_the_system_p2(io.cucumber.datatable.DataTable)?[0m
  ?[32mGiven ?[0m?[32mthe following combos exist in the system: (p2)?[0m                                                           ?[90m# ca.mcgill.ecse.biketourplus.features.AddAndRemoveGearForComboStepDefinitions.the_following_combos_exist_in_the_system_p2(io.cucumber.datatable.DataTable)?[0m
  ?[32mWhen ?[0m?[32mthe manager attempts to add a piece of gear with name ?[0m?[32m?[1m"helmet"?[0m?[32m to the combo with name ?[0m?[32m?[1m"deluxe combo"?[0m?[32m (p2)?[0m ?[90m# ca.mcgill.ecse.biketourplus.features.AddAndRemoveGearForComboStepDefinitions.the_manager_attempts_to_add_a_piece_of_gear_with_name_to_the_combo_with_name_p2(java.lang.String,java.lang.String)?[0m
  ?[32mThen ?[0m?[32mthe number of combos shall be ?[0m?[32m?[1m"2"?[0m?[32m (p2)?[0m                                                                    ?[90m# ca.mcgill.ecse.biketourplus.features.AddAndRemoveGearForComboStepDefinitions.the_number_of_combos_shall_be_p2(java.lang.String)?[0m
  ?[32mThen ?[0m?[32mthe system shall raise the error ?[0m?[32m?[1m"The combo does not exist"?[0m?[32m (p2)?[0m                                          ?[90m# ca.mcgill.ecse.biketourplus.features.AddAndRemoveGearForComboStepDefinitions.the_system_shall_raise_the_error_p2(java.lang.String)?[0m

Scenario Outline: Unsuccessfully add a piece of gear to a combo that does not exist                            ?[90m# src/test/resources/AddAndRemoveGearForCombo.feature:58?[0m
  ?[32mGiven ?[0m?[32mthe following BikeTourPlus system exists: (p2)?[0m                                                         ?[90m# ca.mcgill.ecse.biketourplus.features.AddAndRemoveGearForComboStepDefinitions.the_following_bike_tour_plus_system_exists_p2(io.cucumber.datatable.DataTable)?[0m
  ?[32mGiven ?[0m?[32mthe following pieces of gear exist in the system: (p2)?[0m                                                 ?[90m# ca.mcgill.ecse.biketourplus.features.AddAndRemoveGearForComboStepDefinitions.the_following_pieces_of_gear_exist_in_the_system_p2(io.cucumber.datatable.DataTable)?[0m
  ?[32mGiven ?[0m?[32mthe following combos exist in the system: (p2)?[0m                                                         ?[90m# ca.mcgill.ecse.biketourplus.features.AddAndRemoveGearForComboStepDefinitions.the_following_combos_exist_in_the_system_p2(io.cucumber.datatable.DataTable)?[0m
  ?[32mWhen ?[0m?[32mthe manager attempts to add a piece of gear with name ?[0m?[32m?[1m"e-bike"?[0m?[32m to the combo with name ?[0m?[32m?[1m"combo plus"?[0m?[32m (p2)?[0m ?[90m# ca.mcgill.ecse.biketourplus.features.AddAndRemoveGearForComboStepDefinitions.the_manager_attempts_to_add_a_piece_of_gear_with_name_to_the_combo_with_name_p2(java.lang.String,java.lang.String)?[0m
  ?[32mThen ?[0m?[32mthe number of combos shall be ?[0m?[32m?[1m"2"?[0m?[32m (p2)?[0m                                                                  ?[90m# ca.mcgill.ecse.biketourplus.features.AddAndRemoveGearForComboStepDefinitions.the_number_of_combos_shall_be_p2(java.lang.String)?[0m
  ?[32mThen ?[0m?[32mthe system shall raise the error ?[0m?[32m?[1m"The combo does not exist"?[0m?[32m (p2)?[0m                                        ?[90m# ca.mcgill.ecse.biketourplus.features.AddAndRemoveGearForComboStepDefinitions.the_system_shall_raise_the_error_p2(java.lang.String)?[0m

Scenario Outline: Unsuccessfully add a piece of gear to a combo that does not exist                            ?[90m# src/test/resources/AddAndRemoveGearForCombo.feature:59?[0m
  ?[32mGiven ?[0m?[32mthe following BikeTourPlus system exists: (p2)?[0m                                                         ?[90m# ca.mcgill.ecse.biketourplus.features.AddAndRemoveGearForComboStepDefinitions.the_following_bike_tour_plus_system_exists_p2(io.cucumber.datatable.DataTable)?[0m
  ?[32mGiven ?[0m?[32mthe following pieces of gear exist in the system: (p2)?[0m                                                 ?[90m# ca.mcgill.ecse.biketourplus.features.AddAndRemoveGearForComboStepDefinitions.the_following_pieces_of_gear_exist_in_the_system_p2(io.cucumber.datatable.DataTable)?[0m
  ?[32mGiven ?[0m?[32mthe following combos exist in the system: (p2)?[0m                                                         ?[90m# ca.mcgill.ecse.biketourplus.features.AddAndRemoveGearForComboStepDefinitions.the_following_combos_exist_in_the_system_p2(io.cucumber.datatable.DataTable)?[0m
  ?[32mWhen ?[0m?[32mthe manager attempts to add a piece of gear with name ?[0m?[32m?[1m"helmet"?[0m?[32m to the combo with name ?[0m?[32m?[1m"combo plus"?[0m?[32m (p2)?[0m ?[90m# ca.mcgill.ecse.biketourplus.features.AddAndRemoveGearForComboStepDefinitions.the_manager_attempts_to_add_a_piece_of_gear_with_name_to_the_combo_with_name_p2(java.lang.String,java.lang.String)?[0m
  ?[32mThen ?[0m?[32mthe number of combos shall be ?[0m?[32m?[1m"2"?[0m?[32m (p2)?[0m                                                                  ?[90m# ca.mcgill.ecse.biketourplus.features.AddAndRemoveGearForComboStepDefinitions.the_number_of_combos_shall_be_p2(java.lang.String)?[0m
  ?[32mThen ?[0m?[32mthe system shall raise the error ?[0m?[32m?[1m"The combo does not exist"?[0m?[32m (p2)?[0m                                        ?[90m# ca.mcgill.ecse.biketourplus.features.AddAndRemoveGearForComboStepDefinitions.the_system_shall_raise_the_error_p2(java.lang.String)?[0m

Scenario Outline: Unsuccessfully add a piece of gear to a combo that does not exist                              ?[90m# src/test/resources/AddAndRemoveGearForCombo.feature:60?[0m
  ?[32mGiven ?[0m?[32mthe following BikeTourPlus system exists: (p2)?[0m                                                           ?[90m# ca.mcgill.ecse.biketourplus.features.AddAndRemoveGearForComboStepDefinitions.the_following_bike_tour_plus_system_exists_p2(io.cucumber.datatable.DataTable)?[0m
  ?[32mGiven ?[0m?[32mthe following pieces of gear exist in the system: (p2)?[0m                                                   ?[90m# ca.mcgill.ecse.biketourplus.features.AddAndRemoveGearForComboStepDefinitions.the_following_pieces_of_gear_exist_in_the_system_p2(io.cucumber.datatable.DataTable)?[0m
  ?[32mGiven ?[0m?[32mthe following combos exist in the system: (p2)?[0m                                                           ?[90m# ca.mcgill.ecse.biketourplus.features.AddAndRemoveGearForComboStepDefinitions.the_following_combos_exist_in_the_system_p2(io.cucumber.datatable.DataTable)?[0m
  ?[32mWhen ?[0m?[32mthe manager attempts to add a piece of gear with name ?[0m?[32m?[1m"bike bag"?[0m?[32m to the combo with name ?[0m?[32m?[1m"combo plus"?[0m?[32m (p2)?[0m ?[90m# ca.mcgill.ecse.biketourplus.features.AddAndRemoveGearForComboStepDefinitions.the_manager_attempts_to_add_a_piece_of_gear_with_name_to_the_combo_with_name_p2(java.lang.String,java.lang.String)?[0m
  ?[32mThen ?[0m?[32mthe number of combos shall be ?[0m?[32m?[1m"2"?[0m?[32m (p2)?[0m                                                                    ?[90m# ca.mcgill.ecse.biketourplus.features.AddAndRemoveGearForComboStepDefinitions.the_number_of_combos_shall_be_p2(java.lang.String)?[0m
  ?[32mThen ?[0m?[32mthe system shall raise the error ?[0m?[32m?[1m"The combo does not exist"?[0m?[32m (p2)?[0m                                          ?[90m# ca.mcgill.ecse.biketourplus.features.AddAndRemoveGearForComboStepDefinitions.the_system_shall_raise_the_error_p2(java.lang.String)?[0m

Scenario Outline: Remove a piece of gear from a combo successfully                                                   ?[90m# src/test/resources/AddAndRemoveGearForCombo.feature:70?[0m
  ?[32mGiven ?[0m?[32mthe following BikeTourPlus system exists: (p2)?[0m                                                               ?[90m# ca.mcgill.ecse.biketourplus.features.AddAndRemoveGearForComboStepDefinitions.the_following_bike_tour_plus_system_exists_p2(io.cucumber.datatable.DataTable)?[0m
  ?[32mGiven ?[0m?[32mthe following pieces of gear exist in the system: (p2)?[0m                                                       ?[90m# ca.mcgill.ecse.biketourplus.features.AddAndRemoveGearForComboStepDefinitions.the_following_pieces_of_gear_exist_in_the_system_p2(io.cucumber.datatable.DataTable)?[0m
  ?[32mGiven ?[0m?[32mthe following combos exist in the system: (p2)?[0m                                                               ?[90m# ca.mcgill.ecse.biketourplus.features.AddAndRemoveGearForComboStepDefinitions.the_following_combos_exist_in_the_system_p2(io.cucumber.datatable.DataTable)?[0m
  ?[32mWhen ?[0m?[32mthe manager attempts to remove a piece of gear with name ?[0m?[32m?[1m"helmet"?[0m?[32m from the combo with name ?[0m?[32m?[1m"small combo"?[0m?[32m (p2)?[0m ?[90m# ca.mcgill.ecse.biketourplus.features.AddAndRemoveGearForComboStepDefinitions.the_manager_attempts_to_remove_a_piece_of_gear_with_name_from_the_combo_with_name_p2(java.lang.String,java.lang.String)?[0m
  ?[32mThen ?[0m?[32ma piece of gear shall exist with name ?[0m?[32m?[1m"helmet"?[0m?[32m and quantity ?[0m?[32m?[1m"1"?[0m?[32m for the combo with name ?[0m?[32m?[1m"small combo"?[0m?[32m (p2)?[0m    ?[90m# ca.mcgill.ecse.biketourplus.features.AddAndRemoveGearForComboStepDefinitions.a_piece_of_gear_shall_exist_with_name_and_quantity_for_the_combo_with_name_p2(java.lang.String,java.lang.String,java.lang.String)?[0m
  ?[32mThen ?[0m?[32mthe number of pieces of gear for the combo with name ?[0m?[32m?[1m"small combo"?[0m?[32m shall be ?[0m?[32m?[1m"2"?[0m?[32m (p2)?[0m                          ?[90m# ca.mcgill.ecse.biketourplus.features.AddAndRemoveGearForComboStepDefinitions.the_number_of_pieces_of_gear_for_the_combo_with_name_shall_be_p2(java.lang.String,java.lang.String)?[0m
  ?[32mThen ?[0m?[32mthe number of combos shall be ?[0m?[32m?[1m"2"?[0m?[32m (p2)?[0m                                                                        ?[90m# ca.mcgill.ecse.biketourplus.features.AddAndRemoveGearForComboStepDefinitions.the_number_of_combos_shall_be_p2(java.lang.String)?[0m

Scenario Outline: Remove a piece of gear from a combo successfully                                                   ?[90m# src/test/resources/AddAndRemoveGearForCombo.feature:71?[0m
  ?[32mGiven ?[0m?[32mthe following BikeTourPlus system exists: (p2)?[0m                                                               ?[90m# ca.mcgill.ecse.biketourplus.features.AddAndRemoveGearForComboStepDefinitions.the_following_bike_tour_plus_system_exists_p2(io.cucumber.datatable.DataTable)?[0m
  ?[32mGiven ?[0m?[32mthe following pieces of gear exist in the system: (p2)?[0m                                                       ?[90m# ca.mcgill.ecse.biketourplus.features.AddAndRemoveGearForComboStepDefinitions.the_following_pieces_of_gear_exist_in_the_system_p2(io.cucumber.datatable.DataTable)?[0m
  ?[32mGiven ?[0m?[32mthe following combos exist in the system: (p2)?[0m                                                               ?[90m# ca.mcgill.ecse.biketourplus.features.AddAndRemoveGearForComboStepDefinitions.the_following_combos_exist_in_the_system_p2(io.cucumber.datatable.DataTable)?[0m
  ?[32mWhen ?[0m?[32mthe manager attempts to remove a piece of gear with name ?[0m?[32m?[1m"helmet"?[0m?[32m from the combo with name ?[0m?[32m?[1m"large combo"?[0m?[32m (p2)?[0m ?[90m# ca.mcgill.ecse.biketourplus.features.AddAndRemoveGearForComboStepDefinitions.the_manager_attempts_to_remove_a_piece_of_gear_with_name_from_the_combo_with_name_p2(java.lang.String,java.lang.String)?[0m
  ?[32mThen ?[0m?[32ma piece of gear shall exist with name ?[0m?[32m?[1m"helmet"?[0m?[32m and quantity ?[0m?[32m?[1m"1"?[0m?[32m for the combo with name ?[0m?[32m?[1m"large combo"?[0m?[32m (p2)?[0m    ?[90m# ca.mcgill.ecse.biketourplus.features.AddAndRemoveGearForComboStepDefinitions.a_piece_of_gear_shall_exist_with_name_and_quantity_for_the_combo_with_name_p2(java.lang.String,java.lang.String,java.lang.String)?[0m
  ?[32mThen ?[0m?[32mthe number of pieces of gear for the combo with name ?[0m?[32m?[1m"large combo"?[0m?[32m shall be ?[0m?[32m?[1m"3"?[0m?[32m (p2)?[0m                          ?[90m# ca.mcgill.ecse.biketourplus.features.AddAndRemoveGearForComboStepDefinitions.the_number_of_pieces_of_gear_for_the_combo_with_name_shall_be_p2(java.lang.String,java.lang.String)?[0m
  ?[32mThen ?[0m?[32mthe number of combos shall be ?[0m?[32m?[1m"2"?[0m?[32m (p2)?[0m                                                                        ?[90m# ca.mcgill.ecse.biketourplus.features.AddAndRemoveGearForComboStepDefinitions.the_number_of_combos_shall_be_p2(java.lang.String)?[0m

Scenario Outline: Remove a piece of gear from a combo successfully                                                     ?[90m# src/test/resources/AddAndRemoveGearForCombo.feature:72?[0m
  ?[32mGiven ?[0m?[32mthe following BikeTourPlus system exists: (p2)?[0m                                                                 ?[90m# ca.mcgill.ecse.biketourplus.features.AddAndRemoveGearForComboStepDefinitions.the_following_bike_tour_plus_system_exists_p2(io.cucumber.datatable.DataTable)?[0m
  ?[32mGiven ?[0m?[32mthe following pieces of gear exist in the system: (p2)?[0m                                                         ?[90m# ca.mcgill.ecse.biketourplus.features.AddAndRemoveGearForComboStepDefinitions.the_following_pieces_of_gear_exist_in_the_system_p2(io.cucumber.datatable.DataTable)?[0m
  ?[32mGiven ?[0m?[32mthe following combos exist in the system: (p2)?[0m                                                                 ?[90m# ca.mcgill.ecse.biketourplus.features.AddAndRemoveGearForComboStepDefinitions.the_following_combos_exist_in_the_system_p2(io.cucumber.datatable.DataTable)?[0m
  ?[32mWhen ?[0m?[32mthe manager attempts to remove a piece of gear with name ?[0m?[32m?[1m"bike bag"?[0m?[32m from the combo with name ?[0m?[32m?[1m"large combo"?[0m?[32m (p2)?[0m ?[90m# ca.mcgill.ecse.biketourplus.features.AddAndRemoveGearForComboStepDefinitions.the_manager_attempts_to_remove_a_piece_of_gear_with_name_from_the_combo_with_name_p2(java.lang.String,java.lang.String)?[0m
  ?[32mThen ?[0m?[32ma piece of gear shall exist with name ?[0m?[32m?[1m"bike bag"?[0m?[32m and quantity ?[0m?[32m?[1m"1"?[0m?[32m for the combo with name ?[0m?[32m?[1m"large combo"?[0m?[32m (p2)?[0m    ?[90m# ca.mcgill.ecse.biketourplus.features.AddAndRemoveGearForComboStepDefinitions.a_piece_of_gear_shall_exist_with_name_and_quantity_for_the_combo_with_name_p2(java.lang.String,java.lang.String,java.lang.String)?[0m
  ?[32mThen ?[0m?[32mthe number of pieces of gear for the combo with name ?[0m?[32m?[1m"large combo"?[0m?[32m shall be ?[0m?[32m?[1m"3"?[0m?[32m (p2)?[0m                            ?[90m# ca.mcgill.ecse.biketourplus.features.AddAndRemoveGearForComboStepDefinitions.the_number_of_pieces_of_gear_for_the_combo_with_name_shall_be_p2(java.lang.String,java.lang.String)?[0m
  ?[32mThen ?[0m?[32mthe number of combos shall be ?[0m?[32m?[1m"2"?[0m?[32m (p2)?[0m                                                                          ?[90m# ca.mcgill.ecse.biketourplus.features.AddAndRemoveGearForComboStepDefinitions.the_number_of_combos_shall_be_p2(java.lang.String)?[0m

Scenario Outline: Remove the last item of a piece of gear from a combo successfully                                  ?[90m# src/test/resources/AddAndRemoveGearForCombo.feature:82?[0m
  ?[32mGiven ?[0m?[32mthe following BikeTourPlus system exists: (p2)?[0m                                                               ?[90m# ca.mcgill.ecse.biketourplus.features.AddAndRemoveGearForComboStepDefinitions.the_following_bike_tour_plus_system_exists_p2(io.cucumber.datatable.DataTable)?[0m
  ?[32mGiven ?[0m?[32mthe following pieces of gear exist in the system: (p2)?[0m                                                       ?[90m# ca.mcgill.ecse.biketourplus.features.AddAndRemoveGearForComboStepDefinitions.the_following_pieces_of_gear_exist_in_the_system_p2(io.cucumber.datatable.DataTable)?[0m
  ?[32mGiven ?[0m?[32mthe following combos exist in the system: (p2)?[0m                                                               ?[90m# ca.mcgill.ecse.biketourplus.features.AddAndRemoveGearForComboStepDefinitions.the_following_combos_exist_in_the_system_p2(io.cucumber.datatable.DataTable)?[0m
  ?[32mWhen ?[0m?[32mthe manager attempts to remove a piece of gear with name ?[0m?[32m?[1m"e-bike"?[0m?[32m from the combo with name ?[0m?[32m?[1m"large combo"?[0m?[32m (p2)?[0m ?[90m# ca.mcgill.ecse.biketourplus.features.AddAndRemoveGearForComboStepDefinitions.the_manager_attempts_to_remove_a_piece_of_gear_with_name_from_the_combo_with_name_p2(java.lang.String,java.lang.String)?[0m
  ?[32mThen ?[0m?[32ma piece of gear shall not exist with name ?[0m?[32m?[1m"e-bike"?[0m?[32m for the combo with name ?[0m?[32m?[1m"large combo"?[0m?[32m (p2)?[0m                 ?[90m# ca.mcgill.ecse.biketourplus.features.AddAndRemoveGearForComboStepDefinitions.a_piece_of_gear_shall_not_exist_with_name_for_the_combo_with_name_p2(java.lang.String,java.lang.String)?[0m
  ?[32mThen ?[0m?[32mthe number of pieces of gear for the combo with name ?[0m?[32m?[1m"large combo"?[0m?[32m shall be ?[0m?[32m?[1m"2"?[0m?[32m (p2)?[0m                          ?[90m# ca.mcgill.ecse.biketourplus.features.AddAndRemoveGearForComboStepDefinitions.the_number_of_pieces_of_gear_for_the_combo_with_name_shall_be_p2(java.lang.String,java.lang.String)?[0m
  ?[32mThen ?[0m?[32mthe number of combos shall be ?[0m?[32m?[1m"2"?[0m?[32m (p2)?[0m                                                                        ?[90m# ca.mcgill.ecse.biketourplus.features.AddAndRemoveGearForComboStepDefinitions.the_number_of_combos_shall_be_p2(java.lang.String)?[0m

Scenario Outline: Remove the last item of a piece of gear from a combo successfully                                      ?[90m# src/test/resources/AddAndRemoveGearForCombo.feature:83?[0m
  ?[32mGiven ?[0m?[32mthe following BikeTourPlus system exists: (p2)?[0m                                                                   ?[90m# ca.mcgill.ecse.biketourplus.features.AddAndRemoveGearForComboStepDefinitions.the_following_bike_tour_plus_system_exists_p2(io.cucumber.datatable.DataTable)?[0m
  ?[32mGiven ?[0m?[32mthe following pieces of gear exist in the system: (p2)?[0m                                                           ?[90m# ca.mcgill.ecse.biketourplus.features.AddAndRemoveGearForComboStepDefinitions.the_following_pieces_of_gear_exist_in_the_system_p2(io.cucumber.datatable.DataTable)?[0m
  ?[32mGiven ?[0m?[32mthe following combos exist in the system: (p2)?[0m                                                                   ?[90m# ca.mcgill.ecse.biketourplus.features.AddAndRemoveGearForComboStepDefinitions.the_following_combos_exist_in_the_system_p2(io.cucumber.datatable.DataTable)?[0m
  ?[32mWhen ?[0m?[32mthe manager attempts to remove a piece of gear with name ?[0m?[32m?[1m"spare tire"?[0m?[32m from the combo with name ?[0m?[32m?[1m"small combo"?[0m?[32m (p2)?[0m ?[90m# ca.mcgill.ecse.biketourplus.features.AddAndRemoveGearForComboStepDefinitions.the_manager_attempts_to_remove_a_piece_of_gear_with_name_from_the_combo_with_name_p2(java.lang.String,java.lang.String)?[0m
  ?[32mThen ?[0m?[32ma piece of gear shall not exist with name ?[0m?[32m?[1m"spare tire"?[0m?[32m for the combo with name ?[0m?[32m?[1m"small combo"?[0m?[32m (p2)?[0m                 ?[90m# ca.mcgill.ecse.biketourplus.features.AddAndRemoveGearForComboStepDefinitions.a_piece_of_gear_shall_not_exist_with_name_for_the_combo_with_name_p2(java.lang.String,java.lang.String)?[0m
  ?[32mThen ?[0m?[32mthe number of pieces of gear for the combo with name ?[0m?[32m?[1m"small combo"?[0m?[32m shall be ?[0m?[32m?[1m"2"?[0m?[32m (p2)?[0m                              ?[90m# ca.mcgill.ecse.biketourplus.features.AddAndRemoveGearForComboStepDefinitions.the_number_of_pieces_of_gear_for_the_combo_with_name_shall_be_p2(java.lang.String,java.lang.String)?[0m
  ?[32mThen ?[0m?[32mthe number of combos shall be ?[0m?[32m?[1m"2"?[0m?[32m (p2)?[0m                                                                            ?[90m# ca.mcgill.ecse.biketourplus.features.AddAndRemoveGearForComboStepDefinitions.the_number_of_combos_shall_be_p2(java.lang.String)?[0m

Scenario Outline: Remove the last item of a piece of gear from a combo successfully                                      ?[90m# src/test/resources/AddAndRemoveGearForCombo.feature:84?[0m
  ?[32mGiven ?[0m?[32mthe following BikeTourPlus system exists: (p2)?[0m                                                                   ?[90m# ca.mcgill.ecse.biketourplus.features.AddAndRemoveGearForComboStepDefinitions.the_following_bike_tour_plus_system_exists_p2(io.cucumber.datatable.DataTable)?[0m
  ?[32mGiven ?[0m?[32mthe following pieces of gear exist in the system: (p2)?[0m                                                           ?[90m# ca.mcgill.ecse.biketourplus.features.AddAndRemoveGearForComboStepDefinitions.the_following_pieces_of_gear_exist_in_the_system_p2(io.cucumber.datatable.DataTable)?[0m
  ?[32mGiven ?[0m?[32mthe following combos exist in the system: (p2)?[0m                                                                   ?[90m# ca.mcgill.ecse.biketourplus.features.AddAndRemoveGearForComboStepDefinitions.the_following_combos_exist_in_the_system_p2(io.cucumber.datatable.DataTable)?[0m
  ?[32mWhen ?[0m?[32mthe manager attempts to remove a piece of gear with name ?[0m?[32m?[1m"spare tire"?[0m?[32m from the combo with name ?[0m?[32m?[1m"large combo"?[0m?[32m (p2)?[0m ?[90m# ca.mcgill.ecse.biketourplus.features.AddAndRemoveGearForComboStepDefinitions.the_manager_attempts_to_remove_a_piece_of_gear_with_name_from_the_combo_with_name_p2(java.lang.String,java.lang.String)?[0m
  ?[32mThen ?[0m?[32ma piece of gear shall not exist with name ?[0m?[32m?[1m"spare tire"?[0m?[32m for the combo with name ?[0m?[32m?[1m"large combo"?[0m?[32m (p2)?[0m                 ?[90m# ca.mcgill.ecse.biketourplus.features.AddAndRemoveGearForComboStepDefinitions.a_piece_of_gear_shall_not_exist_with_name_for_the_combo_with_name_p2(java.lang.String,java.lang.String)?[0m
  ?[32mThen ?[0m?[32mthe number of pieces of gear for the combo with name ?[0m?[32m?[1m"large combo"?[0m?[32m shall be ?[0m?[32m?[1m"3"?[0m?[32m (p2)?[0m                              ?[90m# ca.mcgill.ecse.biketourplus.features.AddAndRemoveGearForComboStepDefinitions.the_number_of_pieces_of_gear_for_the_combo_with_name_shall_be_p2(java.lang.String,java.lang.String)?[0m
  ?[32mThen ?[0m?[32mthe number of combos shall be ?[0m?[32m?[1m"2"?[0m?[32m (p2)?[0m                                                                            ?[90m# ca.mcgill.ecse.biketourplus.features.AddAndRemoveGearForComboStepDefinitions.the_number_of_combos_shall_be_p2(java.lang.String)?[0m

Scenario Outline: Remove a piece of gear from a combo unsuccessfully                                                 ?[90m# src/test/resources/AddAndRemoveGearForCombo.feature:95?[0m
  ?[32mGiven ?[0m?[32mthe following BikeTourPlus system exists: (p2)?[0m                                                               ?[90m# ca.mcgill.ecse.biketourplus.features.AddAndRemoveGearForComboStepDefinitions.the_following_bike_tour_plus_system_exists_p2(io.cucumber.datatable.DataTable)?[0m
  ?[32mGiven ?[0m?[32mthe following pieces of gear exist in the system: (p2)?[0m                                                       ?[90m# ca.mcgill.ecse.biketourplus.features.AddAndRemoveGearForComboStepDefinitions.the_following_pieces_of_gear_exist_in_the_system_p2(io.cucumber.datatable.DataTable)?[0m
  ?[32mGiven ?[0m?[32mthe following combos exist in the system: (p2)?[0m                                                               ?[90m# ca.mcgill.ecse.biketourplus.features.AddAndRemoveGearForComboStepDefinitions.the_following_combos_exist_in_the_system_p2(io.cucumber.datatable.DataTable)?[0m
  ?[32mWhen ?[0m?[32mthe manager attempts to remove a piece of gear with name ?[0m?[32m?[1m"e-bike"?[0m?[32m from the combo with name ?[0m?[32m?[1m"small combo"?[0m?[32m (p2)?[0m ?[90m# ca.mcgill.ecse.biketourplus.features.AddAndRemoveGearForComboStepDefinitions.the_manager_attempts_to_remove_a_piece_of_gear_with_name_from_the_combo_with_name_p2(java.lang.String,java.lang.String)?[0m
  ?[32mThen ?[0m?[32ma piece of gear shall exist with name ?[0m?[32m?[1m"e-bike"?[0m?[32m and quantity ?[0m?[32m?[1m"1"?[0m?[32m for the combo with name ?[0m?[32m?[1m"small combo"?[0m?[32m (p2)?[0m    ?[90m# ca.mcgill.ecse.biketourplus.features.AddAndRemoveGearForComboStepDefinitions.a_piece_of_gear_shall_exist_with_name_and_quantity_for_the_combo_with_name_p2(java.lang.String,java.lang.String,java.lang.String)?[0m
  ?[32mThen ?[0m?[32mthe number of pieces of gear for the combo with name ?[0m?[32m?[1m"small combo"?[0m?[32m shall be ?[0m?[32m?[1m"2"?[0m?[32m (p2)?[0m                          ?[90m# ca.mcgill.ecse.biketourplus.features.AddAndRemoveGearForComboStepDefinitions.the_number_of_pieces_of_gear_for_the_combo_with_name_shall_be_p2(java.lang.String,java.lang.String)?[0m
  ?[32mThen ?[0m?[32mthe number of combos shall be ?[0m?[32m?[1m"2"?[0m?[32m (p2)?[0m                                                                        ?[90m# ca.mcgill.ecse.biketourplus.features.AddAndRemoveGearForComboStepDefinitions.the_number_of_combos_shall_be_p2(java.lang.String)?[0m
  ?[32mThen ?[0m?[32mthe system shall raise the error ?[0m?[32m?[1m"A combo must have at least two pieces of gear"?[0m?[32m (p2)?[0m                         ?[90m# ca.mcgill.ecse.biketourplus.features.AddAndRemoveGearForComboStepDefinitions.the_system_shall_raise_the_error_p2(java.lang.String)?[0m

Scenario Outline: Unsuccessfully remove a piece of gear from a combo that does not exist                              ?[90m# src/test/resources/AddAndRemoveGearForCombo.feature:104?[0m
  ?[32mGiven ?[0m?[32mthe following BikeTourPlus system exists: (p2)?[0m                                                                ?[90m# ca.mcgill.ecse.biketourplus.features.AddAndRemoveGearForComboStepDefinitions.the_following_bike_tour_plus_system_exists_p2(io.cucumber.datatable.DataTable)?[0m
  ?[32mGiven ?[0m?[32mthe following pieces of gear exist in the system: (p2)?[0m                                                        ?[90m# ca.mcgill.ecse.biketourplus.features.AddAndRemoveGearForComboStepDefinitions.the_following_pieces_of_gear_exist_in_the_system_p2(io.cucumber.datatable.DataTable)?[0m
  ?[32mGiven ?[0m?[32mthe following combos exist in the system: (p2)?[0m                                                                ?[90m# ca.mcgill.ecse.biketourplus.features.AddAndRemoveGearForComboStepDefinitions.the_following_combos_exist_in_the_system_p2(io.cucumber.datatable.DataTable)?[0m
  ?[32mWhen ?[0m?[32mthe manager attempts to remove a piece of gear with name ?[0m?[32m?[1m"e-bike"?[0m?[32m from the combo with name ?[0m?[32m?[1m"deluxe combo"?[0m?[32m (p2)?[0m ?[90m# ca.mcgill.ecse.biketourplus.features.AddAndRemoveGearForComboStepDefinitions.the_manager_attempts_to_remove_a_piece_of_gear_with_name_from_the_combo_with_name_p2(java.lang.String,java.lang.String)?[0m
  ?[32mThen ?[0m?[32mthe number of combos shall be ?[0m?[32m?[1m"2"?[0m?[32m (p2)?[0m                                                                         ?[90m# ca.mcgill.ecse.biketourplus.features.AddAndRemoveGearForComboStepDefinitions.the_number_of_combos_shall_be_p2(java.lang.String)?[0m
  ?[32mThen ?[0m?[32mthe system shall raise the error ?[0m?[32m?[1m"The combo does not exist"?[0m?[32m (p2)?[0m                                               ?[90m# ca.mcgill.ecse.biketourplus.features.AddAndRemoveGearForComboStepDefinitions.the_system_shall_raise_the_error_p2(java.lang.String)?[0m

Scenario Outline: Unsuccessfully remove a piece of gear from a combo that does not exist                              ?[90m# src/test/resources/AddAndRemoveGearForCombo.feature:105?[0m
  ?[32mGiven ?[0m?[32mthe following BikeTourPlus system exists: (p2)?[0m                                                                ?[90m# ca.mcgill.ecse.biketourplus.features.AddAndRemoveGearForComboStepDefinitions.the_following_bike_tour_plus_system_exists_p2(io.cucumber.datatable.DataTable)?[0m
  ?[32mGiven ?[0m?[32mthe following pieces of gear exist in the system: (p2)?[0m                                                        ?[90m# ca.mcgill.ecse.biketourplus.features.AddAndRemoveGearForComboStepDefinitions.the_following_pieces_of_gear_exist_in_the_system_p2(io.cucumber.datatable.DataTable)?[0m
  ?[32mGiven ?[0m?[32mthe following combos exist in the system: (p2)?[0m                                                                ?[90m# ca.mcgill.ecse.biketourplus.features.AddAndRemoveGearForComboStepDefinitions.the_following_combos_exist_in_the_system_p2(io.cucumber.datatable.DataTable)?[0m
  ?[32mWhen ?[0m?[32mthe manager attempts to remove a piece of gear with name ?[0m?[32m?[1m"helmet"?[0m?[32m from the combo with name ?[0m?[32m?[1m"deluxe combo"?[0m?[32m (p2)?[0m ?[90m# ca.mcgill.ecse.biketourplus.features.AddAndRemoveGearForComboStepDefinitions.the_manager_attempts_to_remove_a_piece_of_gear_with_name_from_the_combo_with_name_p2(java.lang.String,java.lang.String)?[0m
  ?[32mThen ?[0m?[32mthe number of combos shall be ?[0m?[32m?[1m"2"?[0m?[32m (p2)?[0m                                                                         ?[90m# ca.mcgill.ecse.biketourplus.features.AddAndRemoveGearForComboStepDefinitions.the_number_of_combos_shall_be_p2(java.lang.String)?[0m
  ?[32mThen ?[0m?[32mthe system shall raise the error ?[0m?[32m?[1m"The combo does not exist"?[0m?[32m (p2)?[0m                                               ?[90m# ca.mcgill.ecse.biketourplus.features.AddAndRemoveGearForComboStepDefinitions.the_system_shall_raise_the_error_p2(java.lang.String)?[0m

Scenario Outline: Unsuccessfully remove a piece of gear from a combo that does not exist                            ?[90m# src/test/resources/AddAndRemoveGearForCombo.feature:106?[0m
  ?[32mGiven ?[0m?[32mthe following BikeTourPlus system exists: (p2)?[0m                                                              ?[90m# ca.mcgill.ecse.biketourplus.features.AddAndRemoveGearForComboStepDefinitions.the_following_bike_tour_plus_system_exists_p2(io.cucumber.datatable.DataTable)?[0m
  ?[32mGiven ?[0m?[32mthe following pieces of gear exist in the system: (p2)?[0m                                                      ?[90m# ca.mcgill.ecse.biketourplus.features.AddAndRemoveGearForComboStepDefinitions.the_following_pieces_of_gear_exist_in_the_system_p2(io.cucumber.datatable.DataTable)?[0m
  ?[32mGiven ?[0m?[32mthe following combos exist in the system: (p2)?[0m                                                              ?[90m# ca.mcgill.ecse.biketourplus.features.AddAndRemoveGearForComboStepDefinitions.the_following_combos_exist_in_the_system_p2(io.cucumber.datatable.DataTable)?[0m
  ?[32mWhen ?[0m?[32mthe manager attempts to remove a piece of gear with name ?[0m?[32m?[1m"e-bike"?[0m?[32m from the combo with name ?[0m?[32m?[1m"combo plus"?[0m?[32m (p2)?[0m ?[90m# ca.mcgill.ecse.biketourplus.features.AddAndRemoveGearForComboStepDefinitions.the_manager_attempts_to_remove_a_piece_of_gear_with_name_from_the_combo_with_name_p2(java.lang.String,java.lang.String)?[0m
  ?[32mThen ?[0m?[32mthe number of combos shall be ?[0m?[32m?[1m"2"?[0m?[32m (p2)?[0m                                                                       ?[90m# ca.mcgill.ecse.biketourplus.features.AddAndRemoveGearForComboStepDefinitions.the_number_of_combos_shall_be_p2(java.lang.String)?[0m
  ?[32mThen ?[0m?[32mthe system shall raise the error ?[0m?[32m?[1m"The combo does not exist"?[0m?[32m (p2)?[0m                                             ?[90m# ca.mcgill.ecse.biketourplus.features.AddAndRemoveGearForComboStepDefinitions.the_system_shall_raise_the_error_p2(java.lang.String)?[0m

Scenario Outline: Unsuccessfully remove a piece of gear from a combo that does not exist                            ?[90m# src/test/resources/AddAndRemoveGearForCombo.feature:107?[0m
  ?[32mGiven ?[0m?[32mthe following BikeTourPlus system exists: (p2)?[0m                                                              ?[90m# ca.mcgill.ecse.biketourplus.features.AddAndRemoveGearForComboStepDefinitions.the_following_bike_tour_plus_system_exists_p2(io.cucumber.datatable.DataTable)?[0m
  ?[32mGiven ?[0m?[32mthe following pieces of gear exist in the system: (p2)?[0m                                                      ?[90m# ca.mcgill.ecse.biketourplus.features.AddAndRemoveGearForComboStepDefinitions.the_following_pieces_of_gear_exist_in_the_system_p2(io.cucumber.datatable.DataTable)?[0m
  ?[32mGiven ?[0m?[32mthe following combos exist in the system: (p2)?[0m                                                              ?[90m# ca.mcgill.ecse.biketourplus.features.AddAndRemoveGearForComboStepDefinitions.the_following_combos_exist_in_the_system_p2(io.cucumber.datatable.DataTable)?[0m
  ?[32mWhen ?[0m?[32mthe manager attempts to remove a piece of gear with name ?[0m?[32m?[1m"helmet"?[0m?[32m from the combo with name ?[0m?[32m?[1m"combo plus"?[0m?[32m (p2)?[0m ?[90m# ca.mcgill.ecse.biketourplus.features.AddAndRemoveGearForComboStepDefinitions.the_manager_attempts_to_remove_a_piece_of_gear_with_name_from_the_combo_with_name_p2(java.lang.String,java.lang.String)?[0m
  ?[32mThen ?[0m?[32mthe number of combos shall be ?[0m?[32m?[1m"2"?[0m?[32m (p2)?[0m                                                                       ?[90m# ca.mcgill.ecse.biketourplus.features.AddAndRemoveGearForComboStepDefinitions.the_number_of_combos_shall_be_p2(java.lang.String)?[0m
  ?[32mThen ?[0m?[32mthe system shall raise the error ?[0m?[32m?[1m"The combo does not exist"?[0m?[32m (p2)?[0m                                             ?[90m# ca.mcgill.ecse.biketourplus.features.AddAndRemoveGearForComboStepDefinitions.the_system_shall_raise_the_error_p2(java.lang.String)?[0m

Scenario Outline: Unsuccessfully remove a piece of gear from a combo that does not exist                              ?[90m# src/test/resources/AddAndRemoveGearForCombo.feature:108?[0m
  ?[32mGiven ?[0m?[32mthe following BikeTourPlus system exists: (p2)?[0m                                                                ?[90m# ca.mcgill.ecse.biketourplus.features.AddAndRemoveGearForComboStepDefinitions.the_following_bike_tour_plus_system_exists_p2(io.cucumber.datatable.DataTable)?[0m
  ?[32mGiven ?[0m?[32mthe following pieces of gear exist in the system: (p2)?[0m                                                        ?[90m# ca.mcgill.ecse.biketourplus.features.AddAndRemoveGearForComboStepDefinitions.the_following_pieces_of_gear_exist_in_the_system_p2(io.cucumber.datatable.DataTable)?[0m
  ?[32mGiven ?[0m?[32mthe following combos exist in the system: (p2)?[0m                                                                ?[90m# ca.mcgill.ecse.biketourplus.features.AddAndRemoveGearForComboStepDefinitions.the_following_combos_exist_in_the_system_p2(io.cucumber.datatable.DataTable)?[0m
  ?[32mWhen ?[0m?[32mthe manager attempts to remove a piece of gear with name ?[0m?[32m?[1m"bike bag"?[0m?[32m from the combo with name ?[0m?[32m?[1m"combo plus"?[0m?[32m (p2)?[0m ?[90m# ca.mcgill.ecse.biketourplus.features.AddAndRemoveGearForComboStepDefinitions.the_manager_attempts_to_remove_a_piece_of_gear_with_name_from_the_combo_with_name_p2(java.lang.String,java.lang.String)?[0m
  ?[32mThen ?[0m?[32mthe number of combos shall be ?[0m?[32m?[1m"2"?[0m?[32m (p2)?[0m                                                                         ?[90m# ca.mcgill.ecse.biketourplus.features.AddAndRemoveGearForComboStepDefinitions.the_number_of_combos_shall_be_p2(java.lang.String)?[0m
  ?[32mThen ?[0m?[32mthe system shall raise the error ?[0m?[32m?[1m"The combo does not exist"?[0m?[32m (p2)?[0m                                               ?[90m# ca.mcgill.ecse.biketourplus.features.AddAndRemoveGearForComboStepDefinitions.the_system_shall_raise_the_error_p2(java.lang.String)?[0m

Scenario Outline: Add a combo successfully                                                   ?[90m# src/test/resources/AddAndUpdateCombo.feature:26?[0m
  ?[32mGiven ?[0m?[32mthe following BikeTourPlus system exists: (p7)?[0m                                       ?[90m# ca.mcgill.ecse.biketourplus.features.AddAndUpdateComboStepDefinitions.the_following_bike_tour_plus_system_exists_p7(io.cucumber.datatable.DataTable)?[0m
  ?[32mGiven ?[0m?[32mthe following pieces of gear exist in the system: (p7)?[0m                               ?[90m# ca.mcgill.ecse.biketourplus.features.AddAndUpdateComboStepDefinitions.the_following_pieces_of_gear_exist_in_the_system_p7(io.cucumber.datatable.DataTable)?[0m
  ?[32mGiven ?[0m?[32mthe following combos exist in the system: (p7)?[0m                                       ?[90m# ca.mcgill.ecse.biketourplus.features.AddAndUpdateComboStepDefinitions.the_following_combos_exist_in_the_system_p7(io.cucumber.datatable.DataTable)?[0m
  ?[32mWhen ?[0m?[32mthe manager attempts to add a combo with name ?[0m?[32m?[1m"deluxe combo"?[0m?[32m and discount ?[0m?[32m?[1m"40"?[0m?[32m (p7)?[0m   ?[90m# ca.mcgill.ecse.biketourplus.features.AddAndUpdateComboStepDefinitions.the_manager_attempts_to_add_a_combo_with_name_and_discount_p7(java.lang.String,java.lang.String)?[0m
  ?[32mThen ?[0m?[32ma combo shall exist with name ?[0m?[32m?[1m"deluxe combo"?[0m?[32m and discount ?[0m?[32m?[1m"40"?[0m?[32m (p7)?[0m                   ?[90m# ca.mcgill.ecse.biketourplus.features.AddAndUpdateComboStepDefinitions.a_combo_shall_exist_with_name_and_discount_p7(java.lang.String,java.lang.String)?[0m
  ?[32mThen ?[0m?[32mthe number of pieces of gear for the combo with name ?[0m?[32m?[1m"deluxe combo"?[0m?[32m shall be ?[0m?[32m?[1m"0"?[0m?[32m (p7)?[0m ?[90m# ca.mcgill.ecse.biketourplus.features.AddAndUpdateComboStepDefinitions.the_number_of_pieces_of_gear_for_the_combo_with_name_shall_be_p3(java.lang.String,java.lang.String)?[0m
  ?[32mThen ?[0m?[32mthe number of combos shall be ?[0m?[32m?[1m"3"?[0m?[32m (p7)?[0m                                                ?[90m# ca.mcgill.ecse.biketourplus.features.AddAndUpdateComboStepDefinitions.the_number_of_combos_shall_be_p7(java.lang.String)?[0m

Scenario Outline: Add a combo successfully                                                 ?[90m# src/test/resources/AddAndUpdateCombo.feature:27?[0m
  ?[32mGiven ?[0m?[32mthe following BikeTourPlus system exists: (p7)?[0m                                     ?[90m# ca.mcgill.ecse.biketourplus.features.AddAndUpdateComboStepDefinitions.the_following_bike_tour_plus_system_exists_p7(io.cucumber.datatable.DataTable)?[0m
  ?[32mGiven ?[0m?[32mthe following pieces of gear exist in the system: (p7)?[0m                             ?[90m# ca.mcgill.ecse.biketourplus.features.AddAndUpdateComboStepDefinitions.the_following_pieces_of_gear_exist_in_the_system_p7(io.cucumber.datatable.DataTable)?[0m
  ?[32mGiven ?[0m?[32mthe following combos exist in the system: (p7)?[0m                                     ?[90m# ca.mcgill.ecse.biketourplus.features.AddAndUpdateComboStepDefinitions.the_following_combos_exist_in_the_system_p7(io.cucumber.datatable.DataTable)?[0m
  ?[32mWhen ?[0m?[32mthe manager attempts to add a combo with name ?[0m?[32m?[1m"combo plus"?[0m?[32m and discount ?[0m?[32m?[1m"10"?[0m?[32m (p7)?[0m   ?[90m# ca.mcgill.ecse.biketourplus.features.AddAndUpdateComboStepDefinitions.the_manager_attempts_to_add_a_combo_with_name_and_discount_p7(java.lang.String,java.lang.String)?[0m
  ?[32mThen ?[0m?[32ma combo shall exist with name ?[0m?[32m?[1m"combo plus"?[0m?[32m and discount ?[0m?[32m?[1m"10"?[0m?[32m (p7)?[0m                   ?[90m# ca.mcgill.ecse.biketourplus.features.AddAndUpdateComboStepDefinitions.a_combo_shall_exist_with_name_and_discount_p7(java.lang.String,java.lang.String)?[0m
  ?[32mThen ?[0m?[32mthe number of pieces of gear for the combo with name ?[0m?[32m?[1m"combo plus"?[0m?[32m shall be ?[0m?[32m?[1m"0"?[0m?[32m (p7)?[0m ?[90m# ca.mcgill.ecse.biketourplus.features.AddAndUpdateComboStepDefinitions.the_number_of_pieces_of_gear_for_the_combo_with_name_shall_be_p3(java.lang.String,java.lang.String)?[0m
  ?[32mThen ?[0m?[32mthe number of combos shall be ?[0m?[32m?[1m"3"?[0m?[32m (p7)?[0m                                              ?[90m# ca.mcgill.ecse.biketourplus.features.AddAndUpdateComboStepDefinitions.the_number_of_combos_shall_be_p7(java.lang.String)?[0m

Scenario Outline: Add a combo unsuccessfully                                               ?[90m# src/test/resources/AddAndUpdateCombo.feature:37?[0m
  ?[32mGiven ?[0m?[32mthe following BikeTourPlus system exists: (p7)?[0m                                     ?[90m# ca.mcgill.ecse.biketourplus.features.AddAndUpdateComboStepDefinitions.the_following_bike_tour_plus_system_exists_p7(io.cucumber.datatable.DataTable)?[0m
  ?[32mGiven ?[0m?[32mthe following pieces of gear exist in the system: (p7)?[0m                             ?[90m# ca.mcgill.ecse.biketourplus.features.AddAndUpdateComboStepDefinitions.the_following_pieces_of_gear_exist_in_the_system_p7(io.cucumber.datatable.DataTable)?[0m
  ?[32mGiven ?[0m?[32mthe following combos exist in the system: (p7)?[0m                                     ?[90m# ca.mcgill.ecse.biketourplus.features.AddAndUpdateComboStepDefinitions.the_following_combos_exist_in_the_system_p7(io.cucumber.datatable.DataTable)?[0m
  ?[32mWhen ?[0m?[32mthe manager attempts to add a combo with name ?[0m?[32m?[1m"deluxe combo"?[0m?[32m and discount ?[0m?[32m?[1m"-1"?[0m?[32m (p7)?[0m ?[90m# ca.mcgill.ecse.biketourplus.features.AddAndUpdateComboStepDefinitions.the_manager_attempts_to_add_a_combo_with_name_and_discount_p7(java.lang.String,java.lang.String)?[0m
  ?[32mThen ?[0m?[32ma combo shall not exist with name ?[0m?[32m?[1m"deluxe combo"?[0m?[32m and discount ?[0m?[32m?[1m"-1"?[0m?[32m (p7)?[0m             ?[90m# ca.mcgill.ecse.biketourplus.features.AddAndUpdateComboStepDefinitions.a_combo_shall_not_exist_with_name_and_discount_p7(java.lang.String,java.lang.String)?[0m
  ?[32mThen ?[0m?[32mthe number of combos shall be ?[0m?[32m?[1m"2"?[0m?[32m (p7)?[0m                                              ?[90m# ca.mcgill.ecse.biketourplus.features.AddAndUpdateComboStepDefinitions.the_number_of_combos_shall_be_p7(java.lang.String)?[0m
  ?[32mThen ?[0m?[32mthe system shall raise the error ?[0m?[32m?[1m"Discount must be at least 0"?[0m?[32m (p7)?[0m                 ?[90m# ca.mcgill.ecse.biketourplus.features.AddAndUpdateComboStepDefinitions.the_system_shall_raise_the_error_p7(java.lang.String)?[0m

Scenario Outline: Add a combo unsuccessfully                                              ?[90m# src/test/resources/AddAndUpdateCombo.feature:38?[0m
  ?[32mGiven ?[0m?[32mthe following BikeTourPlus system exists: (p7)?[0m                                    ?[90m# ca.mcgill.ecse.biketourplus.features.AddAndUpdateComboStepDefinitions.the_following_bike_tour_plus_system_exists_p7(io.cucumber.datatable.DataTable)?[0m
  ?[32mGiven ?[0m?[32mthe following pieces of gear exist in the system: (p7)?[0m                            ?[90m# ca.mcgill.ecse.biketourplus.features.AddAndUpdateComboStepDefinitions.the_following_pieces_of_gear_exist_in_the_system_p7(io.cucumber.datatable.DataTable)?[0m
  ?[32mGiven ?[0m?[32mthe following combos exist in the system: (p7)?[0m                                    ?[90m# ca.mcgill.ecse.biketourplus.features.AddAndUpdateComboStepDefinitions.the_following_combos_exist_in_the_system_p7(io.cucumber.datatable.DataTable)?[0m
  ?[32mWhen ?[0m?[32mthe manager attempts to add a combo with name ?[0m?[32m?[1m"combo plus"?[0m?[32m and discount ?[0m?[32m?[1m"101"?[0m?[32m (p7)?[0m ?[90m# ca.mcgill.ecse.biketourplus.features.AddAndUpdateComboStepDefinitions.the_manager_attempts_to_add_a_combo_with_name_and_discount_p7(java.lang.String,java.lang.String)?[0m
  ?[32mThen ?[0m?[32ma combo shall not exist with name ?[0m?[32m?[1m"combo plus"?[0m?[32m and discount ?[0m?[32m?[1m"101"?[0m?[32m (p7)?[0m             ?[90m# ca.mcgill.ecse.biketourplus.features.AddAndUpdateComboStepDefinitions.a_combo_shall_not_exist_with_name_and_discount_p7(java.lang.String,java.lang.String)?[0m
  ?[32mThen ?[0m?[32mthe number of combos shall be ?[0m?[32m?[1m"2"?[0m?[32m (p7)?[0m                                             ?[90m# ca.mcgill.ecse.biketourplus.features.AddAndUpdateComboStepDefinitions.the_number_of_combos_shall_be_p7(java.lang.String)?[0m
  ?[32mThen ?[0m?[32mthe system shall raise the error ?[0m?[32m?[1m"Discount must be no more than 100"?[0m?[32m (p7)?[0m          ?[90m# ca.mcgill.ecse.biketourplus.features.AddAndUpdateComboStepDefinitions.the_system_shall_raise_the_error_p7(java.lang.String)?[0m

Scenario Outline: Add a combo unsuccessfully                                  ?[90m# src/test/resources/AddAndUpdateCombo.feature:39?[0m
  ?[32mGiven ?[0m?[32mthe following BikeTourPlus system exists: (p7)?[0m                        ?[90m# ca.mcgill.ecse.biketourplus.features.AddAndUpdateComboStepDefinitions.the_following_bike_tour_plus_system_exists_p7(io.cucumber.datatable.DataTable)?[0m
  ?[32mGiven ?[0m?[32mthe following pieces of gear exist in the system: (p7)?[0m                ?[90m# ca.mcgill.ecse.biketourplus.features.AddAndUpdateComboStepDefinitions.the_following_pieces_of_gear_exist_in_the_system_p7(io.cucumber.datatable.DataTable)?[0m
  ?[32mGiven ?[0m?[32mthe following combos exist in the system: (p7)?[0m                        ?[90m# ca.mcgill.ecse.biketourplus.features.AddAndUpdateComboStepDefinitions.the_following_combos_exist_in_the_system_p7(io.cucumber.datatable.DataTable)?[0m
  ?[32mWhen ?[0m?[32mthe manager attempts to add a combo with name ?[0m?[32m?[1m""?[0m?[32m and discount ?[0m?[32m?[1m"0"?[0m?[32m (p7)?[0m ?[90m# ca.mcgill.ecse.biketourplus.features.AddAndUpdateComboStepDefinitions.the_manager_attempts_to_add_a_combo_with_name_and_discount_p7(java.lang.String,java.lang.String)?[0m
  ?[32mThen ?[0m?[32ma combo shall not exist with name ?[0m?[32m?[1m""?[0m?[32m and discount ?[0m?[32m?[1m"0"?[0m?[32m (p7)?[0m             ?[90m# ca.mcgill.ecse.biketourplus.features.AddAndUpdateComboStepDefinitions.a_combo_shall_not_exist_with_name_and_discount_p7(java.lang.String,java.lang.String)?[0m
  ?[32mThen ?[0m?[32mthe number of combos shall be ?[0m?[32m?[1m"2"?[0m?[32m (p7)?[0m                                 ?[90m# ca.mcgill.ecse.biketourplus.features.AddAndUpdateComboStepDefinitions.the_number_of_combos_shall_be_p7(java.lang.String)?[0m
  ?[32mThen ?[0m?[32mthe system shall raise the error ?[0m?[32m?[1m"The name must not be empty"?[0m?[32m (p7)?[0m     ?[90m# ca.mcgill.ecse.biketourplus.features.AddAndUpdateComboStepDefinitions.the_system_shall_raise_the_error_p7(java.lang.String)?[0m

Scenario Outline: Add a combo unsuccessfully                                                     ?[90m# src/test/resources/AddAndUpdateCombo.feature:40?[0m
  ?[32mGiven ?[0m?[32mthe following BikeTourPlus system exists: (p7)?[0m                                           ?[90m# ca.mcgill.ecse.biketourplus.features.AddAndUpdateComboStepDefinitions.the_following_bike_tour_plus_system_exists_p7(io.cucumber.datatable.DataTable)?[0m
  ?[32mGiven ?[0m?[32mthe following pieces of gear exist in the system: (p7)?[0m                                   ?[90m# ca.mcgill.ecse.biketourplus.features.AddAndUpdateComboStepDefinitions.the_following_pieces_of_gear_exist_in_the_system_p7(io.cucumber.datatable.DataTable)?[0m
  ?[32mGiven ?[0m?[32mthe following combos exist in the system: (p7)?[0m                                           ?[90m# ca.mcgill.ecse.biketourplus.features.AddAndUpdateComboStepDefinitions.the_following_combos_exist_in_the_system_p7(io.cucumber.datatable.DataTable)?[0m
  ?[32mWhen ?[0m?[32mthe manager attempts to add a combo with name ?[0m?[32m?[1m"helmet"?[0m?[32m and discount ?[0m?[32m?[1m"35"?[0m?[32m (p7)?[0m             ?[90m# ca.mcgill.ecse.biketourplus.features.AddAndUpdateComboStepDefinitions.the_manager_attempts_to_add_a_combo_with_name_and_discount_p7(java.lang.String,java.lang.String)?[0m
  ?[32mThen ?[0m?[32ma combo shall not exist with name ?[0m?[32m?[1m"helmet"?[0m?[32m and discount ?[0m?[32m?[1m"35"?[0m?[32m (p7)?[0m                         ?[90m# ca.mcgill.ecse.biketourplus.features.AddAndUpdateComboStepDefinitions.a_combo_shall_not_exist_with_name_and_discount_p7(java.lang.String,java.lang.String)?[0m
  ?[32mThen ?[0m?[32mthe number of combos shall be ?[0m?[32m?[1m"2"?[0m?[32m (p7)?[0m                                                    ?[90m# ca.mcgill.ecse.biketourplus.features.AddAndUpdateComboStepDefinitions.the_number_of_combos_shall_be_p7(java.lang.String)?[0m
  ?[32mThen ?[0m?[32mthe system shall raise the error ?[0m?[32m?[1m"A piece of gear with the same name already exists"?[0m?[32m (p7)?[0m ?[90m# ca.mcgill.ecse.biketourplus.features.AddAndUpdateComboStepDefinitions.the_system_shall_raise_the_error_p7(java.lang.String)?[0m

Scenario Outline: Add a combo unsuccessfully                                              ?[90m# src/test/resources/AddAndUpdateCombo.feature:41?[0m
  ?[32mGiven ?[0m?[32mthe following BikeTourPlus system exists: (p7)?[0m                                    ?[90m# ca.mcgill.ecse.biketourplus.features.AddAndUpdateComboStepDefinitions.the_following_bike_tour_plus_system_exists_p7(io.cucumber.datatable.DataTable)?[0m
  ?[32mGiven ?[0m?[32mthe following pieces of gear exist in the system: (p7)?[0m                            ?[90m# ca.mcgill.ecse.biketourplus.features.AddAndUpdateComboStepDefinitions.the_following_pieces_of_gear_exist_in_the_system_p7(io.cucumber.datatable.DataTable)?[0m
  ?[32mGiven ?[0m?[32mthe following combos exist in the system: (p7)?[0m                                    ?[90m# ca.mcgill.ecse.biketourplus.features.AddAndUpdateComboStepDefinitions.the_following_combos_exist_in_the_system_p7(io.cucumber.datatable.DataTable)?[0m
  ?[32mWhen ?[0m?[32mthe manager attempts to add a combo with name ?[0m?[32m?[1m"small combo"?[0m?[32m and discount ?[0m?[32m?[1m"30"?[0m?[32m (p7)?[0m ?[90m# ca.mcgill.ecse.biketourplus.features.AddAndUpdateComboStepDefinitions.the_manager_attempts_to_add_a_combo_with_name_and_discount_p7(java.lang.String,java.lang.String)?[0m
  ?[32mThen ?[0m?[32ma combo shall not exist with name ?[0m?[32m?[1m"small combo"?[0m?[32m and discount ?[0m?[32m?[1m"30"?[0m?[32m (p7)?[0m             ?[90m# ca.mcgill.ecse.biketourplus.features.AddAndUpdateComboStepDefinitions.a_combo_shall_not_exist_with_name_and_discount_p7(java.lang.String,java.lang.String)?[0m
  ?[32mThen ?[0m?[32mthe number of combos shall be ?[0m?[32m?[1m"2"?[0m?[32m (p7)?[0m                                             ?[90m# ca.mcgill.ecse.biketourplus.features.AddAndUpdateComboStepDefinitions.the_number_of_combos_shall_be_p7(java.lang.String)?[0m
  ?[32mThen ?[0m?[32mthe system shall raise the error ?[0m?[32m?[1m"A combo with the same name already exists"?[0m?[32m (p7)?[0m  ?[90m# ca.mcgill.ecse.biketourplus.features.AddAndUpdateComboStepDefinitions.the_system_shall_raise_the_error_p7(java.lang.String)?[0m

Scenario Outline: Update a combo successfully                                                                              ?[90m# src/test/resources/AddAndUpdateCombo.feature:52?[0m
  ?[32mGiven ?[0m?[32mthe following BikeTourPlus system exists: (p7)?[0m                                                                     ?[90m# ca.mcgill.ecse.biketourplus.features.AddAndUpdateComboStepDefinitions.the_following_bike_tour_plus_system_exists_p7(io.cucumber.datatable.DataTable)?[0m
  ?[32mGiven ?[0m?[32mthe following pieces of gear exist in the system: (p7)?[0m                                                             ?[90m# ca.mcgill.ecse.biketourplus.features.AddAndUpdateComboStepDefinitions.the_following_pieces_of_gear_exist_in_the_system_p7(io.cucumber.datatable.DataTable)?[0m
  ?[32mGiven ?[0m?[32mthe following combos exist in the system: (p7)?[0m                                                                     ?[90m# ca.mcgill.ecse.biketourplus.features.AddAndUpdateComboStepDefinitions.the_following_combos_exist_in_the_system_p7(io.cucumber.datatable.DataTable)?[0m
  ?[32mWhen ?[0m?[32mthe manager attempts to update the combo with name ?[0m?[32m?[1m"small combo"?[0m?[32m to have name ?[0m?[32m?[1m"deluxe combo"?[0m?[32m and discount ?[0m?[32m?[1m"40"?[0m?[32m (p7)?[0m ?[90m# ca.mcgill.ecse.biketourplus.features.AddAndUpdateComboStepDefinitions.the_manager_attempts_to_update_the_combo_with_name_to_have_name_and_discount_p7(java.lang.String,java.lang.String,java.lang.String)?[0m
  ?[32mThen ?[0m?[32ma combo shall exist with name ?[0m?[32m?[1m"deluxe combo"?[0m?[32m and discount ?[0m?[32m?[1m"40"?[0m?[32m (p7)?[0m                                                 ?[90m# ca.mcgill.ecse.biketourplus.features.AddAndUpdateComboStepDefinitions.a_combo_shall_exist_with_name_and_discount_p7(java.lang.String,java.lang.String)?[0m
  ?[32mThen ?[0m?[32mthe number of pieces of gear for the combo with name ?[0m?[32m?[1m"deluxe combo"?[0m?[32m shall be ?[0m?[32m?[1m"2"?[0m?[32m (p3)?[0m                               ?[90m# ca.mcgill.ecse.biketourplus.features.DeleteGearStepDefinitions.the_number_of_pieces_of_gear_for_the_combo_with_name_shall_be_p3(java.lang.String,java.lang.String)?[0m
  ?[32mThen ?[0m?[32ma combo shall not exist with name ?[0m?[32m?[1m"small combo"?[0m?[32m and discount ?[0m?[32m?[1m"10"?[0m?[32m (p7)?[0m                                              ?[90m# ca.mcgill.ecse.biketourplus.features.AddAndUpdateComboStepDefinitions.a_combo_shall_not_exist_with_name_and_discount_p7(java.lang.String,java.lang.String)?[0m
  ?[32mThen ?[0m?[32mthe number of combos shall be ?[0m?[32m?[1m"2"?[0m?[32m (p7)?[0m                                                                              ?[90m# ca.mcgill.ecse.biketourplus.features.AddAndUpdateComboStepDefinitions.the_number_of_combos_shall_be_p7(java.lang.String)?[0m

Scenario Outline: Update a combo successfully                                                                            ?[90m# src/test/resources/AddAndUpdateCombo.feature:53?[0m
  ?[32mGiven ?[0m?[32mthe following BikeTourPlus system exists: (p7)?[0m                                                                   ?[90m# ca.mcgill.ecse.biketourplus.features.AddAndUpdateComboStepDefinitions.the_following_bike_tour_plus_system_exists_p7(io.cucumber.datatable.DataTable)?[0m
  ?[32mGiven ?[0m?[32mthe following pieces of gear exist in the system: (p7)?[0m                                                           ?[90m# ca.mcgill.ecse.biketourplus.features.AddAndUpdateComboStepDefinitions.the_following_pieces_of_gear_exist_in_the_system_p7(io.cucumber.datatable.DataTable)?[0m
  ?[32mGiven ?[0m?[32mthe following combos exist in the system: (p7)?[0m                                                                   ?[90m# ca.mcgill.ecse.biketourplus.features.AddAndUpdateComboStepDefinitions.the_following_combos_exist_in_the_system_p7(io.cucumber.datatable.DataTable)?[0m
  ?[32mWhen ?[0m?[32mthe manager attempts to update the combo with name ?[0m?[32m?[1m"large combo"?[0m?[32m to have name ?[0m?[32m?[1m"combo plus"?[0m?[32m and discount ?[0m?[32m?[1m"10"?[0m?[32m (p7)?[0m ?[90m# ca.mcgill.ecse.biketourplus.features.AddAndUpdateComboStepDefinitions.the_manager_attempts_to_update_the_combo_with_name_to_have_name_and_discount_p7(java.lang.String,java.lang.String,java.lang.String)?[0m
  ?[32mThen ?[0m?[32ma combo shall exist with name ?[0m?[32m?[1m"combo plus"?[0m?[32m and discount ?[0m?[32m?[1m"10"?[0m?[32m (p7)?[0m                                                 ?[90m# ca.mcgill.ecse.biketourplus.features.AddAndUpdateComboStepDefinitions.a_combo_shall_exist_with_name_and_discount_p7(java.lang.String,java.lang.String)?[0m
  ?[32mThen ?[0m?[32mthe number of pieces of gear for the combo with name ?[0m?[32m?[1m"combo plus"?[0m?[32m shall be ?[0m?[32m?[1m"3"?[0m?[32m (p3)?[0m                               ?[90m# ca.mcgill.ecse.biketourplus.features.DeleteGearStepDefinitions.the_number_of_pieces_of_gear_for_the_combo_with_name_shall_be_p3(java.lang.String,java.lang.String)?[0m
  ?[32mThen ?[0m?[32ma combo shall not exist with name ?[0m?[32m?[1m"large combo"?[0m?[32m and discount ?[0m?[32m?[1m"25"?[0m?[32m (p7)?[0m                                            ?[90m# ca.mcgill.ecse.biketourplus.features.AddAndUpdateComboStepDefinitions.a_combo_shall_not_exist_with_name_and_discount_p7(java.lang.String,java.lang.String)?[0m
  ?[32mThen ?[0m?[32mthe number of combos shall be ?[0m?[32m?[1m"2"?[0m?[32m (p7)?[0m                                                                            ?[90m# ca.mcgill.ecse.biketourplus.features.AddAndUpdateComboStepDefinitions.the_number_of_combos_shall_be_p7(java.lang.String)?[0m

Scenario Outline: Update a combo unsuccessfully                                                                            ?[90m# src/test/resources/AddAndUpdateCombo.feature:65?[0m
  ?[32mGiven ?[0m?[32mthe following BikeTourPlus system exists: (p7)?[0m                                                                     ?[90m# ca.mcgill.ecse.biketourplus.features.AddAndUpdateComboStepDefinitions.the_following_bike_tour_plus_system_exists_p7(io.cucumber.datatable.DataTable)?[0m
  ?[32mGiven ?[0m?[32mthe following pieces of gear exist in the system: (p7)?[0m                                                             ?[90m# ca.mcgill.ecse.biketourplus.features.AddAndUpdateComboStepDefinitions.the_following_pieces_of_gear_exist_in_the_system_p7(io.cucumber.datatable.DataTable)?[0m
  ?[32mGiven ?[0m?[32mthe following combos exist in the system: (p7)?[0m                                                                     ?[90m# ca.mcgill.ecse.biketourplus.features.AddAndUpdateComboStepDefinitions.the_following_combos_exist_in_the_system_p7(io.cucumber.datatable.DataTable)?[0m
  ?[32mWhen ?[0m?[32mthe manager attempts to update the combo with name ?[0m?[32m?[1m"small combo"?[0m?[32m to have name ?[0m?[32m?[1m"deluxe combo"?[0m?[32m and discount ?[0m?[32m?[1m"-1"?[0m?[32m (p7)?[0m ?[90m# ca.mcgill.ecse.biketourplus.features.AddAndUpdateComboStepDefinitions.the_manager_attempts_to_update_the_combo_with_name_to_have_name_and_discount_p7(java.lang.String,java.lang.String,java.lang.String)?[0m
  ?[32mThen ?[0m?[32ma combo shall exist with name ?[0m?[32m?[1m"small combo"?[0m?[32m and discount ?[0m?[32m?[1m"10"?[0m?[32m (p7)?[0m                                                  ?[90m# ca.mcgill.ecse.biketourplus.features.AddAndUpdateComboStepDefinitions.a_combo_shall_exist_with_name_and_discount_p7(java.lang.String,java.lang.String)?[0m
  ?[32mThen ?[0m?[32mthe number of pieces of gear for the combo with name ?[0m?[32m?[1m"small combo"?[0m?[32m shall be ?[0m?[32m?[1m"2"?[0m?[32m (p3)?[0m                                ?[90m# ca.mcgill.ecse.biketourplus.features.DeleteGearStepDefinitions.the_number_of_pieces_of_gear_for_the_combo_with_name_shall_be_p3(java.lang.String,java.lang.String)?[0m
  ?[32mThen ?[0m?[32ma combo shall not exist with name ?[0m?[32m?[1m"deluxe combo"?[0m?[32m and discount ?[0m?[32m?[1m"-1"?[0m?[32m (p7)?[0m                                             ?[90m# ca.mcgill.ecse.biketourplus.features.AddAndUpdateComboStepDefinitions.a_combo_shall_not_exist_with_name_and_discount_p7(java.lang.String,java.lang.String)?[0m
  ?[32mThen ?[0m?[32mthe number of combos shall be ?[0m?[32m?[1m"2"?[0m?[32m (p7)?[0m                                                                              ?[90m# ca.mcgill.ecse.biketourplus.features.AddAndUpdateComboStepDefinitions.the_number_of_combos_shall_be_p7(java.lang.String)?[0m
  ?[32mThen ?[0m?[32mthe system shall raise the error ?[0m?[32m?[1m"Discount must be at least 0"?[0m?[32m (p7)?[0m                                                 ?[90m# ca.mcgill.ecse.biketourplus.features.AddAndUpdateComboStepDefinitions.the_system_shall_raise_the_error_p7(java.lang.String)?[0m

Scenario Outline: Update a combo unsuccessfully                                                                           ?[90m# src/test/resources/AddAndUpdateCombo.feature:66?[0m
  ?[32mGiven ?[0m?[32mthe following BikeTourPlus system exists: (p7)?[0m                                                                    ?[90m# ca.mcgill.ecse.biketourplus.features.AddAndUpdateComboStepDefinitions.the_following_bike_tour_plus_system_exists_p7(io.cucumber.datatable.DataTable)?[0m
  ?[32mGiven ?[0m?[32mthe following pieces of gear exist in the system: (p7)?[0m                                                            ?[90m# ca.mcgill.ecse.biketourplus.features.AddAndUpdateComboStepDefinitions.the_following_pieces_of_gear_exist_in_the_system_p7(io.cucumber.datatable.DataTable)?[0m
  ?[32mGiven ?[0m?[32mthe following combos exist in the system: (p7)?[0m                                                                    ?[90m# ca.mcgill.ecse.biketourplus.features.AddAndUpdateComboStepDefinitions.the_following_combos_exist_in_the_system_p7(io.cucumber.datatable.DataTable)?[0m
  ?[32mWhen ?[0m?[32mthe manager attempts to update the combo with name ?[0m?[32m?[1m"small combo"?[0m?[32m to have name ?[0m?[32m?[1m"combo plus"?[0m?[32m and discount ?[0m?[32m?[1m"101"?[0m?[32m (p7)?[0m ?[90m# ca.mcgill.ecse.biketourplus.features.AddAndUpdateComboStepDefinitions.the_manager_attempts_to_update_the_combo_with_name_to_have_name_and_discount_p7(java.lang.String,java.lang.String,java.lang.String)?[0m
  ?[32mThen ?[0m?[32ma combo shall exist with name ?[0m?[32m?[1m"small combo"?[0m?[32m and discount ?[0m?[32m?[1m"10"?[0m?[32m (p7)?[0m                                                 ?[90m# ca.mcgill.ecse.biketourplus.features.AddAndUpdateComboStepDefinitions.a_combo_shall_exist_with_name_and_discount_p7(java.lang.String,java.lang.String)?[0m
  ?[32mThen ?[0m?[32mthe number of pieces of gear for the combo with name ?[0m?[32m?[1m"small combo"?[0m?[32m shall be ?[0m?[32m?[1m"2"?[0m?[32m (p3)?[0m                               ?[90m# ca.mcgill.ecse.biketourplus.features.DeleteGearStepDefinitions.the_number_of_pieces_of_gear_for_the_combo_with_name_shall_be_p3(java.lang.String,java.lang.String)?[0m
  ?[32mThen ?[0m?[32ma combo shall not exist with name ?[0m?[32m?[1m"combo plus"?[0m?[32m and discount ?[0m?[32m?[1m"101"?[0m?[32m (p7)?[0m                                             ?[90m# ca.mcgill.ecse.biketourplus.features.AddAndUpdateComboStepDefinitions.a_combo_shall_not_exist_with_name_and_discount_p7(java.lang.String,java.lang.String)?[0m
  ?[32mThen ?[0m?[32mthe number of combos shall be ?[0m?[32m?[1m"2"?[0m?[32m (p7)?[0m                                                                             ?[90m# ca.mcgill.ecse.biketourplus.features.AddAndUpdateComboStepDefinitions.the_number_of_combos_shall_be_p7(java.lang.String)?[0m
  ?[32mThen ?[0m?[32mthe system shall raise the error ?[0m?[32m?[1m"Discount must be no more than 100"?[0m?[32m (p7)?[0m                                          ?[90m# ca.mcgill.ecse.biketourplus.features.AddAndUpdateComboStepDefinitions.the_system_shall_raise_the_error_p7(java.lang.String)?[0m

Scenario Outline: Update a combo unsuccessfully                                                               ?[90m# src/test/resources/AddAndUpdateCombo.feature:67?[0m
  ?[32mGiven ?[0m?[32mthe following BikeTourPlus system exists: (p7)?[0m                                                        ?[90m# ca.mcgill.ecse.biketourplus.features.AddAndUpdateComboStepDefinitions.the_following_bike_tour_plus_system_exists_p7(io.cucumber.datatable.DataTable)?[0m
  ?[32mGiven ?[0m?[32mthe following pieces of gear exist in the system: (p7)?[0m                                                ?[90m# ca.mcgill.ecse.biketourplus.features.AddAndUpdateComboStepDefinitions.the_following_pieces_of_gear_exist_in_the_system_p7(io.cucumber.datatable.DataTable)?[0m
  ?[32mGiven ?[0m?[32mthe following combos exist in the system: (p7)?[0m                                                        ?[90m# ca.mcgill.ecse.biketourplus.features.AddAndUpdateComboStepDefinitions.the_following_combos_exist_in_the_system_p7(io.cucumber.datatable.DataTable)?[0m
  ?[32mWhen ?[0m?[32mthe manager attempts to update the combo with name ?[0m?[32m?[1m"small combo"?[0m?[32m to have name ?[0m?[32m?[1m""?[0m?[32m and discount ?[0m?[32m?[1m"0"?[0m?[32m (p7)?[0m ?[90m# ca.mcgill.ecse.biketourplus.features.AddAndUpdateComboStepDefinitions.the_manager_attempts_to_update_the_combo_with_name_to_have_name_and_discount_p7(java.lang.String,java.lang.String,java.lang.String)?[0m
  ?[32mThen ?[0m?[32ma combo shall exist with name ?[0m?[32m?[1m"small combo"?[0m?[32m and discount ?[0m?[32m?[1m"10"?[0m?[32m (p7)?[0m                                     ?[90m# ca.mcgill.ecse.biketourplus.features.AddAndUpdateComboStepDefinitions.a_combo_shall_exist_with_name_and_discount_p7(java.lang.String,java.lang.String)?[0m
  ?[32mThen ?[0m?[32mthe number of pieces of gear for the combo with name ?[0m?[32m?[1m"small combo"?[0m?[32m shall be ?[0m?[32m?[1m"2"?[0m?[32m (p3)?[0m                   ?[90m# ca.mcgill.ecse.biketourplus.features.DeleteGearStepDefinitions.the_number_of_pieces_of_gear_for_the_combo_with_name_shall_be_p3(java.lang.String,java.lang.String)?[0m
  ?[32mThen ?[0m?[32ma combo shall not exist with name ?[0m?[32m?[1m""?[0m?[32m and discount ?[0m?[32m?[1m"0"?[0m?[32m (p7)?[0m                                             ?[90m# ca.mcgill.ecse.biketourplus.features.AddAndUpdateComboStepDefinitions.a_combo_shall_not_exist_with_name_and_discount_p7(java.lang.String,java.lang.String)?[0m
  ?[32mThen ?[0m?[32mthe number of combos shall be ?[0m?[32m?[1m"2"?[0m?[32m (p7)?[0m                                                                 ?[90m# ca.mcgill.ecse.biketourplus.features.AddAndUpdateComboStepDefinitions.the_number_of_combos_shall_be_p7(java.lang.String)?[0m
  ?[32mThen ?[0m?[32mthe system shall raise the error ?[0m?[32m?[1m"The name must not be empty"?[0m?[32m (p7)?[0m                                     ?[90m# ca.mcgill.ecse.biketourplus.features.AddAndUpdateComboStepDefinitions.the_system_shall_raise_the_error_p7(java.lang.String)?[0m

Scenario Outline: Update a combo unsuccessfully                                                                      ?[90m# src/test/resources/AddAndUpdateCombo.feature:68?[0m
  ?[32mGiven ?[0m?[32mthe following BikeTourPlus system exists: (p7)?[0m                                                               ?[90m# ca.mcgill.ecse.biketourplus.features.AddAndUpdateComboStepDefinitions.the_following_bike_tour_plus_system_exists_p7(io.cucumber.datatable.DataTable)?[0m
  ?[32mGiven ?[0m?[32mthe following pieces of gear exist in the system: (p7)?[0m                                                       ?[90m# ca.mcgill.ecse.biketourplus.features.AddAndUpdateComboStepDefinitions.the_following_pieces_of_gear_exist_in_the_system_p7(io.cucumber.datatable.DataTable)?[0m
  ?[32mGiven ?[0m?[32mthe following combos exist in the system: (p7)?[0m                                                               ?[90m# ca.mcgill.ecse.biketourplus.features.AddAndUpdateComboStepDefinitions.the_following_combos_exist_in_the_system_p7(io.cucumber.datatable.DataTable)?[0m
  ?[32mWhen ?[0m?[32mthe manager attempts to update the combo with name ?[0m?[32m?[1m"large combo"?[0m?[32m to have name ?[0m?[32m?[1m"helmet"?[0m?[32m and discount ?[0m?[32m?[1m"35"?[0m?[32m (p7)?[0m ?[90m# ca.mcgill.ecse.biketourplus.features.AddAndUpdateComboStepDefinitions.the_manager_attempts_to_update_the_combo_with_name_to_have_name_and_discount_p7(java.lang.String,java.lang.String,java.lang.String)?[0m
  ?[32mThen ?[0m?[32ma combo shall exist with name ?[0m?[32m?[1m"large combo"?[0m?[32m and discount ?[0m?[32m?[1m"25"?[0m?[32m (p7)?[0m                                            ?[90m# ca.mcgill.ecse.biketourplus.features.AddAndUpdateComboStepDefinitions.a_combo_shall_exist_with_name_and_discount_p7(java.lang.String,java.lang.String)?[0m
  ?[32mThen ?[0m?[32mthe number of pieces of gear for the combo with name ?[0m?[32m?[1m"large combo"?[0m?[32m shall be ?[0m?[32m?[1m"3"?[0m?[32m (p3)?[0m                          ?[90m# ca.mcgill.ecse.biketourplus.features.DeleteGearStepDefinitions.the_number_of_pieces_of_gear_for_the_combo_with_name_shall_be_p3(java.lang.String,java.lang.String)?[0m
  ?[32mThen ?[0m?[32ma combo shall not exist with name ?[0m?[32m?[1m"helmet"?[0m?[32m and discount ?[0m?[32m?[1m"35"?[0m?[32m (p7)?[0m                                             ?[90m# ca.mcgill.ecse.biketourplus.features.AddAndUpdateComboStepDefinitions.a_combo_shall_not_exist_with_name_and_discount_p7(java.lang.String,java.lang.String)?[0m
  ?[32mThen ?[0m?[32mthe number of combos shall be ?[0m?[32m?[1m"2"?[0m?[32m (p7)?[0m                                                                        ?[90m# ca.mcgill.ecse.biketourplus.features.AddAndUpdateComboStepDefinitions.the_number_of_combos_shall_be_p7(java.lang.String)?[0m
  ?[32mThen ?[0m?[32mthe system shall raise the error ?[0m?[32m?[1m"A piece of gear with the same name already exists"?[0m?[32m (p7)?[0m                     ?[90m# ca.mcgill.ecse.biketourplus.features.AddAndUpdateComboStepDefinitions.the_system_shall_raise_the_error_p7(java.lang.String)?[0m

Scenario Outline: Update a combo unsuccessfully                                                                           ?[90m# src/test/resources/AddAndUpdateCombo.feature:69?[0m
  ?[32mGiven ?[0m?[32mthe following BikeTourPlus system exists: (p7)?[0m                                                                    ?[90m# ca.mcgill.ecse.biketourplus.features.AddAndUpdateComboStepDefinitions.the_following_bike_tour_plus_system_exists_p7(io.cucumber.datatable.DataTable)?[0m
  ?[32mGiven ?[0m?[32mthe following pieces of gear exist in the system: (p7)?[0m                                                            ?[90m# ca.mcgill.ecse.biketourplus.features.AddAndUpdateComboStepDefinitions.the_following_pieces_of_gear_exist_in_the_system_p7(io.cucumber.datatable.DataTable)?[0m
  ?[32mGiven ?[0m?[32mthe following combos exist in the system: (p7)?[0m                                                                    ?[90m# ca.mcgill.ecse.biketourplus.features.AddAndUpdateComboStepDefinitions.the_following_combos_exist_in_the_system_p7(io.cucumber.datatable.DataTable)?[0m
  ?[32mWhen ?[0m?[32mthe manager attempts to update the combo with name ?[0m?[32m?[1m"large combo"?[0m?[32m to have name ?[0m?[32m?[1m"small combo"?[0m?[32m and discount ?[0m?[32m?[1m"30"?[0m?[32m (p7)?[0m ?[90m# ca.mcgill.ecse.biketourplus.features.AddAndUpdateComboStepDefinitions.the_manager_attempts_to_update_the_combo_with_name_to_have_name_and_discount_p7(java.lang.String,java.lang.String,java.lang.String)?[0m
  ?[32mThen ?[0m?[32ma combo shall exist with name ?[0m?[32m?[1m"large combo"?[0m?[32m and discount ?[0m?[32m?[1m"25"?[0m?[32m (p7)?[0m                                                 ?[90m# ca.mcgill.ecse.biketourplus.features.AddAndUpdateComboStepDefinitions.a_combo_shall_exist_with_name_and_discount_p7(java.lang.String,java.lang.String)?[0m
  ?[32mThen ?[0m?[32mthe number of pieces of gear for the combo with name ?[0m?[32m?[1m"large combo"?[0m?[32m shall be ?[0m?[32m?[1m"3"?[0m?[32m (p3)?[0m                               ?[90m# ca.mcgill.ecse.biketourplus.features.DeleteGearStepDefinitions.the_number_of_pieces_of_gear_for_the_combo_with_name_shall_be_p3(java.lang.String,java.lang.String)?[0m
  ?[32mThen ?[0m?[32ma combo shall not exist with name ?[0m?[32m?[1m"small combo"?[0m?[32m and discount ?[0m?[32m?[1m"30"?[0m?[32m (p7)?[0m                                             ?[90m# ca.mcgill.ecse.biketourplus.features.AddAndUpdateComboStepDefinitions.a_combo_shall_not_exist_with_name_and_discount_p7(java.lang.String,java.lang.String)?[0m
  ?[32mThen ?[0m?[32mthe number of combos shall be ?[0m?[32m?[1m"2"?[0m?[32m (p7)?[0m                                                                             ?[90m# ca.mcgill.ecse.biketourplus.features.AddAndUpdateComboStepDefinitions.the_number_of_combos_shall_be_p7(java.lang.String)?[0m
  ?[32mThen ?[0m?[32mthe system shall raise the error ?[0m?[32m?[1m"A combo with the same name already exists"?[0m?[32m (p7)?[0m                                  ?[90m# ca.mcgill.ecse.biketourplus.features.AddAndUpdateComboStepDefinitions.the_system_shall_raise_the_error_p7(java.lang.String)?[0m

Scenario Outline: Unsuccessfully update a combo that does not exist                                                       ?[90m# src/test/resources/AddAndUpdateCombo.feature:80?[0m
  ?[32mGiven ?[0m?[32mthe following BikeTourPlus system exists: (p7)?[0m                                                                    ?[90m# ca.mcgill.ecse.biketourplus.features.AddAndUpdateComboStepDefinitions.the_following_bike_tour_plus_system_exists_p7(io.cucumber.datatable.DataTable)?[0m
  ?[32mGiven ?[0m?[32mthe following pieces of gear exist in the system: (p7)?[0m                                                            ?[90m# ca.mcgill.ecse.biketourplus.features.AddAndUpdateComboStepDefinitions.the_following_pieces_of_gear_exist_in_the_system_p7(io.cucumber.datatable.DataTable)?[0m
  ?[32mGiven ?[0m?[32mthe following combos exist in the system: (p7)?[0m                                                                    ?[90m# ca.mcgill.ecse.biketourplus.features.AddAndUpdateComboStepDefinitions.the_following_combos_exist_in_the_system_p7(io.cucumber.datatable.DataTable)?[0m
  ?[32mWhen ?[0m?[32mthe manager attempts to update the combo with name ?[0m?[32m?[1m"combo plus"?[0m?[32m to have name ?[0m?[32m?[1m"deluxe combo"?[0m?[32m and discount ?[0m?[32m?[1m"15"?[0m?[32m (p7)?[0m ?[90m# ca.mcgill.ecse.biketourplus.features.AddAndUpdateComboStepDefinitions.the_manager_attempts_to_update_the_combo_with_name_to_have_name_and_discount_p7(java.lang.String,java.lang.String,java.lang.String)?[0m
  ?[32mThen ?[0m?[32ma combo shall not exist with name ?[0m?[32m?[1m"combo plus"?[0m?[32m and discount ?[0m?[32m?[1m"10"?[0m?[32m (p7)?[0m                                              ?[90m# ca.mcgill.ecse.biketourplus.features.AddAndUpdateComboStepDefinitions.a_combo_shall_not_exist_with_name_and_discount_p7(java.lang.String,java.lang.String)?[0m
  ?[32mThen ?[0m?[32ma combo shall not exist with name ?[0m?[32m?[1m"deluxe combo"?[0m?[32m and discount ?[0m?[32m?[1m"15"?[0m?[32m (p7)?[0m                                            ?[90m# ca.mcgill.ecse.biketourplus.features.AddAndUpdateComboStepDefinitions.a_combo_shall_not_exist_with_name_and_discount_p7(java.lang.String,java.lang.String)?[0m
  ?[32mThen ?[0m?[32mthe number of combos shall be ?[0m?[32m?[1m"2"?[0m?[32m (p7)?[0m                                                                             ?[90m# ca.mcgill.ecse.biketourplus.features.AddAndUpdateComboStepDefinitions.the_number_of_combos_shall_be_p7(java.lang.String)?[0m
  ?[32mThen ?[0m?[32mthe system shall raise the error ?[0m?[32m?[1m"The combo does not exist"?[0m?[32m (p7)?[0m                                                   ?[90m# ca.mcgill.ecse.biketourplus.features.AddAndUpdateComboStepDefinitions.the_system_shall_raise_the_error_p7(java.lang.String)?[0m

Scenario Outline: Add a piece of gear successfully                                                             ?[90m# src/test/resources/AddAndUpdateGear.feature:25?[0m
  ?[32mGiven ?[0m?[32mthe following BikeTourPlus system exists: (p4)?[0m                                                         ?[90m# ca.mcgill.ecse.biketourplus.features.AddAndUpdateGearStepDefinitions.the_following_bike_tour_plus_system_exists_p4(io.cucumber.datatable.DataTable)?[0m
  ?[32mGiven ?[0m?[32mthe following pieces of gear exist in the system: (p4)?[0m                                                 ?[90m# ca.mcgill.ecse.biketourplus.features.AddAndUpdateGearStepDefinitions.the_following_pieces_of_gear_exist_in_the_system_p4(io.cucumber.datatable.DataTable)?[0m
  ?[32mGiven ?[0m?[32mthe following combos exist in the system: (p4)?[0m                                                         ?[90m# ca.mcgill.ecse.biketourplus.features.AddAndUpdateGearStepDefinitions.the_following_combos_exist_in_the_system_p4(io.cucumber.datatable.DataTable)?[0m
  ?[32mWhen ?[0m?[32mthe manager attempts to add a new piece of gear with name ?[0m?[32m?[1m"mountain bike"?[0m?[32m and price per week ?[0m?[32m?[1m"100"?[0m?[32m (p4)?[0m ?[90m# ca.mcgill.ecse.biketourplus.features.AddAndUpdateGearStepDefinitions.the_manager_attempts_to_add_a_new_piece_of_gear_with_name_and_price_per_week_p4(java.lang.String,java.lang.String)?[0m
  ?[32mThen ?[0m?[32ma piece of gear shall exist with name ?[0m?[32m?[1m"mountain bike"?[0m?[32m and price per week ?[0m?[32m?[1m"100"?[0m?[32m (p4)?[0m                     ?[90m# ca.mcgill.ecse.biketourplus.features.AddAndUpdateGearStepDefinitions.a_piece_of_gear_shall_exist_with_name_and_price_per_week_p4(java.lang.String,java.lang.String)?[0m
  ?[32mThen ?[0m?[32mthe number of pieces of gear shall be ?[0m?[32m?[1m"4"?[0m?[32m (p4)?[0m                                                          ?[90m# ca.mcgill.ecse.biketourplus.features.AddAndUpdateGearStepDefinitions.the_number_of_pieces_of_gear_shall_be_p4(java.lang.String)?[0m

Scenario Outline: Add a piece of gear successfully                                                       ?[90m# src/test/resources/AddAndUpdateGear.feature:26?[0m
  ?[32mGiven ?[0m?[32mthe following BikeTourPlus system exists: (p4)?[0m                                                   ?[90m# ca.mcgill.ecse.biketourplus.features.AddAndUpdateGearStepDefinitions.the_following_bike_tour_plus_system_exists_p4(io.cucumber.datatable.DataTable)?[0m
  ?[32mGiven ?[0m?[32mthe following pieces of gear exist in the system: (p4)?[0m                                           ?[90m# ca.mcgill.ecse.biketourplus.features.AddAndUpdateGearStepDefinitions.the_following_pieces_of_gear_exist_in_the_system_p4(io.cucumber.datatable.DataTable)?[0m
  ?[32mGiven ?[0m?[32mthe following combos exist in the system: (p4)?[0m                                                   ?[90m# ca.mcgill.ecse.biketourplus.features.AddAndUpdateGearStepDefinitions.the_following_combos_exist_in_the_system_p4(io.cucumber.datatable.DataTable)?[0m
  ?[32mWhen ?[0m?[32mthe manager attempts to add a new piece of gear with name ?[0m?[32m?[1m"tire kit"?[0m?[32m and price per week ?[0m?[32m?[1m"15"?[0m?[32m (p4)?[0m ?[90m# ca.mcgill.ecse.biketourplus.features.AddAndUpdateGearStepDefinitions.the_manager_attempts_to_add_a_new_piece_of_gear_with_name_and_price_per_week_p4(java.lang.String,java.lang.String)?[0m
  ?[32mThen ?[0m?[32ma piece of gear shall exist with name ?[0m?[32m?[1m"tire kit"?[0m?[32m and price per week ?[0m?[32m?[1m"15"?[0m?[32m (p4)?[0m                     ?[90m# ca.mcgill.ecse.biketourplus.features.AddAndUpdateGearStepDefinitions.a_piece_of_gear_shall_exist_with_name_and_price_per_week_p4(java.lang.String,java.lang.String)?[0m
  ?[32mThen ?[0m?[32mthe number of pieces of gear shall be ?[0m?[32m?[1m"4"?[0m?[32m (p4)?[0m                                                    ?[90m# ca.mcgill.ecse.biketourplus.features.AddAndUpdateGearStepDefinitions.the_number_of_pieces_of_gear_shall_be_p4(java.lang.String)?[0m

Scenario Outline: Add a piece of gear unsuccessfully                                                              ?[90m# src/test/resources/AddAndUpdateGear.feature:36?[0m
  ?[32mGiven ?[0m?[32mthe following BikeTourPlus system exists: (p4)?[0m                                                            ?[90m# ca.mcgill.ecse.biketourplus.features.AddAndUpdateGearStepDefinitions.the_following_bike_tour_plus_system_exists_p4(io.cucumber.datatable.DataTable)?[0m
  ?[32mGiven ?[0m?[32mthe following pieces of gear exist in the system: (p4)?[0m                                                    ?[90m# ca.mcgill.ecse.biketourplus.features.AddAndUpdateGearStepDefinitions.the_following_pieces_of_gear_exist_in_the_system_p4(io.cucumber.datatable.DataTable)?[0m
  ?[32mGiven ?[0m?[32mthe following combos exist in the system: (p4)?[0m                                                            ?[90m# ca.mcgill.ecse.biketourplus.features.AddAndUpdateGearStepDefinitions.the_following_combos_exist_in_the_system_p4(io.cucumber.datatable.DataTable)?[0m
  ?[32mWhen ?[0m?[32mthe manager attempts to add a new piece of gear with name ?[0m?[32m?[1m"lightweight bike"?[0m?[32m and price per week ?[0m?[32m?[1m"-35"?[0m?[32m (p4)?[0m ?[90m# ca.mcgill.ecse.biketourplus.features.AddAndUpdateGearStepDefinitions.the_manager_attempts_to_add_a_new_piece_of_gear_with_name_and_price_per_week_p4(java.lang.String,java.lang.String)?[0m
  ?[32mThen ?[0m?[32ma piece of gear shall not exist with name ?[0m?[32m?[1m"lightweight bike"?[0m?[32m and price per week ?[0m?[32m?[1m"-35"?[0m?[32m (p4)?[0m                 ?[90m# ca.mcgill.ecse.biketourplus.features.AddAndUpdateGearStepDefinitions.a_piece_of_gear_shall_not_exist_with_name_and_price_per_week_p4(java.lang.String,java.lang.String)?[0m
  ?[32mThen ?[0m?[32mthe number of pieces of gear in the system shall be ?[0m?[32m?[1m"3"?[0m?[32m (p4)?[0m                                               ?[90m# ca.mcgill.ecse.biketourplus.features.AddAndUpdateGearStepDefinitions.the_number_of_pieces_of_gear_in_the_system_shall_be_p4(java.lang.String)?[0m
  ?[32mThen ?[0m?[32mthe system shall raise the error ?[0m?[32m?[1m"The price per week must be greater than or equal to 0"?[0m?[32m (p4)?[0m              ?[90m# ca.mcgill.ecse.biketourplus.features.AddAndUpdateGearStepDefinitions.the_system_shall_raise_the_error_p4(java.lang.String)?[0m

Scenario Outline: Add a piece of gear unsuccessfully                                             ?[90m# src/test/resources/AddAndUpdateGear.feature:37?[0m
  ?[32mGiven ?[0m?[32mthe following BikeTourPlus system exists: (p4)?[0m                                           ?[90m# ca.mcgill.ecse.biketourplus.features.AddAndUpdateGearStepDefinitions.the_following_bike_tour_plus_system_exists_p4(io.cucumber.datatable.DataTable)?[0m
  ?[32mGiven ?[0m?[32mthe following pieces of gear exist in the system: (p4)?[0m                                   ?[90m# ca.mcgill.ecse.biketourplus.features.AddAndUpdateGearStepDefinitions.the_following_pieces_of_gear_exist_in_the_system_p4(io.cucumber.datatable.DataTable)?[0m
  ?[32mGiven ?[0m?[32mthe following combos exist in the system: (p4)?[0m                                           ?[90m# ca.mcgill.ecse.biketourplus.features.AddAndUpdateGearStepDefinitions.the_following_combos_exist_in_the_system_p4(io.cucumber.datatable.DataTable)?[0m
  ?[32mWhen ?[0m?[32mthe manager attempts to add a new piece of gear with name ?[0m?[32m?[1m""?[0m?[32m and price per week ?[0m?[32m?[1m"35"?[0m?[32m (p4)?[0m ?[90m# ca.mcgill.ecse.biketourplus.features.AddAndUpdateGearStepDefinitions.the_manager_attempts_to_add_a_new_piece_of_gear_with_name_and_price_per_week_p4(java.lang.String,java.lang.String)?[0m
  ?[32mThen ?[0m?[32ma piece of gear shall not exist with name ?[0m?[32m?[1m""?[0m?[32m and price per week ?[0m?[32m?[1m"35"?[0m?[32m (p4)?[0m                 ?[90m# ca.mcgill.ecse.biketourplus.features.AddAndUpdateGearStepDefinitions.a_piece_of_gear_shall_not_exist_with_name_and_price_per_week_p4(java.lang.String,java.lang.String)?[0m
  ?[32mThen ?[0m?[32mthe number of pieces of gear in the system shall be ?[0m?[32m?[1m"3"?[0m?[32m (p4)?[0m                              ?[90m# ca.mcgill.ecse.biketourplus.features.AddAndUpdateGearStepDefinitions.the_number_of_pieces_of_gear_in_the_system_shall_be_p4(java.lang.String)?[0m
  ?[32mThen ?[0m?[32mthe system shall raise the error ?[0m?[32m?[1m"The name must not be empty"?[0m?[32m (p4)?[0m                        ?[90m# ca.mcgill.ecse.biketourplus.features.AddAndUpdateGearStepDefinitions.the_system_shall_raise_the_error_p4(java.lang.String)?[0m

Scenario Outline: Add a piece of gear unsuccessfully                                                   ?[90m# src/test/resources/AddAndUpdateGear.feature:38?[0m
  ?[32mGiven ?[0m?[32mthe following BikeTourPlus system exists: (p4)?[0m                                                 ?[90m# ca.mcgill.ecse.biketourplus.features.AddAndUpdateGearStepDefinitions.the_following_bike_tour_plus_system_exists_p4(io.cucumber.datatable.DataTable)?[0m
  ?[32mGiven ?[0m?[32mthe following pieces of gear exist in the system: (p4)?[0m                                         ?[90m# ca.mcgill.ecse.biketourplus.features.AddAndUpdateGearStepDefinitions.the_following_pieces_of_gear_exist_in_the_system_p4(io.cucumber.datatable.DataTable)?[0m
  ?[32mGiven ?[0m?[32mthe following combos exist in the system: (p4)?[0m                                                 ?[90m# ca.mcgill.ecse.biketourplus.features.AddAndUpdateGearStepDefinitions.the_following_combos_exist_in_the_system_p4(io.cucumber.datatable.DataTable)?[0m
  ?[32mWhen ?[0m?[32mthe manager attempts to add a new piece of gear with name ?[0m?[32m?[1m"helmet"?[0m?[32m and price per week ?[0m?[32m?[1m"35"?[0m?[32m (p4)?[0m ?[90m# ca.mcgill.ecse.biketourplus.features.AddAndUpdateGearStepDefinitions.the_manager_attempts_to_add_a_new_piece_of_gear_with_name_and_price_per_week_p4(java.lang.String,java.lang.String)?[0m
  ?[32mThen ?[0m?[32ma piece of gear shall not exist with name ?[0m?[32m?[1m"helmet"?[0m?[32m and price per week ?[0m?[32m?[1m"35"?[0m?[32m (p4)?[0m                 ?[90m# ca.mcgill.ecse.biketourplus.features.AddAndUpdateGearStepDefinitions.a_piece_of_gear_shall_not_exist_with_name_and_price_per_week_p4(java.lang.String,java.lang.String)?[0m
  ?[32mThen ?[0m?[32mthe number of pieces of gear in the system shall be ?[0m?[32m?[1m"3"?[0m?[32m (p4)?[0m                                    ?[90m# ca.mcgill.ecse.biketourplus.features.AddAndUpdateGearStepDefinitions.the_number_of_pieces_of_gear_in_the_system_shall_be_p4(java.lang.String)?[0m
  ?[32mThen ?[0m?[32mthe system shall raise the error ?[0m?[32m?[1m"A piece of gear with the same name already exists"?[0m?[32m (p4)?[0m       ?[90m# ca.mcgill.ecse.biketourplus.features.AddAndUpdateGearStepDefinitions.the_system_shall_raise_the_error_p4(java.lang.String)?[0m

Scenario Outline: Add a piece of gear unsuccessfully                                                        ?[90m# src/test/resources/AddAndUpdateGear.feature:39?[0m
  ?[32mGiven ?[0m?[32mthe following BikeTourPlus system exists: (p4)?[0m                                                      ?[90m# ca.mcgill.ecse.biketourplus.features.AddAndUpdateGearStepDefinitions.the_following_bike_tour_plus_system_exists_p4(io.cucumber.datatable.DataTable)?[0m
  ?[32mGiven ?[0m?[32mthe following pieces of gear exist in the system: (p4)?[0m                                              ?[90m# ca.mcgill.ecse.biketourplus.features.AddAndUpdateGearStepDefinitions.the_following_pieces_of_gear_exist_in_the_system_p4(io.cucumber.datatable.DataTable)?[0m
  ?[32mGiven ?[0m?[32mthe following combos exist in the system: (p4)?[0m                                                      ?[90m# ca.mcgill.ecse.biketourplus.features.AddAndUpdateGearStepDefinitions.the_following_combos_exist_in_the_system_p4(io.cucumber.datatable.DataTable)?[0m
  ?[32mWhen ?[0m?[32mthe manager attempts to add a new piece of gear with name ?[0m?[32m?[1m"small combo"?[0m?[32m and price per week ?[0m?[32m?[1m"30"?[0m?[32m (p4)?[0m ?[90m# ca.mcgill.ecse.biketourplus.features.AddAndUpdateGearStepDefinitions.the_manager_attempts_to_add_a_new_piece_of_gear_with_name_and_price_per_week_p4(java.lang.String,java.lang.String)?[0m
  ?[32mThen ?[0m?[32ma piece of gear shall not exist with name ?[0m?[32m?[1m"small combo"?[0m?[32m and price per week ?[0m?[32m?[1m"30"?[0m?[32m (p4)?[0m                 ?[90m# ca.mcgill.ecse.biketourplus.features.AddAndUpdateGearStepDefinitions.a_piece_of_gear_shall_not_exist_with_name_and_price_per_week_p4(java.lang.String,java.lang.String)?[0m
  ?[32mThen ?[0m?[32mthe number of pieces of gear in the system shall be ?[0m?[32m?[1m"3"?[0m?[32m (p4)?[0m                                         ?[90m# ca.mcgill.ecse.biketourplus.features.AddAndUpdateGearStepDefinitions.the_number_of_pieces_of_gear_in_the_system_shall_be_p4(java.lang.String)?[0m
  ?[32mThen ?[0m?[32mthe system shall raise the error ?[0m?[32m?[1m"A combo with the same name already exists"?[0m?[32m (p4)?[0m                    ?[90m# ca.mcgill.ecse.biketourplus.features.AddAndUpdateGearStepDefinitions.the_system_shall_raise_the_error_p4(java.lang.String)?[0m

Scenario Outline: Update a piece of gear successfully                                                                                      ?[90m# src/test/resources/AddAndUpdateGear.feature:49?[0m
  ?[32mGiven ?[0m?[32mthe following BikeTourPlus system exists: (p4)?[0m                                                                                     ?[90m# ca.mcgill.ecse.biketourplus.features.AddAndUpdateGearStepDefinitions.the_following_bike_tour_plus_system_exists_p4(io.cucumber.datatable.DataTable)?[0m
  ?[32mGiven ?[0m?[32mthe following pieces of gear exist in the system: (p4)?[0m                                                                             ?[90m# ca.mcgill.ecse.biketourplus.features.AddAndUpdateGearStepDefinitions.the_following_pieces_of_gear_exist_in_the_system_p4(io.cucumber.datatable.DataTable)?[0m
  ?[32mGiven ?[0m?[32mthe following combos exist in the system: (p4)?[0m                                                                                     ?[90m# ca.mcgill.ecse.biketourplus.features.AddAndUpdateGearStepDefinitions.the_following_combos_exist_in_the_system_p4(io.cucumber.datatable.DataTable)?[0m
  ?[32mWhen ?[0m?[32mthe manager attempts to update the piece of gear with name ?[0m?[32m?[1m"e-bike"?[0m?[32m to have name ?[0m?[32m?[1m"lightweight e-bike"?[0m?[32m and price per week ?[0m?[32m?[1m"175"?[0m?[32m (p4)?[0m ?[90m# ca.mcgill.ecse.biketourplus.features.AddAndUpdateGearStepDefinitions.the_manager_attempts_to_update_the_piece_of_gear_with_name_to_have_name_and_price_per_week_p4(java.lang.String,java.lang.String,java.lang.String)?[0m
  ?[32mThen ?[0m?[32ma piece of gear shall exist with name ?[0m?[32m?[1m"lightweight e-bike"?[0m?[32m and price per week ?[0m?[32m?[1m"175"?[0m?[32m (p4)?[0m                                            ?[90m# ca.mcgill.ecse.biketourplus.features.AddAndUpdateGearStepDefinitions.a_piece_of_gear_shall_exist_with_name_and_price_per_week_p4(java.lang.String,java.lang.String)?[0m
  ?[32mThen ?[0m?[32ma piece of gear shall not exist with name ?[0m?[32m?[1m"e-bike"?[0m?[32m and price per week ?[0m?[32m?[1m"150"?[0m?[32m (p4)?[0m                                                    ?[90m# ca.mcgill.ecse.biketourplus.features.AddAndUpdateGearStepDefinitions.a_piece_of_gear_shall_not_exist_with_name_and_price_per_week_p4(java.lang.String,java.lang.String)?[0m
  ?[32mThen ?[0m?[32mthe number of pieces of gear shall be ?[0m?[32m?[1m"3"?[0m?[32m (p4)?[0m                                                                                      ?[90m# ca.mcgill.ecse.biketourplus.features.AddAndUpdateGearStepDefinitions.the_number_of_pieces_of_gear_shall_be_p4(java.lang.String)?[0m

Scenario Outline: Update a piece of gear successfully                                                                              ?[90m# src/test/resources/AddAndUpdateGear.feature:50?[0m
  ?[32mGiven ?[0m?[32mthe following BikeTourPlus system exists: (p4)?[0m                                                                             ?[90m# ca.mcgill.ecse.biketourplus.features.AddAndUpdateGearStepDefinitions.the_following_bike_tour_plus_system_exists_p4(io.cucumber.datatable.DataTable)?[0m
  ?[32mGiven ?[0m?[32mthe following pieces of gear exist in the system: (p4)?[0m                                                                     ?[90m# ca.mcgill.ecse.biketourplus.features.AddAndUpdateGearStepDefinitions.the_following_pieces_of_gear_exist_in_the_system_p4(io.cucumber.datatable.DataTable)?[0m
  ?[32mGiven ?[0m?[32mthe following combos exist in the system: (p4)?[0m                                                                             ?[90m# ca.mcgill.ecse.biketourplus.features.AddAndUpdateGearStepDefinitions.the_following_combos_exist_in_the_system_p4(io.cucumber.datatable.DataTable)?[0m
  ?[32mWhen ?[0m?[32mthe manager attempts to update the piece of gear with name ?[0m?[32m?[1m"helmet"?[0m?[32m to have name ?[0m?[32m?[1m"bike helmet"?[0m?[32m and price per week ?[0m?[32m?[1m"25"?[0m?[32m (p4)?[0m ?[90m# ca.mcgill.ecse.biketourplus.features.AddAndUpdateGearStepDefinitions.the_manager_attempts_to_update_the_piece_of_gear_with_name_to_have_name_and_price_per_week_p4(java.lang.String,java.lang.String,java.lang.String)?[0m
  ?[32mThen ?[0m?[32ma piece of gear shall exist with name ?[0m?[32m?[1m"bike helmet"?[0m?[32m and price per week ?[0m?[32m?[1m"25"?[0m?[32m (p4)?[0m                                            ?[90m# ca.mcgill.ecse.biketourplus.features.AddAndUpdateGearStepDefinitions.a_piece_of_gear_shall_exist_with_name_and_price_per_week_p4(java.lang.String,java.lang.String)?[0m
  ?[32mThen ?[0m?[32ma piece of gear shall not exist with name ?[0m?[32m?[1m"helmet"?[0m?[32m and price per week ?[0m?[32m?[1m"25"?[0m?[32m (p4)?[0m                                             ?[90m# ca.mcgill.ecse.biketourplus.features.AddAndUpdateGearStepDefinitions.a_piece_of_gear_shall_not_exist_with_name_and_price_per_week_p4(java.lang.String,java.lang.String)?[0m
  ?[32mThen ?[0m?[32mthe number of pieces of gear shall be ?[0m?[32m?[1m"3"?[0m?[32m (p4)?[0m                                                                              ?[90m# ca.mcgill.ecse.biketourplus.features.AddAndUpdateGearStepDefinitions.the_number_of_pieces_of_gear_shall_be_p4(java.lang.String)?[0m

Scenario Outline: Update a piece of gear successfully                                                                             ?[90m# src/test/resources/AddAndUpdateGear.feature:51?[0m
  ?[32mGiven ?[0m?[32mthe following BikeTourPlus system exists: (p4)?[0m                                                                            ?[90m# ca.mcgill.ecse.biketourplus.features.AddAndUpdateGearStepDefinitions.the_following_bike_tour_plus_system_exists_p4(io.cucumber.datatable.DataTable)?[0m
  ?[32mGiven ?[0m?[32mthe following pieces of gear exist in the system: (p4)?[0m                                                                    ?[90m# ca.mcgill.ecse.biketourplus.features.AddAndUpdateGearStepDefinitions.the_following_pieces_of_gear_exist_in_the_system_p4(io.cucumber.datatable.DataTable)?[0m
  ?[32mGiven ?[0m?[32mthe following combos exist in the system: (p4)?[0m                                                                            ?[90m# ca.mcgill.ecse.biketourplus.features.AddAndUpdateGearStepDefinitions.the_following_combos_exist_in_the_system_p4(io.cucumber.datatable.DataTable)?[0m
  ?[32mWhen ?[0m?[32mthe manager attempts to update the piece of gear with name ?[0m?[32m?[1m"bike bag"?[0m?[32m to have name ?[0m?[32m?[1m"bike bag"?[0m?[32m and price per week ?[0m?[32m?[1m"17"?[0m?[32m (p4)?[0m ?[90m# ca.mcgill.ecse.biketourplus.features.AddAndUpdateGearStepDefinitions.the_manager_attempts_to_update_the_piece_of_gear_with_name_to_have_name_and_price_per_week_p4(java.lang.String,java.lang.String,java.lang.String)?[0m
  ?[32mThen ?[0m?[32ma piece of gear shall exist with name ?[0m?[32m?[1m"bike bag"?[0m?[32m and price per week ?[0m?[32m?[1m"17"?[0m?[32m (p4)?[0m                                              ?[90m# ca.mcgill.ecse.biketourplus.features.AddAndUpdateGearStepDefinitions.a_piece_of_gear_shall_exist_with_name_and_price_per_week_p4(java.lang.String,java.lang.String)?[0m
  ?[32mThen ?[0m?[32ma piece of gear shall not exist with name ?[0m?[32m?[1m"bike bag"?[0m?[32m and price per week ?[0m?[32m?[1m"19"?[0m?[32m (p4)?[0m                                          ?[90m# ca.mcgill.ecse.biketourplus.features.AddAndUpdateGearStepDefinitions.a_piece_of_gear_shall_not_exist_with_name_and_price_per_week_p4(java.lang.String,java.lang.String)?[0m
  ?[32mThen ?[0m?[32mthe number of pieces of gear shall be ?[0m?[32m?[1m"3"?[0m?[32m (p4)?[0m                                                                             ?[90m# ca.mcgill.ecse.biketourplus.features.AddAndUpdateGearStepDefinitions.the_number_of_pieces_of_gear_shall_be_p4(java.lang.String)?[0m

Scenario Outline: Update a piece of gear unsuccessfully                                                                                   ?[90m# src/test/resources/AddAndUpdateGear.feature:62?[0m
  ?[32mGiven ?[0m?[32mthe following BikeTourPlus system exists: (p4)?[0m                                                                                    ?[90m# ca.mcgill.ecse.biketourplus.features.AddAndUpdateGearStepDefinitions.the_following_bike_tour_plus_system_exists_p4(io.cucumber.datatable.DataTable)?[0m
  ?[32mGiven ?[0m?[32mthe following pieces of gear exist in the system: (p4)?[0m                                                                            ?[90m# ca.mcgill.ecse.biketourplus.features.AddAndUpdateGearStepDefinitions.the_following_pieces_of_gear_exist_in_the_system_p4(io.cucumber.datatable.DataTable)?[0m
  ?[32mGiven ?[0m?[32mthe following combos exist in the system: (p4)?[0m                                                                                    ?[90m# ca.mcgill.ecse.biketourplus.features.AddAndUpdateGearStepDefinitions.the_following_combos_exist_in_the_system_p4(io.cucumber.datatable.DataTable)?[0m
  ?[32mWhen ?[0m?[32mthe manager attempts to update the piece of gear with name ?[0m?[32m?[1m"e-bike"?[0m?[32m to have name ?[0m?[32m?[1m"lighweight e-bike"?[0m?[32m and price per week ?[0m?[32m?[1m"-35"?[0m?[32m (p4)?[0m ?[90m# ca.mcgill.ecse.biketourplus.features.AddAndUpdateGearStepDefinitions.the_manager_attempts_to_update_the_piece_of_gear_with_name_to_have_name_and_price_per_week_p4(java.lang.String,java.lang.String,java.lang.String)?[0m
  ?[32mThen ?[0m?[32ma piece of gear shall exist with name ?[0m?[32m?[1m"e-bike"?[0m?[32m and price per week ?[0m?[32m?[1m"150"?[0m?[32m (p4)?[0m                                                       ?[90m# ca.mcgill.ecse.biketourplus.features.AddAndUpdateGearStepDefinitions.a_piece_of_gear_shall_exist_with_name_and_price_per_week_p4(java.lang.String,java.lang.String)?[0m
  ?[32mThen ?[0m?[32ma piece of gear shall not exist with name ?[0m?[32m?[1m"lighweight e-bike"?[0m?[32m and price per week ?[0m?[32m?[1m"-35"?[0m?[32m (p4)?[0m                                        ?[90m# ca.mcgill.ecse.biketourplus.features.AddAndUpdateGearStepDefinitions.a_piece_of_gear_shall_not_exist_with_name_and_price_per_week_p4(java.lang.String,java.lang.String)?[0m
  ?[32mThen ?[0m?[32mthe number of pieces of gear shall be ?[0m?[32m?[1m"3"?[0m?[32m (p4)?[0m                                                                                     ?[90m# ca.mcgill.ecse.biketourplus.features.AddAndUpdateGearStepDefinitions.the_number_of_pieces_of_gear_shall_be_p4(java.lang.String)?[0m
  ?[32mThen ?[0m?[32mthe system shall raise the error ?[0m?[32m?[1m"The price per week must be greater than or equal to 0"?[0m?[32m (p4)?[0m                                      ?[90m# ca.mcgill.ecse.biketourplus.features.AddAndUpdateGearStepDefinitions.the_system_shall_raise_the_error_p4(java.lang.String)?[0m

Scenario Outline: Update a piece of gear unsuccessfully                                                                 ?[90m# src/test/resources/AddAndUpdateGear.feature:63?[0m
  ?[32mGiven ?[0m?[32mthe following BikeTourPlus system exists: (p4)?[0m                                                                  ?[90m# ca.mcgill.ecse.biketourplus.features.AddAndUpdateGearStepDefinitions.the_following_bike_tour_plus_system_exists_p4(io.cucumber.datatable.DataTable)?[0m
  ?[32mGiven ?[0m?[32mthe following pieces of gear exist in the system: (p4)?[0m                                                          ?[90m# ca.mcgill.ecse.biketourplus.features.AddAndUpdateGearStepDefinitions.the_following_pieces_of_gear_exist_in_the_system_p4(io.cucumber.datatable.DataTable)?[0m
  ?[32mGiven ?[0m?[32mthe following combos exist in the system: (p4)?[0m                                                                  ?[90m# ca.mcgill.ecse.biketourplus.features.AddAndUpdateGearStepDefinitions.the_following_combos_exist_in_the_system_p4(io.cucumber.datatable.DataTable)?[0m
  ?[32mWhen ?[0m?[32mthe manager attempts to update the piece of gear with name ?[0m?[32m?[1m"e-bike"?[0m?[32m to have name ?[0m?[32m?[1m""?[0m?[32m and price per week ?[0m?[32m?[1m"35"?[0m?[32m (p4)?[0m ?[90m# ca.mcgill.ecse.biketourplus.features.AddAndUpdateGearStepDefinitions.the_manager_attempts_to_update_the_piece_of_gear_with_name_to_have_name_and_price_per_week_p4(java.lang.String,java.lang.String,java.lang.String)?[0m
  ?[32mThen ?[0m?[32ma piece of gear shall exist with name ?[0m?[32m?[1m"e-bike"?[0m?[32m and price per week ?[0m?[32m?[1m"150"?[0m?[32m (p4)?[0m                                     ?[90m# ca.mcgill.ecse.biketourplus.features.AddAndUpdateGearStepDefinitions.a_piece_of_gear_shall_exist_with_name_and_price_per_week_p4(java.lang.String,java.lang.String)?[0m
  ?[32mThen ?[0m?[32ma piece of gear shall not exist with name ?[0m?[32m?[1m""?[0m?[32m and price per week ?[0m?[32m?[1m"35"?[0m?[32m (p4)?[0m                                        ?[90m# ca.mcgill.ecse.biketourplus.features.AddAndUpdateGearStepDefinitions.a_piece_of_gear_shall_not_exist_with_name_and_price_per_week_p4(java.lang.String,java.lang.String)?[0m
  ?[32mThen ?[0m?[32mthe number of pieces of gear shall be ?[0m?[32m?[1m"3"?[0m?[32m (p4)?[0m                                                                   ?[90m# ca.mcgill.ecse.biketourplus.features.AddAndUpdateGearStepDefinitions.the_number_of_pieces_of_gear_shall_be_p4(java.lang.String)?[0m
  ?[32mThen ?[0m?[32mthe system shall raise the error ?[0m?[32m?[1m"The name must not be empty"?[0m?[32m (p4)?[0m                                               ?[90m# ca.mcgill.ecse.biketourplus.features.AddAndUpdateGearStepDefinitions.the_system_shall_raise_the_error_p4(java.lang.String)?[0m

Scenario Outline: Update a piece of gear unsuccessfully                                                                        ?[90m# src/test/resources/AddAndUpdateGear.feature:64?[0m
  ?[32mGiven ?[0m?[32mthe following BikeTourPlus system exists: (p4)?[0m                                                                         ?[90m# ca.mcgill.ecse.biketourplus.features.AddAndUpdateGearStepDefinitions.the_following_bike_tour_plus_system_exists_p4(io.cucumber.datatable.DataTable)?[0m
  ?[32mGiven ?[0m?[32mthe following pieces of gear exist in the system: (p4)?[0m                                                                 ?[90m# ca.mcgill.ecse.biketourplus.features.AddAndUpdateGearStepDefinitions.the_following_pieces_of_gear_exist_in_the_system_p4(io.cucumber.datatable.DataTable)?[0m
  ?[32mGiven ?[0m?[32mthe following combos exist in the system: (p4)?[0m                                                                         ?[90m# ca.mcgill.ecse.biketourplus.features.AddAndUpdateGearStepDefinitions.the_following_combos_exist_in_the_system_p4(io.cucumber.datatable.DataTable)?[0m
  ?[32mWhen ?[0m?[32mthe manager attempts to update the piece of gear with name ?[0m?[32m?[1m"e-bike"?[0m?[32m to have name ?[0m?[32m?[1m"helmet"?[0m?[32m and price per week ?[0m?[32m?[1m"150"?[0m?[32m (p4)?[0m ?[90m# ca.mcgill.ecse.biketourplus.features.AddAndUpdateGearStepDefinitions.the_manager_attempts_to_update_the_piece_of_gear_with_name_to_have_name_and_price_per_week_p4(java.lang.String,java.lang.String,java.lang.String)?[0m
  ?[32mThen ?[0m?[32ma piece of gear shall exist with name ?[0m?[32m?[1m"e-bike"?[0m?[32m and price per week ?[0m?[32m?[1m"150"?[0m?[32m (p4)?[0m                                            ?[90m# ca.mcgill.ecse.biketourplus.features.AddAndUpdateGearStepDefinitions.a_piece_of_gear_shall_exist_with_name_and_price_per_week_p4(java.lang.String,java.lang.String)?[0m
  ?[32mThen ?[0m?[32ma piece of gear shall not exist with name ?[0m?[32m?[1m"helmet"?[0m?[32m and price per week ?[0m?[32m?[1m"150"?[0m?[32m (p4)?[0m                                        ?[90m# ca.mcgill.ecse.biketourplus.features.AddAndUpdateGearStepDefinitions.a_piece_of_gear_shall_not_exist_with_name_and_price_per_week_p4(java.lang.String,java.lang.String)?[0m
  ?[32mThen ?[0m?[32mthe number of pieces of gear shall be ?[0m?[32m?[1m"3"?[0m?[32m (p4)?[0m                                                                          ?[90m# ca.mcgill.ecse.biketourplus.features.AddAndUpdateGearStepDefinitions.the_number_of_pieces_of_gear_shall_be_p4(java.lang.String)?[0m
  ?[32mThen ?[0m?[32mthe system shall raise the error ?[0m?[32m?[1m"A piece of gear with the same name already exists"?[0m?[32m (p4)?[0m                               ?[90m# ca.mcgill.ecse.biketourplus.features.AddAndUpdateGearStepDefinitions.the_system_shall_raise_the_error_p4(java.lang.String)?[0m

Scenario Outline: Update a piece of gear unsuccessfully                                                                             ?[90m# src/test/resources/AddAndUpdateGear.feature:65?[0m
  ?[32mGiven ?[0m?[32mthe following BikeTourPlus system exists: (p4)?[0m                                                                              ?[90m# ca.mcgill.ecse.biketourplus.features.AddAndUpdateGearStepDefinitions.the_following_bike_tour_plus_system_exists_p4(io.cucumber.datatable.DataTable)?[0m
  ?[32mGiven ?[0m?[32mthe following pieces of gear exist in the system: (p4)?[0m                                                                      ?[90m# ca.mcgill.ecse.biketourplus.features.AddAndUpdateGearStepDefinitions.the_following_pieces_of_gear_exist_in_the_system_p4(io.cucumber.datatable.DataTable)?[0m
  ?[32mGiven ?[0m?[32mthe following combos exist in the system: (p4)?[0m                                                                              ?[90m# ca.mcgill.ecse.biketourplus.features.AddAndUpdateGearStepDefinitions.the_following_combos_exist_in_the_system_p4(io.cucumber.datatable.DataTable)?[0m
  ?[32mWhen ?[0m?[32mthe manager attempts to update the piece of gear with name ?[0m?[32m?[1m"e-bike"?[0m?[32m to have name ?[0m?[32m?[1m"small combo"?[0m?[32m and price per week ?[0m?[32m?[1m"150"?[0m?[32m (p4)?[0m ?[90m# ca.mcgill.ecse.biketourplus.features.AddAndUpdateGearStepDefinitions.the_manager_attempts_to_update_the_piece_of_gear_with_name_to_have_name_and_price_per_week_p4(java.lang.String,java.lang.String,java.lang.String)?[0m
  ?[32mThen ?[0m?[32ma piece of gear shall exist with name ?[0m?[32m?[1m"e-bike"?[0m?[32m and price per week ?[0m?[32m?[1m"150"?[0m?[32m (p4)?[0m                                                 ?[90m# ca.mcgill.ecse.biketourplus.features.AddAndUpdateGearStepDefinitions.a_piece_of_gear_shall_exist_with_name_and_price_per_week_p4(java.lang.String,java.lang.String)?[0m
  ?[32mThen ?[0m?[32ma piece of gear shall not exist with name ?[0m?[32m?[1m"small combo"?[0m?[32m and price per week ?[0m?[32m?[1m"150"?[0m?[32m (p4)?[0m                                        ?[90m# ca.mcgill.ecse.biketourplus.features.AddAndUpdateGearStepDefinitions.a_piece_of_gear_shall_not_exist_with_name_and_price_per_week_p4(java.lang.String,java.lang.String)?[0m
  ?[32mThen ?[0m?[32mthe number of pieces of gear shall be ?[0m?[32m?[1m"3"?[0m?[32m (p4)?[0m                                                                               ?[90m# ca.mcgill.ecse.biketourplus.features.AddAndUpdateGearStepDefinitions.the_number_of_pieces_of_gear_shall_be_p4(java.lang.String)?[0m
  ?[32mThen ?[0m?[32mthe system shall raise the error ?[0m?[32m?[1m"A combo with the same name already exists"?[0m?[32m (p4)?[0m                                            ?[90m# ca.mcgill.ecse.biketourplus.features.AddAndUpdateGearStepDefinitions.the_system_shall_raise_the_error_p4(java.lang.String)?[0m

Scenario Outline: Unsuccessfully update a piece of gear that does not exist                                                        ?[90m# src/test/resources/AddAndUpdateGear.feature:76?[0m
  ?[32mGiven ?[0m?[32mthe following BikeTourPlus system exists: (p4)?[0m                                                                             ?[90m# ca.mcgill.ecse.biketourplus.features.AddAndUpdateGearStepDefinitions.the_following_bike_tour_plus_system_exists_p4(io.cucumber.datatable.DataTable)?[0m
  ?[32mGiven ?[0m?[32mthe following pieces of gear exist in the system: (p4)?[0m                                                                     ?[90m# ca.mcgill.ecse.biketourplus.features.AddAndUpdateGearStepDefinitions.the_following_pieces_of_gear_exist_in_the_system_p4(io.cucumber.datatable.DataTable)?[0m
  ?[32mGiven ?[0m?[32mthe following combos exist in the system: (p4)?[0m                                                                             ?[90m# ca.mcgill.ecse.biketourplus.features.AddAndUpdateGearStepDefinitions.the_following_combos_exist_in_the_system_p4(io.cucumber.datatable.DataTable)?[0m
  ?[32mWhen ?[0m?[32mthe manager attempts to update the piece of gear with name ?[0m?[32m?[1m"bike"?[0m?[32m to have name ?[0m?[32m?[1m"mountain bike"?[0m?[32m and price per week ?[0m?[32m?[1m"35"?[0m?[32m (p4)?[0m ?[90m# ca.mcgill.ecse.biketourplus.features.AddAndUpdateGearStepDefinitions.the_manager_attempts_to_update_the_piece_of_gear_with_name_to_have_name_and_price_per_week_p4(java.lang.String,java.lang.String,java.lang.String)?[0m
  ?[32mThen ?[0m?[32ma piece of gear shall not exist with name ?[0m?[32m?[1m"bike"?[0m?[32m and price per week ?[0m?[32m?[1m"150"?[0m?[32m (p4)?[0m                                              ?[90m# ca.mcgill.ecse.biketourplus.features.AddAndUpdateGearStepDefinitions.a_piece_of_gear_shall_not_exist_with_name_and_price_per_week_p4(java.lang.String,java.lang.String)?[0m
  ?[32mThen ?[0m?[32ma piece of gear shall not exist with name ?[0m?[32m?[1m"mountain bike"?[0m?[32m and price per week ?[0m?[32m?[1m"35"?[0m?[32m (p4)?[0m                                      ?[90m# ca.mcgill.ecse.biketourplus.features.AddAndUpdateGearStepDefinitions.a_piece_of_gear_shall_not_exist_with_name_and_price_per_week_p4(java.lang.String,java.lang.String)?[0m
  ?[32mThen ?[0m?[32mthe number of pieces of gear shall be ?[0m?[32m?[1m"3"?[0m?[32m (p4)?[0m                                                                              ?[90m# ca.mcgill.ecse.biketourplus.features.AddAndUpdateGearStepDefinitions.the_number_of_pieces_of_gear_shall_be_p4(java.lang.String)?[0m
  ?[32mThen ?[0m?[32mthe system shall raise the error ?[0m?[32m?[1m"The piece of gear does not exist"?[0m?[32m (p4)?[0m                                                    ?[90m# ca.mcgill.ecse.biketourplus.features.AddAndUpdateGearStepDefinitions.the_system_shall_raise_the_error_p4(java.lang.String)?[0m

Scenario: Successfully initiate bike tour creation in which a newer participant is assigned before an older one ?[90m# src/test/resources/CreateBikeTours.feature:16?[0m
  ?[32mGiven ?[0m?[32mthe following BikeTourPlus system exists:?[0m                                                               ?[90m# ca.mcgill.ecse.biketourplus.features.BikeToursStepDefinitions.the_following_bike_tour_plus_system_exists(io.cucumber.datatable.DataTable)?[0m
  ?[32mGiven ?[0m?[32mthe following guides exist in the system:?[0m                                                               ?[90m# ca.mcgill.ecse.biketourplus.features.BikeToursStepDefinitions.the_following_guides_exist_in_the_system(io.cucumber.datatable.DataTable)?[0m
  ?[32mGiven ?[0m?[32mthe following participants exist in the system:?[0m                                                         ?[90m# ca.mcgill.ecse.biketourplus.features.BikeToursStepDefinitions.the_following_participants_exist_in_the_system(io.cucumber.datatable.DataTable)?[0m
  ?[32mWhen ?[0m?[32mthe administrator attempts to initiate the bike tour creation process?[0m                                    ?[90m# ca.mcgill.ecse.biketourplus.features.BikeToursStepDefinitions.the_administrator_attempts_to_initiate_the_bike_tour_creation_process()?[0m
<<<<<<< HEAD
  ?[31mThen ?[0m?[31mthe following bike tours shall exist in the system:?[0m                                                      ?[90m# ca.mcgill.ecse.biketourplus.features.BikeToursStepDefinitions.the_following_bike_tours_shall_exist_in_the_system(io.cucumber.datatable.DataTable)?[0m
      ?[31morg.opentest4j.AssertionFailedError: expected: <true> but was: <false>
	at org.junit.jupiter.api.AssertionUtils.fail(AssertionUtils.java:55)
	at org.junit.jupiter.api.AssertTrue.assertTrue(AssertTrue.java:40)
	at org.junit.jupiter.api.AssertTrue.assertTrue(AssertTrue.java:35)
	at org.junit.jupiter.api.Assertions.assertTrue(Assertions.java:162)
	at ca.mcgill.ecse.biketourplus.features.BikeToursStepDefinitions.the_following_bike_tours_shall_exist_in_the_system(BikeToursStepDefinitions.java:84)
	at âœ½.the following bike tours shall exist in the system:(file:///C:/Users/alexa/ecse223-group-project-p7/src/test/resources/CreateBikeTours.feature:25)
?[0m
  ?[36mThen ?[0m?[36mthe participant with email ?[0m?[36m?[1m"alice@gmail.com"?[0m?[36m shall be marked as ?[0m?[36m?[1m"Assigned"?[0m                               ?[90m# ca.mcgill.ecse.biketourplus.features.BikeToursStepDefinitions.the_participant_with_email_shall_be_marked_as(java.lang.String,java.lang.String)?[0m
  ?[36mThen ?[0m?[36mthe participant with email ?[0m?[36m?[1m"new@hotmail.ca"?[0m?[36m shall be marked as ?[0m?[36m?[1m"Assigned"?[0m                                ?[90m# ca.mcgill.ecse.biketourplus.features.BikeToursStepDefinitions.the_participant_with_email_shall_be_marked_as(java.lang.String,java.lang.String)?[0m
  ?[36mThen ?[0m?[36mthe participant with email ?[0m?[36m?[1m"charlie@hotmail.ca"?[0m?[36m shall be marked as ?[0m?[36m?[1m"Assigned"?[0m                            ?[90m# ca.mcgill.ecse.biketourplus.features.BikeToursStepDefinitions.the_participant_with_email_shall_be_marked_as(java.lang.String,java.lang.String)?[0m
  ?[36mThen ?[0m?[36mthe participant with email ?[0m?[36m?[1m"john@hotmail.ca"?[0m?[36m shall be marked as ?[0m?[36m?[1m"Assigned"?[0m                               ?[90m# ca.mcgill.ecse.biketourplus.features.BikeToursStepDefinitions.the_participant_with_email_shall_be_marked_as(java.lang.String,java.lang.String)?[0m
  ?[36mThen ?[0m?[36mthe participant with email ?[0m?[36m?[1m"emily@hotmail.ca"?[0m?[36m shall be marked as ?[0m?[36m?[1m"Assigned"?[0m                              ?[90m# ca.mcgill.ecse.biketourplus.features.BikeToursStepDefinitions.the_participant_with_email_shall_be_marked_as(java.lang.String,java.lang.String)?[0m
  ?[36mThen ?[0m?[36mthe number of bike tours shall be ?[0m?[36m?[1m"3"?[0m                                                                    ?[90m# ca.mcgill.ecse.biketourplus.features.BikeToursStepDefinitions.the_number_of_bike_tours_shall_be(java.lang.String)?[0m
=======
emails: alice@gmail.com
emails: charlie@hotmail.ca
emails: john@hotmail.ca
biketour
alice@gmail.com
charlie@hotmail.ca
john@hotmail.ca
biketour
emily@hotmail.ca
biketour
new@hotmail.ca
emails: emily@hotmail.ca
biketour
alice@gmail.com
charlie@hotmail.ca
john@hotmail.ca
biketour
emily@hotmail.ca
biketour
new@hotmail.ca
emails: new@hotmail.ca
biketour
alice@gmail.com
charlie@hotmail.ca
john@hotmail.ca
biketour
emily@hotmail.ca
biketour
new@hotmail.ca
  ?[32mThen ?[0m?[32mthe following bike tours shall exist in the system:?[0m                                                      ?[90m# ca.mcgill.ecse.biketourplus.features.BikeToursStepDefinitions.the_following_bike_tours_shall_exist_in_the_system(io.cucumber.datatable.DataTable)?[0m
  ?[32mThen ?[0m?[32mthe participant with email ?[0m?[32m?[1m"alice@gmail.com"?[0m?[32m shall be marked as ?[0m?[32m?[1m"Assigned"?[0m                               ?[90m# ca.mcgill.ecse.biketourplus.features.BikeToursStepDefinitions.the_participant_with_email_shall_be_marked_as(java.lang.String,java.lang.String)?[0m
  ?[32mThen ?[0m?[32mthe participant with email ?[0m?[32m?[1m"new@hotmail.ca"?[0m?[32m shall be marked as ?[0m?[32m?[1m"Assigned"?[0m                                ?[90m# ca.mcgill.ecse.biketourplus.features.BikeToursStepDefinitions.the_participant_with_email_shall_be_marked_as(java.lang.String,java.lang.String)?[0m
  ?[32mThen ?[0m?[32mthe participant with email ?[0m?[32m?[1m"charlie@hotmail.ca"?[0m?[32m shall be marked as ?[0m?[32m?[1m"Assigned"?[0m                            ?[90m# ca.mcgill.ecse.biketourplus.features.BikeToursStepDefinitions.the_participant_with_email_shall_be_marked_as(java.lang.String,java.lang.String)?[0m
  ?[32mThen ?[0m?[32mthe participant with email ?[0m?[32m?[1m"john@hotmail.ca"?[0m?[32m shall be marked as ?[0m?[32m?[1m"Assigned"?[0m                               ?[90m# ca.mcgill.ecse.biketourplus.features.BikeToursStepDefinitions.the_participant_with_email_shall_be_marked_as(java.lang.String,java.lang.String)?[0m
  ?[32mThen ?[0m?[32mthe participant with email ?[0m?[32m?[1m"emily@hotmail.ca"?[0m?[32m shall be marked as ?[0m?[32m?[1m"Assigned"?[0m                              ?[90m# ca.mcgill.ecse.biketourplus.features.BikeToursStepDefinitions.the_participant_with_email_shall_be_marked_as(java.lang.String,java.lang.String)?[0m
  ?[32mThen ?[0m?[32mthe number of bike tours shall be ?[0m?[32m?[1m"3"?[0m                                                                    ?[90m# ca.mcgill.ecse.biketourplus.features.BikeToursStepDefinitions.the_number_of_bike_tours_shall_be(java.lang.String)?[0m
>>>>>>> d4b4bca9468a8a36e85c47ec29e953b9e2418674

Scenario: Successfully initiate bike tour creation requiring a single guide          ?[90m# src/test/resources/CreateBikeTours.feature:37?[0m
  ?[32mGiven ?[0m?[32mthe following BikeTourPlus system exists:?[0m                                    ?[90m# ca.mcgill.ecse.biketourplus.features.BikeToursStepDefinitions.the_following_bike_tour_plus_system_exists(io.cucumber.datatable.DataTable)?[0m
  ?[32mGiven ?[0m?[32mthe following guides exist in the system:?[0m                                    ?[90m# ca.mcgill.ecse.biketourplus.features.BikeToursStepDefinitions.the_following_guides_exist_in_the_system(io.cucumber.datatable.DataTable)?[0m
  ?[32mGiven ?[0m?[32mthe following participants exist in the system:?[0m                              ?[90m# ca.mcgill.ecse.biketourplus.features.BikeToursStepDefinitions.the_following_participants_exist_in_the_system(io.cucumber.datatable.DataTable)?[0m
  ?[32mWhen ?[0m?[32mthe administrator attempts to initiate the bike tour creation process?[0m         ?[90m# ca.mcgill.ecse.biketourplus.features.BikeToursStepDefinitions.the_administrator_attempts_to_initiate_the_bike_tour_creation_process()?[0m
<<<<<<< HEAD
  ?[31mThen ?[0m?[31mthe following bike tours shall exist in the system:?[0m                           ?[90m# ca.mcgill.ecse.biketourplus.features.BikeToursStepDefinitions.the_following_bike_tours_shall_exist_in_the_system(io.cucumber.datatable.DataTable)?[0m
      ?[31morg.opentest4j.AssertionFailedError: expected: <true> but was: <false>
	at org.junit.jupiter.api.AssertionUtils.fail(AssertionUtils.java:55)
	at org.junit.jupiter.api.AssertTrue.assertTrue(AssertTrue.java:40)
	at org.junit.jupiter.api.AssertTrue.assertTrue(AssertTrue.java:35)
	at org.junit.jupiter.api.Assertions.assertTrue(Assertions.java:162)
	at ca.mcgill.ecse.biketourplus.features.BikeToursStepDefinitions.the_following_bike_tours_shall_exist_in_the_system(BikeToursStepDefinitions.java:84)
	at âœ½.the following bike tours shall exist in the system:(file:///C:/Users/alexa/ecse223-group-project-p7/src/test/resources/CreateBikeTours.feature:46)
?[0m
  ?[36mThen ?[0m?[36mthe participant with email ?[0m?[36m?[1m"alice@gmail.com"?[0m?[36m shall be marked as ?[0m?[36m?[1m"Assigned"?[0m    ?[90m# ca.mcgill.ecse.biketourplus.features.BikeToursStepDefinitions.the_participant_with_email_shall_be_marked_as(java.lang.String,java.lang.String)?[0m
  ?[36mThen ?[0m?[36mthe participant with email ?[0m?[36m?[1m"new@hotmail.ca"?[0m?[36m shall be marked as ?[0m?[36m?[1m"Assigned"?[0m     ?[90m# ca.mcgill.ecse.biketourplus.features.BikeToursStepDefinitions.the_participant_with_email_shall_be_marked_as(java.lang.String,java.lang.String)?[0m
  ?[36mThen ?[0m?[36mthe participant with email ?[0m?[36m?[1m"charlie@hotmail.ca"?[0m?[36m shall be marked as ?[0m?[36m?[1m"Assigned"?[0m ?[90m# ca.mcgill.ecse.biketourplus.features.BikeToursStepDefinitions.the_participant_with_email_shall_be_marked_as(java.lang.String,java.lang.String)?[0m
  ?[36mThen ?[0m?[36mthe participant with email ?[0m?[36m?[1m"john@hotmail.ca"?[0m?[36m shall be marked as ?[0m?[36m?[1m"Assigned"?[0m    ?[90m# ca.mcgill.ecse.biketourplus.features.BikeToursStepDefinitions.the_participant_with_email_shall_be_marked_as(java.lang.String,java.lang.String)?[0m
  ?[36mThen ?[0m?[36mthe participant with email ?[0m?[36m?[1m"emily@hotmail.ca"?[0m?[36m shall be marked as ?[0m?[36m?[1m"Assigned"?[0m   ?[90m# ca.mcgill.ecse.biketourplus.features.BikeToursStepDefinitions.the_participant_with_email_shall_be_marked_as(java.lang.String,java.lang.String)?[0m
  ?[36mThen ?[0m?[36mthe number of bike tours shall be ?[0m?[36m?[1m"3"?[0m                                         ?[90m# ca.mcgill.ecse.biketourplus.features.BikeToursStepDefinitions.the_number_of_bike_tours_shall_be(java.lang.String)?[0m
=======
emails: alice@gmail.com
emails: charlie@hotmail.ca
emails: john@hotmail.ca
biketour
alice@gmail.com
charlie@hotmail.ca
john@hotmail.ca
biketour
new@hotmail.ca
biketour
emily@hotmail.ca
emails: new@hotmail.ca
biketour
alice@gmail.com
charlie@hotmail.ca
john@hotmail.ca
biketour
new@hotmail.ca
biketour
emily@hotmail.ca
emails: emily@hotmail.ca
biketour
alice@gmail.com
charlie@hotmail.ca
john@hotmail.ca
biketour
new@hotmail.ca
biketour
emily@hotmail.ca
  ?[32mThen ?[0m?[32mthe following bike tours shall exist in the system:?[0m                           ?[90m# ca.mcgill.ecse.biketourplus.features.BikeToursStepDefinitions.the_following_bike_tours_shall_exist_in_the_system(io.cucumber.datatable.DataTable)?[0m
  ?[32mThen ?[0m?[32mthe participant with email ?[0m?[32m?[1m"alice@gmail.com"?[0m?[32m shall be marked as ?[0m?[32m?[1m"Assigned"?[0m    ?[90m# ca.mcgill.ecse.biketourplus.features.BikeToursStepDefinitions.the_participant_with_email_shall_be_marked_as(java.lang.String,java.lang.String)?[0m
  ?[32mThen ?[0m?[32mthe participant with email ?[0m?[32m?[1m"new@hotmail.ca"?[0m?[32m shall be marked as ?[0m?[32m?[1m"Assigned"?[0m     ?[90m# ca.mcgill.ecse.biketourplus.features.BikeToursStepDefinitions.the_participant_with_email_shall_be_marked_as(java.lang.String,java.lang.String)?[0m
  ?[32mThen ?[0m?[32mthe participant with email ?[0m?[32m?[1m"charlie@hotmail.ca"?[0m?[32m shall be marked as ?[0m?[32m?[1m"Assigned"?[0m ?[90m# ca.mcgill.ecse.biketourplus.features.BikeToursStepDefinitions.the_participant_with_email_shall_be_marked_as(java.lang.String,java.lang.String)?[0m
  ?[32mThen ?[0m?[32mthe participant with email ?[0m?[32m?[1m"john@hotmail.ca"?[0m?[32m shall be marked as ?[0m?[32m?[1m"Assigned"?[0m    ?[90m# ca.mcgill.ecse.biketourplus.features.BikeToursStepDefinitions.the_participant_with_email_shall_be_marked_as(java.lang.String,java.lang.String)?[0m
  ?[32mThen ?[0m?[32mthe participant with email ?[0m?[32m?[1m"emily@hotmail.ca"?[0m?[32m shall be marked as ?[0m?[32m?[1m"Assigned"?[0m   ?[90m# ca.mcgill.ecse.biketourplus.features.BikeToursStepDefinitions.the_participant_with_email_shall_be_marked_as(java.lang.String,java.lang.String)?[0m
  ?[32mThen ?[0m?[32mthe number of bike tours shall be ?[0m?[32m?[1m"3"?[0m                                         ?[90m# ca.mcgill.ecse.biketourplus.features.BikeToursStepDefinitions.the_number_of_bike_tours_shall_be(java.lang.String)?[0m
>>>>>>> d4b4bca9468a8a36e85c47ec29e953b9e2418674

Scenario: Successfully initiate bike tour creation requiring all guides              ?[90m# src/test/resources/CreateBikeTours.feature:58?[0m
  ?[32mGiven ?[0m?[32mthe following BikeTourPlus system exists:?[0m                                    ?[90m# ca.mcgill.ecse.biketourplus.features.BikeToursStepDefinitions.the_following_bike_tour_plus_system_exists(io.cucumber.datatable.DataTable)?[0m
  ?[32mGiven ?[0m?[32mthe following guides exist in the system:?[0m                                    ?[90m# ca.mcgill.ecse.biketourplus.features.BikeToursStepDefinitions.the_following_guides_exist_in_the_system(io.cucumber.datatable.DataTable)?[0m
  ?[32mGiven ?[0m?[32mthe following participants exist in the system:?[0m                              ?[90m# ca.mcgill.ecse.biketourplus.features.BikeToursStepDefinitions.the_following_participants_exist_in_the_system(io.cucumber.datatable.DataTable)?[0m
  ?[32mWhen ?[0m?[32mthe administrator attempts to initiate the bike tour creation process?[0m         ?[90m# ca.mcgill.ecse.biketourplus.features.BikeToursStepDefinitions.the_administrator_attempts_to_initiate_the_bike_tour_creation_process()?[0m
<<<<<<< HEAD
  ?[31mThen ?[0m?[31mthe following bike tours shall exist in the system:?[0m                           ?[90m# ca.mcgill.ecse.biketourplus.features.BikeToursStepDefinitions.the_following_bike_tours_shall_exist_in_the_system(io.cucumber.datatable.DataTable)?[0m
      ?[31morg.opentest4j.AssertionFailedError: expected: <true> but was: <false>
	at org.junit.jupiter.api.AssertionUtils.fail(AssertionUtils.java:55)
	at org.junit.jupiter.api.AssertTrue.assertTrue(AssertTrue.java:40)
	at org.junit.jupiter.api.AssertTrue.assertTrue(AssertTrue.java:35)
	at org.junit.jupiter.api.Assertions.assertTrue(Assertions.java:162)
	at ca.mcgill.ecse.biketourplus.features.BikeToursStepDefinitions.the_following_bike_tours_shall_exist_in_the_system(BikeToursStepDefinitions.java:84)
	at âœ½.the following bike tours shall exist in the system:(file:///C:/Users/alexa/ecse223-group-project-p7/src/test/resources/CreateBikeTours.feature:67)
?[0m
  ?[36mThen ?[0m?[36mthe participant with email ?[0m?[36m?[1m"alice@gmail.com"?[0m?[36m shall be marked as ?[0m?[36m?[1m"Assigned"?[0m    ?[90m# ca.mcgill.ecse.biketourplus.features.BikeToursStepDefinitions.the_participant_with_email_shall_be_marked_as(java.lang.String,java.lang.String)?[0m
  ?[36mThen ?[0m?[36mthe participant with email ?[0m?[36m?[1m"new@hotmail.ca"?[0m?[36m shall be marked as ?[0m?[36m?[1m"Assigned"?[0m     ?[90m# ca.mcgill.ecse.biketourplus.features.BikeToursStepDefinitions.the_participant_with_email_shall_be_marked_as(java.lang.String,java.lang.String)?[0m
  ?[36mThen ?[0m?[36mthe participant with email ?[0m?[36m?[1m"charlie@hotmail.ca"?[0m?[36m shall be marked as ?[0m?[36m?[1m"Assigned"?[0m ?[90m# ca.mcgill.ecse.biketourplus.features.BikeToursStepDefinitions.the_participant_with_email_shall_be_marked_as(java.lang.String,java.lang.String)?[0m
  ?[36mThen ?[0m?[36mthe participant with email ?[0m?[36m?[1m"john@hotmail.ca"?[0m?[36m shall be marked as ?[0m?[36m?[1m"Assigned"?[0m    ?[90m# ca.mcgill.ecse.biketourplus.features.BikeToursStepDefinitions.the_participant_with_email_shall_be_marked_as(java.lang.String,java.lang.String)?[0m
  ?[36mThen ?[0m?[36mthe participant with email ?[0m?[36m?[1m"emily@hotmail.ca"?[0m?[36m shall be marked as ?[0m?[36m?[1m"Assigned"?[0m   ?[90m# ca.mcgill.ecse.biketourplus.features.BikeToursStepDefinitions.the_participant_with_email_shall_be_marked_as(java.lang.String,java.lang.String)?[0m
  ?[36mThen ?[0m?[36mthe number of bike tours shall be ?[0m?[36m?[1m"3"?[0m                                         ?[90m# ca.mcgill.ecse.biketourplus.features.BikeToursStepDefinitions.the_number_of_bike_tours_shall_be(java.lang.String)?[0m
=======
emails: alice@gmail.com
emails: charlie@hotmail.ca
emails: john@hotmail.ca
biketour
alice@gmail.com
charlie@hotmail.ca
john@hotmail.ca
biketour
new@hotmail.ca
biketour
emily@hotmail.ca
emails: new@hotmail.ca
biketour
alice@gmail.com
charlie@hotmail.ca
john@hotmail.ca
biketour
new@hotmail.ca
biketour
emily@hotmail.ca
emails: emily@hotmail.ca
biketour
alice@gmail.com
charlie@hotmail.ca
john@hotmail.ca
biketour
new@hotmail.ca
biketour
emily@hotmail.ca
  ?[32mThen ?[0m?[32mthe following bike tours shall exist in the system:?[0m                           ?[90m# ca.mcgill.ecse.biketourplus.features.BikeToursStepDefinitions.the_following_bike_tours_shall_exist_in_the_system(io.cucumber.datatable.DataTable)?[0m
  ?[32mThen ?[0m?[32mthe participant with email ?[0m?[32m?[1m"alice@gmail.com"?[0m?[32m shall be marked as ?[0m?[32m?[1m"Assigned"?[0m    ?[90m# ca.mcgill.ecse.biketourplus.features.BikeToursStepDefinitions.the_participant_with_email_shall_be_marked_as(java.lang.String,java.lang.String)?[0m
  ?[32mThen ?[0m?[32mthe participant with email ?[0m?[32m?[1m"new@hotmail.ca"?[0m?[32m shall be marked as ?[0m?[32m?[1m"Assigned"?[0m     ?[90m# ca.mcgill.ecse.biketourplus.features.BikeToursStepDefinitions.the_participant_with_email_shall_be_marked_as(java.lang.String,java.lang.String)?[0m
  ?[32mThen ?[0m?[32mthe participant with email ?[0m?[32m?[1m"charlie@hotmail.ca"?[0m?[32m shall be marked as ?[0m?[32m?[1m"Assigned"?[0m ?[90m# ca.mcgill.ecse.biketourplus.features.BikeToursStepDefinitions.the_participant_with_email_shall_be_marked_as(java.lang.String,java.lang.String)?[0m
  ?[32mThen ?[0m?[32mthe participant with email ?[0m?[32m?[1m"john@hotmail.ca"?[0m?[32m shall be marked as ?[0m?[32m?[1m"Assigned"?[0m    ?[90m# ca.mcgill.ecse.biketourplus.features.BikeToursStepDefinitions.the_participant_with_email_shall_be_marked_as(java.lang.String,java.lang.String)?[0m
  ?[32mThen ?[0m?[32mthe participant with email ?[0m?[32m?[1m"emily@hotmail.ca"?[0m?[32m shall be marked as ?[0m?[32m?[1m"Assigned"?[0m   ?[90m# ca.mcgill.ecse.biketourplus.features.BikeToursStepDefinitions.the_participant_with_email_shall_be_marked_as(java.lang.String,java.lang.String)?[0m
  ?[32mThen ?[0m?[32mthe number of bike tours shall be ?[0m?[32m?[1m"3"?[0m                                         ?[90m# ca.mcgill.ecse.biketourplus.features.BikeToursStepDefinitions.the_number_of_bike_tours_shall_be(java.lang.String)?[0m
>>>>>>> d4b4bca9468a8a36e85c47ec29e953b9e2418674

Scenario: Successfully initiate bike tour creation in which a guide is assigned for all biking weeks ?[90m# src/test/resources/CreateBikeTours.feature:79?[0m
  ?[32mGiven ?[0m?[32mthe following BikeTourPlus system exists:?[0m                                                    ?[90m# ca.mcgill.ecse.biketourplus.features.BikeToursStepDefinitions.the_following_bike_tour_plus_system_exists(io.cucumber.datatable.DataTable)?[0m
  ?[32mGiven ?[0m?[32mthe following guides exist in the system:?[0m                                                    ?[90m# ca.mcgill.ecse.biketourplus.features.BikeToursStepDefinitions.the_following_guides_exist_in_the_system(io.cucumber.datatable.DataTable)?[0m
  ?[32mGiven ?[0m?[32mthe following participants exist in the system:?[0m                                              ?[90m# ca.mcgill.ecse.biketourplus.features.BikeToursStepDefinitions.the_following_participants_exist_in_the_system(io.cucumber.datatable.DataTable)?[0m
  ?[32mWhen ?[0m?[32mthe administrator attempts to initiate the bike tour creation process?[0m                         ?[90m# ca.mcgill.ecse.biketourplus.features.BikeToursStepDefinitions.the_administrator_attempts_to_initiate_the_bike_tour_creation_process()?[0m
<<<<<<< HEAD
  ?[31mThen ?[0m?[31mthe following bike tours shall exist in the system:?[0m                                           ?[90m# ca.mcgill.ecse.biketourplus.features.BikeToursStepDefinitions.the_following_bike_tours_shall_exist_in_the_system(io.cucumber.datatable.DataTable)?[0m
      ?[31morg.opentest4j.AssertionFailedError: expected: <true> but was: <false>
	at org.junit.jupiter.api.AssertionUtils.fail(AssertionUtils.java:55)
	at org.junit.jupiter.api.AssertTrue.assertTrue(AssertTrue.java:40)
	at org.junit.jupiter.api.AssertTrue.assertTrue(AssertTrue.java:35)
	at org.junit.jupiter.api.Assertions.assertTrue(Assertions.java:162)
	at ca.mcgill.ecse.biketourplus.features.BikeToursStepDefinitions.the_following_bike_tours_shall_exist_in_the_system(BikeToursStepDefinitions.java:84)
	at âœ½.the following bike tours shall exist in the system:(file:///C:/Users/alexa/ecse223-group-project-p7/src/test/resources/CreateBikeTours.feature:88)
?[0m
  ?[36mThen ?[0m?[36mthe participant with email ?[0m?[36m?[1m"alice@gmail.com"?[0m?[36m shall be marked as ?[0m?[36m?[1m"Assigned"?[0m                    ?[90m# ca.mcgill.ecse.biketourplus.features.BikeToursStepDefinitions.the_participant_with_email_shall_be_marked_as(java.lang.String,java.lang.String)?[0m
  ?[36mThen ?[0m?[36mthe participant with email ?[0m?[36m?[1m"new@hotmail.ca"?[0m?[36m shall be marked as ?[0m?[36m?[1m"Assigned"?[0m                     ?[90m# ca.mcgill.ecse.biketourplus.features.BikeToursStepDefinitions.the_participant_with_email_shall_be_marked_as(java.lang.String,java.lang.String)?[0m
  ?[36mThen ?[0m?[36mthe participant with email ?[0m?[36m?[1m"charlie@hotmail.ca"?[0m?[36m shall be marked as ?[0m?[36m?[1m"Assigned"?[0m                 ?[90m# ca.mcgill.ecse.biketourplus.features.BikeToursStepDefinitions.the_participant_with_email_shall_be_marked_as(java.lang.String,java.lang.String)?[0m
  ?[36mThen ?[0m?[36mthe participant with email ?[0m?[36m?[1m"john@hotmail.ca"?[0m?[36m shall be marked as ?[0m?[36m?[1m"Assigned"?[0m                    ?[90m# ca.mcgill.ecse.biketourplus.features.BikeToursStepDefinitions.the_participant_with_email_shall_be_marked_as(java.lang.String,java.lang.String)?[0m
  ?[36mThen ?[0m?[36mthe participant with email ?[0m?[36m?[1m"emily@hotmail.ca"?[0m?[36m shall be marked as ?[0m?[36m?[1m"Assigned"?[0m                   ?[90m# ca.mcgill.ecse.biketourplus.features.BikeToursStepDefinitions.the_participant_with_email_shall_be_marked_as(java.lang.String,java.lang.String)?[0m
  ?[36mThen ?[0m?[36mthe number of bike tours shall be ?[0m?[36m?[1m"3"?[0m                                                         ?[90m# ca.mcgill.ecse.biketourplus.features.BikeToursStepDefinitions.the_number_of_bike_tours_shall_be(java.lang.String)?[0m
=======
emails: alice@gmail.com
emails: charlie@hotmail.ca
emails: john@hotmail.ca
biketour
alice@gmail.com
charlie@hotmail.ca
john@hotmail.ca
biketour
new@hotmail.ca
biketour
emily@hotmail.ca
emails: new@hotmail.ca
biketour
alice@gmail.com
charlie@hotmail.ca
john@hotmail.ca
biketour
new@hotmail.ca
biketour
emily@hotmail.ca
emails: emily@hotmail.ca
biketour
alice@gmail.com
charlie@hotmail.ca
john@hotmail.ca
biketour
new@hotmail.ca
biketour
emily@hotmail.ca
  ?[32mThen ?[0m?[32mthe following bike tours shall exist in the system:?[0m                                           ?[90m# ca.mcgill.ecse.biketourplus.features.BikeToursStepDefinitions.the_following_bike_tours_shall_exist_in_the_system(io.cucumber.datatable.DataTable)?[0m
  ?[32mThen ?[0m?[32mthe participant with email ?[0m?[32m?[1m"alice@gmail.com"?[0m?[32m shall be marked as ?[0m?[32m?[1m"Assigned"?[0m                    ?[90m# ca.mcgill.ecse.biketourplus.features.BikeToursStepDefinitions.the_participant_with_email_shall_be_marked_as(java.lang.String,java.lang.String)?[0m
  ?[32mThen ?[0m?[32mthe participant with email ?[0m?[32m?[1m"new@hotmail.ca"?[0m?[32m shall be marked as ?[0m?[32m?[1m"Assigned"?[0m                     ?[90m# ca.mcgill.ecse.biketourplus.features.BikeToursStepDefinitions.the_participant_with_email_shall_be_marked_as(java.lang.String,java.lang.String)?[0m
  ?[32mThen ?[0m?[32mthe participant with email ?[0m?[32m?[1m"charlie@hotmail.ca"?[0m?[32m shall be marked as ?[0m?[32m?[1m"Assigned"?[0m                 ?[90m# ca.mcgill.ecse.biketourplus.features.BikeToursStepDefinitions.the_participant_with_email_shall_be_marked_as(java.lang.String,java.lang.String)?[0m
  ?[32mThen ?[0m?[32mthe participant with email ?[0m?[32m?[1m"john@hotmail.ca"?[0m?[32m shall be marked as ?[0m?[32m?[1m"Assigned"?[0m                    ?[90m# ca.mcgill.ecse.biketourplus.features.BikeToursStepDefinitions.the_participant_with_email_shall_be_marked_as(java.lang.String,java.lang.String)?[0m
  ?[32mThen ?[0m?[32mthe participant with email ?[0m?[32m?[1m"emily@hotmail.ca"?[0m?[32m shall be marked as ?[0m?[32m?[1m"Assigned"?[0m                   ?[90m# ca.mcgill.ecse.biketourplus.features.BikeToursStepDefinitions.the_participant_with_email_shall_be_marked_as(java.lang.String,java.lang.String)?[0m
  ?[32mThen ?[0m?[32mthe number of bike tours shall be ?[0m?[32m?[1m"3"?[0m                                                         ?[90m# ca.mcgill.ecse.biketourplus.features.BikeToursStepDefinitions.the_number_of_bike_tours_shall_be(java.lang.String)?[0m
>>>>>>> d4b4bca9468a8a36e85c47ec29e953b9e2418674

Scenario: Unsuccessfully initiate bike tour creation for all participants and instead provide a partial assignment ?[90m# src/test/resources/CreateBikeTours.feature:100?[0m
  ?[32mGiven ?[0m?[32mthe following BikeTourPlus system exists:?[0m                                                                  ?[90m# ca.mcgill.ecse.biketourplus.features.BikeToursStepDefinitions.the_following_bike_tour_plus_system_exists(io.cucumber.datatable.DataTable)?[0m
  ?[32mGiven ?[0m?[32mthe following guides exist in the system:?[0m                                                                  ?[90m# ca.mcgill.ecse.biketourplus.features.BikeToursStepDefinitions.the_following_guides_exist_in_the_system(io.cucumber.datatable.DataTable)?[0m
  ?[32mGiven ?[0m?[32mthe following participants exist in the system:?[0m                                                            ?[90m# ca.mcgill.ecse.biketourplus.features.BikeToursStepDefinitions.the_following_participants_exist_in_the_system(io.cucumber.datatable.DataTable)?[0m
  ?[32mWhen ?[0m?[32mthe administrator attempts to initiate the bike tour creation process?[0m                                       ?[90m# ca.mcgill.ecse.biketourplus.features.BikeToursStepDefinitions.the_administrator_attempts_to_initiate_the_bike_tour_creation_process()?[0m
<<<<<<< HEAD
  ?[31mThen ?[0m?[31mthe following bike tours shall exist in the system:?[0m                                                         ?[90m# ca.mcgill.ecse.biketourplus.features.BikeToursStepDefinitions.the_following_bike_tours_shall_exist_in_the_system(io.cucumber.datatable.DataTable)?[0m
      ?[31morg.opentest4j.AssertionFailedError: expected: <true> but was: <false>
	at org.junit.jupiter.api.AssertionUtils.fail(AssertionUtils.java:55)
	at org.junit.jupiter.api.AssertTrue.assertTrue(AssertTrue.java:40)
	at org.junit.jupiter.api.AssertTrue.assertTrue(AssertTrue.java:35)
	at org.junit.jupiter.api.Assertions.assertTrue(Assertions.java:162)
	at ca.mcgill.ecse.biketourplus.features.BikeToursStepDefinitions.the_following_bike_tours_shall_exist_in_the_system(BikeToursStepDefinitions.java:84)
	at âœ½.the following bike tours shall exist in the system:(file:///C:/Users/alexa/ecse223-group-project-p7/src/test/resources/CreateBikeTours.feature:109)
?[0m
  ?[36mThen ?[0m?[36mthe participant with email ?[0m?[36m?[1m"alice@gmail.com"?[0m?[36m shall be marked as ?[0m?[36m?[1m"Assigned"?[0m                                  ?[90m# ca.mcgill.ecse.biketourplus.features.BikeToursStepDefinitions.the_participant_with_email_shall_be_marked_as(java.lang.String,java.lang.String)?[0m
  ?[36mThen ?[0m?[36mthe participant with email ?[0m?[36m?[1m"new@hotmail.ca"?[0m?[36m shall be marked as ?[0m?[36m?[1m"Assigned"?[0m                                   ?[90m# ca.mcgill.ecse.biketourplus.features.BikeToursStepDefinitions.the_participant_with_email_shall_be_marked_as(java.lang.String,java.lang.String)?[0m
  ?[36mThen ?[0m?[36mthe participant with email ?[0m?[36m?[1m"charlie@hotmail.ca"?[0m?[36m shall be marked as ?[0m?[36m?[1m"Assigned"?[0m                               ?[90m# ca.mcgill.ecse.biketourplus.features.BikeToursStepDefinitions.the_participant_with_email_shall_be_marked_as(java.lang.String,java.lang.String)?[0m
  ?[36mThen ?[0m?[36mthe participant with email ?[0m?[36m?[1m"john@hotmail.ca"?[0m?[36m shall be marked as ?[0m?[36m?[1m"Assigned"?[0m                                  ?[90m# ca.mcgill.ecse.biketourplus.features.BikeToursStepDefinitions.the_participant_with_email_shall_be_marked_as(java.lang.String,java.lang.String)?[0m
  ?[36mThen ?[0m?[36mthe participant with email ?[0m?[36m?[1m"emily@hotmail.ca"?[0m?[36m shall be marked as ?[0m?[36m?[1m"NotAssigned"?[0m                              ?[90m# ca.mcgill.ecse.biketourplus.features.BikeToursStepDefinitions.the_participant_with_email_shall_be_marked_as(java.lang.String,java.lang.String)?[0m
  ?[36mThen ?[0m?[36mthe number of bike tours shall be ?[0m?[36m?[1m"4"?[0m                                                                       ?[90m# ca.mcgill.ecse.biketourplus.features.BikeToursStepDefinitions.the_number_of_bike_tours_shall_be(java.lang.String)?[0m
  ?[36mThen ?[0m?[36mthe system shall raise the error ?[0m?[36m?[1m"At least one participant could not be assigned to their bike tour"?[0m        ?[90m# ca.mcgill.ecse.biketourplus.features.BikeToursStepDefinitions.the_system_shall_raise_the_error(java.lang.String)?[0m
=======
emails: alice@gmail.com
biketour
alice@gmail.com
biketour
new@hotmail.ca
biketour
charlie@hotmail.ca
biketour
john@hotmail.ca
biketour
mary@hotmail.ca
emails: new@hotmail.ca
biketour
alice@gmail.com
biketour
new@hotmail.ca
biketour
charlie@hotmail.ca
biketour
john@hotmail.ca
biketour
mary@hotmail.ca
emails: charlie@hotmail.ca
biketour
alice@gmail.com
biketour
new@hotmail.ca
biketour
charlie@hotmail.ca
biketour
john@hotmail.ca
biketour
mary@hotmail.ca
emails: john@hotmail.ca
biketour
alice@gmail.com
biketour
new@hotmail.ca
biketour
charlie@hotmail.ca
biketour
john@hotmail.ca
biketour
mary@hotmail.ca
emails: mary@hotmail.ca
biketour
alice@gmail.com
biketour
new@hotmail.ca
biketour
charlie@hotmail.ca
biketour
john@hotmail.ca
biketour
mary@hotmail.ca
  ?[32mThen ?[0m?[32mthe following bike tours shall exist in the system:?[0m                                                         ?[90m# ca.mcgill.ecse.biketourplus.features.BikeToursStepDefinitions.the_following_bike_tours_shall_exist_in_the_system(io.cucumber.datatable.DataTable)?[0m
  ?[32mThen ?[0m?[32mthe participant with email ?[0m?[32m?[1m"alice@gmail.com"?[0m?[32m shall be marked as ?[0m?[32m?[1m"Assigned"?[0m                                  ?[90m# ca.mcgill.ecse.biketourplus.features.BikeToursStepDefinitions.the_participant_with_email_shall_be_marked_as(java.lang.String,java.lang.String)?[0m
  ?[32mThen ?[0m?[32mthe participant with email ?[0m?[32m?[1m"new@hotmail.ca"?[0m?[32m shall be marked as ?[0m?[32m?[1m"Assigned"?[0m                                   ?[90m# ca.mcgill.ecse.biketourplus.features.BikeToursStepDefinitions.the_participant_with_email_shall_be_marked_as(java.lang.String,java.lang.String)?[0m
  ?[32mThen ?[0m?[32mthe participant with email ?[0m?[32m?[1m"charlie@hotmail.ca"?[0m?[32m shall be marked as ?[0m?[32m?[1m"Assigned"?[0m                               ?[90m# ca.mcgill.ecse.biketourplus.features.BikeToursStepDefinitions.the_participant_with_email_shall_be_marked_as(java.lang.String,java.lang.String)?[0m
  ?[32mThen ?[0m?[32mthe participant with email ?[0m?[32m?[1m"john@hotmail.ca"?[0m?[32m shall be marked as ?[0m?[32m?[1m"Assigned"?[0m                                  ?[90m# ca.mcgill.ecse.biketourplus.features.BikeToursStepDefinitions.the_participant_with_email_shall_be_marked_as(java.lang.String,java.lang.String)?[0m
  ?[32mThen ?[0m?[32mthe participant with email ?[0m?[32m?[1m"mary@hotmail.ca"?[0m?[32m shall be marked as ?[0m?[32m?[1m"Assigned"?[0m                                  ?[90m# ca.mcgill.ecse.biketourplus.features.BikeToursStepDefinitions.the_participant_with_email_shall_be_marked_as(java.lang.String,java.lang.String)?[0m
  ?[32mThen ?[0m?[32mthe participant with email ?[0m?[32m?[1m"emily@hotmail.ca"?[0m?[32m shall be marked as ?[0m?[32m?[1m"NotAssigned"?[0m                              ?[90m# ca.mcgill.ecse.biketourplus.features.BikeToursStepDefinitions.the_participant_with_email_shall_be_marked_as(java.lang.String,java.lang.String)?[0m
  ?[32mThen ?[0m?[32mthe number of bike tours shall be ?[0m?[32m?[1m"5"?[0m                                                                       ?[90m# ca.mcgill.ecse.biketourplus.features.BikeToursStepDefinitions.the_number_of_bike_tours_shall_be(java.lang.String)?[0m
  ?[32mThen ?[0m?[32mthe system shall raise the error ?[0m?[32m?[1m"At least one participant could not be assigned to their bike tour"?[0m        ?[90m# ca.mcgill.ecse.biketourplus.features.BikeToursStepDefinitions.the_system_shall_raise_the_error(java.lang.String)?[0m
>>>>>>> d4b4bca9468a8a36e85c47ec29e953b9e2418674

Scenario: Delete a combo successfully                                        ?[90m# src/test/resources/DeleteCombo.feature:25?[0m
  ?[32mGiven ?[0m?[32mthe following BikeTourPlus system exists: (p3)?[0m                       ?[90m# ca.mcgill.ecse.biketourplus.features.DeleteComboStepDefinitions.the_following_bike_tour_plus_system_exists_p3(io.cucumber.datatable.DataTable)?[0m
  ?[32mGiven ?[0m?[32mthe following pieces of gear exist in the system: (p3)?[0m               ?[90m# ca.mcgill.ecse.biketourplus.features.DeleteComboStepDefinitions.the_following_pieces_of_gear_exist_in_the_system_p3(io.cucumber.datatable.DataTable)?[0m
  ?[32mGiven ?[0m?[32mthe following combos exist in the system: (p3)?[0m                       ?[90m# ca.mcgill.ecse.biketourplus.features.DeleteComboStepDefinitions.the_following_combos_exist_in_the_system_p3(io.cucumber.datatable.DataTable)?[0m
  ?[32mWhen ?[0m?[32mthe manager attempts to delete the combo with name ?[0m?[32m?[1m"small combo"?[0m?[32m (p3)?[0m ?[90m# ca.mcgill.ecse.biketourplus.features.DeleteComboStepDefinitions.the_manager_attempts_to_delete_the_combo_with_name_p3(java.lang.String)?[0m
  ?[32mThen ?[0m?[32ma combo shall not exist with name ?[0m?[32m?[1m"small combo"?[0m?[32m (p3)?[0m                  ?[90m# ca.mcgill.ecse.biketourplus.features.DeleteComboStepDefinitions.a_combo_shall_not_exist_with_name_p3(java.lang.String)?[0m
  ?[32mThen ?[0m?[32mthe number of combos shall be ?[0m?[32m?[1m"1"?[0m?[32m (p3)?[0m                                ?[90m# ca.mcgill.ecse.biketourplus.features.DeleteComboStepDefinitions.the_number_of_combos_shall_be_p3(java.lang.String)?[0m

Scenario: Delete a combo successfully                                        ?[90m# src/test/resources/DeleteCombo.feature:26?[0m
  ?[32mGiven ?[0m?[32mthe following BikeTourPlus system exists: (p3)?[0m                       ?[90m# ca.mcgill.ecse.biketourplus.features.DeleteComboStepDefinitions.the_following_bike_tour_plus_system_exists_p3(io.cucumber.datatable.DataTable)?[0m
  ?[32mGiven ?[0m?[32mthe following pieces of gear exist in the system: (p3)?[0m               ?[90m# ca.mcgill.ecse.biketourplus.features.DeleteComboStepDefinitions.the_following_pieces_of_gear_exist_in_the_system_p3(io.cucumber.datatable.DataTable)?[0m
  ?[32mGiven ?[0m?[32mthe following combos exist in the system: (p3)?[0m                       ?[90m# ca.mcgill.ecse.biketourplus.features.DeleteComboStepDefinitions.the_following_combos_exist_in_the_system_p3(io.cucumber.datatable.DataTable)?[0m
  ?[32mWhen ?[0m?[32mthe manager attempts to delete the combo with name ?[0m?[32m?[1m"large combo"?[0m?[32m (p3)?[0m ?[90m# ca.mcgill.ecse.biketourplus.features.DeleteComboStepDefinitions.the_manager_attempts_to_delete_the_combo_with_name_p3(java.lang.String)?[0m
  ?[32mThen ?[0m?[32ma combo shall not exist with name ?[0m?[32m?[1m"large combo"?[0m?[32m (p3)?[0m                  ?[90m# ca.mcgill.ecse.biketourplus.features.DeleteComboStepDefinitions.a_combo_shall_not_exist_with_name_p3(java.lang.String)?[0m
  ?[32mThen ?[0m?[32mthe number of combos shall be ?[0m?[32m?[1m"1"?[0m?[32m (p3)?[0m                                ?[90m# ca.mcgill.ecse.biketourplus.features.DeleteComboStepDefinitions.the_number_of_combos_shall_be_p3(java.lang.String)?[0m

Scenario: Delete a combo successfully                                         ?[90m# src/test/resources/DeleteCombo.feature:27?[0m
  ?[32mGiven ?[0m?[32mthe following BikeTourPlus system exists: (p3)?[0m                        ?[90m# ca.mcgill.ecse.biketourplus.features.DeleteComboStepDefinitions.the_following_bike_tour_plus_system_exists_p3(io.cucumber.datatable.DataTable)?[0m
  ?[32mGiven ?[0m?[32mthe following pieces of gear exist in the system: (p3)?[0m                ?[90m# ca.mcgill.ecse.biketourplus.features.DeleteComboStepDefinitions.the_following_pieces_of_gear_exist_in_the_system_p3(io.cucumber.datatable.DataTable)?[0m
  ?[32mGiven ?[0m?[32mthe following combos exist in the system: (p3)?[0m                        ?[90m# ca.mcgill.ecse.biketourplus.features.DeleteComboStepDefinitions.the_following_combos_exist_in_the_system_p3(io.cucumber.datatable.DataTable)?[0m
  ?[32mWhen ?[0m?[32mthe manager attempts to delete the combo with name ?[0m?[32m?[1m"deluxe combo"?[0m?[32m (p3)?[0m ?[90m# ca.mcgill.ecse.biketourplus.features.DeleteComboStepDefinitions.the_manager_attempts_to_delete_the_combo_with_name_p3(java.lang.String)?[0m
  ?[32mThen ?[0m?[32ma combo shall not exist with name ?[0m?[32m?[1m"deluxe combo"?[0m?[32m (p3)?[0m                  ?[90m# ca.mcgill.ecse.biketourplus.features.DeleteComboStepDefinitions.a_combo_shall_not_exist_with_name_p3(java.lang.String)?[0m
  ?[32mThen ?[0m?[32mthe number of combos shall be ?[0m?[32m?[1m"2"?[0m?[32m (p3)?[0m                                 ?[90m# ca.mcgill.ecse.biketourplus.features.DeleteComboStepDefinitions.the_number_of_combos_shall_be_p3(java.lang.String)?[0m

Scenario: Delete a combo successfully                                       ?[90m# src/test/resources/DeleteCombo.feature:28?[0m
  ?[32mGiven ?[0m?[32mthe following BikeTourPlus system exists: (p3)?[0m                      ?[90m# ca.mcgill.ecse.biketourplus.features.DeleteComboStepDefinitions.the_following_bike_tour_plus_system_exists_p3(io.cucumber.datatable.DataTable)?[0m
  ?[32mGiven ?[0m?[32mthe following pieces of gear exist in the system: (p3)?[0m              ?[90m# ca.mcgill.ecse.biketourplus.features.DeleteComboStepDefinitions.the_following_pieces_of_gear_exist_in_the_system_p3(io.cucumber.datatable.DataTable)?[0m
  ?[32mGiven ?[0m?[32mthe following combos exist in the system: (p3)?[0m                      ?[90m# ca.mcgill.ecse.biketourplus.features.DeleteComboStepDefinitions.the_following_combos_exist_in_the_system_p3(io.cucumber.datatable.DataTable)?[0m
  ?[32mWhen ?[0m?[32mthe manager attempts to delete the combo with name ?[0m?[32m?[1m"combo plus"?[0m?[32m (p3)?[0m ?[90m# ca.mcgill.ecse.biketourplus.features.DeleteComboStepDefinitions.the_manager_attempts_to_delete_the_combo_with_name_p3(java.lang.String)?[0m
  ?[32mThen ?[0m?[32ma combo shall not exist with name ?[0m?[32m?[1m"combo plus"?[0m?[32m (p3)?[0m                  ?[90m# ca.mcgill.ecse.biketourplus.features.DeleteComboStepDefinitions.a_combo_shall_not_exist_with_name_p3(java.lang.String)?[0m
  ?[32mThen ?[0m?[32mthe number of combos shall be ?[0m?[32m?[1m"2"?[0m?[32m (p3)?[0m                               ?[90m# ca.mcgill.ecse.biketourplus.features.DeleteComboStepDefinitions.the_number_of_combos_shall_be_p3(java.lang.String)?[0m

Scenario: Successfully delete a combo that has been requested by a participant                                       ?[90m# src/test/resources/DeleteCombo.feature:46?[0m
  ?[32mGiven ?[0m?[32mthe following BikeTourPlus system exists: (p3)?[0m                                                               ?[90m# ca.mcgill.ecse.biketourplus.features.DeleteComboStepDefinitions.the_following_bike_tour_plus_system_exists_p3(io.cucumber.datatable.DataTable)?[0m
  ?[32mGiven ?[0m?[32mthe following pieces of gear exist in the system: (p3)?[0m                                                       ?[90m# ca.mcgill.ecse.biketourplus.features.DeleteComboStepDefinitions.the_following_pieces_of_gear_exist_in_the_system_p3(io.cucumber.datatable.DataTable)?[0m
  ?[32mGiven ?[0m?[32mthe following combos exist in the system: (p3)?[0m                                                               ?[90m# ca.mcgill.ecse.biketourplus.features.DeleteComboStepDefinitions.the_following_combos_exist_in_the_system_p3(io.cucumber.datatable.DataTable)?[0m
  ?[32mGiven ?[0m?[32mthe following participants exist in the system: (p3)?[0m                                                         ?[90m# ca.mcgill.ecse.biketourplus.features.DeleteComboStepDefinitions.the_following_participants_exist_in_the_system_p3(io.cucumber.datatable.DataTable)?[0m
  ?[32mGiven ?[0m?[32mthe following participants request the following combos: (p3)?[0m                                                ?[90m# ca.mcgill.ecse.biketourplus.features.DeleteComboStepDefinitions.the_following_participants_request_the_following_combos_p3(io.cucumber.datatable.DataTable)?[0m
  ?[32mWhen ?[0m?[32mthe manager attempts to delete the combo with name ?[0m?[32m?[1m"small combo"?[0m?[32m (p3)?[0m                                         ?[90m# ca.mcgill.ecse.biketourplus.features.DeleteComboStepDefinitions.the_manager_attempts_to_delete_the_combo_with_name_p3(java.lang.String)?[0m
  ?[32mThen ?[0m?[32ma combo shall not exist with name ?[0m?[32m?[1m"small combo"?[0m?[32m (p3)?[0m                                                          ?[90m# ca.mcgill.ecse.biketourplus.features.DeleteComboStepDefinitions.a_combo_shall_not_exist_with_name_p3(java.lang.String)?[0m
  ?[32mThen ?[0m?[32mthe number of combos shall be ?[0m?[32m?[1m"1"?[0m?[32m (p3)?[0m                                                                        ?[90m# ca.mcgill.ecse.biketourplus.features.DeleteComboStepDefinitions.the_number_of_combos_shall_be_p3(java.lang.String)?[0m
  ?[32mThen ?[0m?[32mthe participant with email ?[0m?[32m?[1m"peter@email.com"?[0m?[32m shall have a combo with name ?[0m?[32m?[1m"large combo"?[0m?[32m and quantity ?[0m?[32m?[1m"2"?[0m?[32m (p3)?[0m ?[90m# ca.mcgill.ecse.biketourplus.features.DeleteComboStepDefinitions.the_participant_with_email_shall_have_a_combo_with_name_and_quantity_p3(java.lang.String,java.lang.String,java.lang.String)?[0m
  ?[32mThen ?[0m?[32mthe number of pieces of gear for the participant with email ?[0m?[32m?[1m"peter@email.com"?[0m?[32m shall be ?[0m?[32m?[1m"1"?[0m?[32m (p3)?[0m               ?[90m# ca.mcgill.ecse.biketourplus.features.DeleteComboStepDefinitions.the_number_of_pieces_of_gear_for_the_participant_with_email_shall_be_p3(java.lang.String,java.lang.String)?[0m

Scenario: Successfully delete a combo that has been requested by a participant                                       ?[90m# src/test/resources/DeleteCombo.feature:47?[0m
  ?[32mGiven ?[0m?[32mthe following BikeTourPlus system exists: (p3)?[0m                                                               ?[90m# ca.mcgill.ecse.biketourplus.features.DeleteComboStepDefinitions.the_following_bike_tour_plus_system_exists_p3(io.cucumber.datatable.DataTable)?[0m
  ?[32mGiven ?[0m?[32mthe following pieces of gear exist in the system: (p3)?[0m                                                       ?[90m# ca.mcgill.ecse.biketourplus.features.DeleteComboStepDefinitions.the_following_pieces_of_gear_exist_in_the_system_p3(io.cucumber.datatable.DataTable)?[0m
  ?[32mGiven ?[0m?[32mthe following combos exist in the system: (p3)?[0m                                                               ?[90m# ca.mcgill.ecse.biketourplus.features.DeleteComboStepDefinitions.the_following_combos_exist_in_the_system_p3(io.cucumber.datatable.DataTable)?[0m
  ?[32mGiven ?[0m?[32mthe following participants exist in the system: (p3)?[0m                                                         ?[90m# ca.mcgill.ecse.biketourplus.features.DeleteComboStepDefinitions.the_following_participants_exist_in_the_system_p3(io.cucumber.datatable.DataTable)?[0m
  ?[32mGiven ?[0m?[32mthe following participants request the following combos: (p3)?[0m                                                ?[90m# ca.mcgill.ecse.biketourplus.features.DeleteComboStepDefinitions.the_following_participants_request_the_following_combos_p3(io.cucumber.datatable.DataTable)?[0m
  ?[32mWhen ?[0m?[32mthe manager attempts to delete the combo with name ?[0m?[32m?[1m"large combo"?[0m?[32m (p3)?[0m                                         ?[90m# ca.mcgill.ecse.biketourplus.features.DeleteComboStepDefinitions.the_manager_attempts_to_delete_the_combo_with_name_p3(java.lang.String)?[0m
  ?[32mThen ?[0m?[32ma combo shall not exist with name ?[0m?[32m?[1m"large combo"?[0m?[32m (p3)?[0m                                                          ?[90m# ca.mcgill.ecse.biketourplus.features.DeleteComboStepDefinitions.a_combo_shall_not_exist_with_name_p3(java.lang.String)?[0m
  ?[32mThen ?[0m?[32mthe number of combos shall be ?[0m?[32m?[1m"1"?[0m?[32m (p3)?[0m                                                                        ?[90m# ca.mcgill.ecse.biketourplus.features.DeleteComboStepDefinitions.the_number_of_combos_shall_be_p3(java.lang.String)?[0m
  ?[32mThen ?[0m?[32mthe participant with email ?[0m?[32m?[1m"peter@email.com"?[0m?[32m shall have a combo with name ?[0m?[32m?[1m"small combo"?[0m?[32m and quantity ?[0m?[32m?[1m"1"?[0m?[32m (p3)?[0m ?[90m# ca.mcgill.ecse.biketourplus.features.DeleteComboStepDefinitions.the_participant_with_email_shall_have_a_combo_with_name_and_quantity_p3(java.lang.String,java.lang.String,java.lang.String)?[0m
  ?[32mThen ?[0m?[32mthe number of pieces of gear for the participant with email ?[0m?[32m?[1m"peter@email.com"?[0m?[32m shall be ?[0m?[32m?[1m"1"?[0m?[32m (p3)?[0m               ?[90m# ca.mcgill.ecse.biketourplus.features.DeleteComboStepDefinitions.the_number_of_pieces_of_gear_for_the_participant_with_email_shall_be_p3(java.lang.String,java.lang.String)?[0m

Scenario: Delete a piece of gear successfully                                   ?[90m# src/test/resources/DeleteGear.feature:22?[0m
  ?[32mGiven ?[0m?[32mthe following BikeTourPlus system exists: (p3)?[0m                          ?[90m# ca.mcgill.ecse.biketourplus.features.DeleteComboStepDefinitions.the_following_bike_tour_plus_system_exists_p3(io.cucumber.datatable.DataTable)?[0m
  ?[32mGiven ?[0m?[32mthe following pieces of gear exist in the system: (p3)?[0m                  ?[90m# ca.mcgill.ecse.biketourplus.features.DeleteComboStepDefinitions.the_following_pieces_of_gear_exist_in_the_system_p3(io.cucumber.datatable.DataTable)?[0m
  ?[32mWhen ?[0m?[32mthe manager attempts to delete the piece of gear with name ?[0m?[32m?[1m"helmet"?[0m?[32m (p3)?[0m ?[90m# ca.mcgill.ecse.biketourplus.features.DeleteGearStepDefinitions.the_manager_attempts_to_delete_the_piece_of_gear_with_name_p3(java.lang.String)?[0m
  ?[32mThen ?[0m?[32ma piece of gear shall not exist with name ?[0m?[32m?[1m"helmet"?[0m?[32m (p3)?[0m                  ?[90m# ca.mcgill.ecse.biketourplus.features.DeleteGearStepDefinitions.a_piece_of_gear_shall_not_exist_with_name_p3(java.lang.String)?[0m
  ?[32mThen ?[0m?[32mthe number of pieces of gear shall be ?[0m?[32m?[1m"3"?[0m?[32m (p3)?[0m                           ?[90m# ca.mcgill.ecse.biketourplus.features.DeleteGearStepDefinitions.the_number_of_pieces_of_gear_shall_be_p3(java.lang.String)?[0m

Scenario: Delete a piece of gear successfully                                     ?[90m# src/test/resources/DeleteGear.feature:23?[0m
  ?[32mGiven ?[0m?[32mthe following BikeTourPlus system exists: (p3)?[0m                            ?[90m# ca.mcgill.ecse.biketourplus.features.DeleteComboStepDefinitions.the_following_bike_tour_plus_system_exists_p3(io.cucumber.datatable.DataTable)?[0m
  ?[32mGiven ?[0m?[32mthe following pieces of gear exist in the system: (p3)?[0m                    ?[90m# ca.mcgill.ecse.biketourplus.features.DeleteComboStepDefinitions.the_following_pieces_of_gear_exist_in_the_system_p3(io.cucumber.datatable.DataTable)?[0m
  ?[32mWhen ?[0m?[32mthe manager attempts to delete the piece of gear with name ?[0m?[32m?[1m"bike bag"?[0m?[32m (p3)?[0m ?[90m# ca.mcgill.ecse.biketourplus.features.DeleteGearStepDefinitions.the_manager_attempts_to_delete_the_piece_of_gear_with_name_p3(java.lang.String)?[0m
  ?[32mThen ?[0m?[32ma piece of gear shall not exist with name ?[0m?[32m?[1m"bike bag"?[0m?[32m (p3)?[0m                  ?[90m# ca.mcgill.ecse.biketourplus.features.DeleteGearStepDefinitions.a_piece_of_gear_shall_not_exist_with_name_p3(java.lang.String)?[0m
  ?[32mThen ?[0m?[32mthe number of pieces of gear shall be ?[0m?[32m?[1m"3"?[0m?[32m (p3)?[0m                             ?[90m# ca.mcgill.ecse.biketourplus.features.DeleteGearStepDefinitions.the_number_of_pieces_of_gear_shall_be_p3(java.lang.String)?[0m

Scenario: Delete a piece of gear successfully                                          ?[90m# src/test/resources/DeleteGear.feature:24?[0m
  ?[32mGiven ?[0m?[32mthe following BikeTourPlus system exists: (p3)?[0m                                 ?[90m# ca.mcgill.ecse.biketourplus.features.DeleteComboStepDefinitions.the_following_bike_tour_plus_system_exists_p3(io.cucumber.datatable.DataTable)?[0m
  ?[32mGiven ?[0m?[32mthe following pieces of gear exist in the system: (p3)?[0m                         ?[90m# ca.mcgill.ecse.biketourplus.features.DeleteComboStepDefinitions.the_following_pieces_of_gear_exist_in_the_system_p3(io.cucumber.datatable.DataTable)?[0m
  ?[32mWhen ?[0m?[32mthe manager attempts to delete the piece of gear with name ?[0m?[32m?[1m"mountain bike"?[0m?[32m (p3)?[0m ?[90m# ca.mcgill.ecse.biketourplus.features.DeleteGearStepDefinitions.the_manager_attempts_to_delete_the_piece_of_gear_with_name_p3(java.lang.String)?[0m
  ?[32mThen ?[0m?[32ma piece of gear shall not exist with name ?[0m?[32m?[1m"mountain bike"?[0m?[32m (p3)?[0m                  ?[90m# ca.mcgill.ecse.biketourplus.features.DeleteGearStepDefinitions.a_piece_of_gear_shall_not_exist_with_name_p3(java.lang.String)?[0m
  ?[32mThen ?[0m?[32mthe number of pieces of gear shall be ?[0m?[32m?[1m"4"?[0m?[32m (p3)?[0m                                  ?[90m# ca.mcgill.ecse.biketourplus.features.DeleteGearStepDefinitions.the_number_of_pieces_of_gear_shall_be_p3(java.lang.String)?[0m

Scenario: Delete a piece of gear successfully                                       ?[90m# src/test/resources/DeleteGear.feature:25?[0m
  ?[32mGiven ?[0m?[32mthe following BikeTourPlus system exists: (p3)?[0m                              ?[90m# ca.mcgill.ecse.biketourplus.features.DeleteComboStepDefinitions.the_following_bike_tour_plus_system_exists_p3(io.cucumber.datatable.DataTable)?[0m
  ?[32mGiven ?[0m?[32mthe following pieces of gear exist in the system: (p3)?[0m                      ?[90m# ca.mcgill.ecse.biketourplus.features.DeleteComboStepDefinitions.the_following_pieces_of_gear_exist_in_the_system_p3(io.cucumber.datatable.DataTable)?[0m
  ?[32mWhen ?[0m?[32mthe manager attempts to delete the piece of gear with name ?[0m?[32m?[1m"spare tire"?[0m?[32m (p3)?[0m ?[90m# ca.mcgill.ecse.biketourplus.features.DeleteGearStepDefinitions.the_manager_attempts_to_delete_the_piece_of_gear_with_name_p3(java.lang.String)?[0m
  ?[32mThen ?[0m?[32ma piece of gear shall not exist with name ?[0m?[32m?[1m"spare tire"?[0m?[32m (p3)?[0m                  ?[90m# ca.mcgill.ecse.biketourplus.features.DeleteGearStepDefinitions.a_piece_of_gear_shall_not_exist_with_name_p3(java.lang.String)?[0m
  ?[32mThen ?[0m?[32mthe number of pieces of gear shall be ?[0m?[32m?[1m"4"?[0m?[32m (p3)?[0m                               ?[90m# ca.mcgill.ecse.biketourplus.features.DeleteGearStepDefinitions.the_number_of_pieces_of_gear_shall_be_p3(java.lang.String)?[0m

Scenario: Successfully delete a piece of gear that has been requested by a participant                                    ?[90m# src/test/resources/DeleteGear.feature:43?[0m
  ?[32mGiven ?[0m?[32mthe following BikeTourPlus system exists: (p3)?[0m                                                                    ?[90m# ca.mcgill.ecse.biketourplus.features.DeleteComboStepDefinitions.the_following_bike_tour_plus_system_exists_p3(io.cucumber.datatable.DataTable)?[0m
  ?[32mGiven ?[0m?[32mthe following pieces of gear exist in the system: (p3)?[0m                                                            ?[90m# ca.mcgill.ecse.biketourplus.features.DeleteComboStepDefinitions.the_following_pieces_of_gear_exist_in_the_system_p3(io.cucumber.datatable.DataTable)?[0m
  ?[32mGiven ?[0m?[32mthe following participants exist in the system: (p3)?[0m                                                              ?[90m# ca.mcgill.ecse.biketourplus.features.DeleteComboStepDefinitions.the_following_participants_exist_in_the_system_p3(io.cucumber.datatable.DataTable)?[0m
  ?[32mGiven ?[0m?[32mthe following participants request the following pieces of gear: (p3)?[0m                                             ?[90m# ca.mcgill.ecse.biketourplus.features.DeleteGearStepDefinitions.the_following_participants_request_the_following_pieces_of_gear_p3(io.cucumber.datatable.DataTable)?[0m
  ?[32mWhen ?[0m?[32mthe manager attempts to delete the piece of gear with name ?[0m?[32m?[1m"helmet"?[0m?[32m (p3)?[0m                                           ?[90m# ca.mcgill.ecse.biketourplus.features.DeleteGearStepDefinitions.the_manager_attempts_to_delete_the_piece_of_gear_with_name_p3(java.lang.String)?[0m
  ?[32mThen ?[0m?[32ma piece of gear shall not exist with name ?[0m?[32m?[1m"helmet"?[0m?[32m (p3)?[0m                                                            ?[90m# ca.mcgill.ecse.biketourplus.features.DeleteGearStepDefinitions.a_piece_of_gear_shall_not_exist_with_name_p3(java.lang.String)?[0m
  ?[32mThen ?[0m?[32mthe number of pieces of gear shall be ?[0m?[32m?[1m"3"?[0m?[32m (p3)?[0m                                                                     ?[90m# ca.mcgill.ecse.biketourplus.features.DeleteGearStepDefinitions.the_number_of_pieces_of_gear_shall_be_p3(java.lang.String)?[0m
  ?[32mThen ?[0m?[32mthe participant with email ?[0m?[32m?[1m"peter@email.com"?[0m?[32m shall have a piece of gear with name ?[0m?[32m?[1m"bike bag"?[0m?[32m and quantity ?[0m?[32m?[1m"2"?[0m?[32m (p3)?[0m ?[90m# ca.mcgill.ecse.biketourplus.features.DeleteGearStepDefinitions.the_participant_with_email_shall_have_a_piece_of_gear_with_name_and_quantity_p3(java.lang.String,java.lang.String,java.lang.String)?[0m
  ?[32mThen ?[0m?[32mthe number of pieces of gear for the participant with email ?[0m?[32m?[1m"peter@email.com"?[0m?[32m shall be ?[0m?[32m?[1m"1"?[0m?[32m (p3)?[0m                    ?[90m# ca.mcgill.ecse.biketourplus.features.DeleteComboStepDefinitions.the_number_of_pieces_of_gear_for_the_participant_with_email_shall_be_p3(java.lang.String,java.lang.String)?[0m

Scenario: Successfully delete a piece of gear that has been requested by a participant                                  ?[90m# src/test/resources/DeleteGear.feature:44?[0m
  ?[32mGiven ?[0m?[32mthe following BikeTourPlus system exists: (p3)?[0m                                                                  ?[90m# ca.mcgill.ecse.biketourplus.features.DeleteComboStepDefinitions.the_following_bike_tour_plus_system_exists_p3(io.cucumber.datatable.DataTable)?[0m
  ?[32mGiven ?[0m?[32mthe following pieces of gear exist in the system: (p3)?[0m                                                          ?[90m# ca.mcgill.ecse.biketourplus.features.DeleteComboStepDefinitions.the_following_pieces_of_gear_exist_in_the_system_p3(io.cucumber.datatable.DataTable)?[0m
  ?[32mGiven ?[0m?[32mthe following participants exist in the system: (p3)?[0m                                                            ?[90m# ca.mcgill.ecse.biketourplus.features.DeleteComboStepDefinitions.the_following_participants_exist_in_the_system_p3(io.cucumber.datatable.DataTable)?[0m
  ?[32mGiven ?[0m?[32mthe following participants request the following pieces of gear: (p3)?[0m                                           ?[90m# ca.mcgill.ecse.biketourplus.features.DeleteGearStepDefinitions.the_following_participants_request_the_following_pieces_of_gear_p3(io.cucumber.datatable.DataTable)?[0m
  ?[32mWhen ?[0m?[32mthe manager attempts to delete the piece of gear with name ?[0m?[32m?[1m"bike bag"?[0m?[32m (p3)?[0m                                       ?[90m# ca.mcgill.ecse.biketourplus.features.DeleteGearStepDefinitions.the_manager_attempts_to_delete_the_piece_of_gear_with_name_p3(java.lang.String)?[0m
  ?[32mThen ?[0m?[32ma piece of gear shall not exist with name ?[0m?[32m?[1m"bike bag"?[0m?[32m (p3)?[0m                                                        ?[90m# ca.mcgill.ecse.biketourplus.features.DeleteGearStepDefinitions.a_piece_of_gear_shall_not_exist_with_name_p3(java.lang.String)?[0m
  ?[32mThen ?[0m?[32mthe number of pieces of gear shall be ?[0m?[32m?[1m"3"?[0m?[32m (p3)?[0m                                                                   ?[90m# ca.mcgill.ecse.biketourplus.features.DeleteGearStepDefinitions.the_number_of_pieces_of_gear_shall_be_p3(java.lang.String)?[0m
  ?[32mThen ?[0m?[32mthe participant with email ?[0m?[32m?[1m"peter@email.com"?[0m?[32m shall have a piece of gear with name ?[0m?[32m?[1m"helmet"?[0m?[32m and quantity ?[0m?[32m?[1m"1"?[0m?[32m (p3)?[0m ?[90m# ca.mcgill.ecse.biketourplus.features.DeleteGearStepDefinitions.the_participant_with_email_shall_have_a_piece_of_gear_with_name_and_quantity_p3(java.lang.String,java.lang.String,java.lang.String)?[0m
  ?[32mThen ?[0m?[32mthe number of pieces of gear for the participant with email ?[0m?[32m?[1m"peter@email.com"?[0m?[32m shall be ?[0m?[32m?[1m"1"?[0m?[32m (p3)?[0m                  ?[90m# ca.mcgill.ecse.biketourplus.features.DeleteComboStepDefinitions.the_number_of_pieces_of_gear_for_the_participant_with_email_shall_be_p3(java.lang.String,java.lang.String)?[0m

Scenario: Unsuccessfully delete a piece of gear that is in an existing combo                                 ?[90m# src/test/resources/DeleteGear.feature:59?[0m
  ?[32mGiven ?[0m?[32mthe following BikeTourPlus system exists: (p3)?[0m                                                       ?[90m# ca.mcgill.ecse.biketourplus.features.DeleteComboStepDefinitions.the_following_bike_tour_plus_system_exists_p3(io.cucumber.datatable.DataTable)?[0m
  ?[32mGiven ?[0m?[32mthe following pieces of gear exist in the system: (p3)?[0m                                               ?[90m# ca.mcgill.ecse.biketourplus.features.DeleteComboStepDefinitions.the_following_pieces_of_gear_exist_in_the_system_p3(io.cucumber.datatable.DataTable)?[0m
  ?[32mGiven ?[0m?[32mthe following combos exist in the system: (p3)?[0m                                                       ?[90m# ca.mcgill.ecse.biketourplus.features.DeleteComboStepDefinitions.the_following_combos_exist_in_the_system_p3(io.cucumber.datatable.DataTable)?[0m
  ?[32mWhen ?[0m?[32mthe manager attempts to delete the piece of gear with name ?[0m?[32m?[1m"helmet"?[0m?[32m (p3)?[0m                              ?[90m# ca.mcgill.ecse.biketourplus.features.DeleteGearStepDefinitions.the_manager_attempts_to_delete_the_piece_of_gear_with_name_p3(java.lang.String)?[0m
  ?[32mThen ?[0m?[32ma piece of gear shall exist with name ?[0m?[32m?[1m"helmet"?[0m?[32m and price per week ?[0m?[32m?[1m"25"?[0m?[32m (p3)?[0m                           ?[90m# ca.mcgill.ecse.biketourplus.features.DeleteGearStepDefinitions.a_piece_of_gear_shall_exist_with_name_and_price_per_week_p3(java.lang.String,java.lang.String)?[0m
  ?[32mThen ?[0m?[32mthe number of pieces of gear shall be ?[0m?[32m?[1m"4"?[0m?[32m (p3)?[0m                                                        ?[90m# ca.mcgill.ecse.biketourplus.features.DeleteGearStepDefinitions.the_number_of_pieces_of_gear_shall_be_p3(java.lang.String)?[0m
  ?[32mThen ?[0m?[32mthe combo with name ?[0m?[32m?[1m"small combo"?[0m?[32m shall have a piece of gear with name ?[0m?[32m?[1m"helmet"?[0m?[32m and quantity ?[0m?[32m?[1m"2"?[0m?[32m (p3)?[0m ?[90m# ca.mcgill.ecse.biketourplus.features.DeleteGearStepDefinitions.the_combo_with_name_shall_have_a_piece_of_gear_with_name_and_quantity_p3(java.lang.String,java.lang.String,java.lang.String)?[0m
  ?[32mThen ?[0m?[32mthe number of pieces of gear for the combo with name ?[0m?[32m?[1m"small combo"?[0m?[32m shall be ?[0m?[32m?[1m"2"?[0m?[32m (p3)?[0m                  ?[90m# ca.mcgill.ecse.biketourplus.features.DeleteGearStepDefinitions.the_number_of_pieces_of_gear_for_the_combo_with_name_shall_be_p3(java.lang.String,java.lang.String)?[0m
  ?[32mThen ?[0m?[32mthe system shall raise the error ?[0m?[32m?[1m"The piece of gear is in a combo and cannot be deleted"?[0m?[32m (p3)?[0m         ?[90m# ca.mcgill.ecse.biketourplus.features.DeleteGearStepDefinitions.the_system_shall_raise_the_error_p3(java.lang.String)?[0m

Scenario: Unsuccessfully delete a piece of gear that is in an existing combo                                 ?[90m# src/test/resources/DeleteGear.feature:60?[0m
  ?[32mGiven ?[0m?[32mthe following BikeTourPlus system exists: (p3)?[0m                                                       ?[90m# ca.mcgill.ecse.biketourplus.features.DeleteComboStepDefinitions.the_following_bike_tour_plus_system_exists_p3(io.cucumber.datatable.DataTable)?[0m
  ?[32mGiven ?[0m?[32mthe following pieces of gear exist in the system: (p3)?[0m                                               ?[90m# ca.mcgill.ecse.biketourplus.features.DeleteComboStepDefinitions.the_following_pieces_of_gear_exist_in_the_system_p3(io.cucumber.datatable.DataTable)?[0m
  ?[32mGiven ?[0m?[32mthe following combos exist in the system: (p3)?[0m                                                       ?[90m# ca.mcgill.ecse.biketourplus.features.DeleteComboStepDefinitions.the_following_combos_exist_in_the_system_p3(io.cucumber.datatable.DataTable)?[0m
  ?[32mWhen ?[0m?[32mthe manager attempts to delete the piece of gear with name ?[0m?[32m?[1m"e-bike"?[0m?[32m (p3)?[0m                              ?[90m# ca.mcgill.ecse.biketourplus.features.DeleteGearStepDefinitions.the_manager_attempts_to_delete_the_piece_of_gear_with_name_p3(java.lang.String)?[0m
  ?[32mThen ?[0m?[32ma piece of gear shall exist with name ?[0m?[32m?[1m"e-bike"?[0m?[32m and price per week ?[0m?[32m?[1m"150"?[0m?[32m (p3)?[0m                          ?[90m# ca.mcgill.ecse.biketourplus.features.DeleteGearStepDefinitions.a_piece_of_gear_shall_exist_with_name_and_price_per_week_p3(java.lang.String,java.lang.String)?[0m
  ?[32mThen ?[0m?[32mthe number of pieces of gear shall be ?[0m?[32m?[1m"4"?[0m?[32m (p3)?[0m                                                        ?[90m# ca.mcgill.ecse.biketourplus.features.DeleteGearStepDefinitions.the_number_of_pieces_of_gear_shall_be_p3(java.lang.String)?[0m
  ?[32mThen ?[0m?[32mthe combo with name ?[0m?[32m?[1m"small combo"?[0m?[32m shall have a piece of gear with name ?[0m?[32m?[1m"e-bike"?[0m?[32m and quantity ?[0m?[32m?[1m"1"?[0m?[32m (p3)?[0m ?[90m# ca.mcgill.ecse.biketourplus.features.DeleteGearStepDefinitions.the_combo_with_name_shall_have_a_piece_of_gear_with_name_and_quantity_p3(java.lang.String,java.lang.String,java.lang.String)?[0m
  ?[32mThen ?[0m?[32mthe number of pieces of gear for the combo with name ?[0m?[32m?[1m"small combo"?[0m?[32m shall be ?[0m?[32m?[1m"2"?[0m?[32m (p3)?[0m                  ?[90m# ca.mcgill.ecse.biketourplus.features.DeleteGearStepDefinitions.the_number_of_pieces_of_gear_for_the_combo_with_name_shall_be_p3(java.lang.String,java.lang.String)?[0m
  ?[32mThen ?[0m?[32mthe system shall raise the error ?[0m?[32m?[1m"The piece of gear is in a combo and cannot be deleted"?[0m?[32m (p3)?[0m         ?[90m# ca.mcgill.ecse.biketourplus.features.DeleteGearStepDefinitions.the_system_shall_raise_the_error_p3(java.lang.String)?[0m

Scenario Outline: Delete a guide successfully                                    ?[90m# src/test/resources/DeleteGuide.feature:24?[0m
  ?[32mGiven ?[0m?[32mthe following BikeTourPlus system exists: (p6)?[0m                           ?[90m# ca.mcgill.ecse.biketourplus.features.DeleteGuideStepDefinitions.the_following_bike_tour_plus_system_exists_p6(io.cucumber.datatable.DataTable)?[0m
  ?[32mGiven ?[0m?[32mthe following guides exist in the system: (p6)?[0m                           ?[90m# ca.mcgill.ecse.biketourplus.features.DeleteGuideStepDefinitions.the_following_guides_exist_in_the_system_p6(io.cucumber.datatable.DataTable)?[0m
  ?[32mGiven ?[0m?[32mthe following participants exist in the system: (p6)?[0m                     ?[90m# ca.mcgill.ecse.biketourplus.features.DeleteGuideStepDefinitions.the_following_participants_exist_in_the_system_p6(io.cucumber.datatable.DataTable)?[0m
  ?[32mWhen ?[0m?[32mthe manager attempts to delete the guide with email ?[0m?[32m?[1m"jeff@email.com"?[0m?[32m (p6)?[0m ?[90m# ca.mcgill.ecse.biketourplus.features.DeleteGuideStepDefinitions.the_manager_attempts_to_delete_the_guide_with_email_p6(java.lang.String)?[0m
  ?[32mThen ?[0m?[32ma guide account shall not exist with email ?[0m?[32m?[1m"jeff@email.com"?[0m?[32m (p6)?[0m          ?[90m# ca.mcgill.ecse.biketourplus.features.DeleteGuideStepDefinitions.a_guide_account_shall_not_exist_with_email_p6(java.lang.String)?[0m
  ?[32mThen ?[0m?[32mthe number of guides shall be ?[0m?[32m?[1m"1"?[0m?[32m (p6)?[0m                                    ?[90m# ca.mcgill.ecse.biketourplus.features.DeleteGuideStepDefinitions.the_number_of_guides_shall_be_p6(java.lang.String)?[0m

Scenario Outline: Delete a guide successfully                                    ?[90m# src/test/resources/DeleteGuide.feature:25?[0m
  ?[32mGiven ?[0m?[32mthe following BikeTourPlus system exists: (p6)?[0m                           ?[90m# ca.mcgill.ecse.biketourplus.features.DeleteGuideStepDefinitions.the_following_bike_tour_plus_system_exists_p6(io.cucumber.datatable.DataTable)?[0m
  ?[32mGiven ?[0m?[32mthe following guides exist in the system: (p6)?[0m                           ?[90m# ca.mcgill.ecse.biketourplus.features.DeleteGuideStepDefinitions.the_following_guides_exist_in_the_system_p6(io.cucumber.datatable.DataTable)?[0m
  ?[32mGiven ?[0m?[32mthe following participants exist in the system: (p6)?[0m                     ?[90m# ca.mcgill.ecse.biketourplus.features.DeleteGuideStepDefinitions.the_following_participants_exist_in_the_system_p6(io.cucumber.datatable.DataTable)?[0m
  ?[32mWhen ?[0m?[32mthe manager attempts to delete the guide with email ?[0m?[32m?[1m"john@email.com"?[0m?[32m (p6)?[0m ?[90m# ca.mcgill.ecse.biketourplus.features.DeleteGuideStepDefinitions.the_manager_attempts_to_delete_the_guide_with_email_p6(java.lang.String)?[0m
  ?[32mThen ?[0m?[32ma guide account shall not exist with email ?[0m?[32m?[1m"john@email.com"?[0m?[32m (p6)?[0m          ?[90m# ca.mcgill.ecse.biketourplus.features.DeleteGuideStepDefinitions.a_guide_account_shall_not_exist_with_email_p6(java.lang.String)?[0m
  ?[32mThen ?[0m?[32mthe number of guides shall be ?[0m?[32m?[1m"1"?[0m?[32m (p6)?[0m                                    ?[90m# ca.mcgill.ecse.biketourplus.features.DeleteGuideStepDefinitions.the_number_of_guides_shall_be_p6(java.lang.String)?[0m

Scenario Outline: Delete a guide successfully                                    ?[90m# src/test/resources/DeleteGuide.feature:26?[0m
  ?[32mGiven ?[0m?[32mthe following BikeTourPlus system exists: (p6)?[0m                           ?[90m# ca.mcgill.ecse.biketourplus.features.DeleteGuideStepDefinitions.the_following_bike_tour_plus_system_exists_p6(io.cucumber.datatable.DataTable)?[0m
  ?[32mGiven ?[0m?[32mthe following guides exist in the system: (p6)?[0m                           ?[90m# ca.mcgill.ecse.biketourplus.features.DeleteGuideStepDefinitions.the_following_guides_exist_in_the_system_p6(io.cucumber.datatable.DataTable)?[0m
  ?[32mGiven ?[0m?[32mthe following participants exist in the system: (p6)?[0m                     ?[90m# ca.mcgill.ecse.biketourplus.features.DeleteGuideStepDefinitions.the_following_participants_exist_in_the_system_p6(io.cucumber.datatable.DataTable)?[0m
  ?[32mWhen ?[0m?[32mthe manager attempts to delete the guide with email ?[0m?[32m?[1m"kyle@email.com"?[0m?[32m (p6)?[0m ?[90m# ca.mcgill.ecse.biketourplus.features.DeleteGuideStepDefinitions.the_manager_attempts_to_delete_the_guide_with_email_p6(java.lang.String)?[0m
  ?[32mThen ?[0m?[32ma guide account shall not exist with email ?[0m?[32m?[1m"kyle@email.com"?[0m?[32m (p6)?[0m          ?[90m# ca.mcgill.ecse.biketourplus.features.DeleteGuideStepDefinitions.a_guide_account_shall_not_exist_with_email_p6(java.lang.String)?[0m
  ?[32mThen ?[0m?[32mthe number of guides shall be ?[0m?[32m?[1m"2"?[0m?[32m (p6)?[0m                                    ?[90m# ca.mcgill.ecse.biketourplus.features.DeleteGuideStepDefinitions.the_number_of_guides_shall_be_p6(java.lang.String)?[0m

Scenario Outline: Delete a guide successfully                                    ?[90m# src/test/resources/DeleteGuide.feature:27?[0m
  ?[32mGiven ?[0m?[32mthe following BikeTourPlus system exists: (p6)?[0m                           ?[90m# ca.mcgill.ecse.biketourplus.features.DeleteGuideStepDefinitions.the_following_bike_tour_plus_system_exists_p6(io.cucumber.datatable.DataTable)?[0m
  ?[32mGiven ?[0m?[32mthe following guides exist in the system: (p6)?[0m                           ?[90m# ca.mcgill.ecse.biketourplus.features.DeleteGuideStepDefinitions.the_following_guides_exist_in_the_system_p6(io.cucumber.datatable.DataTable)?[0m
  ?[32mGiven ?[0m?[32mthe following participants exist in the system: (p6)?[0m                     ?[90m# ca.mcgill.ecse.biketourplus.features.DeleteGuideStepDefinitions.the_following_participants_exist_in_the_system_p6(io.cucumber.datatable.DataTable)?[0m
  ?[32mWhen ?[0m?[32mthe manager attempts to delete the guide with email ?[0m?[32m?[1m"paul@email.com"?[0m?[32m (p6)?[0m ?[90m# ca.mcgill.ecse.biketourplus.features.DeleteGuideStepDefinitions.the_manager_attempts_to_delete_the_guide_with_email_p6(java.lang.String)?[0m
  ?[32mThen ?[0m?[32ma guide account shall not exist with email ?[0m?[32m?[1m"paul@email.com"?[0m?[32m (p6)?[0m          ?[90m# ca.mcgill.ecse.biketourplus.features.DeleteGuideStepDefinitions.a_guide_account_shall_not_exist_with_email_p6(java.lang.String)?[0m
  ?[32mThen ?[0m?[32mthe number of guides shall be ?[0m?[32m?[1m"2"?[0m?[32m (p6)?[0m                                    ?[90m# ca.mcgill.ecse.biketourplus.features.DeleteGuideStepDefinitions.the_number_of_guides_shall_be_p6(java.lang.String)?[0m

Scenario Outline: Successfully delete a guide that does not exist but participant exists ?[90m# src/test/resources/DeleteGuide.feature:37?[0m
  ?[32mGiven ?[0m?[32mthe following BikeTourPlus system exists: (p6)?[0m                                   ?[90m# ca.mcgill.ecse.biketourplus.features.DeleteGuideStepDefinitions.the_following_bike_tour_plus_system_exists_p6(io.cucumber.datatable.DataTable)?[0m
  ?[32mGiven ?[0m?[32mthe following guides exist in the system: (p6)?[0m                                   ?[90m# ca.mcgill.ecse.biketourplus.features.DeleteGuideStepDefinitions.the_following_guides_exist_in_the_system_p6(io.cucumber.datatable.DataTable)?[0m
  ?[32mGiven ?[0m?[32mthe following participants exist in the system: (p6)?[0m                             ?[90m# ca.mcgill.ecse.biketourplus.features.DeleteGuideStepDefinitions.the_following_participants_exist_in_the_system_p6(io.cucumber.datatable.DataTable)?[0m
  ?[32mWhen ?[0m?[32mthe manager attempts to delete the guide with email ?[0m?[32m?[1m"peter@email.com"?[0m?[32m (p6)?[0m        ?[90m# ca.mcgill.ecse.biketourplus.features.DeleteGuideStepDefinitions.the_manager_attempts_to_delete_the_guide_with_email_p6(java.lang.String)?[0m
  ?[32mThen ?[0m?[32ma participant account shall exist with email ?[0m?[32m?[1m"peter@email.com"?[0m?[32m (p6)?[0m               ?[90m# ca.mcgill.ecse.biketourplus.features.DeleteGuideStepDefinitions.a_participant_account_shall_exist_with_email_p6(java.lang.String)?[0m
  ?[32mThen ?[0m?[32mthe number of guides shall be ?[0m?[32m?[1m"2"?[0m?[32m (p6)?[0m                                            ?[90m# ca.mcgill.ecse.biketourplus.features.DeleteGuideStepDefinitions.the_number_of_guides_shall_be_p6(java.lang.String)?[0m
  ?[32mThen ?[0m?[32mthe number of participants shall be ?[0m?[32m?[1m"2"?[0m?[32m (p6)?[0m                                      ?[90m# ca.mcgill.ecse.biketourplus.features.DeleteGuideStepDefinitions.the_number_of_participants_shall_be_p6(java.lang.String)?[0m

Scenario Outline: Successfully delete a guide that does not exist but participant exists ?[90m# src/test/resources/DeleteGuide.feature:38?[0m
  ?[32mGiven ?[0m?[32mthe following BikeTourPlus system exists: (p6)?[0m                                   ?[90m# ca.mcgill.ecse.biketourplus.features.DeleteGuideStepDefinitions.the_following_bike_tour_plus_system_exists_p6(io.cucumber.datatable.DataTable)?[0m
  ?[32mGiven ?[0m?[32mthe following guides exist in the system: (p6)?[0m                                   ?[90m# ca.mcgill.ecse.biketourplus.features.DeleteGuideStepDefinitions.the_following_guides_exist_in_the_system_p6(io.cucumber.datatable.DataTable)?[0m
  ?[32mGiven ?[0m?[32mthe following participants exist in the system: (p6)?[0m                             ?[90m# ca.mcgill.ecse.biketourplus.features.DeleteGuideStepDefinitions.the_following_participants_exist_in_the_system_p6(io.cucumber.datatable.DataTable)?[0m
  ?[32mWhen ?[0m?[32mthe manager attempts to delete the guide with email ?[0m?[32m?[1m"tyler@email.com"?[0m?[32m (p6)?[0m        ?[90m# ca.mcgill.ecse.biketourplus.features.DeleteGuideStepDefinitions.the_manager_attempts_to_delete_the_guide_with_email_p6(java.lang.String)?[0m
  ?[32mThen ?[0m?[32ma participant account shall exist with email ?[0m?[32m?[1m"tyler@email.com"?[0m?[32m (p6)?[0m               ?[90m# ca.mcgill.ecse.biketourplus.features.DeleteGuideStepDefinitions.a_participant_account_shall_exist_with_email_p6(java.lang.String)?[0m
  ?[32mThen ?[0m?[32mthe number of guides shall be ?[0m?[32m?[1m"2"?[0m?[32m (p6)?[0m                                            ?[90m# ca.mcgill.ecse.biketourplus.features.DeleteGuideStepDefinitions.the_number_of_guides_shall_be_p6(java.lang.String)?[0m
  ?[32mThen ?[0m?[32mthe number of participants shall be ?[0m?[32m?[1m"2"?[0m?[32m (p6)?[0m                                      ?[90m# ca.mcgill.ecse.biketourplus.features.DeleteGuideStepDefinitions.the_number_of_participants_shall_be_p6(java.lang.String)?[0m

Scenario Outline: Successfully delete a guide that does not exist but manager exists ?[90m# src/test/resources/DeleteGuide.feature:40?[0m
  ?[32mGiven ?[0m?[32mthe following BikeTourPlus system exists: (p6)?[0m                               ?[90m# ca.mcgill.ecse.biketourplus.features.DeleteGuideStepDefinitions.the_following_bike_tour_plus_system_exists_p6(io.cucumber.datatable.DataTable)?[0m
  ?[32mGiven ?[0m?[32mthe following guides exist in the system: (p6)?[0m                               ?[90m# ca.mcgill.ecse.biketourplus.features.DeleteGuideStepDefinitions.the_following_guides_exist_in_the_system_p6(io.cucumber.datatable.DataTable)?[0m
  ?[32mGiven ?[0m?[32mthe following participants exist in the system: (p6)?[0m                         ?[90m# ca.mcgill.ecse.biketourplus.features.DeleteGuideStepDefinitions.the_following_participants_exist_in_the_system_p6(io.cucumber.datatable.DataTable)?[0m
  ?[32mWhen ?[0m?[32mthe manager attempts to delete the guide with email ?[0m?[32m?[1m"manager@btp.com"?[0m?[32m (p6)?[0m    ?[90m# ca.mcgill.ecse.biketourplus.features.DeleteGuideStepDefinitions.the_manager_attempts_to_delete_the_guide_with_email_p6(java.lang.String)?[0m
  ?[32mThen ?[0m?[32ma manager account shall exist with email ?[0m?[32m?[1m"manager@btp.com"?[0m?[32m (p6)?[0m               ?[90m# ca.mcgill.ecse.biketourplus.features.DeleteGuideStepDefinitions.a_manager_account_shall_exist_with_email_p6(java.lang.String)?[0m
  ?[32mThen ?[0m?[32mthe number of guides shall be ?[0m?[32m?[1m"2"?[0m?[32m (p6)?[0m                                        ?[90m# ca.mcgill.ecse.biketourplus.features.DeleteGuideStepDefinitions.the_number_of_guides_shall_be_p6(java.lang.String)?[0m
  ?[32mThen ?[0m?[32mthe number of managers shall be ?[0m?[32m?[1m"1"?[0m?[32m (p6)?[0m                                      ?[90m# ca.mcgill.ecse.biketourplus.features.DeleteGuideStepDefinitions.the_number_of_managers_shall_be_p6(java.lang.String)?[0m

Scenario Outline: Delete a participant successfully                                     ?[90m# src/test/resources/DeleteParticipant.feature:34?[0m
  ?[32mGiven ?[0m?[32mthe following BikeTourPlus system exists: (p6)?[0m                                  ?[90m# ca.mcgill.ecse.biketourplus.features.DeleteGuideStepDefinitions.the_following_bike_tour_plus_system_exists_p6(io.cucumber.datatable.DataTable)?[0m
  ?[32mGiven ?[0m?[32mthe following pieces of gear exist in the system: (p6)?[0m                          ?[90m# ca.mcgill.ecse.biketourplus.features.DeleteParticipantStepDefinitions.the_following_pieces_of_gear_exist_in_the_system_p6(io.cucumber.datatable.DataTable)?[0m
  ?[32mGiven ?[0m?[32mthe following combos exist in the system: (p6)?[0m                                  ?[90m# ca.mcgill.ecse.biketourplus.features.DeleteParticipantStepDefinitions.the_following_combos_exist_in_the_system_p6(io.cucumber.datatable.DataTable)?[0m
  ?[32mGiven ?[0m?[32mthe following guides exist in the system: (p6)?[0m                                  ?[90m# ca.mcgill.ecse.biketourplus.features.DeleteGuideStepDefinitions.the_following_guides_exist_in_the_system_p6(io.cucumber.datatable.DataTable)?[0m
  ?[32mGiven ?[0m?[32mthe following participants exist in the system: (p6)?[0m                            ?[90m# ca.mcgill.ecse.biketourplus.features.DeleteGuideStepDefinitions.the_following_participants_exist_in_the_system_p6(io.cucumber.datatable.DataTable)?[0m
  ?[32mWhen ?[0m?[32mthe manager attempts to delete the participant with email ?[0m?[32m?[1m"peter@email.com"?[0m?[32m (p6)?[0m ?[90m# ca.mcgill.ecse.biketourplus.features.DeleteParticipantStepDefinitions.the_manager_attempts_to_delete_the_participant_with_email_p6(java.lang.String)?[0m
  ?[32mThen ?[0m?[32ma participant account shall not exist with email ?[0m?[32m?[1m"peter@email.com"?[0m?[32m (p6)?[0m          ?[90m# ca.mcgill.ecse.biketourplus.features.DeleteParticipantStepDefinitions.a_participant_account_shall_not_exist_with_email_p6(java.lang.String)?[0m
  ?[32mThen ?[0m?[32mthe number of participants shall be ?[0m?[32m?[1m"2"?[0m?[32m (p6)?[0m                                     ?[90m# ca.mcgill.ecse.biketourplus.features.DeleteGuideStepDefinitions.the_number_of_participants_shall_be_p6(java.lang.String)?[0m

Scenario Outline: Delete a participant successfully                                     ?[90m# src/test/resources/DeleteParticipant.feature:35?[0m
  ?[32mGiven ?[0m?[32mthe following BikeTourPlus system exists: (p6)?[0m                                  ?[90m# ca.mcgill.ecse.biketourplus.features.DeleteGuideStepDefinitions.the_following_bike_tour_plus_system_exists_p6(io.cucumber.datatable.DataTable)?[0m
  ?[32mGiven ?[0m?[32mthe following pieces of gear exist in the system: (p6)?[0m                          ?[90m# ca.mcgill.ecse.biketourplus.features.DeleteParticipantStepDefinitions.the_following_pieces_of_gear_exist_in_the_system_p6(io.cucumber.datatable.DataTable)?[0m
  ?[32mGiven ?[0m?[32mthe following combos exist in the system: (p6)?[0m                                  ?[90m# ca.mcgill.ecse.biketourplus.features.DeleteParticipantStepDefinitions.the_following_combos_exist_in_the_system_p6(io.cucumber.datatable.DataTable)?[0m
  ?[32mGiven ?[0m?[32mthe following guides exist in the system: (p6)?[0m                                  ?[90m# ca.mcgill.ecse.biketourplus.features.DeleteGuideStepDefinitions.the_following_guides_exist_in_the_system_p6(io.cucumber.datatable.DataTable)?[0m
  ?[32mGiven ?[0m?[32mthe following participants exist in the system: (p6)?[0m                            ?[90m# ca.mcgill.ecse.biketourplus.features.DeleteGuideStepDefinitions.the_following_participants_exist_in_the_system_p6(io.cucumber.datatable.DataTable)?[0m
  ?[32mWhen ?[0m?[32mthe manager attempts to delete the participant with email ?[0m?[32m?[1m"tyler@email.com"?[0m?[32m (p6)?[0m ?[90m# ca.mcgill.ecse.biketourplus.features.DeleteParticipantStepDefinitions.the_manager_attempts_to_delete_the_participant_with_email_p6(java.lang.String)?[0m
  ?[32mThen ?[0m?[32ma participant account shall not exist with email ?[0m?[32m?[1m"tyler@email.com"?[0m?[32m (p6)?[0m          ?[90m# ca.mcgill.ecse.biketourplus.features.DeleteParticipantStepDefinitions.a_participant_account_shall_not_exist_with_email_p6(java.lang.String)?[0m
  ?[32mThen ?[0m?[32mthe number of participants shall be ?[0m?[32m?[1m"2"?[0m?[32m (p6)?[0m                                     ?[90m# ca.mcgill.ecse.biketourplus.features.DeleteGuideStepDefinitions.the_number_of_participants_shall_be_p6(java.lang.String)?[0m

Scenario Outline: Delete a participant successfully                                          ?[90m# src/test/resources/DeleteParticipant.feature:36?[0m
  ?[32mGiven ?[0m?[32mthe following BikeTourPlus system exists: (p6)?[0m                                       ?[90m# ca.mcgill.ecse.biketourplus.features.DeleteGuideStepDefinitions.the_following_bike_tour_plus_system_exists_p6(io.cucumber.datatable.DataTable)?[0m
  ?[32mGiven ?[0m?[32mthe following pieces of gear exist in the system: (p6)?[0m                               ?[90m# ca.mcgill.ecse.biketourplus.features.DeleteParticipantStepDefinitions.the_following_pieces_of_gear_exist_in_the_system_p6(io.cucumber.datatable.DataTable)?[0m
  ?[32mGiven ?[0m?[32mthe following combos exist in the system: (p6)?[0m                                       ?[90m# ca.mcgill.ecse.biketourplus.features.DeleteParticipantStepDefinitions.the_following_combos_exist_in_the_system_p6(io.cucumber.datatable.DataTable)?[0m
  ?[32mGiven ?[0m?[32mthe following guides exist in the system: (p6)?[0m                                       ?[90m# ca.mcgill.ecse.biketourplus.features.DeleteGuideStepDefinitions.the_following_guides_exist_in_the_system_p6(io.cucumber.datatable.DataTable)?[0m
  ?[32mGiven ?[0m?[32mthe following participants exist in the system: (p6)?[0m                                 ?[90m# ca.mcgill.ecse.biketourplus.features.DeleteGuideStepDefinitions.the_following_participants_exist_in_the_system_p6(io.cucumber.datatable.DataTable)?[0m
  ?[32mWhen ?[0m?[32mthe manager attempts to delete the participant with email ?[0m?[32m?[1m"usernotfound@mail.ca"?[0m?[32m (p6)?[0m ?[90m# ca.mcgill.ecse.biketourplus.features.DeleteParticipantStepDefinitions.the_manager_attempts_to_delete_the_participant_with_email_p6(java.lang.String)?[0m
  ?[32mThen ?[0m?[32ma participant account shall not exist with email ?[0m?[32m?[1m"usernotfound@mail.ca"?[0m?[32m (p6)?[0m          ?[90m# ca.mcgill.ecse.biketourplus.features.DeleteParticipantStepDefinitions.a_participant_account_shall_not_exist_with_email_p6(java.lang.String)?[0m
  ?[32mThen ?[0m?[32mthe number of participants shall be ?[0m?[32m?[1m"3"?[0m?[32m (p6)?[0m                                          ?[90m# ca.mcgill.ecse.biketourplus.features.DeleteGuideStepDefinitions.the_number_of_participants_shall_be_p6(java.lang.String)?[0m

Scenario Outline: Successfully delete a participant that does not exist but guide exists ?[90m# src/test/resources/DeleteParticipant.feature:46?[0m
  ?[32mGiven ?[0m?[32mthe following BikeTourPlus system exists: (p6)?[0m                                   ?[90m# ca.mcgill.ecse.biketourplus.features.DeleteGuideStepDefinitions.the_following_bike_tour_plus_system_exists_p6(io.cucumber.datatable.DataTable)?[0m
  ?[32mGiven ?[0m?[32mthe following pieces of gear exist in the system: (p6)?[0m                           ?[90m# ca.mcgill.ecse.biketourplus.features.DeleteParticipantStepDefinitions.the_following_pieces_of_gear_exist_in_the_system_p6(io.cucumber.datatable.DataTable)?[0m
  ?[32mGiven ?[0m?[32mthe following combos exist in the system: (p6)?[0m                                   ?[90m# ca.mcgill.ecse.biketourplus.features.DeleteParticipantStepDefinitions.the_following_combos_exist_in_the_system_p6(io.cucumber.datatable.DataTable)?[0m
  ?[32mGiven ?[0m?[32mthe following guides exist in the system: (p6)?[0m                                   ?[90m# ca.mcgill.ecse.biketourplus.features.DeleteGuideStepDefinitions.the_following_guides_exist_in_the_system_p6(io.cucumber.datatable.DataTable)?[0m
  ?[32mGiven ?[0m?[32mthe following participants exist in the system: (p6)?[0m                             ?[90m# ca.mcgill.ecse.biketourplus.features.DeleteGuideStepDefinitions.the_following_participants_exist_in_the_system_p6(io.cucumber.datatable.DataTable)?[0m
  ?[32mWhen ?[0m?[32mthe manager attempts to delete the participant with email ?[0m?[32m?[1m"jeff@email.com"?[0m?[32m (p6)?[0m   ?[90m# ca.mcgill.ecse.biketourplus.features.DeleteParticipantStepDefinitions.the_manager_attempts_to_delete_the_participant_with_email_p6(java.lang.String)?[0m
  ?[32mThen ?[0m?[32ma guide account shall exist with email ?[0m?[32m?[1m"jeff@email.com"?[0m?[32m (p6)?[0m                      ?[90m# ca.mcgill.ecse.biketourplus.features.DeleteParticipantStepDefinitions.a_guide_account_shall_exist_with_email_p6(java.lang.String)?[0m
  ?[32mThen ?[0m?[32mthe number of guides shall be ?[0m?[32m?[1m"2"?[0m?[32m (p6)?[0m                                            ?[90m# ca.mcgill.ecse.biketourplus.features.DeleteGuideStepDefinitions.the_number_of_guides_shall_be_p6(java.lang.String)?[0m
  ?[32mThen ?[0m?[32mthe number of participants shall be ?[0m?[32m?[1m"3"?[0m?[32m (p6)?[0m                                      ?[90m# ca.mcgill.ecse.biketourplus.features.DeleteGuideStepDefinitions.the_number_of_participants_shall_be_p6(java.lang.String)?[0m

Scenario Outline: Successfully delete a participant that does not exist but guide exists ?[90m# src/test/resources/DeleteParticipant.feature:47?[0m
  ?[32mGiven ?[0m?[32mthe following BikeTourPlus system exists: (p6)?[0m                                   ?[90m# ca.mcgill.ecse.biketourplus.features.DeleteGuideStepDefinitions.the_following_bike_tour_plus_system_exists_p6(io.cucumber.datatable.DataTable)?[0m
  ?[32mGiven ?[0m?[32mthe following pieces of gear exist in the system: (p6)?[0m                           ?[90m# ca.mcgill.ecse.biketourplus.features.DeleteParticipantStepDefinitions.the_following_pieces_of_gear_exist_in_the_system_p6(io.cucumber.datatable.DataTable)?[0m
  ?[32mGiven ?[0m?[32mthe following combos exist in the system: (p6)?[0m                                   ?[90m# ca.mcgill.ecse.biketourplus.features.DeleteParticipantStepDefinitions.the_following_combos_exist_in_the_system_p6(io.cucumber.datatable.DataTable)?[0m
  ?[32mGiven ?[0m?[32mthe following guides exist in the system: (p6)?[0m                                   ?[90m# ca.mcgill.ecse.biketourplus.features.DeleteGuideStepDefinitions.the_following_guides_exist_in_the_system_p6(io.cucumber.datatable.DataTable)?[0m
  ?[32mGiven ?[0m?[32mthe following participants exist in the system: (p6)?[0m                             ?[90m# ca.mcgill.ecse.biketourplus.features.DeleteGuideStepDefinitions.the_following_participants_exist_in_the_system_p6(io.cucumber.datatable.DataTable)?[0m
  ?[32mWhen ?[0m?[32mthe manager attempts to delete the participant with email ?[0m?[32m?[1m"john@email.com"?[0m?[32m (p6)?[0m   ?[90m# ca.mcgill.ecse.biketourplus.features.DeleteParticipantStepDefinitions.the_manager_attempts_to_delete_the_participant_with_email_p6(java.lang.String)?[0m
  ?[32mThen ?[0m?[32ma guide account shall exist with email ?[0m?[32m?[1m"john@email.com"?[0m?[32m (p6)?[0m                      ?[90m# ca.mcgill.ecse.biketourplus.features.DeleteParticipantStepDefinitions.a_guide_account_shall_exist_with_email_p6(java.lang.String)?[0m
  ?[32mThen ?[0m?[32mthe number of guides shall be ?[0m?[32m?[1m"2"?[0m?[32m (p6)?[0m                                            ?[90m# ca.mcgill.ecse.biketourplus.features.DeleteGuideStepDefinitions.the_number_of_guides_shall_be_p6(java.lang.String)?[0m
  ?[32mThen ?[0m?[32mthe number of participants shall be ?[0m?[32m?[1m"3"?[0m?[32m (p6)?[0m                                      ?[90m# ca.mcgill.ecse.biketourplus.features.DeleteGuideStepDefinitions.the_number_of_participants_shall_be_p6(java.lang.String)?[0m

Scenario Outline: Successfully delete a participant that does not exist but manager exists ?[90m# src/test/resources/DeleteParticipant.feature:49?[0m
  ?[32mGiven ?[0m?[32mthe following BikeTourPlus system exists: (p6)?[0m                                     ?[90m# ca.mcgill.ecse.biketourplus.features.DeleteGuideStepDefinitions.the_following_bike_tour_plus_system_exists_p6(io.cucumber.datatable.DataTable)?[0m
  ?[32mGiven ?[0m?[32mthe following pieces of gear exist in the system: (p6)?[0m                             ?[90m# ca.mcgill.ecse.biketourplus.features.DeleteParticipantStepDefinitions.the_following_pieces_of_gear_exist_in_the_system_p6(io.cucumber.datatable.DataTable)?[0m
  ?[32mGiven ?[0m?[32mthe following combos exist in the system: (p6)?[0m                                     ?[90m# ca.mcgill.ecse.biketourplus.features.DeleteParticipantStepDefinitions.the_following_combos_exist_in_the_system_p6(io.cucumber.datatable.DataTable)?[0m
  ?[32mGiven ?[0m?[32mthe following guides exist in the system: (p6)?[0m                                     ?[90m# ca.mcgill.ecse.biketourplus.features.DeleteGuideStepDefinitions.the_following_guides_exist_in_the_system_p6(io.cucumber.datatable.DataTable)?[0m
  ?[32mGiven ?[0m?[32mthe following participants exist in the system: (p6)?[0m                               ?[90m# ca.mcgill.ecse.biketourplus.features.DeleteGuideStepDefinitions.the_following_participants_exist_in_the_system_p6(io.cucumber.datatable.DataTable)?[0m
  ?[32mWhen ?[0m?[32mthe manager attempts to delete the participant with email ?[0m?[32m?[1m"manager@btp.com"?[0m?[32m (p6)?[0m    ?[90m# ca.mcgill.ecse.biketourplus.features.DeleteParticipantStepDefinitions.the_manager_attempts_to_delete_the_participant_with_email_p6(java.lang.String)?[0m
  ?[32mThen ?[0m?[32ma manager account shall exist with email ?[0m?[32m?[1m"manager@btp.com"?[0m?[32m (p6)?[0m                     ?[90m# ca.mcgill.ecse.biketourplus.features.DeleteGuideStepDefinitions.a_manager_account_shall_exist_with_email_p6(java.lang.String)?[0m
  ?[32mThen ?[0m?[32mthe number of guides shall be ?[0m?[32m?[1m"2"?[0m?[32m (p6)?[0m                                              ?[90m# ca.mcgill.ecse.biketourplus.features.DeleteGuideStepDefinitions.the_number_of_guides_shall_be_p6(java.lang.String)?[0m
  ?[32mThen ?[0m?[32mthe number of managers shall be ?[0m?[32m?[1m"1"?[0m?[32m (p6)?[0m                                            ?[90m# ca.mcgill.ecse.biketourplus.features.DeleteGuideStepDefinitions.the_number_of_managers_shall_be_p6(java.lang.String)?[0m

Scenario: Successfully delete a participant that has requested a piece of gear or combo ?[90m# src/test/resources/DeleteParticipant.feature:73?[0m
  ?[32mGiven ?[0m?[32mthe following BikeTourPlus system exists: (p6)?[0m                                  ?[90m# ca.mcgill.ecse.biketourplus.features.DeleteGuideStepDefinitions.the_following_bike_tour_plus_system_exists_p6(io.cucumber.datatable.DataTable)?[0m
  ?[32mGiven ?[0m?[32mthe following pieces of gear exist in the system: (p6)?[0m                          ?[90m# ca.mcgill.ecse.biketourplus.features.DeleteParticipantStepDefinitions.the_following_pieces_of_gear_exist_in_the_system_p6(io.cucumber.datatable.DataTable)?[0m
  ?[32mGiven ?[0m?[32mthe following combos exist in the system: (p6)?[0m                                  ?[90m# ca.mcgill.ecse.biketourplus.features.DeleteParticipantStepDefinitions.the_following_combos_exist_in_the_system_p6(io.cucumber.datatable.DataTable)?[0m
  ?[32mGiven ?[0m?[32mthe following guides exist in the system: (p6)?[0m                                  ?[90m# ca.mcgill.ecse.biketourplus.features.DeleteGuideStepDefinitions.the_following_guides_exist_in_the_system_p6(io.cucumber.datatable.DataTable)?[0m
  ?[32mGiven ?[0m?[32mthe following participants exist in the system: (p6)?[0m                            ?[90m# ca.mcgill.ecse.biketourplus.features.DeleteGuideStepDefinitions.the_following_participants_exist_in_the_system_p6(io.cucumber.datatable.DataTable)?[0m
  ?[32mGiven ?[0m?[32mthe following participants request the following pieces of gear: (p6)?[0m           ?[90m# ca.mcgill.ecse.biketourplus.features.DeleteParticipantStepDefinitions.the_following_participants_request_the_following_pieces_of_gear_p6(io.cucumber.datatable.DataTable)?[0m
  ?[32mGiven ?[0m?[32mthe following participants request the following combos: (p6)?[0m                   ?[90m# ca.mcgill.ecse.biketourplus.features.DeleteParticipantStepDefinitions.the_following_participants_request_the_following_combos_p6(io.cucumber.datatable.DataTable)?[0m
  ?[32mWhen ?[0m?[32mthe manager attempts to delete the participant with email ?[0m?[32m?[1m"peter@email.com"?[0m?[32m (p6)?[0m ?[90m# ca.mcgill.ecse.biketourplus.features.DeleteParticipantStepDefinitions.the_manager_attempts_to_delete_the_participant_with_email_p6(java.lang.String)?[0m
  ?[32mThen ?[0m?[32ma participant account shall not exist with email ?[0m?[32m?[1m"peter@email.com"?[0m?[32m (p6)?[0m          ?[90m# ca.mcgill.ecse.biketourplus.features.DeleteParticipantStepDefinitions.a_participant_account_shall_not_exist_with_email_p6(java.lang.String)?[0m
  ?[32mThen ?[0m?[32mthe number of participants shall be ?[0m?[32m?[1m"2"?[0m?[32m (p6)?[0m                                     ?[90m# ca.mcgill.ecse.biketourplus.features.DeleteGuideStepDefinitions.the_number_of_participants_shall_be_p6(java.lang.String)?[0m
  ?[32mThen ?[0m?[32mthe piece of gear with name ?[0m?[32m?[1m"helmet"?[0m?[32m shall be requested by ?[0m?[32m?[1m"0"?[0m?[32m (p6)?[0m              ?[90m# ca.mcgill.ecse.biketourplus.features.DeleteParticipantStepDefinitions.the_piece_of_gear_with_name_shall_be_requested_by_p6(java.lang.String,java.lang.String)?[0m
  ?[32mThen ?[0m?[32mthe combo with name ?[0m?[32m?[1m"small combo"?[0m?[32m shall be requested by ?[0m?[32m?[1m"0"?[0m?[32m (p6)?[0m                 ?[90m# ca.mcgill.ecse.biketourplus.features.DeleteParticipantStepDefinitions.the_combo_with_name_shall_be_requested_by_p6(java.lang.String,java.lang.String)?[0m

Scenario: Successfully delete a participant that has requested a piece of gear or combo ?[90m# src/test/resources/DeleteParticipant.feature:74?[0m
  ?[32mGiven ?[0m?[32mthe following BikeTourPlus system exists: (p6)?[0m                                  ?[90m# ca.mcgill.ecse.biketourplus.features.DeleteGuideStepDefinitions.the_following_bike_tour_plus_system_exists_p6(io.cucumber.datatable.DataTable)?[0m
  ?[32mGiven ?[0m?[32mthe following pieces of gear exist in the system: (p6)?[0m                          ?[90m# ca.mcgill.ecse.biketourplus.features.DeleteParticipantStepDefinitions.the_following_pieces_of_gear_exist_in_the_system_p6(io.cucumber.datatable.DataTable)?[0m
  ?[32mGiven ?[0m?[32mthe following combos exist in the system: (p6)?[0m                                  ?[90m# ca.mcgill.ecse.biketourplus.features.DeleteParticipantStepDefinitions.the_following_combos_exist_in_the_system_p6(io.cucumber.datatable.DataTable)?[0m
  ?[32mGiven ?[0m?[32mthe following guides exist in the system: (p6)?[0m                                  ?[90m# ca.mcgill.ecse.biketourplus.features.DeleteGuideStepDefinitions.the_following_guides_exist_in_the_system_p6(io.cucumber.datatable.DataTable)?[0m
  ?[32mGiven ?[0m?[32mthe following participants exist in the system: (p6)?[0m                            ?[90m# ca.mcgill.ecse.biketourplus.features.DeleteGuideStepDefinitions.the_following_participants_exist_in_the_system_p6(io.cucumber.datatable.DataTable)?[0m
  ?[32mGiven ?[0m?[32mthe following participants request the following pieces of gear: (p6)?[0m           ?[90m# ca.mcgill.ecse.biketourplus.features.DeleteParticipantStepDefinitions.the_following_participants_request_the_following_pieces_of_gear_p6(io.cucumber.datatable.DataTable)?[0m
  ?[32mGiven ?[0m?[32mthe following participants request the following combos: (p6)?[0m                   ?[90m# ca.mcgill.ecse.biketourplus.features.DeleteParticipantStepDefinitions.the_following_participants_request_the_following_combos_p6(io.cucumber.datatable.DataTable)?[0m
  ?[32mWhen ?[0m?[32mthe manager attempts to delete the participant with email ?[0m?[32m?[1m"peter@email.com"?[0m?[32m (p6)?[0m ?[90m# ca.mcgill.ecse.biketourplus.features.DeleteParticipantStepDefinitions.the_manager_attempts_to_delete_the_participant_with_email_p6(java.lang.String)?[0m
  ?[32mThen ?[0m?[32ma participant account shall not exist with email ?[0m?[32m?[1m"peter@email.com"?[0m?[32m (p6)?[0m          ?[90m# ca.mcgill.ecse.biketourplus.features.DeleteParticipantStepDefinitions.a_participant_account_shall_not_exist_with_email_p6(java.lang.String)?[0m
  ?[32mThen ?[0m?[32mthe number of participants shall be ?[0m?[32m?[1m"2"?[0m?[32m (p6)?[0m                                     ?[90m# ca.mcgill.ecse.biketourplus.features.DeleteGuideStepDefinitions.the_number_of_participants_shall_be_p6(java.lang.String)?[0m
  ?[32mThen ?[0m?[32mthe piece of gear with name ?[0m?[32m?[1m"bike bag"?[0m?[32m shall be requested by ?[0m?[32m?[1m"0"?[0m?[32m (p6)?[0m            ?[90m# ca.mcgill.ecse.biketourplus.features.DeleteParticipantStepDefinitions.the_piece_of_gear_with_name_shall_be_requested_by_p6(java.lang.String,java.lang.String)?[0m
  ?[32mThen ?[0m?[32mthe combo with name ?[0m?[32m?[1m"large combo"?[0m?[32m shall be requested by ?[0m?[32m?[1m"2"?[0m?[32m (p6)?[0m                 ?[90m# ca.mcgill.ecse.biketourplus.features.DeleteParticipantStepDefinitions.the_combo_with_name_shall_be_requested_by_p6(java.lang.String,java.lang.String)?[0m

Scenario: Successfully delete a participant that has requested a piece of gear or combo ?[90m# src/test/resources/DeleteParticipant.feature:75?[0m
  ?[32mGiven ?[0m?[32mthe following BikeTourPlus system exists: (p6)?[0m                                  ?[90m# ca.mcgill.ecse.biketourplus.features.DeleteGuideStepDefinitions.the_following_bike_tour_plus_system_exists_p6(io.cucumber.datatable.DataTable)?[0m
  ?[32mGiven ?[0m?[32mthe following pieces of gear exist in the system: (p6)?[0m                          ?[90m# ca.mcgill.ecse.biketourplus.features.DeleteParticipantStepDefinitions.the_following_pieces_of_gear_exist_in_the_system_p6(io.cucumber.datatable.DataTable)?[0m
  ?[32mGiven ?[0m?[32mthe following combos exist in the system: (p6)?[0m                                  ?[90m# ca.mcgill.ecse.biketourplus.features.DeleteParticipantStepDefinitions.the_following_combos_exist_in_the_system_p6(io.cucumber.datatable.DataTable)?[0m
  ?[32mGiven ?[0m?[32mthe following guides exist in the system: (p6)?[0m                                  ?[90m# ca.mcgill.ecse.biketourplus.features.DeleteGuideStepDefinitions.the_following_guides_exist_in_the_system_p6(io.cucumber.datatable.DataTable)?[0m
  ?[32mGiven ?[0m?[32mthe following participants exist in the system: (p6)?[0m                            ?[90m# ca.mcgill.ecse.biketourplus.features.DeleteGuideStepDefinitions.the_following_participants_exist_in_the_system_p6(io.cucumber.datatable.DataTable)?[0m
  ?[32mGiven ?[0m?[32mthe following participants request the following pieces of gear: (p6)?[0m           ?[90m# ca.mcgill.ecse.biketourplus.features.DeleteParticipantStepDefinitions.the_following_participants_request_the_following_pieces_of_gear_p6(io.cucumber.datatable.DataTable)?[0m
  ?[32mGiven ?[0m?[32mthe following participants request the following combos: (p6)?[0m                   ?[90m# ca.mcgill.ecse.biketourplus.features.DeleteParticipantStepDefinitions.the_following_participants_request_the_following_combos_p6(io.cucumber.datatable.DataTable)?[0m
  ?[32mWhen ?[0m?[32mthe manager attempts to delete the participant with email ?[0m?[32m?[1m"tyler@email.com"?[0m?[32m (p6)?[0m ?[90m# ca.mcgill.ecse.biketourplus.features.DeleteParticipantStepDefinitions.the_manager_attempts_to_delete_the_participant_with_email_p6(java.lang.String)?[0m
  ?[32mThen ?[0m?[32ma participant account shall not exist with email ?[0m?[32m?[1m"tyler@email.com"?[0m?[32m (p6)?[0m          ?[90m# ca.mcgill.ecse.biketourplus.features.DeleteParticipantStepDefinitions.a_participant_account_shall_not_exist_with_email_p6(java.lang.String)?[0m
  ?[32mThen ?[0m?[32mthe number of participants shall be ?[0m?[32m?[1m"2"?[0m?[32m (p6)?[0m                                     ?[90m# ca.mcgill.ecse.biketourplus.features.DeleteGuideStepDefinitions.the_number_of_participants_shall_be_p6(java.lang.String)?[0m
  ?[32mThen ?[0m?[32mthe piece of gear with name ?[0m?[32m?[1m"bike bag"?[0m?[32m shall be requested by ?[0m?[32m?[1m"1"?[0m?[32m (p6)?[0m            ?[90m# ca.mcgill.ecse.biketourplus.features.DeleteParticipantStepDefinitions.the_piece_of_gear_with_name_shall_be_requested_by_p6(java.lang.String,java.lang.String)?[0m
  ?[32mThen ?[0m?[32mthe combo with name ?[0m?[32m?[1m"large combo"?[0m?[32m shall be requested by ?[0m?[32m?[1m"1"?[0m?[32m (p6)?[0m                 ?[90m# ca.mcgill.ecse.biketourplus.features.DeleteParticipantStepDefinitions.the_combo_with_name_shall_be_requested_by_p6(java.lang.String,java.lang.String)?[0m

Scenario: Successfully delete a participant that has requested a piece of gear or combo ?[90m# src/test/resources/DeleteParticipant.feature:76?[0m
  ?[32mGiven ?[0m?[32mthe following BikeTourPlus system exists: (p6)?[0m                                  ?[90m# ca.mcgill.ecse.biketourplus.features.DeleteGuideStepDefinitions.the_following_bike_tour_plus_system_exists_p6(io.cucumber.datatable.DataTable)?[0m
  ?[32mGiven ?[0m?[32mthe following pieces of gear exist in the system: (p6)?[0m                          ?[90m# ca.mcgill.ecse.biketourplus.features.DeleteParticipantStepDefinitions.the_following_pieces_of_gear_exist_in_the_system_p6(io.cucumber.datatable.DataTable)?[0m
  ?[32mGiven ?[0m?[32mthe following combos exist in the system: (p6)?[0m                                  ?[90m# ca.mcgill.ecse.biketourplus.features.DeleteParticipantStepDefinitions.the_following_combos_exist_in_the_system_p6(io.cucumber.datatable.DataTable)?[0m
  ?[32mGiven ?[0m?[32mthe following guides exist in the system: (p6)?[0m                                  ?[90m# ca.mcgill.ecse.biketourplus.features.DeleteGuideStepDefinitions.the_following_guides_exist_in_the_system_p6(io.cucumber.datatable.DataTable)?[0m
  ?[32mGiven ?[0m?[32mthe following participants exist in the system: (p6)?[0m                            ?[90m# ca.mcgill.ecse.biketourplus.features.DeleteGuideStepDefinitions.the_following_participants_exist_in_the_system_p6(io.cucumber.datatable.DataTable)?[0m
  ?[32mGiven ?[0m?[32mthe following participants request the following pieces of gear: (p6)?[0m           ?[90m# ca.mcgill.ecse.biketourplus.features.DeleteParticipantStepDefinitions.the_following_participants_request_the_following_pieces_of_gear_p6(io.cucumber.datatable.DataTable)?[0m
  ?[32mGiven ?[0m?[32mthe following participants request the following combos: (p6)?[0m                   ?[90m# ca.mcgill.ecse.biketourplus.features.DeleteParticipantStepDefinitions.the_following_participants_request_the_following_combos_p6(io.cucumber.datatable.DataTable)?[0m
  ?[32mWhen ?[0m?[32mthe manager attempts to delete the participant with email ?[0m?[32m?[1m"mary@email.com"?[0m?[32m (p6)?[0m  ?[90m# ca.mcgill.ecse.biketourplus.features.DeleteParticipantStepDefinitions.the_manager_attempts_to_delete_the_participant_with_email_p6(java.lang.String)?[0m
  ?[32mThen ?[0m?[32ma participant account shall not exist with email ?[0m?[32m?[1m"mary@email.com"?[0m?[32m (p6)?[0m           ?[90m# ca.mcgill.ecse.biketourplus.features.DeleteParticipantStepDefinitions.a_participant_account_shall_not_exist_with_email_p6(java.lang.String)?[0m
  ?[32mThen ?[0m?[32mthe number of participants shall be ?[0m?[32m?[1m"2"?[0m?[32m (p6)?[0m                                     ?[90m# ca.mcgill.ecse.biketourplus.features.DeleteGuideStepDefinitions.the_number_of_participants_shall_be_p6(java.lang.String)?[0m
  ?[32mThen ?[0m?[32mthe piece of gear with name ?[0m?[32m?[1m"helmet"?[0m?[32m shall be requested by ?[0m?[32m?[1m"1"?[0m?[32m (p6)?[0m              ?[90m# ca.mcgill.ecse.biketourplus.features.DeleteParticipantStepDefinitions.the_piece_of_gear_with_name_shall_be_requested_by_p6(java.lang.String,java.lang.String)?[0m
  ?[32mThen ?[0m?[32mthe combo with name ?[0m?[32m?[1m"large combo"?[0m?[32m shall be requested by ?[0m?[32m?[1m"1"?[0m?[32m (p6)?[0m                 ?[90m# ca.mcgill.ecse.biketourplus.features.DeleteParticipantStepDefinitions.the_combo_with_name_shall_be_requested_by_p6(java.lang.String,java.lang.String)?[0m

Scenario Outline: Successfully pay for participant                                                                ?[90m# src/test/resources/ProcessBikeTours.feature:52?[0m
  ?[32mGiven ?[0m?[32mthe following BikeTourPlus system exists:?[0m                                                                 ?[90m# ca.mcgill.ecse.biketourplus.features.BikeToursStepDefinitions.the_following_bike_tour_plus_system_exists(io.cucumber.datatable.DataTable)?[0m
  ?[32mGiven ?[0m?[32mthe following pieces of gear exist in the system:?[0m                                                         ?[90m# ca.mcgill.ecse.biketourplus.features.BikeToursStepDefinitions.the_following_pieces_of_gear_exist_in_the_system(io.cucumber.datatable.DataTable)?[0m
  ?[32mGiven ?[0m?[32mthe following combos exist in the system:?[0m                                                                 ?[90m# ca.mcgill.ecse.biketourplus.features.BikeToursStepDefinitions.the_following_combos_exist_in_the_system(io.cucumber.datatable.DataTable)?[0m
  ?[32mGiven ?[0m?[32mthe following guides exist in the system:?[0m                                                                 ?[90m# ca.mcgill.ecse.biketourplus.features.BikeToursStepDefinitions.the_following_guides_exist_in_the_system(io.cucumber.datatable.DataTable)?[0m
  ?[32mGiven ?[0m?[32mthe following participants exist in the system:?[0m                                                           ?[90m# ca.mcgill.ecse.biketourplus.features.BikeToursStepDefinitions.the_following_participants_exist_in_the_system(io.cucumber.datatable.DataTable)?[0m
  ?[32mGiven ?[0m?[32mthe following participants request the following pieces of gear:?[0m                                          ?[90m# ca.mcgill.ecse.biketourplus.features.BikeToursStepDefinitions.the_following_participants_request_the_following_pieces_of_gear(io.cucumber.datatable.DataTable)?[0m
  ?[32mGiven ?[0m?[32mthe following participants request the following combos:?[0m                                                  ?[90m# ca.mcgill.ecse.biketourplus.features.BikeToursStepDefinitions.the_following_participants_request_the_following_combos(io.cucumber.datatable.DataTable)?[0m
Assigned
Assigned
Assigned
Assigned
  ?[32mGiven ?[0m?[32mthe following bike tours exist in the system:?[0m                                                             ?[90m# ca.mcgill.ecse.biketourplus.features.BikeToursStepDefinitions.the_following_bike_tours_exist_in_the_system(io.cucumber.datatable.DataTable)?[0m
  ?[32mWhen ?[0m?[32mthe manager attempts to confirm payment for email ?[0m?[32m?[1m"alice@gmail.com"?[0m?[32m using authorization code ?[0m?[32m?[1m"BIKETOUR200"?[0m ?[90m# ca.mcgill.ecse.biketourplus.features.BikeToursStepDefinitions.the_manager_attempts_to_confirm_payment_for_email_using_authorization_code(java.lang.String,java.lang.String)?[0m
<<<<<<< HEAD
  ?[31mThen ?[0m?[31mthe participant account with email ?[0m?[31m?[1m"alice@gmail.com"?[0m?[31m shall be marked as ?[0m?[31m?[1m"Paid"?[0m                             ?[90m# ca.mcgill.ecse.biketourplus.features.BikeToursStepDefinitions.the_participant_account_with_email_shall_be_marked_as(java.lang.String,java.lang.String)?[0m
      ?[31morg.opentest4j.AssertionFailedError: expected: <Paid> but was: <NotAssigned>
	at org.junit.jupiter.api.AssertionUtils.fail(AssertionUtils.java:55)
	at org.junit.jupiter.api.AssertionUtils.failNotEqual(AssertionUtils.java:62)
	at org.junit.jupiter.api.AssertEquals.assertEquals(AssertEquals.java:182)
	at org.junit.jupiter.api.AssertEquals.assertEquals(AssertEquals.java:177)
	at org.junit.jupiter.api.Assertions.assertEquals(Assertions.java:1124)
	at ca.mcgill.ecse.biketourplus.features.BikeToursStepDefinitions.the_participant_account_with_email_shall_be_marked_as(BikeToursStepDefinitions.java:371)
	at âœ½.the participant account with email "alice@gmail.com" shall be marked as "Paid"(file:///C:/Users/alexa/ecse223-group-project-p7/src/test/resources/ProcessBikeTours.feature:47)
?[0m
  ?[36mThen ?[0m?[36ma participant account shall exist with email ?[0m?[36m?[1m"alice@gmail.com"?[0m?[36m and authorization code ?[0m?[36m?[1m"BIKETOUR200"?[0m        ?[90m# ca.mcgill.ecse.biketourplus.features.BikeToursStepDefinitions.a_participant_account_shall_exist_with_email_and_authorization_code(java.lang.String,java.lang.String)?[0m
=======
  ?[32mThen ?[0m?[32mthe participant with email ?[0m?[32m?[1m"alice@gmail.com"?[0m?[32m shall be marked as ?[0m?[32m?[1m"Paid"?[0m                                     ?[90m# ca.mcgill.ecse.biketourplus.features.BikeToursStepDefinitions.the_participant_with_email_shall_be_marked_as(java.lang.String,java.lang.String)?[0m
  ?[32mThen ?[0m?[32ma participant account shall exist with email ?[0m?[32m?[1m"alice@gmail.com"?[0m?[32m and authorization code ?[0m?[32m?[1m"BIKETOUR200"?[0m        ?[90m# ca.mcgill.ecse.biketourplus.features.BikeToursStepDefinitions.a_participant_account_shall_exist_with_email_and_authorization_code(java.lang.String,java.lang.String)?[0m
>>>>>>> d4b4bca9468a8a36e85c47ec29e953b9e2418674

Scenario Outline: Successfully pay for participant                                                               ?[90m# src/test/resources/ProcessBikeTours.feature:53?[0m
  ?[32mGiven ?[0m?[32mthe following BikeTourPlus system exists:?[0m                                                                ?[90m# ca.mcgill.ecse.biketourplus.features.BikeToursStepDefinitions.the_following_bike_tour_plus_system_exists(io.cucumber.datatable.DataTable)?[0m
  ?[32mGiven ?[0m?[32mthe following pieces of gear exist in the system:?[0m                                                        ?[90m# ca.mcgill.ecse.biketourplus.features.BikeToursStepDefinitions.the_following_pieces_of_gear_exist_in_the_system(io.cucumber.datatable.DataTable)?[0m
  ?[32mGiven ?[0m?[32mthe following combos exist in the system:?[0m                                                                ?[90m# ca.mcgill.ecse.biketourplus.features.BikeToursStepDefinitions.the_following_combos_exist_in_the_system(io.cucumber.datatable.DataTable)?[0m
  ?[32mGiven ?[0m?[32mthe following guides exist in the system:?[0m                                                                ?[90m# ca.mcgill.ecse.biketourplus.features.BikeToursStepDefinitions.the_following_guides_exist_in_the_system(io.cucumber.datatable.DataTable)?[0m
  ?[32mGiven ?[0m?[32mthe following participants exist in the system:?[0m                                                          ?[90m# ca.mcgill.ecse.biketourplus.features.BikeToursStepDefinitions.the_following_participants_exist_in_the_system(io.cucumber.datatable.DataTable)?[0m
  ?[32mGiven ?[0m?[32mthe following participants request the following pieces of gear:?[0m                                         ?[90m# ca.mcgill.ecse.biketourplus.features.BikeToursStepDefinitions.the_following_participants_request_the_following_pieces_of_gear(io.cucumber.datatable.DataTable)?[0m
  ?[32mGiven ?[0m?[32mthe following participants request the following combos:?[0m                                                 ?[90m# ca.mcgill.ecse.biketourplus.features.BikeToursStepDefinitions.the_following_participants_request_the_following_combos(io.cucumber.datatable.DataTable)?[0m
Assigned
Assigned
Assigned
Assigned
  ?[32mGiven ?[0m?[32mthe following bike tours exist in the system:?[0m                                                            ?[90m# ca.mcgill.ecse.biketourplus.features.BikeToursStepDefinitions.the_following_bike_tours_exist_in_the_system(io.cucumber.datatable.DataTable)?[0m
  ?[32mWhen ?[0m?[32mthe manager attempts to confirm payment for email ?[0m?[32m?[1m"charlie@hotmail.ca"?[0m?[32m using authorization code ?[0m?[32m?[1m"CODE321"?[0m ?[90m# ca.mcgill.ecse.biketourplus.features.BikeToursStepDefinitions.the_manager_attempts_to_confirm_payment_for_email_using_authorization_code(java.lang.String,java.lang.String)?[0m
<<<<<<< HEAD
  ?[31mThen ?[0m?[31mthe participant account with email ?[0m?[31m?[1m"charlie@hotmail.ca"?[0m?[31m shall be marked as ?[0m?[31m?[1m"Paid"?[0m                         ?[90m# ca.mcgill.ecse.biketourplus.features.BikeToursStepDefinitions.the_participant_account_with_email_shall_be_marked_as(java.lang.String,java.lang.String)?[0m
      ?[31morg.opentest4j.AssertionFailedError: expected: <Paid> but was: <NotAssigned>
	at org.junit.jupiter.api.AssertionUtils.fail(AssertionUtils.java:55)
	at org.junit.jupiter.api.AssertionUtils.failNotEqual(AssertionUtils.java:62)
	at org.junit.jupiter.api.AssertEquals.assertEquals(AssertEquals.java:182)
	at org.junit.jupiter.api.AssertEquals.assertEquals(AssertEquals.java:177)
	at org.junit.jupiter.api.Assertions.assertEquals(Assertions.java:1124)
	at ca.mcgill.ecse.biketourplus.features.BikeToursStepDefinitions.the_participant_account_with_email_shall_be_marked_as(BikeToursStepDefinitions.java:371)
	at âœ½.the participant account with email "charlie@hotmail.ca" shall be marked as "Paid"(file:///C:/Users/alexa/ecse223-group-project-p7/src/test/resources/ProcessBikeTours.feature:47)
?[0m
  ?[36mThen ?[0m?[36ma participant account shall exist with email ?[0m?[36m?[1m"charlie@hotmail.ca"?[0m?[36m and authorization code ?[0m?[36m?[1m"CODE321"?[0m        ?[90m# ca.mcgill.ecse.biketourplus.features.BikeToursStepDefinitions.a_participant_account_shall_exist_with_email_and_authorization_code(java.lang.String,java.lang.String)?[0m
=======
  ?[32mThen ?[0m?[32mthe participant with email ?[0m?[32m?[1m"charlie@hotmail.ca"?[0m?[32m shall be marked as ?[0m?[32m?[1m"Paid"?[0m                                 ?[90m# ca.mcgill.ecse.biketourplus.features.BikeToursStepDefinitions.the_participant_with_email_shall_be_marked_as(java.lang.String,java.lang.String)?[0m
  ?[32mThen ?[0m?[32ma participant account shall exist with email ?[0m?[32m?[1m"charlie@hotmail.ca"?[0m?[32m and authorization code ?[0m?[32m?[1m"CODE321"?[0m        ?[90m# ca.mcgill.ecse.biketourplus.features.BikeToursStepDefinitions.a_participant_account_shall_exist_with_email_and_authorization_code(java.lang.String,java.lang.String)?[0m
>>>>>>> d4b4bca9468a8a36e85c47ec29e953b9e2418674

Scenario Outline: Unsuccessfully pay for participant with an email address that does not exist                    ?[90m# src/test/resources/ProcessBikeTours.feature:63?[0m
  ?[32mGiven ?[0m?[32mthe following BikeTourPlus system exists:?[0m                                                                 ?[90m# ca.mcgill.ecse.biketourplus.features.BikeToursStepDefinitions.the_following_bike_tour_plus_system_exists(io.cucumber.datatable.DataTable)?[0m
  ?[32mGiven ?[0m?[32mthe following pieces of gear exist in the system:?[0m                                                         ?[90m# ca.mcgill.ecse.biketourplus.features.BikeToursStepDefinitions.the_following_pieces_of_gear_exist_in_the_system(io.cucumber.datatable.DataTable)?[0m
  ?[32mGiven ?[0m?[32mthe following combos exist in the system:?[0m                                                                 ?[90m# ca.mcgill.ecse.biketourplus.features.BikeToursStepDefinitions.the_following_combos_exist_in_the_system(io.cucumber.datatable.DataTable)?[0m
  ?[32mGiven ?[0m?[32mthe following guides exist in the system:?[0m                                                                 ?[90m# ca.mcgill.ecse.biketourplus.features.BikeToursStepDefinitions.the_following_guides_exist_in_the_system(io.cucumber.datatable.DataTable)?[0m
  ?[32mGiven ?[0m?[32mthe following participants exist in the system:?[0m                                                           ?[90m# ca.mcgill.ecse.biketourplus.features.BikeToursStepDefinitions.the_following_participants_exist_in_the_system(io.cucumber.datatable.DataTable)?[0m
  ?[32mGiven ?[0m?[32mthe following participants request the following pieces of gear:?[0m                                          ?[90m# ca.mcgill.ecse.biketourplus.features.BikeToursStepDefinitions.the_following_participants_request_the_following_pieces_of_gear(io.cucumber.datatable.DataTable)?[0m
  ?[32mGiven ?[0m?[32mthe following participants request the following combos:?[0m                                                  ?[90m# ca.mcgill.ecse.biketourplus.features.BikeToursStepDefinitions.the_following_participants_request_the_following_combos(io.cucumber.datatable.DataTable)?[0m
Assigned
Assigned
Assigned
Assigned
  ?[32mGiven ?[0m?[32mthe following bike tours exist in the system:?[0m                                                             ?[90m# ca.mcgill.ecse.biketourplus.features.BikeToursStepDefinitions.the_following_bike_tours_exist_in_the_system(io.cucumber.datatable.DataTable)?[0m
  ?[32mWhen ?[0m?[32mthe manager attempts to confirm payment for email ?[0m?[32m?[1m"steve@yahoo.com"?[0m?[32m using authorization code ?[0m?[32m?[1m"BIKETOUR200"?[0m ?[90m# ca.mcgill.ecse.biketourplus.features.BikeToursStepDefinitions.the_manager_attempts_to_confirm_payment_for_email_using_authorization_code(java.lang.String,java.lang.String)?[0m
  ?[32mThen ?[0m?[32ma participant account shall not exist with email ?[0m?[32m?[1m"steve@yahoo.com"?[0m                                         ?[90m# ca.mcgill.ecse.biketourplus.features.BikeToursStepDefinitions.a_participant_account_shall_not_exist_with_email(java.lang.String)?[0m
  ?[32mThen ?[0m?[32mthe number of participants shall be ?[0m?[32m?[1m"5"?[0m                                                                    ?[90m# ca.mcgill.ecse.biketourplus.features.BikeToursStepDefinitions.the_number_of_participants_shall_be(java.lang.String)?[0m
  ?[32mThen ?[0m?[32mthe system shall raise the error ?[0m?[32m?[1m"Participant with email address steve@yahoo.com does not exist"?[0m           ?[90m# ca.mcgill.ecse.biketourplus.features.BikeToursStepDefinitions.the_system_shall_raise_the_error(java.lang.String)?[0m

Scenario Outline: Unsuccessfully pay for participant with an email address that does not exist                 ?[90m# src/test/resources/ProcessBikeTours.feature:64?[0m
  ?[32mGiven ?[0m?[32mthe following BikeTourPlus system exists:?[0m                                                              ?[90m# ca.mcgill.ecse.biketourplus.features.BikeToursStepDefinitions.the_following_bike_tour_plus_system_exists(io.cucumber.datatable.DataTable)?[0m
  ?[32mGiven ?[0m?[32mthe following pieces of gear exist in the system:?[0m                                                      ?[90m# ca.mcgill.ecse.biketourplus.features.BikeToursStepDefinitions.the_following_pieces_of_gear_exist_in_the_system(io.cucumber.datatable.DataTable)?[0m
  ?[32mGiven ?[0m?[32mthe following combos exist in the system:?[0m                                                              ?[90m# ca.mcgill.ecse.biketourplus.features.BikeToursStepDefinitions.the_following_combos_exist_in_the_system(io.cucumber.datatable.DataTable)?[0m
  ?[32mGiven ?[0m?[32mthe following guides exist in the system:?[0m                                                              ?[90m# ca.mcgill.ecse.biketourplus.features.BikeToursStepDefinitions.the_following_guides_exist_in_the_system(io.cucumber.datatable.DataTable)?[0m
  ?[32mGiven ?[0m?[32mthe following participants exist in the system:?[0m                                                        ?[90m# ca.mcgill.ecse.biketourplus.features.BikeToursStepDefinitions.the_following_participants_exist_in_the_system(io.cucumber.datatable.DataTable)?[0m
  ?[32mGiven ?[0m?[32mthe following participants request the following pieces of gear:?[0m                                       ?[90m# ca.mcgill.ecse.biketourplus.features.BikeToursStepDefinitions.the_following_participants_request_the_following_pieces_of_gear(io.cucumber.datatable.DataTable)?[0m
  ?[32mGiven ?[0m?[32mthe following participants request the following combos:?[0m                                               ?[90m# ca.mcgill.ecse.biketourplus.features.BikeToursStepDefinitions.the_following_participants_request_the_following_combos(io.cucumber.datatable.DataTable)?[0m
Assigned
Assigned
Assigned
Assigned
  ?[32mGiven ?[0m?[32mthe following bike tours exist in the system:?[0m                                                          ?[90m# ca.mcgill.ecse.biketourplus.features.BikeToursStepDefinitions.the_following_bike_tours_exist_in_the_system(io.cucumber.datatable.DataTable)?[0m
  ?[32mWhen ?[0m?[32mthe manager attempts to confirm payment for email ?[0m?[32m?[1m"dave@hotmail.com"?[0m?[32m using authorization code ?[0m?[32m?[1m"CODE321"?[0m ?[90m# ca.mcgill.ecse.biketourplus.features.BikeToursStepDefinitions.the_manager_attempts_to_confirm_payment_for_email_using_authorization_code(java.lang.String,java.lang.String)?[0m
  ?[32mThen ?[0m?[32ma participant account shall not exist with email ?[0m?[32m?[1m"dave@hotmail.com"?[0m                                     ?[90m# ca.mcgill.ecse.biketourplus.features.BikeToursStepDefinitions.a_participant_account_shall_not_exist_with_email(java.lang.String)?[0m
  ?[32mThen ?[0m?[32mthe number of participants shall be ?[0m?[32m?[1m"5"?[0m                                                                 ?[90m# ca.mcgill.ecse.biketourplus.features.BikeToursStepDefinitions.the_number_of_participants_shall_be(java.lang.String)?[0m
  ?[32mThen ?[0m?[32mthe system shall raise the error ?[0m?[32m?[1m"Participant with email address dave@hotmail.com does not exist"?[0m       ?[90m# ca.mcgill.ecse.biketourplus.features.BikeToursStepDefinitions.the_system_shall_raise_the_error(java.lang.String)?[0m

Scenario Outline: Unsuccessfully pay for participant with an invalid authorization code                ?[90m# src/test/resources/ProcessBikeTours.feature:73?[0m
  ?[32mGiven ?[0m?[32mthe following BikeTourPlus system exists:?[0m                                                      ?[90m# ca.mcgill.ecse.biketourplus.features.BikeToursStepDefinitions.the_following_bike_tour_plus_system_exists(io.cucumber.datatable.DataTable)?[0m
  ?[32mGiven ?[0m?[32mthe following pieces of gear exist in the system:?[0m                                              ?[90m# ca.mcgill.ecse.biketourplus.features.BikeToursStepDefinitions.the_following_pieces_of_gear_exist_in_the_system(io.cucumber.datatable.DataTable)?[0m
  ?[32mGiven ?[0m?[32mthe following combos exist in the system:?[0m                                                      ?[90m# ca.mcgill.ecse.biketourplus.features.BikeToursStepDefinitions.the_following_combos_exist_in_the_system(io.cucumber.datatable.DataTable)?[0m
  ?[32mGiven ?[0m?[32mthe following guides exist in the system:?[0m                                                      ?[90m# ca.mcgill.ecse.biketourplus.features.BikeToursStepDefinitions.the_following_guides_exist_in_the_system(io.cucumber.datatable.DataTable)?[0m
  ?[32mGiven ?[0m?[32mthe following participants exist in the system:?[0m                                                ?[90m# ca.mcgill.ecse.biketourplus.features.BikeToursStepDefinitions.the_following_participants_exist_in_the_system(io.cucumber.datatable.DataTable)?[0m
  ?[32mGiven ?[0m?[32mthe following participants request the following pieces of gear:?[0m                               ?[90m# ca.mcgill.ecse.biketourplus.features.BikeToursStepDefinitions.the_following_participants_request_the_following_pieces_of_gear(io.cucumber.datatable.DataTable)?[0m
  ?[32mGiven ?[0m?[32mthe following participants request the following combos:?[0m                                       ?[90m# ca.mcgill.ecse.biketourplus.features.BikeToursStepDefinitions.the_following_participants_request_the_following_combos(io.cucumber.datatable.DataTable)?[0m
Assigned
Assigned
Assigned
Assigned
  ?[32mGiven ?[0m?[32mthe following bike tours exist in the system:?[0m                                                  ?[90m# ca.mcgill.ecse.biketourplus.features.BikeToursStepDefinitions.the_following_bike_tours_exist_in_the_system(io.cucumber.datatable.DataTable)?[0m
  ?[32mWhen ?[0m?[32mthe manager attempts to confirm payment for email ?[0m?[32m?[1m"alice@gmail.com"?[0m?[32m using authorization code ?[0m?[32m?[1m""?[0m ?[90m# ca.mcgill.ecse.biketourplus.features.BikeToursStepDefinitions.the_manager_attempts_to_confirm_payment_for_email_using_authorization_code(java.lang.String,java.lang.String)?[0m
<<<<<<< HEAD
  ?[31mThen ?[0m?[31mthe participant with email ?[0m?[31m?[1m"alice@gmail.com"?[0m?[31m shall be marked as ?[0m?[31m?[1m"Assigned"?[0m                      ?[90m# ca.mcgill.ecse.biketourplus.features.BikeToursStepDefinitions.the_participant_with_email_shall_be_marked_as(java.lang.String,java.lang.String)?[0m
      ?[31morg.opentest4j.AssertionFailedError: expected: <Assigned> but was: <NotAssigned>
	at org.junit.jupiter.api.AssertionUtils.fail(AssertionUtils.java:55)
	at org.junit.jupiter.api.AssertionUtils.failNotEqual(AssertionUtils.java:62)
	at org.junit.jupiter.api.AssertEquals.assertEquals(AssertEquals.java:182)
	at org.junit.jupiter.api.AssertEquals.assertEquals(AssertEquals.java:177)
	at org.junit.jupiter.api.Assertions.assertEquals(Assertions.java:1124)
	at ca.mcgill.ecse.biketourplus.features.BikeToursStepDefinitions.the_participant_with_email_shall_be_marked_as(BikeToursStepDefinitions.java:109)
	at âœ½.the participant with email "alice@gmail.com" shall be marked as "Assigned"(file:///C:/Users/alexa/ecse223-group-project-p7/src/test/resources/ProcessBikeTours.feature:68)
?[0m
  ?[36mThen ?[0m?[36mthe system shall raise the error ?[0m?[36m?[1m"Invalid authorization code"?[0m                                   ?[90m# ca.mcgill.ecse.biketourplus.features.BikeToursStepDefinitions.the_system_shall_raise_the_error(java.lang.String)?[0m
=======
  ?[32mThen ?[0m?[32mthe participant with email ?[0m?[32m?[1m"alice@gmail.com"?[0m?[32m shall be marked as ?[0m?[32m?[1m"Assigned"?[0m                      ?[90m# ca.mcgill.ecse.biketourplus.features.BikeToursStepDefinitions.the_participant_with_email_shall_be_marked_as(java.lang.String,java.lang.String)?[0m
  ?[32mThen ?[0m?[32mthe system shall raise the error ?[0m?[32m?[1m"Invalid authorization code"?[0m                                   ?[90m# ca.mcgill.ecse.biketourplus.features.BikeToursStepDefinitions.the_system_shall_raise_the_error(java.lang.String)?[0m
>>>>>>> d4b4bca9468a8a36e85c47ec29e953b9e2418674

Scenario Outline: Unsuccessfully pay for participant with an invalid authorization code                   ?[90m# src/test/resources/ProcessBikeTours.feature:74?[0m
  ?[32mGiven ?[0m?[32mthe following BikeTourPlus system exists:?[0m                                                         ?[90m# ca.mcgill.ecse.biketourplus.features.BikeToursStepDefinitions.the_following_bike_tour_plus_system_exists(io.cucumber.datatable.DataTable)?[0m
  ?[32mGiven ?[0m?[32mthe following pieces of gear exist in the system:?[0m                                                 ?[90m# ca.mcgill.ecse.biketourplus.features.BikeToursStepDefinitions.the_following_pieces_of_gear_exist_in_the_system(io.cucumber.datatable.DataTable)?[0m
  ?[32mGiven ?[0m?[32mthe following combos exist in the system:?[0m                                                         ?[90m# ca.mcgill.ecse.biketourplus.features.BikeToursStepDefinitions.the_following_combos_exist_in_the_system(io.cucumber.datatable.DataTable)?[0m
  ?[32mGiven ?[0m?[32mthe following guides exist in the system:?[0m                                                         ?[90m# ca.mcgill.ecse.biketourplus.features.BikeToursStepDefinitions.the_following_guides_exist_in_the_system(io.cucumber.datatable.DataTable)?[0m
  ?[32mGiven ?[0m?[32mthe following participants exist in the system:?[0m                                                   ?[90m# ca.mcgill.ecse.biketourplus.features.BikeToursStepDefinitions.the_following_participants_exist_in_the_system(io.cucumber.datatable.DataTable)?[0m
  ?[32mGiven ?[0m?[32mthe following participants request the following pieces of gear:?[0m                                  ?[90m# ca.mcgill.ecse.biketourplus.features.BikeToursStepDefinitions.the_following_participants_request_the_following_pieces_of_gear(io.cucumber.datatable.DataTable)?[0m
  ?[32mGiven ?[0m?[32mthe following participants request the following combos:?[0m                                          ?[90m# ca.mcgill.ecse.biketourplus.features.BikeToursStepDefinitions.the_following_participants_request_the_following_combos(io.cucumber.datatable.DataTable)?[0m
Assigned
Assigned
Assigned
Assigned
  ?[32mGiven ?[0m?[32mthe following bike tours exist in the system:?[0m                                                     ?[90m# ca.mcgill.ecse.biketourplus.features.BikeToursStepDefinitions.the_following_bike_tours_exist_in_the_system(io.cucumber.datatable.DataTable)?[0m
  ?[32mWhen ?[0m?[32mthe manager attempts to confirm payment for email ?[0m?[32m?[1m"charlie@hotmail.ca"?[0m?[32m using authorization code ?[0m?[32m?[1m""?[0m ?[90m# ca.mcgill.ecse.biketourplus.features.BikeToursStepDefinitions.the_manager_attempts_to_confirm_payment_for_email_using_authorization_code(java.lang.String,java.lang.String)?[0m
<<<<<<< HEAD
  ?[31mThen ?[0m?[31mthe participant with email ?[0m?[31m?[1m"charlie@hotmail.ca"?[0m?[31m shall be marked as ?[0m?[31m?[1m"Assigned"?[0m                      ?[90m# ca.mcgill.ecse.biketourplus.features.BikeToursStepDefinitions.the_participant_with_email_shall_be_marked_as(java.lang.String,java.lang.String)?[0m
      ?[31morg.opentest4j.AssertionFailedError: expected: <Assigned> but was: <NotAssigned>
	at org.junit.jupiter.api.AssertionUtils.fail(AssertionUtils.java:55)
	at org.junit.jupiter.api.AssertionUtils.failNotEqual(AssertionUtils.java:62)
	at org.junit.jupiter.api.AssertEquals.assertEquals(AssertEquals.java:182)
	at org.junit.jupiter.api.AssertEquals.assertEquals(AssertEquals.java:177)
	at org.junit.jupiter.api.Assertions.assertEquals(Assertions.java:1124)
	at ca.mcgill.ecse.biketourplus.features.BikeToursStepDefinitions.the_participant_with_email_shall_be_marked_as(BikeToursStepDefinitions.java:109)
	at âœ½.the participant with email "charlie@hotmail.ca" shall be marked as "Assigned"(file:///C:/Users/alexa/ecse223-group-project-p7/src/test/resources/ProcessBikeTours.feature:68)
?[0m
  ?[36mThen ?[0m?[36mthe system shall raise the error ?[0m?[36m?[1m"Invalid authorization code"?[0m                                      ?[90m# ca.mcgill.ecse.biketourplus.features.BikeToursStepDefinitions.the_system_shall_raise_the_error(java.lang.String)?[0m
=======
  ?[32mThen ?[0m?[32mthe participant with email ?[0m?[32m?[1m"charlie@hotmail.ca"?[0m?[32m shall be marked as ?[0m?[32m?[1m"Assigned"?[0m                      ?[90m# ca.mcgill.ecse.biketourplus.features.BikeToursStepDefinitions.the_participant_with_email_shall_be_marked_as(java.lang.String,java.lang.String)?[0m
  ?[32mThen ?[0m?[32mthe system shall raise the error ?[0m?[32m?[1m"Invalid authorization code"?[0m                                      ?[90m# ca.mcgill.ecse.biketourplus.features.BikeToursStepDefinitions.the_system_shall_raise_the_error(java.lang.String)?[0m
>>>>>>> d4b4bca9468a8a36e85c47ec29e953b9e2418674

Scenario: Unsuccessfully pay for participant who has not been assigned to their tour                       ?[90m# src/test/resources/ProcessBikeTours.feature:76?[0m
  ?[32mGiven ?[0m?[32mthe following BikeTourPlus system exists:?[0m                                                          ?[90m# ca.mcgill.ecse.biketourplus.features.BikeToursStepDefinitions.the_following_bike_tour_plus_system_exists(io.cucumber.datatable.DataTable)?[0m
  ?[32mGiven ?[0m?[32mthe following pieces of gear exist in the system:?[0m                                                  ?[90m# ca.mcgill.ecse.biketourplus.features.BikeToursStepDefinitions.the_following_pieces_of_gear_exist_in_the_system(io.cucumber.datatable.DataTable)?[0m
  ?[32mGiven ?[0m?[32mthe following combos exist in the system:?[0m                                                          ?[90m# ca.mcgill.ecse.biketourplus.features.BikeToursStepDefinitions.the_following_combos_exist_in_the_system(io.cucumber.datatable.DataTable)?[0m
  ?[32mGiven ?[0m?[32mthe following guides exist in the system:?[0m                                                          ?[90m# ca.mcgill.ecse.biketourplus.features.BikeToursStepDefinitions.the_following_guides_exist_in_the_system(io.cucumber.datatable.DataTable)?[0m
  ?[32mGiven ?[0m?[32mthe following participants exist in the system:?[0m                                                    ?[90m# ca.mcgill.ecse.biketourplus.features.BikeToursStepDefinitions.the_following_participants_exist_in_the_system(io.cucumber.datatable.DataTable)?[0m
  ?[32mGiven ?[0m?[32mthe following participants request the following pieces of gear:?[0m                                   ?[90m# ca.mcgill.ecse.biketourplus.features.BikeToursStepDefinitions.the_following_participants_request_the_following_pieces_of_gear(io.cucumber.datatable.DataTable)?[0m
  ?[32mGiven ?[0m?[32mthe following participants request the following combos:?[0m                                           ?[90m# ca.mcgill.ecse.biketourplus.features.BikeToursStepDefinitions.the_following_participants_request_the_following_combos(io.cucumber.datatable.DataTable)?[0m
Assigned
Assigned
Assigned
Assigned
  ?[32mGiven ?[0m?[32mthe following bike tours exist in the system:?[0m                                                      ?[90m# ca.mcgill.ecse.biketourplus.features.BikeToursStepDefinitions.the_following_bike_tours_exist_in_the_system(io.cucumber.datatable.DataTable)?[0m
  ?[32mWhen ?[0m?[32mthe manager attempts to confirm payment for email ?[0m?[32m?[1m"new@hotmail.ca"?[0m?[32m using authorization code ?[0m?[32m?[1m"PAYup"?[0m ?[90m# ca.mcgill.ecse.biketourplus.features.BikeToursStepDefinitions.the_manager_attempts_to_confirm_payment_for_email_using_authorization_code(java.lang.String,java.lang.String)?[0m
  ?[32mThen ?[0m?[32mthe participant with email ?[0m?[32m?[1m"new@hotmail.ca"?[0m?[32m shall be marked as ?[0m?[32m?[1m"NotAssigned"?[0m                        ?[90m# ca.mcgill.ecse.biketourplus.features.BikeToursStepDefinitions.the_participant_with_email_shall_be_marked_as(java.lang.String,java.lang.String)?[0m
  ?[32mThen ?[0m?[32mthe system shall raise the error ?[0m?[32m?[1m"The participant has not been assigned to their tour"?[0m              ?[90m# ca.mcgill.ecse.biketourplus.features.BikeToursStepDefinitions.the_system_shall_raise_the_error(java.lang.String)?[0m

Scenario: Unsuccessfully pay for participant who has paid                                                      ?[90m# src/test/resources/ProcessBikeTours.feature:81?[0m
  ?[32mGiven ?[0m?[32mthe following BikeTourPlus system exists:?[0m                                                              ?[90m# ca.mcgill.ecse.biketourplus.features.BikeToursStepDefinitions.the_following_bike_tour_plus_system_exists(io.cucumber.datatable.DataTable)?[0m
  ?[32mGiven ?[0m?[32mthe following pieces of gear exist in the system:?[0m                                                      ?[90m# ca.mcgill.ecse.biketourplus.features.BikeToursStepDefinitions.the_following_pieces_of_gear_exist_in_the_system(io.cucumber.datatable.DataTable)?[0m
  ?[32mGiven ?[0m?[32mthe following combos exist in the system:?[0m                                                              ?[90m# ca.mcgill.ecse.biketourplus.features.BikeToursStepDefinitions.the_following_combos_exist_in_the_system(io.cucumber.datatable.DataTable)?[0m
  ?[32mGiven ?[0m?[32mthe following guides exist in the system:?[0m                                                              ?[90m# ca.mcgill.ecse.biketourplus.features.BikeToursStepDefinitions.the_following_guides_exist_in_the_system(io.cucumber.datatable.DataTable)?[0m
  ?[32mGiven ?[0m?[32mthe following participants exist in the system:?[0m                                                        ?[90m# ca.mcgill.ecse.biketourplus.features.BikeToursStepDefinitions.the_following_participants_exist_in_the_system(io.cucumber.datatable.DataTable)?[0m
  ?[32mGiven ?[0m?[32mthe following participants request the following pieces of gear:?[0m                                       ?[90m# ca.mcgill.ecse.biketourplus.features.BikeToursStepDefinitions.the_following_participants_request_the_following_pieces_of_gear(io.cucumber.datatable.DataTable)?[0m
  ?[32mGiven ?[0m?[32mthe following participants request the following combos:?[0m                                               ?[90m# ca.mcgill.ecse.biketourplus.features.BikeToursStepDefinitions.the_following_participants_request_the_following_combos(io.cucumber.datatable.DataTable)?[0m
Assigned
Assigned
Assigned
Assigned
  ?[32mGiven ?[0m?[32mthe following bike tours exist in the system:?[0m                                                          ?[90m# ca.mcgill.ecse.biketourplus.features.BikeToursStepDefinitions.the_following_bike_tours_exist_in_the_system(io.cucumber.datatable.DataTable)?[0m
  ?[32mGiven ?[0m?[32mthe participant with email ?[0m?[32m?[1m"charlie@hotmail.ca"?[0m?[32m has paid for their tour?[0m                                ?[90m# ca.mcgill.ecse.biketourplus.features.BikeToursStepDefinitions.the_participant_with_email_has_paid_for_their_tour(java.lang.String)?[0m
  ?[32mWhen ?[0m?[32mthe manager attempts to confirm payment for email ?[0m?[32m?[1m"charlie@hotmail.ca"?[0m?[32m using authorization code ?[0m?[32m?[1m"PAYup"?[0m ?[90m# ca.mcgill.ecse.biketourplus.features.BikeToursStepDefinitions.the_manager_attempts_to_confirm_payment_for_email_using_authorization_code(java.lang.String,java.lang.String)?[0m
<<<<<<< HEAD
  ?[31mThen ?[0m?[31mthe participant with email ?[0m?[31m?[1m"charlie@hotmail.ca"?[0m?[31m shall be marked as ?[0m?[31m?[1m"Paid"?[0m                               ?[90m# ca.mcgill.ecse.biketourplus.features.BikeToursStepDefinitions.the_participant_with_email_shall_be_marked_as(java.lang.String,java.lang.String)?[0m
      ?[31morg.opentest4j.AssertionFailedError: expected: <Paid> but was: <NotAssigned>
	at org.junit.jupiter.api.AssertionUtils.fail(AssertionUtils.java:55)
	at org.junit.jupiter.api.AssertionUtils.failNotEqual(AssertionUtils.java:62)
	at org.junit.jupiter.api.AssertEquals.assertEquals(AssertEquals.java:182)
	at org.junit.jupiter.api.AssertEquals.assertEquals(AssertEquals.java:177)
	at org.junit.jupiter.api.Assertions.assertEquals(Assertions.java:1124)
	at ca.mcgill.ecse.biketourplus.features.BikeToursStepDefinitions.the_participant_with_email_shall_be_marked_as(BikeToursStepDefinitions.java:109)
	at âœ½.the participant with email "charlie@hotmail.ca" shall be marked as "Paid"(file:///C:/Users/alexa/ecse223-group-project-p7/src/test/resources/ProcessBikeTours.feature:84)
?[0m
  ?[36mThen ?[0m?[36mthe system shall raise the error ?[0m?[36m?[1m"The participant has already paid for their tour"?[0m                      ?[90m# ca.mcgill.ecse.biketourplus.features.BikeToursStepDefinitions.the_system_shall_raise_the_error(java.lang.String)?[0m
=======
  ?[32mThen ?[0m?[32mthe participant with email ?[0m?[32m?[1m"charlie@hotmail.ca"?[0m?[32m shall be marked as ?[0m?[32m?[1m"Paid"?[0m                               ?[90m# ca.mcgill.ecse.biketourplus.features.BikeToursStepDefinitions.the_participant_with_email_shall_be_marked_as(java.lang.String,java.lang.String)?[0m
  ?[32mThen ?[0m?[32mthe system shall raise the error ?[0m?[32m?[1m"The participant has already paid for their tour"?[0m                      ?[90m# ca.mcgill.ecse.biketourplus.features.BikeToursStepDefinitions.the_system_shall_raise_the_error(java.lang.String)?[0m
>>>>>>> d4b4bca9468a8a36e85c47ec29e953b9e2418674

Scenario: Unsuccessfully pay for participant who has started their tour                                     ?[90m# src/test/resources/ProcessBikeTours.feature:87?[0m
  ?[32mGiven ?[0m?[32mthe following BikeTourPlus system exists:?[0m                                                           ?[90m# ca.mcgill.ecse.biketourplus.features.BikeToursStepDefinitions.the_following_bike_tour_plus_system_exists(io.cucumber.datatable.DataTable)?[0m
  ?[32mGiven ?[0m?[32mthe following pieces of gear exist in the system:?[0m                                                   ?[90m# ca.mcgill.ecse.biketourplus.features.BikeToursStepDefinitions.the_following_pieces_of_gear_exist_in_the_system(io.cucumber.datatable.DataTable)?[0m
  ?[32mGiven ?[0m?[32mthe following combos exist in the system:?[0m                                                           ?[90m# ca.mcgill.ecse.biketourplus.features.BikeToursStepDefinitions.the_following_combos_exist_in_the_system(io.cucumber.datatable.DataTable)?[0m
  ?[32mGiven ?[0m?[32mthe following guides exist in the system:?[0m                                                           ?[90m# ca.mcgill.ecse.biketourplus.features.BikeToursStepDefinitions.the_following_guides_exist_in_the_system(io.cucumber.datatable.DataTable)?[0m
  ?[32mGiven ?[0m?[32mthe following participants exist in the system:?[0m                                                     ?[90m# ca.mcgill.ecse.biketourplus.features.BikeToursStepDefinitions.the_following_participants_exist_in_the_system(io.cucumber.datatable.DataTable)?[0m
  ?[32mGiven ?[0m?[32mthe following participants request the following pieces of gear:?[0m                                    ?[90m# ca.mcgill.ecse.biketourplus.features.BikeToursStepDefinitions.the_following_participants_request_the_following_pieces_of_gear(io.cucumber.datatable.DataTable)?[0m
  ?[32mGiven ?[0m?[32mthe following participants request the following combos:?[0m                                            ?[90m# ca.mcgill.ecse.biketourplus.features.BikeToursStepDefinitions.the_following_participants_request_the_following_combos(io.cucumber.datatable.DataTable)?[0m
Assigned
Assigned
Assigned
Assigned
  ?[32mGiven ?[0m?[32mthe following bike tours exist in the system:?[0m                                                       ?[90m# ca.mcgill.ecse.biketourplus.features.BikeToursStepDefinitions.the_following_bike_tours_exist_in_the_system(io.cucumber.datatable.DataTable)?[0m
  ?[32mGiven ?[0m?[32mthe participant with email ?[0m?[32m?[1m"john@hotmail.ca"?[0m?[32m has started their tour?[0m                                 ?[90m# ca.mcgill.ecse.biketourplus.features.BikeToursStepDefinitions.the_participant_with_email_has_started_their_tour(java.lang.String)?[0m
  ?[32mWhen ?[0m?[32mthe manager attempts to confirm payment for email ?[0m?[32m?[1m"john@hotmail.ca"?[0m?[32m using authorization code ?[0m?[32m?[1m"PAYup"?[0m ?[90m# ca.mcgill.ecse.biketourplus.features.BikeToursStepDefinitions.the_manager_attempts_to_confirm_payment_for_email_using_authorization_code(java.lang.String,java.lang.String)?[0m
<<<<<<< HEAD
  ?[31mThen ?[0m?[31mthe participant with email ?[0m?[31m?[1m"john@hotmail.ca"?[0m?[31m shall be marked as ?[0m?[31m?[1m"Started"?[0m                            ?[90m# ca.mcgill.ecse.biketourplus.features.BikeToursStepDefinitions.the_participant_with_email_shall_be_marked_as(java.lang.String,java.lang.String)?[0m
      ?[31morg.opentest4j.AssertionFailedError: expected: <Started> but was: <NotAssigned>
	at org.junit.jupiter.api.AssertionUtils.fail(AssertionUtils.java:55)
	at org.junit.jupiter.api.AssertionUtils.failNotEqual(AssertionUtils.java:62)
	at org.junit.jupiter.api.AssertEquals.assertEquals(AssertEquals.java:182)
	at org.junit.jupiter.api.AssertEquals.assertEquals(AssertEquals.java:177)
	at org.junit.jupiter.api.Assertions.assertEquals(Assertions.java:1124)
	at ca.mcgill.ecse.biketourplus.features.BikeToursStepDefinitions.the_participant_with_email_shall_be_marked_as(BikeToursStepDefinitions.java:109)
	at âœ½.the participant with email "john@hotmail.ca" shall be marked as "Started"(file:///C:/Users/alexa/ecse223-group-project-p7/src/test/resources/ProcessBikeTours.feature:90)
?[0m
  ?[36mThen ?[0m?[36mthe system shall raise the error ?[0m?[36m?[1m"The participant has already paid for their tour"?[0m                   ?[90m# ca.mcgill.ecse.biketourplus.features.BikeToursStepDefinitions.the_system_shall_raise_the_error(java.lang.String)?[0m
=======
  ?[32mThen ?[0m?[32mthe participant with email ?[0m?[32m?[1m"john@hotmail.ca"?[0m?[32m shall be marked as ?[0m?[32m?[1m"Started"?[0m                            ?[90m# ca.mcgill.ecse.biketourplus.features.BikeToursStepDefinitions.the_participant_with_email_shall_be_marked_as(java.lang.String,java.lang.String)?[0m
  ?[32mThen ?[0m?[32mthe system shall raise the error ?[0m?[32m?[1m"The participant has already paid for their tour"?[0m                   ?[90m# ca.mcgill.ecse.biketourplus.features.BikeToursStepDefinitions.the_system_shall_raise_the_error(java.lang.String)?[0m
>>>>>>> d4b4bca9468a8a36e85c47ec29e953b9e2418674

Scenario: Unsuccessfully pay for a banned participant                                                        ?[90m# src/test/resources/ProcessBikeTours.feature:93?[0m
  ?[32mGiven ?[0m?[32mthe following BikeTourPlus system exists:?[0m                                                            ?[90m# ca.mcgill.ecse.biketourplus.features.BikeToursStepDefinitions.the_following_bike_tour_plus_system_exists(io.cucumber.datatable.DataTable)?[0m
  ?[32mGiven ?[0m?[32mthe following pieces of gear exist in the system:?[0m                                                    ?[90m# ca.mcgill.ecse.biketourplus.features.BikeToursStepDefinitions.the_following_pieces_of_gear_exist_in_the_system(io.cucumber.datatable.DataTable)?[0m
  ?[32mGiven ?[0m?[32mthe following combos exist in the system:?[0m                                                            ?[90m# ca.mcgill.ecse.biketourplus.features.BikeToursStepDefinitions.the_following_combos_exist_in_the_system(io.cucumber.datatable.DataTable)?[0m
  ?[32mGiven ?[0m?[32mthe following guides exist in the system:?[0m                                                            ?[90m# ca.mcgill.ecse.biketourplus.features.BikeToursStepDefinitions.the_following_guides_exist_in_the_system(io.cucumber.datatable.DataTable)?[0m
  ?[32mGiven ?[0m?[32mthe following participants exist in the system:?[0m                                                      ?[90m# ca.mcgill.ecse.biketourplus.features.BikeToursStepDefinitions.the_following_participants_exist_in_the_system(io.cucumber.datatable.DataTable)?[0m
  ?[32mGiven ?[0m?[32mthe following participants request the following pieces of gear:?[0m                                     ?[90m# ca.mcgill.ecse.biketourplus.features.BikeToursStepDefinitions.the_following_participants_request_the_following_pieces_of_gear(io.cucumber.datatable.DataTable)?[0m
  ?[32mGiven ?[0m?[32mthe following participants request the following combos:?[0m                                             ?[90m# ca.mcgill.ecse.biketourplus.features.BikeToursStepDefinitions.the_following_participants_request_the_following_combos(io.cucumber.datatable.DataTable)?[0m
Assigned
Assigned
Assigned
Assigned
  ?[32mGiven ?[0m?[32mthe following bike tours exist in the system:?[0m                                                        ?[90m# ca.mcgill.ecse.biketourplus.features.BikeToursStepDefinitions.the_following_bike_tours_exist_in_the_system(io.cucumber.datatable.DataTable)?[0m
  ?[32mGiven ?[0m?[32mthe participant with email ?[0m?[32m?[1m"emily@hotmail.ca"?[0m?[32m is banned?[0m                                              ?[90m# ca.mcgill.ecse.biketourplus.features.BikeToursStepDefinitions.the_participant_with_email_is_banned(java.lang.String)?[0m
  ?[32mWhen ?[0m?[32mthe manager attempts to confirm payment for email ?[0m?[32m?[1m"emily@hotmail.ca"?[0m?[32m using authorization code ?[0m?[32m?[1m"PAYup"?[0m ?[90m# ca.mcgill.ecse.biketourplus.features.BikeToursStepDefinitions.the_manager_attempts_to_confirm_payment_for_email_using_authorization_code(java.lang.String,java.lang.String)?[0m
<<<<<<< HEAD
  ?[31mThen ?[0m?[31mthe participant with email ?[0m?[31m?[1m"emily@hotmail.ca"?[0m?[31m shall be marked as ?[0m?[31m?[1m"Banned"?[0m                             ?[90m# ca.mcgill.ecse.biketourplus.features.BikeToursStepDefinitions.the_participant_with_email_shall_be_marked_as(java.lang.String,java.lang.String)?[0m
      ?[31morg.opentest4j.AssertionFailedError: expected: <Banned> but was: <NotAssigned>
	at org.junit.jupiter.api.AssertionUtils.fail(AssertionUtils.java:55)
	at org.junit.jupiter.api.AssertionUtils.failNotEqual(AssertionUtils.java:62)
	at org.junit.jupiter.api.AssertEquals.assertEquals(AssertEquals.java:182)
	at org.junit.jupiter.api.AssertEquals.assertEquals(AssertEquals.java:177)
	at org.junit.jupiter.api.Assertions.assertEquals(Assertions.java:1124)
	at ca.mcgill.ecse.biketourplus.features.BikeToursStepDefinitions.the_participant_with_email_shall_be_marked_as(BikeToursStepDefinitions.java:109)
	at âœ½.the participant with email "emily@hotmail.ca" shall be marked as "Banned"(file:///C:/Users/alexa/ecse223-group-project-p7/src/test/resources/ProcessBikeTours.feature:96)
?[0m
  ?[36mThen ?[0m?[36mthe system shall raise the error ?[0m?[36m?[1m"Cannot pay for tour because the participant is banned"?[0m              ?[90m# ca.mcgill.ecse.biketourplus.features.BikeToursStepDefinitions.the_system_shall_raise_the_error(java.lang.String)?[0m
=======
  ?[32mThen ?[0m?[32mthe participant with email ?[0m?[32m?[1m"emily@hotmail.ca"?[0m?[32m shall be marked as ?[0m?[32m?[1m"Banned"?[0m                             ?[90m# ca.mcgill.ecse.biketourplus.features.BikeToursStepDefinitions.the_participant_with_email_shall_be_marked_as(java.lang.String,java.lang.String)?[0m
  ?[32mThen ?[0m?[32mthe system shall raise the error ?[0m?[32m?[1m"Cannot pay for tour because the participant is banned"?[0m              ?[90m# ca.mcgill.ecse.biketourplus.features.BikeToursStepDefinitions.the_system_shall_raise_the_error(java.lang.String)?[0m
>>>>>>> d4b4bca9468a8a36e85c47ec29e953b9e2418674

Scenario: Unsuccessfully pay for participant who has cancelled their tour                                      ?[90m# src/test/resources/ProcessBikeTours.feature:99?[0m
  ?[32mGiven ?[0m?[32mthe following BikeTourPlus system exists:?[0m                                                              ?[90m# ca.mcgill.ecse.biketourplus.features.BikeToursStepDefinitions.the_following_bike_tour_plus_system_exists(io.cucumber.datatable.DataTable)?[0m
  ?[32mGiven ?[0m?[32mthe following pieces of gear exist in the system:?[0m                                                      ?[90m# ca.mcgill.ecse.biketourplus.features.BikeToursStepDefinitions.the_following_pieces_of_gear_exist_in_the_system(io.cucumber.datatable.DataTable)?[0m
  ?[32mGiven ?[0m?[32mthe following combos exist in the system:?[0m                                                              ?[90m# ca.mcgill.ecse.biketourplus.features.BikeToursStepDefinitions.the_following_combos_exist_in_the_system(io.cucumber.datatable.DataTable)?[0m
  ?[32mGiven ?[0m?[32mthe following guides exist in the system:?[0m                                                              ?[90m# ca.mcgill.ecse.biketourplus.features.BikeToursStepDefinitions.the_following_guides_exist_in_the_system(io.cucumber.datatable.DataTable)?[0m
  ?[32mGiven ?[0m?[32mthe following participants exist in the system:?[0m                                                        ?[90m# ca.mcgill.ecse.biketourplus.features.BikeToursStepDefinitions.the_following_participants_exist_in_the_system(io.cucumber.datatable.DataTable)?[0m
  ?[32mGiven ?[0m?[32mthe following participants request the following pieces of gear:?[0m                                       ?[90m# ca.mcgill.ecse.biketourplus.features.BikeToursStepDefinitions.the_following_participants_request_the_following_pieces_of_gear(io.cucumber.datatable.DataTable)?[0m
  ?[32mGiven ?[0m?[32mthe following participants request the following combos:?[0m                                               ?[90m# ca.mcgill.ecse.biketourplus.features.BikeToursStepDefinitions.the_following_participants_request_the_following_combos(io.cucumber.datatable.DataTable)?[0m
Assigned
Assigned
Assigned
Assigned
  ?[32mGiven ?[0m?[32mthe following bike tours exist in the system:?[0m                                                          ?[90m# ca.mcgill.ecse.biketourplus.features.BikeToursStepDefinitions.the_following_bike_tours_exist_in_the_system(io.cucumber.datatable.DataTable)?[0m
  ?[32mGiven ?[0m?[32mthe participant with email ?[0m?[32m?[1m"alice@gmail.com"?[0m?[32m has cancelled their tour?[0m                                  ?[90m# ca.mcgill.ecse.biketourplus.features.BikeToursStepDefinitions.the_participant_with_email_has_cancelled_their_tour(java.lang.String)?[0m
  ?[32mWhen ?[0m?[32mthe manager attempts to confirm payment for email ?[0m?[32m?[1m"alice@gmail.com"?[0m?[32m using authorization code ?[0m?[32m?[1m"PAYup"?[0m    ?[90m# ca.mcgill.ecse.biketourplus.features.BikeToursStepDefinitions.the_manager_attempts_to_confirm_payment_for_email_using_authorization_code(java.lang.String,java.lang.String)?[0m
<<<<<<< HEAD
  ?[31mThen ?[0m?[31mthe participant with email ?[0m?[31m?[1m"alice@gmail.com"?[0m?[31m shall be marked as ?[0m?[31m?[1m"Cancelled"?[0m                             ?[90m# ca.mcgill.ecse.biketourplus.features.BikeToursStepDefinitions.the_participant_with_email_shall_be_marked_as(java.lang.String,java.lang.String)?[0m
      ?[31morg.opentest4j.AssertionFailedError: expected: <Cancelled> but was: <NotAssigned>
	at org.junit.jupiter.api.AssertionUtils.fail(AssertionUtils.java:55)
	at org.junit.jupiter.api.AssertionUtils.failNotEqual(AssertionUtils.java:62)
	at org.junit.jupiter.api.AssertEquals.assertEquals(AssertEquals.java:182)
	at org.junit.jupiter.api.AssertEquals.assertEquals(AssertEquals.java:177)
	at org.junit.jupiter.api.Assertions.assertEquals(Assertions.java:1124)
	at ca.mcgill.ecse.biketourplus.features.BikeToursStepDefinitions.the_participant_with_email_shall_be_marked_as(BikeToursStepDefinitions.java:109)
	at âœ½.the participant with email "alice@gmail.com" shall be marked as "Cancelled"(file:///C:/Users/alexa/ecse223-group-project-p7/src/test/resources/ProcessBikeTours.feature:102)
?[0m
  ?[36mThen ?[0m?[36mthe system shall raise the error ?[0m?[36m?[1m"Cannot pay for tour because the participant has cancelled their tour"?[0m ?[90m# ca.mcgill.ecse.biketourplus.features.BikeToursStepDefinitions.the_system_shall_raise_the_error(java.lang.String)?[0m
=======
  ?[32mThen ?[0m?[32mthe participant with email ?[0m?[32m?[1m"alice@gmail.com"?[0m?[32m shall be marked as ?[0m?[32m?[1m"Cancelled"?[0m                             ?[90m# ca.mcgill.ecse.biketourplus.features.BikeToursStepDefinitions.the_participant_with_email_shall_be_marked_as(java.lang.String,java.lang.String)?[0m
  ?[32mThen ?[0m?[32mthe system shall raise the error ?[0m?[32m?[1m"Cannot pay for tour because the participant has cancelled their tour"?[0m ?[90m# ca.mcgill.ecse.biketourplus.features.BikeToursStepDefinitions.the_system_shall_raise_the_error(java.lang.String)?[0m
>>>>>>> d4b4bca9468a8a36e85c47ec29e953b9e2418674

Scenario: Unsuccessfully pay for participant who has finished their tour                                       ?[90m# src/test/resources/ProcessBikeTours.feature:105?[0m
  ?[32mGiven ?[0m?[32mthe following BikeTourPlus system exists:?[0m                                                              ?[90m# ca.mcgill.ecse.biketourplus.features.BikeToursStepDefinitions.the_following_bike_tour_plus_system_exists(io.cucumber.datatable.DataTable)?[0m
  ?[32mGiven ?[0m?[32mthe following pieces of gear exist in the system:?[0m                                                      ?[90m# ca.mcgill.ecse.biketourplus.features.BikeToursStepDefinitions.the_following_pieces_of_gear_exist_in_the_system(io.cucumber.datatable.DataTable)?[0m
  ?[32mGiven ?[0m?[32mthe following combos exist in the system:?[0m                                                              ?[90m# ca.mcgill.ecse.biketourplus.features.BikeToursStepDefinitions.the_following_combos_exist_in_the_system(io.cucumber.datatable.DataTable)?[0m
  ?[32mGiven ?[0m?[32mthe following guides exist in the system:?[0m                                                              ?[90m# ca.mcgill.ecse.biketourplus.features.BikeToursStepDefinitions.the_following_guides_exist_in_the_system(io.cucumber.datatable.DataTable)?[0m
  ?[32mGiven ?[0m?[32mthe following participants exist in the system:?[0m                                                        ?[90m# ca.mcgill.ecse.biketourplus.features.BikeToursStepDefinitions.the_following_participants_exist_in_the_system(io.cucumber.datatable.DataTable)?[0m
  ?[32mGiven ?[0m?[32mthe following participants request the following pieces of gear:?[0m                                       ?[90m# ca.mcgill.ecse.biketourplus.features.BikeToursStepDefinitions.the_following_participants_request_the_following_pieces_of_gear(io.cucumber.datatable.DataTable)?[0m
  ?[32mGiven ?[0m?[32mthe following participants request the following combos:?[0m                                               ?[90m# ca.mcgill.ecse.biketourplus.features.BikeToursStepDefinitions.the_following_participants_request_the_following_combos(io.cucumber.datatable.DataTable)?[0m
Assigned
Assigned
Assigned
Assigned
  ?[32mGiven ?[0m?[32mthe following bike tours exist in the system:?[0m                                                          ?[90m# ca.mcgill.ecse.biketourplus.features.BikeToursStepDefinitions.the_following_bike_tours_exist_in_the_system(io.cucumber.datatable.DataTable)?[0m
  ?[32mGiven ?[0m?[32mthe participant with email ?[0m?[32m?[1m"charlie@hotmail.ca"?[0m?[32m has finished their tour?[0m                                ?[90m# ca.mcgill.ecse.biketourplus.features.BikeToursStepDefinitions.the_participant_with_email_has_finished_their_tour(java.lang.String)?[0m
  ?[32mWhen ?[0m?[32mthe manager attempts to confirm payment for email ?[0m?[32m?[1m"charlie@hotmail.ca"?[0m?[32m using authorization code ?[0m?[32m?[1m"PAYup"?[0m ?[90m# ca.mcgill.ecse.biketourplus.features.BikeToursStepDefinitions.the_manager_attempts_to_confirm_payment_for_email_using_authorization_code(java.lang.String,java.lang.String)?[0m
<<<<<<< HEAD
  ?[31mThen ?[0m?[31mthe participant with email ?[0m?[31m?[1m"charlie@hotmail.ca"?[0m?[31m shall be marked as ?[0m?[31m?[1m"Finished"?[0m                           ?[90m# ca.mcgill.ecse.biketourplus.features.BikeToursStepDefinitions.the_participant_with_email_shall_be_marked_as(java.lang.String,java.lang.String)?[0m
      ?[31morg.opentest4j.AssertionFailedError: expected: <Finished> but was: <NotAssigned>
	at org.junit.jupiter.api.AssertionUtils.fail(AssertionUtils.java:55)
	at org.junit.jupiter.api.AssertionUtils.failNotEqual(AssertionUtils.java:62)
	at org.junit.jupiter.api.AssertEquals.assertEquals(AssertEquals.java:182)
	at org.junit.jupiter.api.AssertEquals.assertEquals(AssertEquals.java:177)
	at org.junit.jupiter.api.Assertions.assertEquals(Assertions.java:1124)
	at ca.mcgill.ecse.biketourplus.features.BikeToursStepDefinitions.the_participant_with_email_shall_be_marked_as(BikeToursStepDefinitions.java:109)
	at âœ½.the participant with email "charlie@hotmail.ca" shall be marked as "Finished"(file:///C:/Users/alexa/ecse223-group-project-p7/src/test/resources/ProcessBikeTours.feature:108)
?[0m
  ?[36mThen ?[0m?[36mthe system shall raise the error ?[0m?[36m?[1m"The participant has already paid for their tour"?[0m                      ?[90m# ca.mcgill.ecse.biketourplus.features.BikeToursStepDefinitions.the_system_shall_raise_the_error(java.lang.String)?[0m
=======
  ?[32mThen ?[0m?[32mthe participant with email ?[0m?[32m?[1m"charlie@hotmail.ca"?[0m?[32m shall be marked as ?[0m?[32m?[1m"Finished"?[0m                           ?[90m# ca.mcgill.ecse.biketourplus.features.BikeToursStepDefinitions.the_participant_with_email_shall_be_marked_as(java.lang.String,java.lang.String)?[0m
  ?[32mThen ?[0m?[32mthe system shall raise the error ?[0m?[32m?[1m"The participant has already paid for their tour"?[0m                      ?[90m# ca.mcgill.ecse.biketourplus.features.BikeToursStepDefinitions.the_system_shall_raise_the_error(java.lang.String)?[0m
>>>>>>> d4b4bca9468a8a36e85c47ec29e953b9e2418674

Scenario: Manager starts tours successfully                                        ?[90m# src/test/resources/ProcessBikeTours.feature:112?[0m
  ?[32mGiven ?[0m?[32mthe following BikeTourPlus system exists:?[0m                                  ?[90m# ca.mcgill.ecse.biketourplus.features.BikeToursStepDefinitions.the_following_bike_tour_plus_system_exists(io.cucumber.datatable.DataTable)?[0m
  ?[32mGiven ?[0m?[32mthe following pieces of gear exist in the system:?[0m                          ?[90m# ca.mcgill.ecse.biketourplus.features.BikeToursStepDefinitions.the_following_pieces_of_gear_exist_in_the_system(io.cucumber.datatable.DataTable)?[0m
  ?[32mGiven ?[0m?[32mthe following combos exist in the system:?[0m                                  ?[90m# ca.mcgill.ecse.biketourplus.features.BikeToursStepDefinitions.the_following_combos_exist_in_the_system(io.cucumber.datatable.DataTable)?[0m
  ?[32mGiven ?[0m?[32mthe following guides exist in the system:?[0m                                  ?[90m# ca.mcgill.ecse.biketourplus.features.BikeToursStepDefinitions.the_following_guides_exist_in_the_system(io.cucumber.datatable.DataTable)?[0m
  ?[32mGiven ?[0m?[32mthe following participants exist in the system:?[0m                            ?[90m# ca.mcgill.ecse.biketourplus.features.BikeToursStepDefinitions.the_following_participants_exist_in_the_system(io.cucumber.datatable.DataTable)?[0m
  ?[32mGiven ?[0m?[32mthe following participants request the following pieces of gear:?[0m           ?[90m# ca.mcgill.ecse.biketourplus.features.BikeToursStepDefinitions.the_following_participants_request_the_following_pieces_of_gear(io.cucumber.datatable.DataTable)?[0m
  ?[32mGiven ?[0m?[32mthe following participants request the following combos:?[0m                   ?[90m# ca.mcgill.ecse.biketourplus.features.BikeToursStepDefinitions.the_following_participants_request_the_following_combos(io.cucumber.datatable.DataTable)?[0m
Assigned
Assigned
Assigned
Assigned
  ?[32mGiven ?[0m?[32mthe following bike tours exist in the system:?[0m                              ?[90m# ca.mcgill.ecse.biketourplus.features.BikeToursStepDefinitions.the_following_bike_tours_exist_in_the_system(io.cucumber.datatable.DataTable)?[0m
  ?[32mGiven ?[0m?[32mthe participant with email ?[0m?[32m?[1m"alice@gmail.com"?[0m?[32m has paid for their tour?[0m       ?[90m# ca.mcgill.ecse.biketourplus.features.BikeToursStepDefinitions.the_participant_with_email_has_paid_for_their_tour(java.lang.String)?[0m
  ?[32mWhen ?[0m?[32mthe manager attempts to start the tours for week ?[0m?[32m?[1m"1"?[0m                        ?[90m# ca.mcgill.ecse.biketourplus.features.BikeToursStepDefinitions.the_manager_attempts_to_start_the_tours_for_week(java.lang.String)?[0m
<<<<<<< HEAD
  ?[31mThen ?[0m?[31mthe participant with email ?[0m?[31m?[1m"alice@gmail.com"?[0m?[31m shall be marked as ?[0m?[31m?[1m"Started"?[0m   ?[90m# ca.mcgill.ecse.biketourplus.features.BikeToursStepDefinitions.the_participant_with_email_shall_be_marked_as(java.lang.String,java.lang.String)?[0m
      ?[31morg.opentest4j.AssertionFailedError: expected: <Started> but was: <NotAssigned>
	at org.junit.jupiter.api.AssertionUtils.fail(AssertionUtils.java:55)
	at org.junit.jupiter.api.AssertionUtils.failNotEqual(AssertionUtils.java:62)
	at org.junit.jupiter.api.AssertEquals.assertEquals(AssertEquals.java:182)
	at org.junit.jupiter.api.AssertEquals.assertEquals(AssertEquals.java:177)
	at org.junit.jupiter.api.Assertions.assertEquals(Assertions.java:1124)
	at ca.mcgill.ecse.biketourplus.features.BikeToursStepDefinitions.the_participant_with_email_shall_be_marked_as(BikeToursStepDefinitions.java:109)
	at âœ½.the participant with email "alice@gmail.com" shall be marked as "Started"(file:///C:/Users/alexa/ecse223-group-project-p7/src/test/resources/ProcessBikeTours.feature:115)
?[0m
  ?[36mThen ?[0m?[36mthe participant with email ?[0m?[36m?[1m"charlie@hotmail.ca"?[0m?[36m shall be marked as ?[0m?[36m?[1m"Banned"?[0m ?[90m# ca.mcgill.ecse.biketourplus.features.BikeToursStepDefinitions.the_participant_with_email_shall_be_marked_as(java.lang.String,java.lang.String)?[0m
  ?[36mThen ?[0m?[36mthe participant with email ?[0m?[36m?[1m"john@hotmail.ca"?[0m?[36m shall be marked as ?[0m?[36m?[1m"Banned"?[0m    ?[90m# ca.mcgill.ecse.biketourplus.features.BikeToursStepDefinitions.the_participant_with_email_shall_be_marked_as(java.lang.String,java.lang.String)?[0m
  ?[36mThen ?[0m?[36mthe participant with email ?[0m?[36m?[1m"emily@hotmail.ca"?[0m?[36m shall be marked as ?[0m?[36m?[1m"Assigned"?[0m ?[90m# ca.mcgill.ecse.biketourplus.features.BikeToursStepDefinitions.the_participant_with_email_shall_be_marked_as(java.lang.String,java.lang.String)?[0m
=======
  ?[32mThen ?[0m?[32mthe participant with email ?[0m?[32m?[1m"alice@gmail.com"?[0m?[32m shall be marked as ?[0m?[32m?[1m"Started"?[0m   ?[90m# ca.mcgill.ecse.biketourplus.features.BikeToursStepDefinitions.the_participant_with_email_shall_be_marked_as(java.lang.String,java.lang.String)?[0m
  ?[32mThen ?[0m?[32mthe participant with email ?[0m?[32m?[1m"charlie@hotmail.ca"?[0m?[32m shall be marked as ?[0m?[32m?[1m"Banned"?[0m ?[90m# ca.mcgill.ecse.biketourplus.features.BikeToursStepDefinitions.the_participant_with_email_shall_be_marked_as(java.lang.String,java.lang.String)?[0m
  ?[32mThen ?[0m?[32mthe participant with email ?[0m?[32m?[1m"john@hotmail.ca"?[0m?[32m shall be marked as ?[0m?[32m?[1m"Banned"?[0m    ?[90m# ca.mcgill.ecse.biketourplus.features.BikeToursStepDefinitions.the_participant_with_email_shall_be_marked_as(java.lang.String,java.lang.String)?[0m
  ?[32mThen ?[0m?[32mthe participant with email ?[0m?[32m?[1m"emily@hotmail.ca"?[0m?[32m shall be marked as ?[0m?[32m?[1m"Assigned"?[0m ?[90m# ca.mcgill.ecse.biketourplus.features.BikeToursStepDefinitions.the_participant_with_email_shall_be_marked_as(java.lang.String,java.lang.String)?[0m
>>>>>>> d4b4bca9468a8a36e85c47ec29e953b9e2418674

Scenario: Unsuccessfully start a tour for a participant who has not been assigned to their tour ?[90m# src/test/resources/ProcessBikeTours.feature:120?[0m
  ?[32mGiven ?[0m?[32mthe following BikeTourPlus system exists:?[0m                                               ?[90m# ca.mcgill.ecse.biketourplus.features.BikeToursStepDefinitions.the_following_bike_tour_plus_system_exists(io.cucumber.datatable.DataTable)?[0m
  ?[32mGiven ?[0m?[32mthe following pieces of gear exist in the system:?[0m                                       ?[90m# ca.mcgill.ecse.biketourplus.features.BikeToursStepDefinitions.the_following_pieces_of_gear_exist_in_the_system(io.cucumber.datatable.DataTable)?[0m
  ?[32mGiven ?[0m?[32mthe following combos exist in the system:?[0m                                               ?[90m# ca.mcgill.ecse.biketourplus.features.BikeToursStepDefinitions.the_following_combos_exist_in_the_system(io.cucumber.datatable.DataTable)?[0m
  ?[32mGiven ?[0m?[32mthe following guides exist in the system:?[0m                                               ?[90m# ca.mcgill.ecse.biketourplus.features.BikeToursStepDefinitions.the_following_guides_exist_in_the_system(io.cucumber.datatable.DataTable)?[0m
  ?[32mGiven ?[0m?[32mthe following participants exist in the system:?[0m                                         ?[90m# ca.mcgill.ecse.biketourplus.features.BikeToursStepDefinitions.the_following_participants_exist_in_the_system(io.cucumber.datatable.DataTable)?[0m
  ?[32mGiven ?[0m?[32mthe following participants request the following pieces of gear:?[0m                        ?[90m# ca.mcgill.ecse.biketourplus.features.BikeToursStepDefinitions.the_following_participants_request_the_following_pieces_of_gear(io.cucumber.datatable.DataTable)?[0m
  ?[32mGiven ?[0m?[32mthe following participants request the following combos:?[0m                                ?[90m# ca.mcgill.ecse.biketourplus.features.BikeToursStepDefinitions.the_following_participants_request_the_following_combos(io.cucumber.datatable.DataTable)?[0m
Assigned
Assigned
Assigned
Assigned
  ?[32mGiven ?[0m?[32mthe following bike tours exist in the system:?[0m                                           ?[90m# ca.mcgill.ecse.biketourplus.features.BikeToursStepDefinitions.the_following_bike_tours_exist_in_the_system(io.cucumber.datatable.DataTable)?[0m
  ?[32mWhen ?[0m?[32mthe manager attempts to start the tours for week ?[0m?[32m?[1m"6"?[0m                                     ?[90m# ca.mcgill.ecse.biketourplus.features.BikeToursStepDefinitions.the_manager_attempts_to_start_the_tours_for_week(java.lang.String)?[0m
  ?[32mThen ?[0m?[32mthe participant with email ?[0m?[32m?[1m"new@hotmail.ca"?[0m?[32m shall be marked as ?[0m?[32m?[1m"NotAssigned"?[0m             ?[90m# ca.mcgill.ecse.biketourplus.features.BikeToursStepDefinitions.the_participant_with_email_shall_be_marked_as(java.lang.String,java.lang.String)?[0m

Scenario: Unsuccessfully start a tour for a participant who has started their tour                                 ?[90m# src/test/resources/ProcessBikeTours.feature:125?[0m
  ?[32mGiven ?[0m?[32mthe following BikeTourPlus system exists:?[0m                                                                  ?[90m# ca.mcgill.ecse.biketourplus.features.BikeToursStepDefinitions.the_following_bike_tour_plus_system_exists(io.cucumber.datatable.DataTable)?[0m
  ?[32mGiven ?[0m?[32mthe following pieces of gear exist in the system:?[0m                                                          ?[90m# ca.mcgill.ecse.biketourplus.features.BikeToursStepDefinitions.the_following_pieces_of_gear_exist_in_the_system(io.cucumber.datatable.DataTable)?[0m
  ?[32mGiven ?[0m?[32mthe following combos exist in the system:?[0m                                                                  ?[90m# ca.mcgill.ecse.biketourplus.features.BikeToursStepDefinitions.the_following_combos_exist_in_the_system(io.cucumber.datatable.DataTable)?[0m
  ?[32mGiven ?[0m?[32mthe following guides exist in the system:?[0m                                                                  ?[90m# ca.mcgill.ecse.biketourplus.features.BikeToursStepDefinitions.the_following_guides_exist_in_the_system(io.cucumber.datatable.DataTable)?[0m
  ?[32mGiven ?[0m?[32mthe following participants exist in the system:?[0m                                                            ?[90m# ca.mcgill.ecse.biketourplus.features.BikeToursStepDefinitions.the_following_participants_exist_in_the_system(io.cucumber.datatable.DataTable)?[0m
  ?[32mGiven ?[0m?[32mthe following participants request the following pieces of gear:?[0m                                           ?[90m# ca.mcgill.ecse.biketourplus.features.BikeToursStepDefinitions.the_following_participants_request_the_following_pieces_of_gear(io.cucumber.datatable.DataTable)?[0m
  ?[32mGiven ?[0m?[32mthe following participants request the following combos:?[0m                                                   ?[90m# ca.mcgill.ecse.biketourplus.features.BikeToursStepDefinitions.the_following_participants_request_the_following_combos(io.cucumber.datatable.DataTable)?[0m
Assigned
Assigned
Assigned
Assigned
  ?[32mGiven ?[0m?[32mthe following bike tours exist in the system:?[0m                                                              ?[90m# ca.mcgill.ecse.biketourplus.features.BikeToursStepDefinitions.the_following_bike_tours_exist_in_the_system(io.cucumber.datatable.DataTable)?[0m
  ?[32mGiven ?[0m?[32mthe participant with email ?[0m?[32m?[1m"emily@hotmail.ca"?[0m?[32m has started their tour?[0m                                       ?[90m# ca.mcgill.ecse.biketourplus.features.BikeToursStepDefinitions.the_participant_with_email_has_started_their_tour(java.lang.String)?[0m
  ?[32mWhen ?[0m?[32mthe manager attempts to start the tours for week ?[0m?[32m?[1m"4"?[0m                                                        ?[90m# ca.mcgill.ecse.biketourplus.features.BikeToursStepDefinitions.the_manager_attempts_to_start_the_tours_for_week(java.lang.String)?[0m
<<<<<<< HEAD
  ?[31mThen ?[0m?[31mthe participant with email ?[0m?[31m?[1m"emily@hotmail.ca"?[0m?[31m shall be marked as ?[0m?[31m?[1m"Started"?[0m                                  ?[90m# ca.mcgill.ecse.biketourplus.features.BikeToursStepDefinitions.the_participant_with_email_shall_be_marked_as(java.lang.String,java.lang.String)?[0m
      ?[31morg.opentest4j.AssertionFailedError: expected: <Started> but was: <NotAssigned>
	at org.junit.jupiter.api.AssertionUtils.fail(AssertionUtils.java:55)
	at org.junit.jupiter.api.AssertionUtils.failNotEqual(AssertionUtils.java:62)
	at org.junit.jupiter.api.AssertEquals.assertEquals(AssertEquals.java:182)
	at org.junit.jupiter.api.AssertEquals.assertEquals(AssertEquals.java:177)
	at org.junit.jupiter.api.Assertions.assertEquals(Assertions.java:1124)
	at ca.mcgill.ecse.biketourplus.features.BikeToursStepDefinitions.the_participant_with_email_shall_be_marked_as(BikeToursStepDefinitions.java:109)
	at âœ½.the participant with email "emily@hotmail.ca" shall be marked as "Started"(file:///C:/Users/alexa/ecse223-group-project-p7/src/test/resources/ProcessBikeTours.feature:128)
?[0m
  ?[36mThen ?[0m?[36mthe system shall raise the error ?[0m?[36m?[1m"Cannot start tour because the participant has already started their tour"?[0m ?[90m# ca.mcgill.ecse.biketourplus.features.BikeToursStepDefinitions.the_system_shall_raise_the_error(java.lang.String)?[0m
=======
  ?[32mThen ?[0m?[32mthe participant with email ?[0m?[32m?[1m"emily@hotmail.ca"?[0m?[32m shall be marked as ?[0m?[32m?[1m"Started"?[0m                                  ?[90m# ca.mcgill.ecse.biketourplus.features.BikeToursStepDefinitions.the_participant_with_email_shall_be_marked_as(java.lang.String,java.lang.String)?[0m
  ?[32mThen ?[0m?[32mthe system shall raise the error ?[0m?[32m?[1m"Cannot start tour because the participant has already started their tour"?[0m ?[90m# ca.mcgill.ecse.biketourplus.features.BikeToursStepDefinitions.the_system_shall_raise_the_error(java.lang.String)?[0m
>>>>>>> d4b4bca9468a8a36e85c47ec29e953b9e2418674

Scenario: Unsuccessfully start a tour for a banned participant                                ?[90m# src/test/resources/ProcessBikeTours.feature:131?[0m
  ?[32mGiven ?[0m?[32mthe following BikeTourPlus system exists:?[0m                                             ?[90m# ca.mcgill.ecse.biketourplus.features.BikeToursStepDefinitions.the_following_bike_tour_plus_system_exists(io.cucumber.datatable.DataTable)?[0m
  ?[32mGiven ?[0m?[32mthe following pieces of gear exist in the system:?[0m                                     ?[90m# ca.mcgill.ecse.biketourplus.features.BikeToursStepDefinitions.the_following_pieces_of_gear_exist_in_the_system(io.cucumber.datatable.DataTable)?[0m
  ?[32mGiven ?[0m?[32mthe following combos exist in the system:?[0m                                             ?[90m# ca.mcgill.ecse.biketourplus.features.BikeToursStepDefinitions.the_following_combos_exist_in_the_system(io.cucumber.datatable.DataTable)?[0m
  ?[32mGiven ?[0m?[32mthe following guides exist in the system:?[0m                                             ?[90m# ca.mcgill.ecse.biketourplus.features.BikeToursStepDefinitions.the_following_guides_exist_in_the_system(io.cucumber.datatable.DataTable)?[0m
  ?[32mGiven ?[0m?[32mthe following participants exist in the system:?[0m                                       ?[90m# ca.mcgill.ecse.biketourplus.features.BikeToursStepDefinitions.the_following_participants_exist_in_the_system(io.cucumber.datatable.DataTable)?[0m
  ?[32mGiven ?[0m?[32mthe following participants request the following pieces of gear:?[0m                      ?[90m# ca.mcgill.ecse.biketourplus.features.BikeToursStepDefinitions.the_following_participants_request_the_following_pieces_of_gear(io.cucumber.datatable.DataTable)?[0m
  ?[32mGiven ?[0m?[32mthe following participants request the following combos:?[0m                              ?[90m# ca.mcgill.ecse.biketourplus.features.BikeToursStepDefinitions.the_following_participants_request_the_following_combos(io.cucumber.datatable.DataTable)?[0m
Assigned
Assigned
Assigned
Assigned
  ?[32mGiven ?[0m?[32mthe following bike tours exist in the system:?[0m                                         ?[90m# ca.mcgill.ecse.biketourplus.features.BikeToursStepDefinitions.the_following_bike_tours_exist_in_the_system(io.cucumber.datatable.DataTable)?[0m
  ?[32mGiven ?[0m?[32mthe participant with email ?[0m?[32m?[1m"emily@hotmail.ca"?[0m?[32m is banned?[0m                               ?[90m# ca.mcgill.ecse.biketourplus.features.BikeToursStepDefinitions.the_participant_with_email_is_banned(java.lang.String)?[0m
  ?[32mWhen ?[0m?[32mthe manager attempts to start the tours for week ?[0m?[32m?[1m"4"?[0m                                   ?[90m# ca.mcgill.ecse.biketourplus.features.BikeToursStepDefinitions.the_manager_attempts_to_start_the_tours_for_week(java.lang.String)?[0m
<<<<<<< HEAD
  ?[31mThen ?[0m?[31mthe participant with email ?[0m?[31m?[1m"emily@hotmail.ca"?[0m?[31m shall be marked as ?[0m?[31m?[1m"Banned"?[0m              ?[90m# ca.mcgill.ecse.biketourplus.features.BikeToursStepDefinitions.the_participant_with_email_shall_be_marked_as(java.lang.String,java.lang.String)?[0m
      ?[31morg.opentest4j.AssertionFailedError: expected: <Banned> but was: <NotAssigned>
	at org.junit.jupiter.api.AssertionUtils.fail(AssertionUtils.java:55)
	at org.junit.jupiter.api.AssertionUtils.failNotEqual(AssertionUtils.java:62)
	at org.junit.jupiter.api.AssertEquals.assertEquals(AssertEquals.java:182)
	at org.junit.jupiter.api.AssertEquals.assertEquals(AssertEquals.java:177)
	at org.junit.jupiter.api.Assertions.assertEquals(Assertions.java:1124)
	at ca.mcgill.ecse.biketourplus.features.BikeToursStepDefinitions.the_participant_with_email_shall_be_marked_as(BikeToursStepDefinitions.java:109)
	at âœ½.the participant with email "emily@hotmail.ca" shall be marked as "Banned"(file:///C:/Users/alexa/ecse223-group-project-p7/src/test/resources/ProcessBikeTours.feature:134)
?[0m
  ?[36mThen ?[0m?[36mthe system shall raise the error ?[0m?[36m?[1m"Cannot start tour because the participant is banned"?[0m ?[90m# ca.mcgill.ecse.biketourplus.features.BikeToursStepDefinitions.the_system_shall_raise_the_error(java.lang.String)?[0m
=======
  ?[32mThen ?[0m?[32mthe participant with email ?[0m?[32m?[1m"emily@hotmail.ca"?[0m?[32m shall be marked as ?[0m?[32m?[1m"Banned"?[0m              ?[90m# ca.mcgill.ecse.biketourplus.features.BikeToursStepDefinitions.the_participant_with_email_shall_be_marked_as(java.lang.String,java.lang.String)?[0m
  ?[32mThen ?[0m?[32mthe system shall raise the error ?[0m?[32m?[1m"Cannot start tour because the participant is banned"?[0m ?[90m# ca.mcgill.ecse.biketourplus.features.BikeToursStepDefinitions.the_system_shall_raise_the_error(java.lang.String)?[0m
>>>>>>> d4b4bca9468a8a36e85c47ec29e953b9e2418674

Scenario: Unsuccessfully start a tour for a participant who has cancelled their tour                         ?[90m# src/test/resources/ProcessBikeTours.feature:137?[0m
  ?[32mGiven ?[0m?[32mthe following BikeTourPlus system exists:?[0m                                                            ?[90m# ca.mcgill.ecse.biketourplus.features.BikeToursStepDefinitions.the_following_bike_tour_plus_system_exists(io.cucumber.datatable.DataTable)?[0m
  ?[32mGiven ?[0m?[32mthe following pieces of gear exist in the system:?[0m                                                    ?[90m# ca.mcgill.ecse.biketourplus.features.BikeToursStepDefinitions.the_following_pieces_of_gear_exist_in_the_system(io.cucumber.datatable.DataTable)?[0m
  ?[32mGiven ?[0m?[32mthe following combos exist in the system:?[0m                                                            ?[90m# ca.mcgill.ecse.biketourplus.features.BikeToursStepDefinitions.the_following_combos_exist_in_the_system(io.cucumber.datatable.DataTable)?[0m
  ?[32mGiven ?[0m?[32mthe following guides exist in the system:?[0m                                                            ?[90m# ca.mcgill.ecse.biketourplus.features.BikeToursStepDefinitions.the_following_guides_exist_in_the_system(io.cucumber.datatable.DataTable)?[0m
  ?[32mGiven ?[0m?[32mthe following participants exist in the system:?[0m                                                      ?[90m# ca.mcgill.ecse.biketourplus.features.BikeToursStepDefinitions.the_following_participants_exist_in_the_system(io.cucumber.datatable.DataTable)?[0m
  ?[32mGiven ?[0m?[32mthe following participants request the following pieces of gear:?[0m                                     ?[90m# ca.mcgill.ecse.biketourplus.features.BikeToursStepDefinitions.the_following_participants_request_the_following_pieces_of_gear(io.cucumber.datatable.DataTable)?[0m
  ?[32mGiven ?[0m?[32mthe following participants request the following combos:?[0m                                             ?[90m# ca.mcgill.ecse.biketourplus.features.BikeToursStepDefinitions.the_following_participants_request_the_following_combos(io.cucumber.datatable.DataTable)?[0m
Assigned
Assigned
Assigned
Assigned
  ?[32mGiven ?[0m?[32mthe following bike tours exist in the system:?[0m                                                        ?[90m# ca.mcgill.ecse.biketourplus.features.BikeToursStepDefinitions.the_following_bike_tours_exist_in_the_system(io.cucumber.datatable.DataTable)?[0m
  ?[32mGiven ?[0m?[32mthe participant with email ?[0m?[32m?[1m"emily@hotmail.ca"?[0m?[32m has cancelled their tour?[0m                               ?[90m# ca.mcgill.ecse.biketourplus.features.BikeToursStepDefinitions.the_participant_with_email_has_cancelled_their_tour(java.lang.String)?[0m
  ?[32mWhen ?[0m?[32mthe manager attempts to start the tours for week ?[0m?[32m?[1m"4"?[0m                                                  ?[90m# ca.mcgill.ecse.biketourplus.features.BikeToursStepDefinitions.the_manager_attempts_to_start_the_tours_for_week(java.lang.String)?[0m
<<<<<<< HEAD
  ?[31mThen ?[0m?[31mthe participant with email ?[0m?[31m?[1m"emily@hotmail.ca"?[0m?[31m shall be marked as ?[0m?[31m?[1m"Cancelled"?[0m                          ?[90m# ca.mcgill.ecse.biketourplus.features.BikeToursStepDefinitions.the_participant_with_email_shall_be_marked_as(java.lang.String,java.lang.String)?[0m
      ?[31morg.opentest4j.AssertionFailedError: expected: <Cancelled> but was: <NotAssigned>
	at org.junit.jupiter.api.AssertionUtils.fail(AssertionUtils.java:55)
	at org.junit.jupiter.api.AssertionUtils.failNotEqual(AssertionUtils.java:62)
	at org.junit.jupiter.api.AssertEquals.assertEquals(AssertEquals.java:182)
	at org.junit.jupiter.api.AssertEquals.assertEquals(AssertEquals.java:177)
	at org.junit.jupiter.api.Assertions.assertEquals(Assertions.java:1124)
	at ca.mcgill.ecse.biketourplus.features.BikeToursStepDefinitions.the_participant_with_email_shall_be_marked_as(BikeToursStepDefinitions.java:109)
	at âœ½.the participant with email "emily@hotmail.ca" shall be marked as "Cancelled"(file:///C:/Users/alexa/ecse223-group-project-p7/src/test/resources/ProcessBikeTours.feature:140)
?[0m
  ?[36mThen ?[0m?[36mthe system shall raise the error ?[0m?[36m?[1m"Cannot start tour because the participant has cancelled their tour"?[0m ?[90m# ca.mcgill.ecse.biketourplus.features.BikeToursStepDefinitions.the_system_shall_raise_the_error(java.lang.String)?[0m
=======
  ?[32mThen ?[0m?[32mthe participant with email ?[0m?[32m?[1m"emily@hotmail.ca"?[0m?[32m shall be marked as ?[0m?[32m?[1m"Cancelled"?[0m                          ?[90m# ca.mcgill.ecse.biketourplus.features.BikeToursStepDefinitions.the_participant_with_email_shall_be_marked_as(java.lang.String,java.lang.String)?[0m
  ?[32mThen ?[0m?[32mthe system shall raise the error ?[0m?[32m?[1m"Cannot start tour because the participant has cancelled their tour"?[0m ?[90m# ca.mcgill.ecse.biketourplus.features.BikeToursStepDefinitions.the_system_shall_raise_the_error(java.lang.String)?[0m
>>>>>>> d4b4bca9468a8a36e85c47ec29e953b9e2418674

Scenario: Unsuccessfully start a tour for a participant who has finished their tour                         ?[90m# src/test/resources/ProcessBikeTours.feature:143?[0m
  ?[32mGiven ?[0m?[32mthe following BikeTourPlus system exists:?[0m                                                           ?[90m# ca.mcgill.ecse.biketourplus.features.BikeToursStepDefinitions.the_following_bike_tour_plus_system_exists(io.cucumber.datatable.DataTable)?[0m
  ?[32mGiven ?[0m?[32mthe following pieces of gear exist in the system:?[0m                                                   ?[90m# ca.mcgill.ecse.biketourplus.features.BikeToursStepDefinitions.the_following_pieces_of_gear_exist_in_the_system(io.cucumber.datatable.DataTable)?[0m
  ?[32mGiven ?[0m?[32mthe following combos exist in the system:?[0m                                                           ?[90m# ca.mcgill.ecse.biketourplus.features.BikeToursStepDefinitions.the_following_combos_exist_in_the_system(io.cucumber.datatable.DataTable)?[0m
  ?[32mGiven ?[0m?[32mthe following guides exist in the system:?[0m                                                           ?[90m# ca.mcgill.ecse.biketourplus.features.BikeToursStepDefinitions.the_following_guides_exist_in_the_system(io.cucumber.datatable.DataTable)?[0m
  ?[32mGiven ?[0m?[32mthe following participants exist in the system:?[0m                                                     ?[90m# ca.mcgill.ecse.biketourplus.features.BikeToursStepDefinitions.the_following_participants_exist_in_the_system(io.cucumber.datatable.DataTable)?[0m
  ?[32mGiven ?[0m?[32mthe following participants request the following pieces of gear:?[0m                                    ?[90m# ca.mcgill.ecse.biketourplus.features.BikeToursStepDefinitions.the_following_participants_request_the_following_pieces_of_gear(io.cucumber.datatable.DataTable)?[0m
  ?[32mGiven ?[0m?[32mthe following participants request the following combos:?[0m                                            ?[90m# ca.mcgill.ecse.biketourplus.features.BikeToursStepDefinitions.the_following_participants_request_the_following_combos(io.cucumber.datatable.DataTable)?[0m
Assigned
Assigned
Assigned
Assigned
  ?[32mGiven ?[0m?[32mthe following bike tours exist in the system:?[0m                                                       ?[90m# ca.mcgill.ecse.biketourplus.features.BikeToursStepDefinitions.the_following_bike_tours_exist_in_the_system(io.cucumber.datatable.DataTable)?[0m
  ?[32mGiven ?[0m?[32mthe participant with email ?[0m?[32m?[1m"emily@hotmail.ca"?[0m?[32m has finished their tour?[0m                               ?[90m# ca.mcgill.ecse.biketourplus.features.BikeToursStepDefinitions.the_participant_with_email_has_finished_their_tour(java.lang.String)?[0m
  ?[32mWhen ?[0m?[32mthe manager attempts to start the tours for week ?[0m?[32m?[1m"4"?[0m                                                 ?[90m# ca.mcgill.ecse.biketourplus.features.BikeToursStepDefinitions.the_manager_attempts_to_start_the_tours_for_week(java.lang.String)?[0m
<<<<<<< HEAD
  ?[31mThen ?[0m?[31mthe participant with email ?[0m?[31m?[1m"emily@hotmail.ca"?[0m?[31m shall be marked as ?[0m?[31m?[1m"Finished"?[0m                          ?[90m# ca.mcgill.ecse.biketourplus.features.BikeToursStepDefinitions.the_participant_with_email_shall_be_marked_as(java.lang.String,java.lang.String)?[0m
      ?[31morg.opentest4j.AssertionFailedError: expected: <Finished> but was: <NotAssigned>
	at org.junit.jupiter.api.AssertionUtils.fail(AssertionUtils.java:55)
	at org.junit.jupiter.api.AssertionUtils.failNotEqual(AssertionUtils.java:62)
	at org.junit.jupiter.api.AssertEquals.assertEquals(AssertEquals.java:182)
	at org.junit.jupiter.api.AssertEquals.assertEquals(AssertEquals.java:177)
	at org.junit.jupiter.api.Assertions.assertEquals(Assertions.java:1124)
	at ca.mcgill.ecse.biketourplus.features.BikeToursStepDefinitions.the_participant_with_email_shall_be_marked_as(BikeToursStepDefinitions.java:109)
	at âœ½.the participant with email "emily@hotmail.ca" shall be marked as "Finished"(file:///C:/Users/alexa/ecse223-group-project-p7/src/test/resources/ProcessBikeTours.feature:146)
?[0m
  ?[36mThen ?[0m?[36mthe system shall raise the error ?[0m?[36m?[1m"Cannot start tour because the participant has finished their tour"?[0m ?[90m# ca.mcgill.ecse.biketourplus.features.BikeToursStepDefinitions.the_system_shall_raise_the_error(java.lang.String)?[0m
=======
  ?[32mThen ?[0m?[32mthe participant with email ?[0m?[32m?[1m"emily@hotmail.ca"?[0m?[32m shall be marked as ?[0m?[32m?[1m"Finished"?[0m                          ?[90m# ca.mcgill.ecse.biketourplus.features.BikeToursStepDefinitions.the_participant_with_email_shall_be_marked_as(java.lang.String,java.lang.String)?[0m
  ?[32mThen ?[0m?[32mthe system shall raise the error ?[0m?[32m?[1m"Cannot start tour because the participant has finished their tour"?[0m ?[90m# ca.mcgill.ecse.biketourplus.features.BikeToursStepDefinitions.the_system_shall_raise_the_error(java.lang.String)?[0m
>>>>>>> d4b4bca9468a8a36e85c47ec29e953b9e2418674

Scenario Outline: Successfully finish tour for participant                                        ?[90m# src/test/resources/ProcessBikeTours.feature:158?[0m
  ?[32mGiven ?[0m?[32mthe following BikeTourPlus system exists:?[0m                                                 ?[90m# ca.mcgill.ecse.biketourplus.features.BikeToursStepDefinitions.the_following_bike_tour_plus_system_exists(io.cucumber.datatable.DataTable)?[0m
  ?[32mGiven ?[0m?[32mthe following pieces of gear exist in the system:?[0m                                         ?[90m# ca.mcgill.ecse.biketourplus.features.BikeToursStepDefinitions.the_following_pieces_of_gear_exist_in_the_system(io.cucumber.datatable.DataTable)?[0m
  ?[32mGiven ?[0m?[32mthe following combos exist in the system:?[0m                                                 ?[90m# ca.mcgill.ecse.biketourplus.features.BikeToursStepDefinitions.the_following_combos_exist_in_the_system(io.cucumber.datatable.DataTable)?[0m
  ?[32mGiven ?[0m?[32mthe following guides exist in the system:?[0m                                                 ?[90m# ca.mcgill.ecse.biketourplus.features.BikeToursStepDefinitions.the_following_guides_exist_in_the_system(io.cucumber.datatable.DataTable)?[0m
  ?[32mGiven ?[0m?[32mthe following participants exist in the system:?[0m                                           ?[90m# ca.mcgill.ecse.biketourplus.features.BikeToursStepDefinitions.the_following_participants_exist_in_the_system(io.cucumber.datatable.DataTable)?[0m
  ?[32mGiven ?[0m?[32mthe following participants request the following pieces of gear:?[0m                          ?[90m# ca.mcgill.ecse.biketourplus.features.BikeToursStepDefinitions.the_following_participants_request_the_following_pieces_of_gear(io.cucumber.datatable.DataTable)?[0m
  ?[32mGiven ?[0m?[32mthe following participants request the following combos:?[0m                                  ?[90m# ca.mcgill.ecse.biketourplus.features.BikeToursStepDefinitions.the_following_participants_request_the_following_combos(io.cucumber.datatable.DataTable)?[0m
Assigned
Assigned
Assigned
Assigned
  ?[32mGiven ?[0m?[32mthe following bike tours exist in the system:?[0m                                             ?[90m# ca.mcgill.ecse.biketourplus.features.BikeToursStepDefinitions.the_following_bike_tours_exist_in_the_system(io.cucumber.datatable.DataTable)?[0m
  ?[32mGiven ?[0m?[32mthe participant with email ?[0m?[32m?[1m"alice@gmail.com"?[0m?[32m has started their tour?[0m                       ?[90m# ca.mcgill.ecse.biketourplus.features.BikeToursStepDefinitions.the_participant_with_email_has_started_their_tour(java.lang.String)?[0m
  ?[32mWhen ?[0m?[32mthe manager attempts to finish the tour for the participant with email ?[0m?[32m?[1m"alice@gmail.com"?[0m   ?[90m# ca.mcgill.ecse.biketourplus.features.BikeToursStepDefinitions.the_manager_attempts_to_finish_the_tour_for_the_participant_with_email(java.lang.String)?[0m
<<<<<<< HEAD
  ?[31mThen ?[0m?[31mthe participant with email ?[0m?[31m?[1m"alice@gmail.com"?[0m?[31m shall be marked as ?[0m?[31m?[1m"Finished"?[0m                 ?[90m# ca.mcgill.ecse.biketourplus.features.BikeToursStepDefinitions.the_participant_with_email_shall_be_marked_as(java.lang.String,java.lang.String)?[0m
      ?[31morg.opentest4j.AssertionFailedError: expected: <Finished> but was: <NotAssigned>
	at org.junit.jupiter.api.AssertionUtils.fail(AssertionUtils.java:55)
	at org.junit.jupiter.api.AssertionUtils.failNotEqual(AssertionUtils.java:62)
	at org.junit.jupiter.api.AssertEquals.assertEquals(AssertEquals.java:182)
	at org.junit.jupiter.api.AssertEquals.assertEquals(AssertEquals.java:177)
	at org.junit.jupiter.api.Assertions.assertEquals(Assertions.java:1124)
	at ca.mcgill.ecse.biketourplus.features.BikeToursStepDefinitions.the_participant_with_email_shall_be_marked_as(BikeToursStepDefinitions.java:109)
	at âœ½.the participant with email "alice@gmail.com" shall be marked as "Finished"(file:///C:/Users/alexa/ecse223-group-project-p7/src/test/resources/ProcessBikeTours.feature:153)
?[0m
  ?[36mThen ?[0m?[36ma participant account shall exist with email ?[0m?[36m?[1m"alice@gmail.com"?[0m?[36m and a refund of ?[0m?[36m?[1m"0"?[0m?[36m percent?[0m ?[90m# ca.mcgill.ecse.biketourplus.features.BikeToursStepDefinitions.a_participant_account_shall_exist_with_email_and_a_refund_of_percent(java.lang.String,java.lang.String)?[0m
=======
  ?[32mThen ?[0m?[32mthe participant with email ?[0m?[32m?[1m"alice@gmail.com"?[0m?[32m shall be marked as ?[0m?[32m?[1m"Finished"?[0m                 ?[90m# ca.mcgill.ecse.biketourplus.features.BikeToursStepDefinitions.the_participant_with_email_shall_be_marked_as(java.lang.String,java.lang.String)?[0m
  ?[32mThen ?[0m?[32ma participant account shall exist with email ?[0m?[32m?[1m"alice@gmail.com"?[0m?[32m and a refund of ?[0m?[32m?[1m"0"?[0m?[32m percent?[0m ?[90m# ca.mcgill.ecse.biketourplus.features.BikeToursStepDefinitions.a_participant_account_shall_exist_with_email_and_a_refund_of_percent(java.lang.String,java.lang.String)?[0m
>>>>>>> d4b4bca9468a8a36e85c47ec29e953b9e2418674

Scenario Outline: Successfully finish tour for participant                                           ?[90m# src/test/resources/ProcessBikeTours.feature:159?[0m
  ?[32mGiven ?[0m?[32mthe following BikeTourPlus system exists:?[0m                                                    ?[90m# ca.mcgill.ecse.biketourplus.features.BikeToursStepDefinitions.the_following_bike_tour_plus_system_exists(io.cucumber.datatable.DataTable)?[0m
  ?[32mGiven ?[0m?[32mthe following pieces of gear exist in the system:?[0m                                            ?[90m# ca.mcgill.ecse.biketourplus.features.BikeToursStepDefinitions.the_following_pieces_of_gear_exist_in_the_system(io.cucumber.datatable.DataTable)?[0m
  ?[32mGiven ?[0m?[32mthe following combos exist in the system:?[0m                                                    ?[90m# ca.mcgill.ecse.biketourplus.features.BikeToursStepDefinitions.the_following_combos_exist_in_the_system(io.cucumber.datatable.DataTable)?[0m
  ?[32mGiven ?[0m?[32mthe following guides exist in the system:?[0m                                                    ?[90m# ca.mcgill.ecse.biketourplus.features.BikeToursStepDefinitions.the_following_guides_exist_in_the_system(io.cucumber.datatable.DataTable)?[0m
  ?[32mGiven ?[0m?[32mthe following participants exist in the system:?[0m                                              ?[90m# ca.mcgill.ecse.biketourplus.features.BikeToursStepDefinitions.the_following_participants_exist_in_the_system(io.cucumber.datatable.DataTable)?[0m
  ?[32mGiven ?[0m?[32mthe following participants request the following pieces of gear:?[0m                             ?[90m# ca.mcgill.ecse.biketourplus.features.BikeToursStepDefinitions.the_following_participants_request_the_following_pieces_of_gear(io.cucumber.datatable.DataTable)?[0m
  ?[32mGiven ?[0m?[32mthe following participants request the following combos:?[0m                                     ?[90m# ca.mcgill.ecse.biketourplus.features.BikeToursStepDefinitions.the_following_participants_request_the_following_combos(io.cucumber.datatable.DataTable)?[0m
Assigned
Assigned
Assigned
Assigned
  ?[32mGiven ?[0m?[32mthe following bike tours exist in the system:?[0m                                                ?[90m# ca.mcgill.ecse.biketourplus.features.BikeToursStepDefinitions.the_following_bike_tours_exist_in_the_system(io.cucumber.datatable.DataTable)?[0m
  ?[32mGiven ?[0m?[32mthe participant with email ?[0m?[32m?[1m"charlie@hotmail.ca"?[0m?[32m has started their tour?[0m                       ?[90m# ca.mcgill.ecse.biketourplus.features.BikeToursStepDefinitions.the_participant_with_email_has_started_their_tour(java.lang.String)?[0m
  ?[32mWhen ?[0m?[32mthe manager attempts to finish the tour for the participant with email ?[0m?[32m?[1m"charlie@hotmail.ca"?[0m   ?[90m# ca.mcgill.ecse.biketourplus.features.BikeToursStepDefinitions.the_manager_attempts_to_finish_the_tour_for_the_participant_with_email(java.lang.String)?[0m
<<<<<<< HEAD
  ?[31mThen ?[0m?[31mthe participant with email ?[0m?[31m?[1m"charlie@hotmail.ca"?[0m?[31m shall be marked as ?[0m?[31m?[1m"Finished"?[0m                 ?[90m# ca.mcgill.ecse.biketourplus.features.BikeToursStepDefinitions.the_participant_with_email_shall_be_marked_as(java.lang.String,java.lang.String)?[0m
      ?[31morg.opentest4j.AssertionFailedError: expected: <Finished> but was: <NotAssigned>
	at org.junit.jupiter.api.AssertionUtils.fail(AssertionUtils.java:55)
	at org.junit.jupiter.api.AssertionUtils.failNotEqual(AssertionUtils.java:62)
	at org.junit.jupiter.api.AssertEquals.assertEquals(AssertEquals.java:182)
	at org.junit.jupiter.api.AssertEquals.assertEquals(AssertEquals.java:177)
	at org.junit.jupiter.api.Assertions.assertEquals(Assertions.java:1124)
	at ca.mcgill.ecse.biketourplus.features.BikeToursStepDefinitions.the_participant_with_email_shall_be_marked_as(BikeToursStepDefinitions.java:109)
	at âœ½.the participant with email "charlie@hotmail.ca" shall be marked as "Finished"(file:///C:/Users/alexa/ecse223-group-project-p7/src/test/resources/ProcessBikeTours.feature:153)
?[0m
  ?[36mThen ?[0m?[36ma participant account shall exist with email ?[0m?[36m?[1m"charlie@hotmail.ca"?[0m?[36m and a refund of ?[0m?[36m?[1m"0"?[0m?[36m percent?[0m ?[90m# ca.mcgill.ecse.biketourplus.features.BikeToursStepDefinitions.a_participant_account_shall_exist_with_email_and_a_refund_of_percent(java.lang.String,java.lang.String)?[0m
=======
  ?[32mThen ?[0m?[32mthe participant with email ?[0m?[32m?[1m"charlie@hotmail.ca"?[0m?[32m shall be marked as ?[0m?[32m?[1m"Finished"?[0m                 ?[90m# ca.mcgill.ecse.biketourplus.features.BikeToursStepDefinitions.the_participant_with_email_shall_be_marked_as(java.lang.String,java.lang.String)?[0m
  ?[32mThen ?[0m?[32ma participant account shall exist with email ?[0m?[32m?[1m"charlie@hotmail.ca"?[0m?[32m and a refund of ?[0m?[32m?[1m"0"?[0m?[32m percent?[0m ?[90m# ca.mcgill.ecse.biketourplus.features.BikeToursStepDefinitions.a_participant_account_shall_exist_with_email_and_a_refund_of_percent(java.lang.String,java.lang.String)?[0m
>>>>>>> d4b4bca9468a8a36e85c47ec29e953b9e2418674

Scenario: Unsuccessfully finish tour for participant with an email address that does not exist              ?[90m# src/test/resources/ProcessBikeTours.feature:161?[0m
  ?[32mGiven ?[0m?[32mthe following BikeTourPlus system exists:?[0m                                                           ?[90m# ca.mcgill.ecse.biketourplus.features.BikeToursStepDefinitions.the_following_bike_tour_plus_system_exists(io.cucumber.datatable.DataTable)?[0m
  ?[32mGiven ?[0m?[32mthe following pieces of gear exist in the system:?[0m                                                   ?[90m# ca.mcgill.ecse.biketourplus.features.BikeToursStepDefinitions.the_following_pieces_of_gear_exist_in_the_system(io.cucumber.datatable.DataTable)?[0m
  ?[32mGiven ?[0m?[32mthe following combos exist in the system:?[0m                                                           ?[90m# ca.mcgill.ecse.biketourplus.features.BikeToursStepDefinitions.the_following_combos_exist_in_the_system(io.cucumber.datatable.DataTable)?[0m
  ?[32mGiven ?[0m?[32mthe following guides exist in the system:?[0m                                                           ?[90m# ca.mcgill.ecse.biketourplus.features.BikeToursStepDefinitions.the_following_guides_exist_in_the_system(io.cucumber.datatable.DataTable)?[0m
  ?[32mGiven ?[0m?[32mthe following participants exist in the system:?[0m                                                     ?[90m# ca.mcgill.ecse.biketourplus.features.BikeToursStepDefinitions.the_following_participants_exist_in_the_system(io.cucumber.datatable.DataTable)?[0m
  ?[32mGiven ?[0m?[32mthe following participants request the following pieces of gear:?[0m                                    ?[90m# ca.mcgill.ecse.biketourplus.features.BikeToursStepDefinitions.the_following_participants_request_the_following_pieces_of_gear(io.cucumber.datatable.DataTable)?[0m
  ?[32mGiven ?[0m?[32mthe following participants request the following combos:?[0m                                            ?[90m# ca.mcgill.ecse.biketourplus.features.BikeToursStepDefinitions.the_following_participants_request_the_following_combos(io.cucumber.datatable.DataTable)?[0m
Assigned
Assigned
Assigned
Assigned
  ?[32mGiven ?[0m?[32mthe following bike tours exist in the system:?[0m                                                       ?[90m# ca.mcgill.ecse.biketourplus.features.BikeToursStepDefinitions.the_following_bike_tours_exist_in_the_system(io.cucumber.datatable.DataTable)?[0m
  ?[32mWhen ?[0m?[32mthe manager attempts to finish the tour for the participant with email ?[0m?[32m?[1m"nonexisting@mail.ca"?[0m         ?[90m# ca.mcgill.ecse.biketourplus.features.BikeToursStepDefinitions.the_manager_attempts_to_finish_the_tour_for_the_participant_with_email(java.lang.String)?[0m
  ?[32mThen ?[0m?[32ma participant account shall not exist with email ?[0m?[32m?[1m"nonexisting@mail.ca"?[0m                               ?[90m# ca.mcgill.ecse.biketourplus.features.BikeToursStepDefinitions.a_participant_account_shall_not_exist_with_email(java.lang.String)?[0m
  ?[32mThen ?[0m?[32mthe number of participants shall be ?[0m?[32m?[1m"5"?[0m                                                              ?[90m# ca.mcgill.ecse.biketourplus.features.BikeToursStepDefinitions.the_number_of_participants_shall_be(java.lang.String)?[0m
  ?[32mThen ?[0m?[32mthe system shall raise the error ?[0m?[32m?[1m"Participant with email address nonexisting@mail.ca does not exist"?[0m ?[90m# ca.mcgill.ecse.biketourplus.features.BikeToursStepDefinitions.the_system_shall_raise_the_error(java.lang.String)?[0m

Scenario: Unsuccessfully finish a tour for participant who has not been assigned to their tour                  ?[90m# src/test/resources/ProcessBikeTours.feature:167?[0m
  ?[32mGiven ?[0m?[32mthe following BikeTourPlus system exists:?[0m                                                               ?[90m# ca.mcgill.ecse.biketourplus.features.BikeToursStepDefinitions.the_following_bike_tour_plus_system_exists(io.cucumber.datatable.DataTable)?[0m
  ?[32mGiven ?[0m?[32mthe following pieces of gear exist in the system:?[0m                                                       ?[90m# ca.mcgill.ecse.biketourplus.features.BikeToursStepDefinitions.the_following_pieces_of_gear_exist_in_the_system(io.cucumber.datatable.DataTable)?[0m
  ?[32mGiven ?[0m?[32mthe following combos exist in the system:?[0m                                                               ?[90m# ca.mcgill.ecse.biketourplus.features.BikeToursStepDefinitions.the_following_combos_exist_in_the_system(io.cucumber.datatable.DataTable)?[0m
  ?[32mGiven ?[0m?[32mthe following guides exist in the system:?[0m                                                               ?[90m# ca.mcgill.ecse.biketourplus.features.BikeToursStepDefinitions.the_following_guides_exist_in_the_system(io.cucumber.datatable.DataTable)?[0m
  ?[32mGiven ?[0m?[32mthe following participants exist in the system:?[0m                                                         ?[90m# ca.mcgill.ecse.biketourplus.features.BikeToursStepDefinitions.the_following_participants_exist_in_the_system(io.cucumber.datatable.DataTable)?[0m
  ?[32mGiven ?[0m?[32mthe following participants request the following pieces of gear:?[0m                                        ?[90m# ca.mcgill.ecse.biketourplus.features.BikeToursStepDefinitions.the_following_participants_request_the_following_pieces_of_gear(io.cucumber.datatable.DataTable)?[0m
  ?[32mGiven ?[0m?[32mthe following participants request the following combos:?[0m                                                ?[90m# ca.mcgill.ecse.biketourplus.features.BikeToursStepDefinitions.the_following_participants_request_the_following_combos(io.cucumber.datatable.DataTable)?[0m
Assigned
Assigned
Assigned
Assigned
  ?[32mGiven ?[0m?[32mthe following bike tours exist in the system:?[0m                                                           ?[90m# ca.mcgill.ecse.biketourplus.features.BikeToursStepDefinitions.the_following_bike_tours_exist_in_the_system(io.cucumber.datatable.DataTable)?[0m
<<<<<<< HEAD
  ?[32mWhen ?[0m?[32mthe manager attempts to finish the tour for the participant with email ?[0m?[32m?[1m"new@hotmail.com"?[0m                 ?[90m# ca.mcgill.ecse.biketourplus.features.BikeToursStepDefinitions.the_manager_attempts_to_finish_the_tour_for_the_participant_with_email(java.lang.String)?[0m
  ?[31mThen ?[0m?[31mthe participant with ?[0m?[31m?[1m"new@hotmail.com"?[0m?[31m shall be marked as ?[0m?[31m?[1m"NotAssigned"?[0m                                  ?[90m# ca.mcgill.ecse.biketourplus.features.BikeToursStepDefinitions.the_participant_with_shall_be_marked_as(java.lang.String,java.lang.String)?[0m
      ?[31morg.opentest4j.AssertionFailedError: expected: not <null>
	at org.junit.jupiter.api.AssertionUtils.fail(AssertionUtils.java:39)
	at org.junit.jupiter.api.Assertions.fail(Assertions.java:117)
	at org.junit.jupiter.api.AssertNotNull.failNull(AssertNotNull.java:47)
	at org.junit.jupiter.api.AssertNotNull.assertNotNull(AssertNotNull.java:36)
	at org.junit.jupiter.api.AssertNotNull.assertNotNull(AssertNotNull.java:31)
	at org.junit.jupiter.api.Assertions.assertNotNull(Assertions.java:283)
	at ca.mcgill.ecse.biketourplus.features.BikeToursStepDefinitions.the_participant_with_shall_be_marked_as(BikeToursStepDefinitions.java:314)
	at âœ½.the participant with "new@hotmail.com" shall be marked as "NotAssigned"(file:///C:/Users/alexa/ecse223-group-project-p7/src/test/resources/ProcessBikeTours.feature:169)
?[0m
  ?[36mThen ?[0m?[36mthe system shall raise the error ?[0m?[36m?[1m"Cannot finish a tour for a participant who has not started their tour"?[0m ?[90m# ca.mcgill.ecse.biketourplus.features.BikeToursStepDefinitions.the_system_shall_raise_the_error(java.lang.String)?[0m
=======
  ?[32mWhen ?[0m?[32mthe manager attempts to finish the tour for the participant with email ?[0m?[32m?[1m"new@hotmail.ca"?[0m                  ?[90m# ca.mcgill.ecse.biketourplus.features.BikeToursStepDefinitions.the_manager_attempts_to_finish_the_tour_for_the_participant_with_email(java.lang.String)?[0m
  ?[32mThen ?[0m?[32mthe participant with email ?[0m?[32m?[1m"new@hotmail.ca"?[0m?[32m shall be marked as ?[0m?[32m?[1m"NotAssigned"?[0m                             ?[90m# ca.mcgill.ecse.biketourplus.features.BikeToursStepDefinitions.the_participant_with_email_shall_be_marked_as(java.lang.String,java.lang.String)?[0m
  ?[32mThen ?[0m?[32mthe system shall raise the error ?[0m?[32m?[1m"Cannot finish a tour for a participant who has not started their tour"?[0m ?[90m# ca.mcgill.ecse.biketourplus.features.BikeToursStepDefinitions.the_system_shall_raise_the_error(java.lang.String)?[0m
>>>>>>> d4b4bca9468a8a36e85c47ec29e953b9e2418674

Scenario: Unsuccessfully finish a tour for participant who has been assigned to their tour                      ?[90m# src/test/resources/ProcessBikeTours.feature:172?[0m
  ?[32mGiven ?[0m?[32mthe following BikeTourPlus system exists:?[0m                                                               ?[90m# ca.mcgill.ecse.biketourplus.features.BikeToursStepDefinitions.the_following_bike_tour_plus_system_exists(io.cucumber.datatable.DataTable)?[0m
  ?[32mGiven ?[0m?[32mthe following pieces of gear exist in the system:?[0m                                                       ?[90m# ca.mcgill.ecse.biketourplus.features.BikeToursStepDefinitions.the_following_pieces_of_gear_exist_in_the_system(io.cucumber.datatable.DataTable)?[0m
  ?[32mGiven ?[0m?[32mthe following combos exist in the system:?[0m                                                               ?[90m# ca.mcgill.ecse.biketourplus.features.BikeToursStepDefinitions.the_following_combos_exist_in_the_system(io.cucumber.datatable.DataTable)?[0m
  ?[32mGiven ?[0m?[32mthe following guides exist in the system:?[0m                                                               ?[90m# ca.mcgill.ecse.biketourplus.features.BikeToursStepDefinitions.the_following_guides_exist_in_the_system(io.cucumber.datatable.DataTable)?[0m
  ?[32mGiven ?[0m?[32mthe following participants exist in the system:?[0m                                                         ?[90m# ca.mcgill.ecse.biketourplus.features.BikeToursStepDefinitions.the_following_participants_exist_in_the_system(io.cucumber.datatable.DataTable)?[0m
  ?[32mGiven ?[0m?[32mthe following participants request the following pieces of gear:?[0m                                        ?[90m# ca.mcgill.ecse.biketourplus.features.BikeToursStepDefinitions.the_following_participants_request_the_following_pieces_of_gear(io.cucumber.datatable.DataTable)?[0m
  ?[32mGiven ?[0m?[32mthe following participants request the following combos:?[0m                                                ?[90m# ca.mcgill.ecse.biketourplus.features.BikeToursStepDefinitions.the_following_participants_request_the_following_combos(io.cucumber.datatable.DataTable)?[0m
Assigned
Assigned
Assigned
Assigned
  ?[32mGiven ?[0m?[32mthe following bike tours exist in the system:?[0m                                                           ?[90m# ca.mcgill.ecse.biketourplus.features.BikeToursStepDefinitions.the_following_bike_tours_exist_in_the_system(io.cucumber.datatable.DataTable)?[0m
  ?[32mWhen ?[0m?[32mthe manager attempts to finish the tour for the participant with email ?[0m?[32m?[1m"alice@gmail.com"?[0m                 ?[90m# ca.mcgill.ecse.biketourplus.features.BikeToursStepDefinitions.the_manager_attempts_to_finish_the_tour_for_the_participant_with_email(java.lang.String)?[0m
<<<<<<< HEAD
  ?[31mThen ?[0m?[31mthe participant with email ?[0m?[31m?[1m"alice@gmail.com"?[0m?[31m shall be marked as ?[0m?[31m?[1m"Assigned"?[0m                               ?[90m# ca.mcgill.ecse.biketourplus.features.BikeToursStepDefinitions.the_participant_with_email_shall_be_marked_as(java.lang.String,java.lang.String)?[0m
      ?[31morg.opentest4j.AssertionFailedError: expected: <Assigned> but was: <NotAssigned>
	at org.junit.jupiter.api.AssertionUtils.fail(AssertionUtils.java:55)
	at org.junit.jupiter.api.AssertionUtils.failNotEqual(AssertionUtils.java:62)
	at org.junit.jupiter.api.AssertEquals.assertEquals(AssertEquals.java:182)
	at org.junit.jupiter.api.AssertEquals.assertEquals(AssertEquals.java:177)
	at org.junit.jupiter.api.Assertions.assertEquals(Assertions.java:1124)
	at ca.mcgill.ecse.biketourplus.features.BikeToursStepDefinitions.the_participant_with_email_shall_be_marked_as(BikeToursStepDefinitions.java:109)
	at âœ½.the participant with email "alice@gmail.com" shall be marked as "Assigned"(file:///C:/Users/alexa/ecse223-group-project-p7/src/test/resources/ProcessBikeTours.feature:174)
?[0m
  ?[36mThen ?[0m?[36mthe system shall raise the error ?[0m?[36m?[1m"Cannot finish a tour for a participant who has not started their tour"?[0m ?[90m# ca.mcgill.ecse.biketourplus.features.BikeToursStepDefinitions.the_system_shall_raise_the_error(java.lang.String)?[0m
=======
  ?[32mThen ?[0m?[32mthe participant with email ?[0m?[32m?[1m"alice@gmail.com"?[0m?[32m shall be marked as ?[0m?[32m?[1m"Assigned"?[0m                               ?[90m# ca.mcgill.ecse.biketourplus.features.BikeToursStepDefinitions.the_participant_with_email_shall_be_marked_as(java.lang.String,java.lang.String)?[0m
  ?[32mThen ?[0m?[32mthe system shall raise the error ?[0m?[32m?[1m"Cannot finish a tour for a participant who has not started their tour"?[0m ?[90m# ca.mcgill.ecse.biketourplus.features.BikeToursStepDefinitions.the_system_shall_raise_the_error(java.lang.String)?[0m
>>>>>>> d4b4bca9468a8a36e85c47ec29e953b9e2418674

Scenario: Unsuccessfully finish a tour for participant who has paid                                             ?[90m# src/test/resources/ProcessBikeTours.feature:177?[0m
  ?[32mGiven ?[0m?[32mthe following BikeTourPlus system exists:?[0m                                                               ?[90m# ca.mcgill.ecse.biketourplus.features.BikeToursStepDefinitions.the_following_bike_tour_plus_system_exists(io.cucumber.datatable.DataTable)?[0m
  ?[32mGiven ?[0m?[32mthe following pieces of gear exist in the system:?[0m                                                       ?[90m# ca.mcgill.ecse.biketourplus.features.BikeToursStepDefinitions.the_following_pieces_of_gear_exist_in_the_system(io.cucumber.datatable.DataTable)?[0m
  ?[32mGiven ?[0m?[32mthe following combos exist in the system:?[0m                                                               ?[90m# ca.mcgill.ecse.biketourplus.features.BikeToursStepDefinitions.the_following_combos_exist_in_the_system(io.cucumber.datatable.DataTable)?[0m
  ?[32mGiven ?[0m?[32mthe following guides exist in the system:?[0m                                                               ?[90m# ca.mcgill.ecse.biketourplus.features.BikeToursStepDefinitions.the_following_guides_exist_in_the_system(io.cucumber.datatable.DataTable)?[0m
  ?[32mGiven ?[0m?[32mthe following participants exist in the system:?[0m                                                         ?[90m# ca.mcgill.ecse.biketourplus.features.BikeToursStepDefinitions.the_following_participants_exist_in_the_system(io.cucumber.datatable.DataTable)?[0m
  ?[32mGiven ?[0m?[32mthe following participants request the following pieces of gear:?[0m                                        ?[90m# ca.mcgill.ecse.biketourplus.features.BikeToursStepDefinitions.the_following_participants_request_the_following_pieces_of_gear(io.cucumber.datatable.DataTable)?[0m
  ?[32mGiven ?[0m?[32mthe following participants request the following combos:?[0m                                                ?[90m# ca.mcgill.ecse.biketourplus.features.BikeToursStepDefinitions.the_following_participants_request_the_following_combos(io.cucumber.datatable.DataTable)?[0m
Assigned
Assigned
Assigned
Assigned
  ?[32mGiven ?[0m?[32mthe following bike tours exist in the system:?[0m                                                           ?[90m# ca.mcgill.ecse.biketourplus.features.BikeToursStepDefinitions.the_following_bike_tours_exist_in_the_system(io.cucumber.datatable.DataTable)?[0m
  ?[32mGiven ?[0m?[32mthe participant with email ?[0m?[32m?[1m"charlie@hotmail.ca"?[0m?[32m has paid for their tour?[0m                                 ?[90m# ca.mcgill.ecse.biketourplus.features.BikeToursStepDefinitions.the_participant_with_email_has_paid_for_their_tour(java.lang.String)?[0m
  ?[32mWhen ?[0m?[32mthe manager attempts to finish the tour for the participant with email ?[0m?[32m?[1m"charlie@hotmail.ca"?[0m              ?[90m# ca.mcgill.ecse.biketourplus.features.BikeToursStepDefinitions.the_manager_attempts_to_finish_the_tour_for_the_participant_with_email(java.lang.String)?[0m
<<<<<<< HEAD
  ?[31mThen ?[0m?[31mthe participant with email ?[0m?[31m?[1m"charlie@hotmail.ca"?[0m?[31m shall be marked as ?[0m?[31m?[1m"Paid"?[0m                                ?[90m# ca.mcgill.ecse.biketourplus.features.BikeToursStepDefinitions.the_participant_with_email_shall_be_marked_as(java.lang.String,java.lang.String)?[0m
      ?[31morg.opentest4j.AssertionFailedError: expected: <Paid> but was: <NotAssigned>
	at org.junit.jupiter.api.AssertionUtils.fail(AssertionUtils.java:55)
	at org.junit.jupiter.api.AssertionUtils.failNotEqual(AssertionUtils.java:62)
	at org.junit.jupiter.api.AssertEquals.assertEquals(AssertEquals.java:182)
	at org.junit.jupiter.api.AssertEquals.assertEquals(AssertEquals.java:177)
	at org.junit.jupiter.api.Assertions.assertEquals(Assertions.java:1124)
	at ca.mcgill.ecse.biketourplus.features.BikeToursStepDefinitions.the_participant_with_email_shall_be_marked_as(BikeToursStepDefinitions.java:109)
	at âœ½.the participant with email "charlie@hotmail.ca" shall be marked as "Paid"(file:///C:/Users/alexa/ecse223-group-project-p7/src/test/resources/ProcessBikeTours.feature:180)
?[0m
  ?[36mThen ?[0m?[36mthe system shall raise the error ?[0m?[36m?[1m"Cannot finish a tour for a participant who has not started their tour"?[0m ?[90m# ca.mcgill.ecse.biketourplus.features.BikeToursStepDefinitions.the_system_shall_raise_the_error(java.lang.String)?[0m
=======
  ?[32mThen ?[0m?[32mthe participant with email ?[0m?[32m?[1m"charlie@hotmail.ca"?[0m?[32m shall be marked as ?[0m?[32m?[1m"Paid"?[0m                                ?[90m# ca.mcgill.ecse.biketourplus.features.BikeToursStepDefinitions.the_participant_with_email_shall_be_marked_as(java.lang.String,java.lang.String)?[0m
  ?[32mThen ?[0m?[32mthe system shall raise the error ?[0m?[32m?[1m"Cannot finish a tour for a participant who has not started their tour"?[0m ?[90m# ca.mcgill.ecse.biketourplus.features.BikeToursStepDefinitions.the_system_shall_raise_the_error(java.lang.String)?[0m
>>>>>>> d4b4bca9468a8a36e85c47ec29e953b9e2418674

Scenario: Unsuccessfully finish a tour for a banned participant                                  ?[90m# src/test/resources/ProcessBikeTours.feature:183?[0m
  ?[32mGiven ?[0m?[32mthe following BikeTourPlus system exists:?[0m                                                ?[90m# ca.mcgill.ecse.biketourplus.features.BikeToursStepDefinitions.the_following_bike_tour_plus_system_exists(io.cucumber.datatable.DataTable)?[0m
  ?[32mGiven ?[0m?[32mthe following pieces of gear exist in the system:?[0m                                        ?[90m# ca.mcgill.ecse.biketourplus.features.BikeToursStepDefinitions.the_following_pieces_of_gear_exist_in_the_system(io.cucumber.datatable.DataTable)?[0m
  ?[32mGiven ?[0m?[32mthe following combos exist in the system:?[0m                                                ?[90m# ca.mcgill.ecse.biketourplus.features.BikeToursStepDefinitions.the_following_combos_exist_in_the_system(io.cucumber.datatable.DataTable)?[0m
  ?[32mGiven ?[0m?[32mthe following guides exist in the system:?[0m                                                ?[90m# ca.mcgill.ecse.biketourplus.features.BikeToursStepDefinitions.the_following_guides_exist_in_the_system(io.cucumber.datatable.DataTable)?[0m
  ?[32mGiven ?[0m?[32mthe following participants exist in the system:?[0m                                          ?[90m# ca.mcgill.ecse.biketourplus.features.BikeToursStepDefinitions.the_following_participants_exist_in_the_system(io.cucumber.datatable.DataTable)?[0m
  ?[32mGiven ?[0m?[32mthe following participants request the following pieces of gear:?[0m                         ?[90m# ca.mcgill.ecse.biketourplus.features.BikeToursStepDefinitions.the_following_participants_request_the_following_pieces_of_gear(io.cucumber.datatable.DataTable)?[0m
  ?[32mGiven ?[0m?[32mthe following participants request the following combos:?[0m                                 ?[90m# ca.mcgill.ecse.biketourplus.features.BikeToursStepDefinitions.the_following_participants_request_the_following_combos(io.cucumber.datatable.DataTable)?[0m
Assigned
Assigned
Assigned
Assigned
  ?[32mGiven ?[0m?[32mthe following bike tours exist in the system:?[0m                                            ?[90m# ca.mcgill.ecse.biketourplus.features.BikeToursStepDefinitions.the_following_bike_tours_exist_in_the_system(io.cucumber.datatable.DataTable)?[0m
  ?[32mGiven ?[0m?[32mthe participant with email ?[0m?[32m?[1m"emily@hotmail.ca"?[0m?[32m is banned?[0m                                  ?[90m# ca.mcgill.ecse.biketourplus.features.BikeToursStepDefinitions.the_participant_with_email_is_banned(java.lang.String)?[0m
  ?[32mWhen ?[0m?[32mthe manager attempts to finish the tour for the participant with email ?[0m?[32m?[1m"emily@hotmail.ca"?[0m ?[90m# ca.mcgill.ecse.biketourplus.features.BikeToursStepDefinitions.the_manager_attempts_to_finish_the_tour_for_the_participant_with_email(java.lang.String)?[0m
<<<<<<< HEAD
  ?[31mThen ?[0m?[31mthe participant with email ?[0m?[31m?[1m"emily@hotmail.ca"?[0m?[31m shall be marked as ?[0m?[31m?[1m"Banned"?[0m                 ?[90m# ca.mcgill.ecse.biketourplus.features.BikeToursStepDefinitions.the_participant_with_email_shall_be_marked_as(java.lang.String,java.lang.String)?[0m
      ?[31morg.opentest4j.AssertionFailedError: expected: <Banned> but was: <NotAssigned>
	at org.junit.jupiter.api.AssertionUtils.fail(AssertionUtils.java:55)
	at org.junit.jupiter.api.AssertionUtils.failNotEqual(AssertionUtils.java:62)
	at org.junit.jupiter.api.AssertEquals.assertEquals(AssertEquals.java:182)
	at org.junit.jupiter.api.AssertEquals.assertEquals(AssertEquals.java:177)
	at org.junit.jupiter.api.Assertions.assertEquals(Assertions.java:1124)
	at ca.mcgill.ecse.biketourplus.features.BikeToursStepDefinitions.the_participant_with_email_shall_be_marked_as(BikeToursStepDefinitions.java:109)
	at âœ½.the participant with email "emily@hotmail.ca" shall be marked as "Banned"(file:///C:/Users/alexa/ecse223-group-project-p7/src/test/resources/ProcessBikeTours.feature:186)
?[0m
  ?[36mThen ?[0m?[36mthe system shall raise the error ?[0m?[36m?[1m"Cannot finish tour because the participant is banned"?[0m   ?[90m# ca.mcgill.ecse.biketourplus.features.BikeToursStepDefinitions.the_system_shall_raise_the_error(java.lang.String)?[0m
=======
  ?[32mThen ?[0m?[32mthe participant with email ?[0m?[32m?[1m"emily@hotmail.ca"?[0m?[32m shall be marked as ?[0m?[32m?[1m"Banned"?[0m                 ?[90m# ca.mcgill.ecse.biketourplus.features.BikeToursStepDefinitions.the_participant_with_email_shall_be_marked_as(java.lang.String,java.lang.String)?[0m
  ?[32mThen ?[0m?[32mthe system shall raise the error ?[0m?[32m?[1m"Cannot finish tour because the participant is banned"?[0m   ?[90m# ca.mcgill.ecse.biketourplus.features.BikeToursStepDefinitions.the_system_shall_raise_the_error(java.lang.String)?[0m
>>>>>>> d4b4bca9468a8a36e85c47ec29e953b9e2418674

Scenario: Unsuccessfully finish a tour for participant who has cancelled their tour                           ?[90m# src/test/resources/ProcessBikeTours.feature:189?[0m
  ?[32mGiven ?[0m?[32mthe following BikeTourPlus system exists:?[0m                                                             ?[90m# ca.mcgill.ecse.biketourplus.features.BikeToursStepDefinitions.the_following_bike_tour_plus_system_exists(io.cucumber.datatable.DataTable)?[0m
  ?[32mGiven ?[0m?[32mthe following pieces of gear exist in the system:?[0m                                                     ?[90m# ca.mcgill.ecse.biketourplus.features.BikeToursStepDefinitions.the_following_pieces_of_gear_exist_in_the_system(io.cucumber.datatable.DataTable)?[0m
  ?[32mGiven ?[0m?[32mthe following combos exist in the system:?[0m                                                             ?[90m# ca.mcgill.ecse.biketourplus.features.BikeToursStepDefinitions.the_following_combos_exist_in_the_system(io.cucumber.datatable.DataTable)?[0m
  ?[32mGiven ?[0m?[32mthe following guides exist in the system:?[0m                                                             ?[90m# ca.mcgill.ecse.biketourplus.features.BikeToursStepDefinitions.the_following_guides_exist_in_the_system(io.cucumber.datatable.DataTable)?[0m
  ?[32mGiven ?[0m?[32mthe following participants exist in the system:?[0m                                                       ?[90m# ca.mcgill.ecse.biketourplus.features.BikeToursStepDefinitions.the_following_participants_exist_in_the_system(io.cucumber.datatable.DataTable)?[0m
  ?[32mGiven ?[0m?[32mthe following participants request the following pieces of gear:?[0m                                      ?[90m# ca.mcgill.ecse.biketourplus.features.BikeToursStepDefinitions.the_following_participants_request_the_following_pieces_of_gear(io.cucumber.datatable.DataTable)?[0m
  ?[32mGiven ?[0m?[32mthe following participants request the following combos:?[0m                                              ?[90m# ca.mcgill.ecse.biketourplus.features.BikeToursStepDefinitions.the_following_participants_request_the_following_combos(io.cucumber.datatable.DataTable)?[0m
Assigned
Assigned
Assigned
Assigned
  ?[32mGiven ?[0m?[32mthe following bike tours exist in the system:?[0m                                                         ?[90m# ca.mcgill.ecse.biketourplus.features.BikeToursStepDefinitions.the_following_bike_tours_exist_in_the_system(io.cucumber.datatable.DataTable)?[0m
  ?[32mGiven ?[0m?[32mthe participant with email ?[0m?[32m?[1m"alice@gmail.com"?[0m?[32m has cancelled their tour?[0m                                 ?[90m# ca.mcgill.ecse.biketourplus.features.BikeToursStepDefinitions.the_participant_with_email_has_cancelled_their_tour(java.lang.String)?[0m
  ?[32mWhen ?[0m?[32mthe manager attempts to finish the tour for the participant with email ?[0m?[32m?[1m"alice@gmail.com"?[0m               ?[90m# ca.mcgill.ecse.biketourplus.features.BikeToursStepDefinitions.the_manager_attempts_to_finish_the_tour_for_the_participant_with_email(java.lang.String)?[0m
<<<<<<< HEAD
  ?[31mThen ?[0m?[31mthe participant with email ?[0m?[31m?[1m"alice@gmail.com"?[0m?[31m shall be marked as ?[0m?[31m?[1m"Cancelled"?[0m                            ?[90m# ca.mcgill.ecse.biketourplus.features.BikeToursStepDefinitions.the_participant_with_email_shall_be_marked_as(java.lang.String,java.lang.String)?[0m
      ?[31morg.opentest4j.AssertionFailedError: expected: <Cancelled> but was: <NotAssigned>
	at org.junit.jupiter.api.AssertionUtils.fail(AssertionUtils.java:55)
	at org.junit.jupiter.api.AssertionUtils.failNotEqual(AssertionUtils.java:62)
	at org.junit.jupiter.api.AssertEquals.assertEquals(AssertEquals.java:182)
	at org.junit.jupiter.api.AssertEquals.assertEquals(AssertEquals.java:177)
	at org.junit.jupiter.api.Assertions.assertEquals(Assertions.java:1124)
	at ca.mcgill.ecse.biketourplus.features.BikeToursStepDefinitions.the_participant_with_email_shall_be_marked_as(BikeToursStepDefinitions.java:109)
	at âœ½.the participant with email "alice@gmail.com" shall be marked as "Cancelled"(file:///C:/Users/alexa/ecse223-group-project-p7/src/test/resources/ProcessBikeTours.feature:192)
?[0m
  ?[36mThen ?[0m?[36mthe system shall raise the error ?[0m?[36m?[1m"Cannot finish tour because the participant has cancelled their tour"?[0m ?[90m# ca.mcgill.ecse.biketourplus.features.BikeToursStepDefinitions.the_system_shall_raise_the_error(java.lang.String)?[0m
=======
  ?[32mThen ?[0m?[32mthe participant with email ?[0m?[32m?[1m"alice@gmail.com"?[0m?[32m shall be marked as ?[0m?[32m?[1m"Cancelled"?[0m                            ?[90m# ca.mcgill.ecse.biketourplus.features.BikeToursStepDefinitions.the_participant_with_email_shall_be_marked_as(java.lang.String,java.lang.String)?[0m
  ?[32mThen ?[0m?[32mthe system shall raise the error ?[0m?[32m?[1m"Cannot finish tour because the participant has cancelled their tour"?[0m ?[90m# ca.mcgill.ecse.biketourplus.features.BikeToursStepDefinitions.the_system_shall_raise_the_error(java.lang.String)?[0m
>>>>>>> d4b4bca9468a8a36e85c47ec29e953b9e2418674

Scenario: Unsuccessfully finish a tour for participant who has finished their tour                                   ?[90m# src/test/resources/ProcessBikeTours.feature:195?[0m
  ?[32mGiven ?[0m?[32mthe following BikeTourPlus system exists:?[0m                                                                    ?[90m# ca.mcgill.ecse.biketourplus.features.BikeToursStepDefinitions.the_following_bike_tour_plus_system_exists(io.cucumber.datatable.DataTable)?[0m
  ?[32mGiven ?[0m?[32mthe following pieces of gear exist in the system:?[0m                                                            ?[90m# ca.mcgill.ecse.biketourplus.features.BikeToursStepDefinitions.the_following_pieces_of_gear_exist_in_the_system(io.cucumber.datatable.DataTable)?[0m
  ?[32mGiven ?[0m?[32mthe following combos exist in the system:?[0m                                                                    ?[90m# ca.mcgill.ecse.biketourplus.features.BikeToursStepDefinitions.the_following_combos_exist_in_the_system(io.cucumber.datatable.DataTable)?[0m
  ?[32mGiven ?[0m?[32mthe following guides exist in the system:?[0m                                                                    ?[90m# ca.mcgill.ecse.biketourplus.features.BikeToursStepDefinitions.the_following_guides_exist_in_the_system(io.cucumber.datatable.DataTable)?[0m
  ?[32mGiven ?[0m?[32mthe following participants exist in the system:?[0m                                                              ?[90m# ca.mcgill.ecse.biketourplus.features.BikeToursStepDefinitions.the_following_participants_exist_in_the_system(io.cucumber.datatable.DataTable)?[0m
  ?[32mGiven ?[0m?[32mthe following participants request the following pieces of gear:?[0m                                             ?[90m# ca.mcgill.ecse.biketourplus.features.BikeToursStepDefinitions.the_following_participants_request_the_following_pieces_of_gear(io.cucumber.datatable.DataTable)?[0m
  ?[32mGiven ?[0m?[32mthe following participants request the following combos:?[0m                                                     ?[90m# ca.mcgill.ecse.biketourplus.features.BikeToursStepDefinitions.the_following_participants_request_the_following_combos(io.cucumber.datatable.DataTable)?[0m
Assigned
Assigned
Assigned
Assigned
  ?[32mGiven ?[0m?[32mthe following bike tours exist in the system:?[0m                                                                ?[90m# ca.mcgill.ecse.biketourplus.features.BikeToursStepDefinitions.the_following_bike_tours_exist_in_the_system(io.cucumber.datatable.DataTable)?[0m
  ?[32mGiven ?[0m?[32mthe participant with email ?[0m?[32m?[1m"alice@gmail.com"?[0m?[32m has finished their tour?[0m                                         ?[90m# ca.mcgill.ecse.biketourplus.features.BikeToursStepDefinitions.the_participant_with_email_has_finished_their_tour(java.lang.String)?[0m
  ?[32mWhen ?[0m?[32mthe manager attempts to finish the tour for the participant with email ?[0m?[32m?[1m"alice@gmail.com"?[0m                      ?[90m# ca.mcgill.ecse.biketourplus.features.BikeToursStepDefinitions.the_manager_attempts_to_finish_the_tour_for_the_participant_with_email(java.lang.String)?[0m
<<<<<<< HEAD
  ?[31mThen ?[0m?[31mthe participant with email ?[0m?[31m?[1m"alice@gmail.com"?[0m?[31m shall be marked as ?[0m?[31m?[1m"Finished"?[0m                                    ?[90m# ca.mcgill.ecse.biketourplus.features.BikeToursStepDefinitions.the_participant_with_email_shall_be_marked_as(java.lang.String,java.lang.String)?[0m
      ?[31morg.opentest4j.AssertionFailedError: expected: <Finished> but was: <NotAssigned>
	at org.junit.jupiter.api.AssertionUtils.fail(AssertionUtils.java:55)
	at org.junit.jupiter.api.AssertionUtils.failNotEqual(AssertionUtils.java:62)
	at org.junit.jupiter.api.AssertEquals.assertEquals(AssertEquals.java:182)
	at org.junit.jupiter.api.AssertEquals.assertEquals(AssertEquals.java:177)
	at org.junit.jupiter.api.Assertions.assertEquals(Assertions.java:1124)
	at ca.mcgill.ecse.biketourplus.features.BikeToursStepDefinitions.the_participant_with_email_shall_be_marked_as(BikeToursStepDefinitions.java:109)
	at âœ½.the participant with email "alice@gmail.com" shall be marked as "Finished"(file:///C:/Users/alexa/ecse223-group-project-p7/src/test/resources/ProcessBikeTours.feature:198)
?[0m
  ?[36mThen ?[0m?[36mthe system shall raise the error ?[0m?[36m?[1m"Cannot finish tour because the participant has already finished their tour"?[0m ?[90m# ca.mcgill.ecse.biketourplus.features.BikeToursStepDefinitions.the_system_shall_raise_the_error(java.lang.String)?[0m

Scenario: Successfully cancel tour for participant who has not been assigned to their tour        ?[90m# src/test/resources/ProcessBikeTours.feature:202?[0m
  ?[32mGiven ?[0m?[32mthe following BikeTourPlus system exists:?[0m                                                 ?[90m# ca.mcgill.ecse.biketourplus.features.BikeToursStepDefinitions.the_following_bike_tour_plus_system_exists(io.cucumber.datatable.DataTable)?[0m
  ?[32mGiven ?[0m?[32mthe following pieces of gear exist in the system:?[0m                                         ?[90m# ca.mcgill.ecse.biketourplus.features.BikeToursStepDefinitions.the_following_pieces_of_gear_exist_in_the_system(io.cucumber.datatable.DataTable)?[0m
  ?[32mGiven ?[0m?[32mthe following combos exist in the system:?[0m                                                 ?[90m# ca.mcgill.ecse.biketourplus.features.BikeToursStepDefinitions.the_following_combos_exist_in_the_system(io.cucumber.datatable.DataTable)?[0m
  ?[32mGiven ?[0m?[32mthe following guides exist in the system:?[0m                                                 ?[90m# ca.mcgill.ecse.biketourplus.features.BikeToursStepDefinitions.the_following_guides_exist_in_the_system(io.cucumber.datatable.DataTable)?[0m
  ?[32mGiven ?[0m?[32mthe following participants exist in the system:?[0m                                           ?[90m# ca.mcgill.ecse.biketourplus.features.BikeToursStepDefinitions.the_following_participants_exist_in_the_system(io.cucumber.datatable.DataTable)?[0m
  ?[32mGiven ?[0m?[32mthe following participants request the following pieces of gear:?[0m                          ?[90m# ca.mcgill.ecse.biketourplus.features.BikeToursStepDefinitions.the_following_participants_request_the_following_pieces_of_gear(io.cucumber.datatable.DataTable)?[0m
  ?[32mGiven ?[0m?[32mthe following participants request the following combos:?[0m                                  ?[90m# ca.mcgill.ecse.biketourplus.features.BikeToursStepDefinitions.the_following_participants_request_the_following_combos(io.cucumber.datatable.DataTable)?[0m
  ?[32mGiven ?[0m?[32mthe following bike tours exist in the system:?[0m                                             ?[90m# ca.mcgill.ecse.biketourplus.features.BikeToursStepDefinitions.the_following_bike_tours_exist_in_the_system(io.cucumber.datatable.DataTable)?[0m
  ?[32mWhen ?[0m?[32mthe manager attempts to cancel the tour for email ?[0m?[32m?[1m"new@hotmail.com"?[0m                        ?[90m# ca.mcgill.ecse.biketourplus.features.BikeToursStepDefinitions.the_manager_attempts_to_cancel_the_tour_for_email(java.lang.String)?[0m
  ?[31mThen ?[0m?[31mthe participant with ?[0m?[31m?[1m"new@hotmail.com"?[0m?[31m shall be marked as ?[0m?[31m?[1m"Cancelled"?[0m                      ?[90m# ca.mcgill.ecse.biketourplus.features.BikeToursStepDefinitions.the_participant_with_shall_be_marked_as(java.lang.String,java.lang.String)?[0m
      ?[31morg.opentest4j.AssertionFailedError: expected: not <null>
	at org.junit.jupiter.api.AssertionUtils.fail(AssertionUtils.java:39)
	at org.junit.jupiter.api.Assertions.fail(Assertions.java:117)
	at org.junit.jupiter.api.AssertNotNull.failNull(AssertNotNull.java:47)
	at org.junit.jupiter.api.AssertNotNull.assertNotNull(AssertNotNull.java:36)
	at org.junit.jupiter.api.AssertNotNull.assertNotNull(AssertNotNull.java:31)
	at org.junit.jupiter.api.Assertions.assertNotNull(Assertions.java:283)
	at ca.mcgill.ecse.biketourplus.features.BikeToursStepDefinitions.the_participant_with_shall_be_marked_as(BikeToursStepDefinitions.java:314)
	at âœ½.the participant with "new@hotmail.com" shall be marked as "Cancelled"(file:///C:/Users/alexa/ecse223-group-project-p7/src/test/resources/ProcessBikeTours.feature:204)
?[0m
  ?[36mThen ?[0m?[36ma participant account shall exist with email ?[0m?[36m?[1m"new@hotmail.com"?[0m?[36m and a refund of ?[0m?[36m?[1m"0"?[0m?[36m percent?[0m ?[90m# ca.mcgill.ecse.biketourplus.features.BikeToursStepDefinitions.a_participant_account_shall_exist_with_email_and_a_refund_of_percent(java.lang.String,java.lang.String)?[0m
=======
  ?[32mThen ?[0m?[32mthe participant with email ?[0m?[32m?[1m"alice@gmail.com"?[0m?[32m shall be marked as ?[0m?[32m?[1m"Finished"?[0m                                    ?[90m# ca.mcgill.ecse.biketourplus.features.BikeToursStepDefinitions.the_participant_with_email_shall_be_marked_as(java.lang.String,java.lang.String)?[0m
  ?[32mThen ?[0m?[32mthe system shall raise the error ?[0m?[32m?[1m"Cannot finish tour because the participant has already finished their tour"?[0m ?[90m# ca.mcgill.ecse.biketourplus.features.BikeToursStepDefinitions.the_system_shall_raise_the_error(java.lang.String)?[0m

Scenario: Successfully cancel tour for participant who has not been assigned to their tour       ?[90m# src/test/resources/ProcessBikeTours.feature:202?[0m
  ?[32mGiven ?[0m?[32mthe following BikeTourPlus system exists:?[0m                                                ?[90m# ca.mcgill.ecse.biketourplus.features.BikeToursStepDefinitions.the_following_bike_tour_plus_system_exists(io.cucumber.datatable.DataTable)?[0m
  ?[32mGiven ?[0m?[32mthe following pieces of gear exist in the system:?[0m                                        ?[90m# ca.mcgill.ecse.biketourplus.features.BikeToursStepDefinitions.the_following_pieces_of_gear_exist_in_the_system(io.cucumber.datatable.DataTable)?[0m
  ?[32mGiven ?[0m?[32mthe following combos exist in the system:?[0m                                                ?[90m# ca.mcgill.ecse.biketourplus.features.BikeToursStepDefinitions.the_following_combos_exist_in_the_system(io.cucumber.datatable.DataTable)?[0m
  ?[32mGiven ?[0m?[32mthe following guides exist in the system:?[0m                                                ?[90m# ca.mcgill.ecse.biketourplus.features.BikeToursStepDefinitions.the_following_guides_exist_in_the_system(io.cucumber.datatable.DataTable)?[0m
  ?[32mGiven ?[0m?[32mthe following participants exist in the system:?[0m                                          ?[90m# ca.mcgill.ecse.biketourplus.features.BikeToursStepDefinitions.the_following_participants_exist_in_the_system(io.cucumber.datatable.DataTable)?[0m
  ?[32mGiven ?[0m?[32mthe following participants request the following pieces of gear:?[0m                         ?[90m# ca.mcgill.ecse.biketourplus.features.BikeToursStepDefinitions.the_following_participants_request_the_following_pieces_of_gear(io.cucumber.datatable.DataTable)?[0m
  ?[32mGiven ?[0m?[32mthe following participants request the following combos:?[0m                                 ?[90m# ca.mcgill.ecse.biketourplus.features.BikeToursStepDefinitions.the_following_participants_request_the_following_combos(io.cucumber.datatable.DataTable)?[0m
Assigned
Assigned
Assigned
Assigned
  ?[32mGiven ?[0m?[32mthe following bike tours exist in the system:?[0m                                            ?[90m# ca.mcgill.ecse.biketourplus.features.BikeToursStepDefinitions.the_following_bike_tours_exist_in_the_system(io.cucumber.datatable.DataTable)?[0m
  ?[32mWhen ?[0m?[32mthe manager attempts to cancel the tour for email ?[0m?[32m?[1m"new@hotmail.ca"?[0m                        ?[90m# ca.mcgill.ecse.biketourplus.features.BikeToursStepDefinitions.the_manager_attempts_to_cancel_the_tour_for_email(java.lang.String)?[0m
  ?[32mThen ?[0m?[32mthe participant with email ?[0m?[32m?[1m"new@hotmail.ca"?[0m?[32m shall be marked as ?[0m?[32m?[1m"Cancelled"?[0m                ?[90m# ca.mcgill.ecse.biketourplus.features.BikeToursStepDefinitions.the_participant_with_email_shall_be_marked_as(java.lang.String,java.lang.String)?[0m
  ?[32mThen ?[0m?[32ma participant account shall exist with email ?[0m?[32m?[1m"new@hotmail.ca"?[0m?[32m and a refund of ?[0m?[32m?[1m"0"?[0m?[32m percent?[0m ?[90m# ca.mcgill.ecse.biketourplus.features.BikeToursStepDefinitions.a_participant_account_shall_exist_with_email_and_a_refund_of_percent(java.lang.String,java.lang.String)?[0m
>>>>>>> d4b4bca9468a8a36e85c47ec29e953b9e2418674

Scenario Outline: Successfully cancel tour for participant who has been assigned to their tour    ?[90m# src/test/resources/ProcessBikeTours.feature:214?[0m
  ?[32mGiven ?[0m?[32mthe following BikeTourPlus system exists:?[0m                                                 ?[90m# ca.mcgill.ecse.biketourplus.features.BikeToursStepDefinitions.the_following_bike_tour_plus_system_exists(io.cucumber.datatable.DataTable)?[0m
  ?[32mGiven ?[0m?[32mthe following pieces of gear exist in the system:?[0m                                         ?[90m# ca.mcgill.ecse.biketourplus.features.BikeToursStepDefinitions.the_following_pieces_of_gear_exist_in_the_system(io.cucumber.datatable.DataTable)?[0m
  ?[32mGiven ?[0m?[32mthe following combos exist in the system:?[0m                                                 ?[90m# ca.mcgill.ecse.biketourplus.features.BikeToursStepDefinitions.the_following_combos_exist_in_the_system(io.cucumber.datatable.DataTable)?[0m
  ?[32mGiven ?[0m?[32mthe following guides exist in the system:?[0m                                                 ?[90m# ca.mcgill.ecse.biketourplus.features.BikeToursStepDefinitions.the_following_guides_exist_in_the_system(io.cucumber.datatable.DataTable)?[0m
  ?[32mGiven ?[0m?[32mthe following participants exist in the system:?[0m                                           ?[90m# ca.mcgill.ecse.biketourplus.features.BikeToursStepDefinitions.the_following_participants_exist_in_the_system(io.cucumber.datatable.DataTable)?[0m
  ?[32mGiven ?[0m?[32mthe following participants request the following pieces of gear:?[0m                          ?[90m# ca.mcgill.ecse.biketourplus.features.BikeToursStepDefinitions.the_following_participants_request_the_following_pieces_of_gear(io.cucumber.datatable.DataTable)?[0m
  ?[32mGiven ?[0m?[32mthe following participants request the following combos:?[0m                                  ?[90m# ca.mcgill.ecse.biketourplus.features.BikeToursStepDefinitions.the_following_participants_request_the_following_combos(io.cucumber.datatable.DataTable)?[0m
Assigned
Assigned
Assigned
Assigned
  ?[32mGiven ?[0m?[32mthe following bike tours exist in the system:?[0m                                             ?[90m# ca.mcgill.ecse.biketourplus.features.BikeToursStepDefinitions.the_following_bike_tours_exist_in_the_system(io.cucumber.datatable.DataTable)?[0m
  ?[32mWhen ?[0m?[32mthe manager attempts to cancel the tour for email ?[0m?[32m?[1m"alice@gmail.com"?[0m                        ?[90m# ca.mcgill.ecse.biketourplus.features.BikeToursStepDefinitions.the_manager_attempts_to_cancel_the_tour_for_email(java.lang.String)?[0m
<<<<<<< HEAD
  ?[31mThen ?[0m?[31mthe participant with ?[0m?[31m?[1m"alice@gmail.com"?[0m?[31m shall be marked as ?[0m?[31m?[1m"Cancelled"?[0m                      ?[90m# ca.mcgill.ecse.biketourplus.features.BikeToursStepDefinitions.the_participant_with_shall_be_marked_as(java.lang.String,java.lang.String)?[0m
      ?[31morg.opentest4j.AssertionFailedError: expected: <Cancelled> but was: <NotAssigned>
	at org.junit.jupiter.api.AssertionUtils.fail(AssertionUtils.java:55)
	at org.junit.jupiter.api.AssertionUtils.failNotEqual(AssertionUtils.java:62)
	at org.junit.jupiter.api.AssertEquals.assertEquals(AssertEquals.java:182)
	at org.junit.jupiter.api.AssertEquals.assertEquals(AssertEquals.java:177)
	at org.junit.jupiter.api.Assertions.assertEquals(Assertions.java:1124)
	at ca.mcgill.ecse.biketourplus.features.BikeToursStepDefinitions.the_participant_with_shall_be_marked_as(BikeToursStepDefinitions.java:315)
	at âœ½.the participant with "alice@gmail.com" shall be marked as "Cancelled"(file:///C:/Users/alexa/ecse223-group-project-p7/src/test/resources/ProcessBikeTours.feature:209)
?[0m
  ?[36mThen ?[0m?[36ma participant account shall exist with email ?[0m?[36m?[1m"alice@gmail.com"?[0m?[36m and a refund of ?[0m?[36m?[1m"0"?[0m?[36m percent?[0m ?[90m# ca.mcgill.ecse.biketourplus.features.BikeToursStepDefinitions.a_participant_account_shall_exist_with_email_and_a_refund_of_percent(java.lang.String,java.lang.String)?[0m
=======
  ?[32mThen ?[0m?[32mthe participant with email ?[0m?[32m?[1m"alice@gmail.com"?[0m?[32m shall be marked as ?[0m?[32m?[1m"Cancelled"?[0m                ?[90m# ca.mcgill.ecse.biketourplus.features.BikeToursStepDefinitions.the_participant_with_email_shall_be_marked_as(java.lang.String,java.lang.String)?[0m
  ?[32mThen ?[0m?[32ma participant account shall exist with email ?[0m?[32m?[1m"alice@gmail.com"?[0m?[32m and a refund of ?[0m?[32m?[1m"0"?[0m?[32m percent?[0m ?[90m# ca.mcgill.ecse.biketourplus.features.BikeToursStepDefinitions.a_participant_account_shall_exist_with_email_and_a_refund_of_percent(java.lang.String,java.lang.String)?[0m
>>>>>>> d4b4bca9468a8a36e85c47ec29e953b9e2418674

Scenario Outline: Successfully cancel tour for participant who has been assigned to their tour       ?[90m# src/test/resources/ProcessBikeTours.feature:215?[0m
  ?[32mGiven ?[0m?[32mthe following BikeTourPlus system exists:?[0m                                                    ?[90m# ca.mcgill.ecse.biketourplus.features.BikeToursStepDefinitions.the_following_bike_tour_plus_system_exists(io.cucumber.datatable.DataTable)?[0m
  ?[32mGiven ?[0m?[32mthe following pieces of gear exist in the system:?[0m                                            ?[90m# ca.mcgill.ecse.biketourplus.features.BikeToursStepDefinitions.the_following_pieces_of_gear_exist_in_the_system(io.cucumber.datatable.DataTable)?[0m
  ?[32mGiven ?[0m?[32mthe following combos exist in the system:?[0m                                                    ?[90m# ca.mcgill.ecse.biketourplus.features.BikeToursStepDefinitions.the_following_combos_exist_in_the_system(io.cucumber.datatable.DataTable)?[0m
  ?[32mGiven ?[0m?[32mthe following guides exist in the system:?[0m                                                    ?[90m# ca.mcgill.ecse.biketourplus.features.BikeToursStepDefinitions.the_following_guides_exist_in_the_system(io.cucumber.datatable.DataTable)?[0m
  ?[32mGiven ?[0m?[32mthe following participants exist in the system:?[0m                                              ?[90m# ca.mcgill.ecse.biketourplus.features.BikeToursStepDefinitions.the_following_participants_exist_in_the_system(io.cucumber.datatable.DataTable)?[0m
  ?[32mGiven ?[0m?[32mthe following participants request the following pieces of gear:?[0m                             ?[90m# ca.mcgill.ecse.biketourplus.features.BikeToursStepDefinitions.the_following_participants_request_the_following_pieces_of_gear(io.cucumber.datatable.DataTable)?[0m
  ?[32mGiven ?[0m?[32mthe following participants request the following combos:?[0m                                     ?[90m# ca.mcgill.ecse.biketourplus.features.BikeToursStepDefinitions.the_following_participants_request_the_following_combos(io.cucumber.datatable.DataTable)?[0m
Assigned
Assigned
Assigned
Assigned
  ?[32mGiven ?[0m?[32mthe following bike tours exist in the system:?[0m                                                ?[90m# ca.mcgill.ecse.biketourplus.features.BikeToursStepDefinitions.the_following_bike_tours_exist_in_the_system(io.cucumber.datatable.DataTable)?[0m
  ?[32mWhen ?[0m?[32mthe manager attempts to cancel the tour for email ?[0m?[32m?[1m"charlie@hotmail.ca"?[0m                        ?[90m# ca.mcgill.ecse.biketourplus.features.BikeToursStepDefinitions.the_manager_attempts_to_cancel_the_tour_for_email(java.lang.String)?[0m
<<<<<<< HEAD
  ?[31mThen ?[0m?[31mthe participant with ?[0m?[31m?[1m"charlie@hotmail.ca"?[0m?[31m shall be marked as ?[0m?[31m?[1m"Cancelled"?[0m                      ?[90m# ca.mcgill.ecse.biketourplus.features.BikeToursStepDefinitions.the_participant_with_shall_be_marked_as(java.lang.String,java.lang.String)?[0m
      ?[31morg.opentest4j.AssertionFailedError: expected: <Cancelled> but was: <NotAssigned>
	at org.junit.jupiter.api.AssertionUtils.fail(AssertionUtils.java:55)
	at org.junit.jupiter.api.AssertionUtils.failNotEqual(AssertionUtils.java:62)
	at org.junit.jupiter.api.AssertEquals.assertEquals(AssertEquals.java:182)
	at org.junit.jupiter.api.AssertEquals.assertEquals(AssertEquals.java:177)
	at org.junit.jupiter.api.Assertions.assertEquals(Assertions.java:1124)
	at ca.mcgill.ecse.biketourplus.features.BikeToursStepDefinitions.the_participant_with_shall_be_marked_as(BikeToursStepDefinitions.java:315)
	at âœ½.the participant with "charlie@hotmail.ca" shall be marked as "Cancelled"(file:///C:/Users/alexa/ecse223-group-project-p7/src/test/resources/ProcessBikeTours.feature:209)
?[0m
  ?[36mThen ?[0m?[36ma participant account shall exist with email ?[0m?[36m?[1m"charlie@hotmail.ca"?[0m?[36m and a refund of ?[0m?[36m?[1m"0"?[0m?[36m percent?[0m ?[90m# ca.mcgill.ecse.biketourplus.features.BikeToursStepDefinitions.a_participant_account_shall_exist_with_email_and_a_refund_of_percent(java.lang.String,java.lang.String)?[0m
=======
  ?[32mThen ?[0m?[32mthe participant with email ?[0m?[32m?[1m"charlie@hotmail.ca"?[0m?[32m shall be marked as ?[0m?[32m?[1m"Cancelled"?[0m                ?[90m# ca.mcgill.ecse.biketourplus.features.BikeToursStepDefinitions.the_participant_with_email_shall_be_marked_as(java.lang.String,java.lang.String)?[0m
  ?[32mThen ?[0m?[32ma participant account shall exist with email ?[0m?[32m?[1m"charlie@hotmail.ca"?[0m?[32m and a refund of ?[0m?[32m?[1m"0"?[0m?[32m percent?[0m ?[90m# ca.mcgill.ecse.biketourplus.features.BikeToursStepDefinitions.a_participant_account_shall_exist_with_email_and_a_refund_of_percent(java.lang.String,java.lang.String)?[0m
>>>>>>> d4b4bca9468a8a36e85c47ec29e953b9e2418674

Scenario Outline: Successfully cancel tour for participant who has paid                            ?[90m# src/test/resources/ProcessBikeTours.feature:225?[0m
  ?[32mGiven ?[0m?[32mthe following BikeTourPlus system exists:?[0m                                                  ?[90m# ca.mcgill.ecse.biketourplus.features.BikeToursStepDefinitions.the_following_bike_tour_plus_system_exists(io.cucumber.datatable.DataTable)?[0m
  ?[32mGiven ?[0m?[32mthe following pieces of gear exist in the system:?[0m                                          ?[90m# ca.mcgill.ecse.biketourplus.features.BikeToursStepDefinitions.the_following_pieces_of_gear_exist_in_the_system(io.cucumber.datatable.DataTable)?[0m
  ?[32mGiven ?[0m?[32mthe following combos exist in the system:?[0m                                                  ?[90m# ca.mcgill.ecse.biketourplus.features.BikeToursStepDefinitions.the_following_combos_exist_in_the_system(io.cucumber.datatable.DataTable)?[0m
  ?[32mGiven ?[0m?[32mthe following guides exist in the system:?[0m                                                  ?[90m# ca.mcgill.ecse.biketourplus.features.BikeToursStepDefinitions.the_following_guides_exist_in_the_system(io.cucumber.datatable.DataTable)?[0m
  ?[32mGiven ?[0m?[32mthe following participants exist in the system:?[0m                                            ?[90m# ca.mcgill.ecse.biketourplus.features.BikeToursStepDefinitions.the_following_participants_exist_in_the_system(io.cucumber.datatable.DataTable)?[0m
  ?[32mGiven ?[0m?[32mthe following participants request the following pieces of gear:?[0m                           ?[90m# ca.mcgill.ecse.biketourplus.features.BikeToursStepDefinitions.the_following_participants_request_the_following_pieces_of_gear(io.cucumber.datatable.DataTable)?[0m
  ?[32mGiven ?[0m?[32mthe following participants request the following combos:?[0m                                   ?[90m# ca.mcgill.ecse.biketourplus.features.BikeToursStepDefinitions.the_following_participants_request_the_following_combos(io.cucumber.datatable.DataTable)?[0m
Assigned
Assigned
Assigned
Assigned
  ?[32mGiven ?[0m?[32mthe following bike tours exist in the system:?[0m                                              ?[90m# ca.mcgill.ecse.biketourplus.features.BikeToursStepDefinitions.the_following_bike_tours_exist_in_the_system(io.cucumber.datatable.DataTable)?[0m
  ?[32mGiven ?[0m?[32mthe participant with email ?[0m?[32m?[1m"alice@gmail.com"?[0m?[32m has paid for their tour?[0m                       ?[90m# ca.mcgill.ecse.biketourplus.features.BikeToursStepDefinitions.the_participant_with_email_has_paid_for_their_tour(java.lang.String)?[0m
  ?[32mWhen ?[0m?[32mthe manager attempts to cancel the tour for email ?[0m?[32m?[1m"alice@gmail.com"?[0m                         ?[90m# ca.mcgill.ecse.biketourplus.features.BikeToursStepDefinitions.the_manager_attempts_to_cancel_the_tour_for_email(java.lang.String)?[0m
<<<<<<< HEAD
  ?[31mThen ?[0m?[31mthe participant with email ?[0m?[31m?[1m"alice@gmail.com"?[0m?[31m shall be marked as ?[0m?[31m?[1m"Cancelled"?[0m                 ?[90m# ca.mcgill.ecse.biketourplus.features.BikeToursStepDefinitions.the_participant_with_email_shall_be_marked_as(java.lang.String,java.lang.String)?[0m
      ?[31morg.opentest4j.AssertionFailedError: expected: <Cancelled> but was: <NotAssigned>
	at org.junit.jupiter.api.AssertionUtils.fail(AssertionUtils.java:55)
	at org.junit.jupiter.api.AssertionUtils.failNotEqual(AssertionUtils.java:62)
	at org.junit.jupiter.api.AssertEquals.assertEquals(AssertEquals.java:182)
	at org.junit.jupiter.api.AssertEquals.assertEquals(AssertEquals.java:177)
	at org.junit.jupiter.api.Assertions.assertEquals(Assertions.java:1124)
	at ca.mcgill.ecse.biketourplus.features.BikeToursStepDefinitions.the_participant_with_email_shall_be_marked_as(BikeToursStepDefinitions.java:109)
	at âœ½.the participant with email "alice@gmail.com" shall be marked as "Cancelled"(file:///C:/Users/alexa/ecse223-group-project-p7/src/test/resources/ProcessBikeTours.feature:220)
?[0m
  ?[36mThen ?[0m?[36ma participant account shall exist with email ?[0m?[36m?[1m"alice@gmail.com"?[0m?[36m and a refund of ?[0m?[36m?[1m"50"?[0m?[36m percent?[0m ?[90m# ca.mcgill.ecse.biketourplus.features.BikeToursStepDefinitions.a_participant_account_shall_exist_with_email_and_a_refund_of_percent(java.lang.String,java.lang.String)?[0m
=======
  ?[32mThen ?[0m?[32mthe participant with email ?[0m?[32m?[1m"alice@gmail.com"?[0m?[32m shall be marked as ?[0m?[32m?[1m"Cancelled"?[0m                 ?[90m# ca.mcgill.ecse.biketourplus.features.BikeToursStepDefinitions.the_participant_with_email_shall_be_marked_as(java.lang.String,java.lang.String)?[0m
  ?[32mThen ?[0m?[32ma participant account shall exist with email ?[0m?[32m?[1m"alice@gmail.com"?[0m?[32m and a refund of ?[0m?[32m?[1m"50"?[0m?[32m percent?[0m ?[90m# ca.mcgill.ecse.biketourplus.features.BikeToursStepDefinitions.a_participant_account_shall_exist_with_email_and_a_refund_of_percent(java.lang.String,java.lang.String)?[0m
>>>>>>> d4b4bca9468a8a36e85c47ec29e953b9e2418674

Scenario Outline: Successfully cancel tour for participant who has paid                               ?[90m# src/test/resources/ProcessBikeTours.feature:226?[0m
  ?[32mGiven ?[0m?[32mthe following BikeTourPlus system exists:?[0m                                                     ?[90m# ca.mcgill.ecse.biketourplus.features.BikeToursStepDefinitions.the_following_bike_tour_plus_system_exists(io.cucumber.datatable.DataTable)?[0m
  ?[32mGiven ?[0m?[32mthe following pieces of gear exist in the system:?[0m                                             ?[90m# ca.mcgill.ecse.biketourplus.features.BikeToursStepDefinitions.the_following_pieces_of_gear_exist_in_the_system(io.cucumber.datatable.DataTable)?[0m
  ?[32mGiven ?[0m?[32mthe following combos exist in the system:?[0m                                                     ?[90m# ca.mcgill.ecse.biketourplus.features.BikeToursStepDefinitions.the_following_combos_exist_in_the_system(io.cucumber.datatable.DataTable)?[0m
  ?[32mGiven ?[0m?[32mthe following guides exist in the system:?[0m                                                     ?[90m# ca.mcgill.ecse.biketourplus.features.BikeToursStepDefinitions.the_following_guides_exist_in_the_system(io.cucumber.datatable.DataTable)?[0m
  ?[32mGiven ?[0m?[32mthe following participants exist in the system:?[0m                                               ?[90m# ca.mcgill.ecse.biketourplus.features.BikeToursStepDefinitions.the_following_participants_exist_in_the_system(io.cucumber.datatable.DataTable)?[0m
  ?[32mGiven ?[0m?[32mthe following participants request the following pieces of gear:?[0m                              ?[90m# ca.mcgill.ecse.biketourplus.features.BikeToursStepDefinitions.the_following_participants_request_the_following_pieces_of_gear(io.cucumber.datatable.DataTable)?[0m
  ?[32mGiven ?[0m?[32mthe following participants request the following combos:?[0m                                      ?[90m# ca.mcgill.ecse.biketourplus.features.BikeToursStepDefinitions.the_following_participants_request_the_following_combos(io.cucumber.datatable.DataTable)?[0m
Assigned
Assigned
Assigned
Assigned
  ?[32mGiven ?[0m?[32mthe following bike tours exist in the system:?[0m                                                 ?[90m# ca.mcgill.ecse.biketourplus.features.BikeToursStepDefinitions.the_following_bike_tours_exist_in_the_system(io.cucumber.datatable.DataTable)?[0m
  ?[32mGiven ?[0m?[32mthe participant with email ?[0m?[32m?[1m"charlie@hotmail.ca"?[0m?[32m has paid for their tour?[0m                       ?[90m# ca.mcgill.ecse.biketourplus.features.BikeToursStepDefinitions.the_participant_with_email_has_paid_for_their_tour(java.lang.String)?[0m
  ?[32mWhen ?[0m?[32mthe manager attempts to cancel the tour for email ?[0m?[32m?[1m"charlie@hotmail.ca"?[0m                         ?[90m# ca.mcgill.ecse.biketourplus.features.BikeToursStepDefinitions.the_manager_attempts_to_cancel_the_tour_for_email(java.lang.String)?[0m
<<<<<<< HEAD
  ?[31mThen ?[0m?[31mthe participant with email ?[0m?[31m?[1m"charlie@hotmail.ca"?[0m?[31m shall be marked as ?[0m?[31m?[1m"Cancelled"?[0m                 ?[90m# ca.mcgill.ecse.biketourplus.features.BikeToursStepDefinitions.the_participant_with_email_shall_be_marked_as(java.lang.String,java.lang.String)?[0m
      ?[31morg.opentest4j.AssertionFailedError: expected: <Cancelled> but was: <NotAssigned>
	at org.junit.jupiter.api.AssertionUtils.fail(AssertionUtils.java:55)
	at org.junit.jupiter.api.AssertionUtils.failNotEqual(AssertionUtils.java:62)
	at org.junit.jupiter.api.AssertEquals.assertEquals(AssertEquals.java:182)
	at org.junit.jupiter.api.AssertEquals.assertEquals(AssertEquals.java:177)
	at org.junit.jupiter.api.Assertions.assertEquals(Assertions.java:1124)
	at ca.mcgill.ecse.biketourplus.features.BikeToursStepDefinitions.the_participant_with_email_shall_be_marked_as(BikeToursStepDefinitions.java:109)
	at âœ½.the participant with email "charlie@hotmail.ca" shall be marked as "Cancelled"(file:///C:/Users/alexa/ecse223-group-project-p7/src/test/resources/ProcessBikeTours.feature:220)
?[0m
  ?[36mThen ?[0m?[36ma participant account shall exist with email ?[0m?[36m?[1m"charlie@hotmail.ca"?[0m?[36m and a refund of ?[0m?[36m?[1m"50"?[0m?[36m percent?[0m ?[90m# ca.mcgill.ecse.biketourplus.features.BikeToursStepDefinitions.a_participant_account_shall_exist_with_email_and_a_refund_of_percent(java.lang.String,java.lang.String)?[0m
=======
  ?[32mThen ?[0m?[32mthe participant with email ?[0m?[32m?[1m"charlie@hotmail.ca"?[0m?[32m shall be marked as ?[0m?[32m?[1m"Cancelled"?[0m                 ?[90m# ca.mcgill.ecse.biketourplus.features.BikeToursStepDefinitions.the_participant_with_email_shall_be_marked_as(java.lang.String,java.lang.String)?[0m
  ?[32mThen ?[0m?[32ma participant account shall exist with email ?[0m?[32m?[1m"charlie@hotmail.ca"?[0m?[32m and a refund of ?[0m?[32m?[1m"50"?[0m?[32m percent?[0m ?[90m# ca.mcgill.ecse.biketourplus.features.BikeToursStepDefinitions.a_participant_account_shall_exist_with_email_and_a_refund_of_percent(java.lang.String,java.lang.String)?[0m
>>>>>>> d4b4bca9468a8a36e85c47ec29e953b9e2418674

Scenario Outline: Successfully cancel tour for participant who has started their tour              ?[90m# src/test/resources/ProcessBikeTours.feature:236?[0m
  ?[32mGiven ?[0m?[32mthe following BikeTourPlus system exists:?[0m                                                  ?[90m# ca.mcgill.ecse.biketourplus.features.BikeToursStepDefinitions.the_following_bike_tour_plus_system_exists(io.cucumber.datatable.DataTable)?[0m
  ?[32mGiven ?[0m?[32mthe following pieces of gear exist in the system:?[0m                                          ?[90m# ca.mcgill.ecse.biketourplus.features.BikeToursStepDefinitions.the_following_pieces_of_gear_exist_in_the_system(io.cucumber.datatable.DataTable)?[0m
  ?[32mGiven ?[0m?[32mthe following combos exist in the system:?[0m                                                  ?[90m# ca.mcgill.ecse.biketourplus.features.BikeToursStepDefinitions.the_following_combos_exist_in_the_system(io.cucumber.datatable.DataTable)?[0m
  ?[32mGiven ?[0m?[32mthe following guides exist in the system:?[0m                                                  ?[90m# ca.mcgill.ecse.biketourplus.features.BikeToursStepDefinitions.the_following_guides_exist_in_the_system(io.cucumber.datatable.DataTable)?[0m
  ?[32mGiven ?[0m?[32mthe following participants exist in the system:?[0m                                            ?[90m# ca.mcgill.ecse.biketourplus.features.BikeToursStepDefinitions.the_following_participants_exist_in_the_system(io.cucumber.datatable.DataTable)?[0m
  ?[32mGiven ?[0m?[32mthe following participants request the following pieces of gear:?[0m                           ?[90m# ca.mcgill.ecse.biketourplus.features.BikeToursStepDefinitions.the_following_participants_request_the_following_pieces_of_gear(io.cucumber.datatable.DataTable)?[0m
  ?[32mGiven ?[0m?[32mthe following participants request the following combos:?[0m                                   ?[90m# ca.mcgill.ecse.biketourplus.features.BikeToursStepDefinitions.the_following_participants_request_the_following_combos(io.cucumber.datatable.DataTable)?[0m
Assigned
Assigned
Assigned
Assigned
  ?[32mGiven ?[0m?[32mthe following bike tours exist in the system:?[0m                                              ?[90m# ca.mcgill.ecse.biketourplus.features.BikeToursStepDefinitions.the_following_bike_tours_exist_in_the_system(io.cucumber.datatable.DataTable)?[0m
  ?[32mGiven ?[0m?[32mthe participant with email ?[0m?[32m?[1m"alice@gmail.com"?[0m?[32m has started their tour?[0m                        ?[90m# ca.mcgill.ecse.biketourplus.features.BikeToursStepDefinitions.the_participant_with_email_has_started_their_tour(java.lang.String)?[0m
  ?[32mWhen ?[0m?[32mthe manager attempts to cancel the tour for email ?[0m?[32m?[1m"alice@gmail.com"?[0m                         ?[90m# ca.mcgill.ecse.biketourplus.features.BikeToursStepDefinitions.the_manager_attempts_to_cancel_the_tour_for_email(java.lang.String)?[0m
<<<<<<< HEAD
  ?[31mThen ?[0m?[31mthe participant with ?[0m?[31m?[1m"alice@gmail.com"?[0m?[31m shall be marked as ?[0m?[31m?[1m"Cancelled"?[0m                       ?[90m# ca.mcgill.ecse.biketourplus.features.BikeToursStepDefinitions.the_participant_with_shall_be_marked_as(java.lang.String,java.lang.String)?[0m
      ?[31morg.opentest4j.AssertionFailedError: expected: <Cancelled> but was: <NotAssigned>
	at org.junit.jupiter.api.AssertionUtils.fail(AssertionUtils.java:55)
	at org.junit.jupiter.api.AssertionUtils.failNotEqual(AssertionUtils.java:62)
	at org.junit.jupiter.api.AssertEquals.assertEquals(AssertEquals.java:182)
	at org.junit.jupiter.api.AssertEquals.assertEquals(AssertEquals.java:177)
	at org.junit.jupiter.api.Assertions.assertEquals(Assertions.java:1124)
	at ca.mcgill.ecse.biketourplus.features.BikeToursStepDefinitions.the_participant_with_shall_be_marked_as(BikeToursStepDefinitions.java:315)
	at âœ½.the participant with "alice@gmail.com" shall be marked as "Cancelled"(file:///C:/Users/alexa/ecse223-group-project-p7/src/test/resources/ProcessBikeTours.feature:231)
?[0m
  ?[36mThen ?[0m?[36ma participant account shall exist with email ?[0m?[36m?[1m"alice@gmail.com"?[0m?[36m and a refund of ?[0m?[36m?[1m"10"?[0m?[36m percent?[0m ?[90m# ca.mcgill.ecse.biketourplus.features.BikeToursStepDefinitions.a_participant_account_shall_exist_with_email_and_a_refund_of_percent(java.lang.String,java.lang.String)?[0m
=======
  ?[32mThen ?[0m?[32mthe participant with email ?[0m?[32m?[1m"alice@gmail.com"?[0m?[32m shall be marked as ?[0m?[32m?[1m"Cancelled"?[0m                 ?[90m# ca.mcgill.ecse.biketourplus.features.BikeToursStepDefinitions.the_participant_with_email_shall_be_marked_as(java.lang.String,java.lang.String)?[0m
  ?[32mThen ?[0m?[32ma participant account shall exist with email ?[0m?[32m?[1m"alice@gmail.com"?[0m?[32m and a refund of ?[0m?[32m?[1m"10"?[0m?[32m percent?[0m ?[90m# ca.mcgill.ecse.biketourplus.features.BikeToursStepDefinitions.a_participant_account_shall_exist_with_email_and_a_refund_of_percent(java.lang.String,java.lang.String)?[0m
>>>>>>> d4b4bca9468a8a36e85c47ec29e953b9e2418674

Scenario Outline: Successfully cancel tour for participant who has started their tour                 ?[90m# src/test/resources/ProcessBikeTours.feature:237?[0m
  ?[32mGiven ?[0m?[32mthe following BikeTourPlus system exists:?[0m                                                     ?[90m# ca.mcgill.ecse.biketourplus.features.BikeToursStepDefinitions.the_following_bike_tour_plus_system_exists(io.cucumber.datatable.DataTable)?[0m
  ?[32mGiven ?[0m?[32mthe following pieces of gear exist in the system:?[0m                                             ?[90m# ca.mcgill.ecse.biketourplus.features.BikeToursStepDefinitions.the_following_pieces_of_gear_exist_in_the_system(io.cucumber.datatable.DataTable)?[0m
  ?[32mGiven ?[0m?[32mthe following combos exist in the system:?[0m                                                     ?[90m# ca.mcgill.ecse.biketourplus.features.BikeToursStepDefinitions.the_following_combos_exist_in_the_system(io.cucumber.datatable.DataTable)?[0m
  ?[32mGiven ?[0m?[32mthe following guides exist in the system:?[0m                                                     ?[90m# ca.mcgill.ecse.biketourplus.features.BikeToursStepDefinitions.the_following_guides_exist_in_the_system(io.cucumber.datatable.DataTable)?[0m
  ?[32mGiven ?[0m?[32mthe following participants exist in the system:?[0m                                               ?[90m# ca.mcgill.ecse.biketourplus.features.BikeToursStepDefinitions.the_following_participants_exist_in_the_system(io.cucumber.datatable.DataTable)?[0m
  ?[32mGiven ?[0m?[32mthe following participants request the following pieces of gear:?[0m                              ?[90m# ca.mcgill.ecse.biketourplus.features.BikeToursStepDefinitions.the_following_participants_request_the_following_pieces_of_gear(io.cucumber.datatable.DataTable)?[0m
  ?[32mGiven ?[0m?[32mthe following participants request the following combos:?[0m                                      ?[90m# ca.mcgill.ecse.biketourplus.features.BikeToursStepDefinitions.the_following_participants_request_the_following_combos(io.cucumber.datatable.DataTable)?[0m
Assigned
Assigned
Assigned
Assigned
  ?[32mGiven ?[0m?[32mthe following bike tours exist in the system:?[0m                                                 ?[90m# ca.mcgill.ecse.biketourplus.features.BikeToursStepDefinitions.the_following_bike_tours_exist_in_the_system(io.cucumber.datatable.DataTable)?[0m
  ?[32mGiven ?[0m?[32mthe participant with email ?[0m?[32m?[1m"charlie@hotmail.ca"?[0m?[32m has started their tour?[0m                        ?[90m# ca.mcgill.ecse.biketourplus.features.BikeToursStepDefinitions.the_participant_with_email_has_started_their_tour(java.lang.String)?[0m
  ?[32mWhen ?[0m?[32mthe manager attempts to cancel the tour for email ?[0m?[32m?[1m"charlie@hotmail.ca"?[0m                         ?[90m# ca.mcgill.ecse.biketourplus.features.BikeToursStepDefinitions.the_manager_attempts_to_cancel_the_tour_for_email(java.lang.String)?[0m
<<<<<<< HEAD
  ?[31mThen ?[0m?[31mthe participant with ?[0m?[31m?[1m"charlie@hotmail.ca"?[0m?[31m shall be marked as ?[0m?[31m?[1m"Cancelled"?[0m                       ?[90m# ca.mcgill.ecse.biketourplus.features.BikeToursStepDefinitions.the_participant_with_shall_be_marked_as(java.lang.String,java.lang.String)?[0m
      ?[31morg.opentest4j.AssertionFailedError: expected: <Cancelled> but was: <NotAssigned>
	at org.junit.jupiter.api.AssertionUtils.fail(AssertionUtils.java:55)
	at org.junit.jupiter.api.AssertionUtils.failNotEqual(AssertionUtils.java:62)
	at org.junit.jupiter.api.AssertEquals.assertEquals(AssertEquals.java:182)
	at org.junit.jupiter.api.AssertEquals.assertEquals(AssertEquals.java:177)
	at org.junit.jupiter.api.Assertions.assertEquals(Assertions.java:1124)
	at ca.mcgill.ecse.biketourplus.features.BikeToursStepDefinitions.the_participant_with_shall_be_marked_as(BikeToursStepDefinitions.java:315)
	at âœ½.the participant with "charlie@hotmail.ca" shall be marked as "Cancelled"(file:///C:/Users/alexa/ecse223-group-project-p7/src/test/resources/ProcessBikeTours.feature:231)
?[0m
  ?[36mThen ?[0m?[36ma participant account shall exist with email ?[0m?[36m?[1m"charlie@hotmail.ca"?[0m?[36m and a refund of ?[0m?[36m?[1m"10"?[0m?[36m percent?[0m ?[90m# ca.mcgill.ecse.biketourplus.features.BikeToursStepDefinitions.a_participant_account_shall_exist_with_email_and_a_refund_of_percent(java.lang.String,java.lang.String)?[0m
=======
  ?[32mThen ?[0m?[32mthe participant with email ?[0m?[32m?[1m"charlie@hotmail.ca"?[0m?[32m shall be marked as ?[0m?[32m?[1m"Cancelled"?[0m                 ?[90m# ca.mcgill.ecse.biketourplus.features.BikeToursStepDefinitions.the_participant_with_email_shall_be_marked_as(java.lang.String,java.lang.String)?[0m
  ?[32mThen ?[0m?[32ma participant account shall exist with email ?[0m?[32m?[1m"charlie@hotmail.ca"?[0m?[32m and a refund of ?[0m?[32m?[1m"10"?[0m?[32m percent?[0m ?[90m# ca.mcgill.ecse.biketourplus.features.BikeToursStepDefinitions.a_participant_account_shall_exist_with_email_and_a_refund_of_percent(java.lang.String,java.lang.String)?[0m
>>>>>>> d4b4bca9468a8a36e85c47ec29e953b9e2418674

Scenario Outline: Unsuccessfully cancel tour for participant with an email address that does not exist  ?[90m# src/test/resources/ProcessBikeTours.feature:247?[0m
  ?[32mGiven ?[0m?[32mthe following BikeTourPlus system exists:?[0m                                                       ?[90m# ca.mcgill.ecse.biketourplus.features.BikeToursStepDefinitions.the_following_bike_tour_plus_system_exists(io.cucumber.datatable.DataTable)?[0m
  ?[32mGiven ?[0m?[32mthe following pieces of gear exist in the system:?[0m                                               ?[90m# ca.mcgill.ecse.biketourplus.features.BikeToursStepDefinitions.the_following_pieces_of_gear_exist_in_the_system(io.cucumber.datatable.DataTable)?[0m
  ?[32mGiven ?[0m?[32mthe following combos exist in the system:?[0m                                                       ?[90m# ca.mcgill.ecse.biketourplus.features.BikeToursStepDefinitions.the_following_combos_exist_in_the_system(io.cucumber.datatable.DataTable)?[0m
  ?[32mGiven ?[0m?[32mthe following guides exist in the system:?[0m                                                       ?[90m# ca.mcgill.ecse.biketourplus.features.BikeToursStepDefinitions.the_following_guides_exist_in_the_system(io.cucumber.datatable.DataTable)?[0m
  ?[32mGiven ?[0m?[32mthe following participants exist in the system:?[0m                                                 ?[90m# ca.mcgill.ecse.biketourplus.features.BikeToursStepDefinitions.the_following_participants_exist_in_the_system(io.cucumber.datatable.DataTable)?[0m
  ?[32mGiven ?[0m?[32mthe following participants request the following pieces of gear:?[0m                                ?[90m# ca.mcgill.ecse.biketourplus.features.BikeToursStepDefinitions.the_following_participants_request_the_following_pieces_of_gear(io.cucumber.datatable.DataTable)?[0m
  ?[32mGiven ?[0m?[32mthe following participants request the following combos:?[0m                                        ?[90m# ca.mcgill.ecse.biketourplus.features.BikeToursStepDefinitions.the_following_participants_request_the_following_combos(io.cucumber.datatable.DataTable)?[0m
Assigned
Assigned
Assigned
Assigned
  ?[32mGiven ?[0m?[32mthe following bike tours exist in the system:?[0m                                                   ?[90m# ca.mcgill.ecse.biketourplus.features.BikeToursStepDefinitions.the_following_bike_tours_exist_in_the_system(io.cucumber.datatable.DataTable)?[0m
  ?[32mWhen ?[0m?[32mthe manager attempts to cancel the tour for email ?[0m?[32m?[1m"steve@yahoo.com"?[0m                              ?[90m# ca.mcgill.ecse.biketourplus.features.BikeToursStepDefinitions.the_manager_attempts_to_cancel_the_tour_for_email(java.lang.String)?[0m
  ?[32mThen ?[0m?[32ma participant account shall not exist with email ?[0m?[32m?[1m"steve@yahoo.com"?[0m                               ?[90m# ca.mcgill.ecse.biketourplus.features.BikeToursStepDefinitions.a_participant_account_shall_not_exist_with_email(java.lang.String)?[0m
  ?[32mThen ?[0m?[32mthe number of participants shall be ?[0m?[32m?[1m"5"?[0m                                                          ?[90m# ca.mcgill.ecse.biketourplus.features.BikeToursStepDefinitions.the_number_of_participants_shall_be(java.lang.String)?[0m
<<<<<<< HEAD
  ?[31mThen ?[0m?[31mthe system shall raise the error ?[0m?[31m?[1m"Participant with email address steve@yahoo.com does not exist"?[0m ?[90m# ca.mcgill.ecse.biketourplus.features.BikeToursStepDefinitions.the_system_shall_raise_the_error(java.lang.String)?[0m
      ?[31morg.opentest4j.AssertionFailedError: expected: <true> but was: <false>
	at org.junit.jupiter.api.AssertionUtils.fail(AssertionUtils.java:55)
	at org.junit.jupiter.api.AssertTrue.assertTrue(AssertTrue.java:40)
	at org.junit.jupiter.api.AssertTrue.assertTrue(AssertTrue.java:35)
	at org.junit.jupiter.api.Assertions.assertTrue(Assertions.java:162)
	at ca.mcgill.ecse.biketourplus.features.BikeToursStepDefinitions.the_system_shall_raise_the_error(BikeToursStepDefinitions.java:119)
	at âœ½.the system shall raise the error "Participant with email address steve@yahoo.com does not exist"(file:///C:/Users/alexa/ecse223-group-project-p7/src/test/resources/ProcessBikeTours.feature:243)
?[0m
=======
  ?[32mThen ?[0m?[32mthe system shall raise the error ?[0m?[32m?[1m"Participant with email address steve@yahoo.com does not exist"?[0m ?[90m# ca.mcgill.ecse.biketourplus.features.BikeToursStepDefinitions.the_system_shall_raise_the_error(java.lang.String)?[0m
>>>>>>> d4b4bca9468a8a36e85c47ec29e953b9e2418674

Scenario Outline: Unsuccessfully cancel tour for participant with an email address that does not exist   ?[90m# src/test/resources/ProcessBikeTours.feature:248?[0m
  ?[32mGiven ?[0m?[32mthe following BikeTourPlus system exists:?[0m                                                        ?[90m# ca.mcgill.ecse.biketourplus.features.BikeToursStepDefinitions.the_following_bike_tour_plus_system_exists(io.cucumber.datatable.DataTable)?[0m
  ?[32mGiven ?[0m?[32mthe following pieces of gear exist in the system:?[0m                                                ?[90m# ca.mcgill.ecse.biketourplus.features.BikeToursStepDefinitions.the_following_pieces_of_gear_exist_in_the_system(io.cucumber.datatable.DataTable)?[0m
  ?[32mGiven ?[0m?[32mthe following combos exist in the system:?[0m                                                        ?[90m# ca.mcgill.ecse.biketourplus.features.BikeToursStepDefinitions.the_following_combos_exist_in_the_system(io.cucumber.datatable.DataTable)?[0m
  ?[32mGiven ?[0m?[32mthe following guides exist in the system:?[0m                                                        ?[90m# ca.mcgill.ecse.biketourplus.features.BikeToursStepDefinitions.the_following_guides_exist_in_the_system(io.cucumber.datatable.DataTable)?[0m
  ?[32mGiven ?[0m?[32mthe following participants exist in the system:?[0m                                                  ?[90m# ca.mcgill.ecse.biketourplus.features.BikeToursStepDefinitions.the_following_participants_exist_in_the_system(io.cucumber.datatable.DataTable)?[0m
  ?[32mGiven ?[0m?[32mthe following participants request the following pieces of gear:?[0m                                 ?[90m# ca.mcgill.ecse.biketourplus.features.BikeToursStepDefinitions.the_following_participants_request_the_following_pieces_of_gear(io.cucumber.datatable.DataTable)?[0m
  ?[32mGiven ?[0m?[32mthe following participants request the following combos:?[0m                                         ?[90m# ca.mcgill.ecse.biketourplus.features.BikeToursStepDefinitions.the_following_participants_request_the_following_combos(io.cucumber.datatable.DataTable)?[0m
Assigned
Assigned
Assigned
Assigned
  ?[32mGiven ?[0m?[32mthe following bike tours exist in the system:?[0m                                                    ?[90m# ca.mcgill.ecse.biketourplus.features.BikeToursStepDefinitions.the_following_bike_tours_exist_in_the_system(io.cucumber.datatable.DataTable)?[0m
  ?[32mWhen ?[0m?[32mthe manager attempts to cancel the tour for email ?[0m?[32m?[1m"dave@hotmail.com"?[0m                              ?[90m# ca.mcgill.ecse.biketourplus.features.BikeToursStepDefinitions.the_manager_attempts_to_cancel_the_tour_for_email(java.lang.String)?[0m
  ?[32mThen ?[0m?[32ma participant account shall not exist with email ?[0m?[32m?[1m"dave@hotmail.com"?[0m                               ?[90m# ca.mcgill.ecse.biketourplus.features.BikeToursStepDefinitions.a_participant_account_shall_not_exist_with_email(java.lang.String)?[0m
  ?[32mThen ?[0m?[32mthe number of participants shall be ?[0m?[32m?[1m"5"?[0m                                                           ?[90m# ca.mcgill.ecse.biketourplus.features.BikeToursStepDefinitions.the_number_of_participants_shall_be(java.lang.String)?[0m
<<<<<<< HEAD
  ?[31mThen ?[0m?[31mthe system shall raise the error ?[0m?[31m?[1m"Participant with email address dave@hotmail.com does not exist"?[0m ?[90m# ca.mcgill.ecse.biketourplus.features.BikeToursStepDefinitions.the_system_shall_raise_the_error(java.lang.String)?[0m
      ?[31morg.opentest4j.AssertionFailedError: expected: <true> but was: <false>
	at org.junit.jupiter.api.AssertionUtils.fail(AssertionUtils.java:55)
	at org.junit.jupiter.api.AssertTrue.assertTrue(AssertTrue.java:40)
	at org.junit.jupiter.api.AssertTrue.assertTrue(AssertTrue.java:35)
	at org.junit.jupiter.api.Assertions.assertTrue(Assertions.java:162)
	at ca.mcgill.ecse.biketourplus.features.BikeToursStepDefinitions.the_system_shall_raise_the_error(BikeToursStepDefinitions.java:119)
	at âœ½.the system shall raise the error "Participant with email address dave@hotmail.com does not exist"(file:///C:/Users/alexa/ecse223-group-project-p7/src/test/resources/ProcessBikeTours.feature:243)
?[0m
=======
  ?[32mThen ?[0m?[32mthe system shall raise the error ?[0m?[32m?[1m"Participant with email address dave@hotmail.com does not exist"?[0m ?[90m# ca.mcgill.ecse.biketourplus.features.BikeToursStepDefinitions.the_system_shall_raise_the_error(java.lang.String)?[0m
>>>>>>> d4b4bca9468a8a36e85c47ec29e953b9e2418674

Scenario: Unsuccessfully cancel a tour for a banned participant                                ?[90m# src/test/resources/ProcessBikeTours.feature:250?[0m
  ?[32mGiven ?[0m?[32mthe following BikeTourPlus system exists:?[0m                                              ?[90m# ca.mcgill.ecse.biketourplus.features.BikeToursStepDefinitions.the_following_bike_tour_plus_system_exists(io.cucumber.datatable.DataTable)?[0m
  ?[32mGiven ?[0m?[32mthe following pieces of gear exist in the system:?[0m                                      ?[90m# ca.mcgill.ecse.biketourplus.features.BikeToursStepDefinitions.the_following_pieces_of_gear_exist_in_the_system(io.cucumber.datatable.DataTable)?[0m
  ?[32mGiven ?[0m?[32mthe following combos exist in the system:?[0m                                              ?[90m# ca.mcgill.ecse.biketourplus.features.BikeToursStepDefinitions.the_following_combos_exist_in_the_system(io.cucumber.datatable.DataTable)?[0m
  ?[32mGiven ?[0m?[32mthe following guides exist in the system:?[0m                                              ?[90m# ca.mcgill.ecse.biketourplus.features.BikeToursStepDefinitions.the_following_guides_exist_in_the_system(io.cucumber.datatable.DataTable)?[0m
  ?[32mGiven ?[0m?[32mthe following participants exist in the system:?[0m                                        ?[90m# ca.mcgill.ecse.biketourplus.features.BikeToursStepDefinitions.the_following_participants_exist_in_the_system(io.cucumber.datatable.DataTable)?[0m
  ?[32mGiven ?[0m?[32mthe following participants request the following pieces of gear:?[0m                       ?[90m# ca.mcgill.ecse.biketourplus.features.BikeToursStepDefinitions.the_following_participants_request_the_following_pieces_of_gear(io.cucumber.datatable.DataTable)?[0m
  ?[32mGiven ?[0m?[32mthe following participants request the following combos:?[0m                               ?[90m# ca.mcgill.ecse.biketourplus.features.BikeToursStepDefinitions.the_following_participants_request_the_following_combos(io.cucumber.datatable.DataTable)?[0m
Assigned
Assigned
Assigned
Assigned
  ?[32mGiven ?[0m?[32mthe following bike tours exist in the system:?[0m                                          ?[90m# ca.mcgill.ecse.biketourplus.features.BikeToursStepDefinitions.the_following_bike_tours_exist_in_the_system(io.cucumber.datatable.DataTable)?[0m
  ?[32mGiven ?[0m?[32mthe participant with email ?[0m?[32m?[1m"emily@hotmail.ca"?[0m?[32m is banned?[0m                                ?[90m# ca.mcgill.ecse.biketourplus.features.BikeToursStepDefinitions.the_participant_with_email_is_banned(java.lang.String)?[0m
  ?[32mWhen ?[0m?[32mthe manager attempts to cancel the tour for email ?[0m?[32m?[1m"emily@hotmail.ca"?[0m                    ?[90m# ca.mcgill.ecse.biketourplus.features.BikeToursStepDefinitions.the_manager_attempts_to_cancel_the_tour_for_email(java.lang.String)?[0m
<<<<<<< HEAD
  ?[31mThen ?[0m?[31mthe participant with email ?[0m?[31m?[1m"emily@hotmail.ca"?[0m?[31m shall be marked as ?[0m?[31m?[1m"Banned"?[0m               ?[90m# ca.mcgill.ecse.biketourplus.features.BikeToursStepDefinitions.the_participant_with_email_shall_be_marked_as(java.lang.String,java.lang.String)?[0m
      ?[31morg.opentest4j.AssertionFailedError: expected: <Banned> but was: <NotAssigned>
	at org.junit.jupiter.api.AssertionUtils.fail(AssertionUtils.java:55)
	at org.junit.jupiter.api.AssertionUtils.failNotEqual(AssertionUtils.java:62)
	at org.junit.jupiter.api.AssertEquals.assertEquals(AssertEquals.java:182)
	at org.junit.jupiter.api.AssertEquals.assertEquals(AssertEquals.java:177)
	at org.junit.jupiter.api.Assertions.assertEquals(Assertions.java:1124)
	at ca.mcgill.ecse.biketourplus.features.BikeToursStepDefinitions.the_participant_with_email_shall_be_marked_as(BikeToursStepDefinitions.java:109)
	at âœ½.the participant with email "emily@hotmail.ca" shall be marked as "Banned"(file:///C:/Users/alexa/ecse223-group-project-p7/src/test/resources/ProcessBikeTours.feature:253)
?[0m
  ?[36mThen ?[0m?[36mthe system shall raise the error ?[0m?[36m?[1m"Cannot cancel tour because the participant is banned"?[0m ?[90m# ca.mcgill.ecse.biketourplus.features.BikeToursStepDefinitions.the_system_shall_raise_the_error(java.lang.String)?[0m
=======
  ?[32mThen ?[0m?[32mthe participant with email ?[0m?[32m?[1m"emily@hotmail.ca"?[0m?[32m shall be marked as ?[0m?[32m?[1m"Banned"?[0m               ?[90m# ca.mcgill.ecse.biketourplus.features.BikeToursStepDefinitions.the_participant_with_email_shall_be_marked_as(java.lang.String,java.lang.String)?[0m
  ?[32mThen ?[0m?[32mthe system shall raise the error ?[0m?[32m?[1m"Cannot cancel tour because the participant is banned"?[0m ?[90m# ca.mcgill.ecse.biketourplus.features.BikeToursStepDefinitions.the_system_shall_raise_the_error(java.lang.String)?[0m
>>>>>>> d4b4bca9468a8a36e85c47ec29e953b9e2418674

Scenario: Unsuccessfully cancel a tour for participant who has cancelled their tour                                   ?[90m# src/test/resources/ProcessBikeTours.feature:256?[0m
  ?[32mGiven ?[0m?[32mthe following BikeTourPlus system exists:?[0m                                                                     ?[90m# ca.mcgill.ecse.biketourplus.features.BikeToursStepDefinitions.the_following_bike_tour_plus_system_exists(io.cucumber.datatable.DataTable)?[0m
  ?[32mGiven ?[0m?[32mthe following pieces of gear exist in the system:?[0m                                                             ?[90m# ca.mcgill.ecse.biketourplus.features.BikeToursStepDefinitions.the_following_pieces_of_gear_exist_in_the_system(io.cucumber.datatable.DataTable)?[0m
  ?[32mGiven ?[0m?[32mthe following combos exist in the system:?[0m                                                                     ?[90m# ca.mcgill.ecse.biketourplus.features.BikeToursStepDefinitions.the_following_combos_exist_in_the_system(io.cucumber.datatable.DataTable)?[0m
  ?[32mGiven ?[0m?[32mthe following guides exist in the system:?[0m                                                                     ?[90m# ca.mcgill.ecse.biketourplus.features.BikeToursStepDefinitions.the_following_guides_exist_in_the_system(io.cucumber.datatable.DataTable)?[0m
  ?[32mGiven ?[0m?[32mthe following participants exist in the system:?[0m                                                               ?[90m# ca.mcgill.ecse.biketourplus.features.BikeToursStepDefinitions.the_following_participants_exist_in_the_system(io.cucumber.datatable.DataTable)?[0m
  ?[32mGiven ?[0m?[32mthe following participants request the following pieces of gear:?[0m                                              ?[90m# ca.mcgill.ecse.biketourplus.features.BikeToursStepDefinitions.the_following_participants_request_the_following_pieces_of_gear(io.cucumber.datatable.DataTable)?[0m
  ?[32mGiven ?[0m?[32mthe following participants request the following combos:?[0m                                                      ?[90m# ca.mcgill.ecse.biketourplus.features.BikeToursStepDefinitions.the_following_participants_request_the_following_combos(io.cucumber.datatable.DataTable)?[0m
Assigned
Assigned
Assigned
Assigned
  ?[32mGiven ?[0m?[32mthe following bike tours exist in the system:?[0m                                                                 ?[90m# ca.mcgill.ecse.biketourplus.features.BikeToursStepDefinitions.the_following_bike_tours_exist_in_the_system(io.cucumber.datatable.DataTable)?[0m
  ?[32mGiven ?[0m?[32mthe participant with email ?[0m?[32m?[1m"charlie@hotmail.ca"?[0m?[32m has cancelled their tour?[0m                                      ?[90m# ca.mcgill.ecse.biketourplus.features.BikeToursStepDefinitions.the_participant_with_email_has_cancelled_their_tour(java.lang.String)?[0m
  ?[32mWhen ?[0m?[32mthe manager attempts to cancel the tour for email ?[0m?[32m?[1m"charlie@hotmail.ca"?[0m                                         ?[90m# ca.mcgill.ecse.biketourplus.features.BikeToursStepDefinitions.the_manager_attempts_to_cancel_the_tour_for_email(java.lang.String)?[0m
<<<<<<< HEAD
  ?[31mThen ?[0m?[31mthe participant with ?[0m?[31m?[1m"charlie@hotmail.ca"?[0m?[31m shall be marked as ?[0m?[31m?[1m"Cancelled"?[0m                                       ?[90m# ca.mcgill.ecse.biketourplus.features.BikeToursStepDefinitions.the_participant_with_shall_be_marked_as(java.lang.String,java.lang.String)?[0m
      ?[31morg.opentest4j.AssertionFailedError: expected: <Cancelled> but was: <NotAssigned>
	at org.junit.jupiter.api.AssertionUtils.fail(AssertionUtils.java:55)
	at org.junit.jupiter.api.AssertionUtils.failNotEqual(AssertionUtils.java:62)
	at org.junit.jupiter.api.AssertEquals.assertEquals(AssertEquals.java:182)
	at org.junit.jupiter.api.AssertEquals.assertEquals(AssertEquals.java:177)
	at org.junit.jupiter.api.Assertions.assertEquals(Assertions.java:1124)
	at ca.mcgill.ecse.biketourplus.features.BikeToursStepDefinitions.the_participant_with_shall_be_marked_as(BikeToursStepDefinitions.java:315)
	at âœ½.the participant with "charlie@hotmail.ca" shall be marked as "Cancelled"(file:///C:/Users/alexa/ecse223-group-project-p7/src/test/resources/ProcessBikeTours.feature:259)
?[0m
  ?[36mThen ?[0m?[36mthe system shall raise the error ?[0m?[36m?[1m"Cannot cancel tour because the participant has already cancelled their tour"?[0m ?[90m# ca.mcgill.ecse.biketourplus.features.BikeToursStepDefinitions.the_system_shall_raise_the_error(java.lang.String)?[0m
=======
  ?[32mThen ?[0m?[32mthe participant with email ?[0m?[32m?[1m"charlie@hotmail.ca"?[0m?[32m shall be marked as ?[0m?[32m?[1m"Cancelled"?[0m                                 ?[90m# ca.mcgill.ecse.biketourplus.features.BikeToursStepDefinitions.the_participant_with_email_shall_be_marked_as(java.lang.String,java.lang.String)?[0m
  ?[32mThen ?[0m?[32mthe system shall raise the error ?[0m?[32m?[1m"Cannot cancel tour because the participant has already cancelled their tour"?[0m ?[90m# ca.mcgill.ecse.biketourplus.features.BikeToursStepDefinitions.the_system_shall_raise_the_error(java.lang.String)?[0m
>>>>>>> d4b4bca9468a8a36e85c47ec29e953b9e2418674

Scenario: Unsuccessfully cancel a tour for participant who has finished their tour                           ?[90m# src/test/resources/ProcessBikeTours.feature:262?[0m
  ?[32mGiven ?[0m?[32mthe following BikeTourPlus system exists:?[0m                                                            ?[90m# ca.mcgill.ecse.biketourplus.features.BikeToursStepDefinitions.the_following_bike_tour_plus_system_exists(io.cucumber.datatable.DataTable)?[0m
  ?[32mGiven ?[0m?[32mthe following pieces of gear exist in the system:?[0m                                                    ?[90m# ca.mcgill.ecse.biketourplus.features.BikeToursStepDefinitions.the_following_pieces_of_gear_exist_in_the_system(io.cucumber.datatable.DataTable)?[0m
  ?[32mGiven ?[0m?[32mthe following combos exist in the system:?[0m                                                            ?[90m# ca.mcgill.ecse.biketourplus.features.BikeToursStepDefinitions.the_following_combos_exist_in_the_system(io.cucumber.datatable.DataTable)?[0m
  ?[32mGiven ?[0m?[32mthe following guides exist in the system:?[0m                                                            ?[90m# ca.mcgill.ecse.biketourplus.features.BikeToursStepDefinitions.the_following_guides_exist_in_the_system(io.cucumber.datatable.DataTable)?[0m
  ?[32mGiven ?[0m?[32mthe following participants exist in the system:?[0m                                                      ?[90m# ca.mcgill.ecse.biketourplus.features.BikeToursStepDefinitions.the_following_participants_exist_in_the_system(io.cucumber.datatable.DataTable)?[0m
  ?[32mGiven ?[0m?[32mthe following participants request the following pieces of gear:?[0m                                     ?[90m# ca.mcgill.ecse.biketourplus.features.BikeToursStepDefinitions.the_following_participants_request_the_following_pieces_of_gear(io.cucumber.datatable.DataTable)?[0m
  ?[32mGiven ?[0m?[32mthe following participants request the following combos:?[0m                                             ?[90m# ca.mcgill.ecse.biketourplus.features.BikeToursStepDefinitions.the_following_participants_request_the_following_combos(io.cucumber.datatable.DataTable)?[0m
Assigned
Assigned
Assigned
Assigned
  ?[32mGiven ?[0m?[32mthe following bike tours exist in the system:?[0m                                                        ?[90m# ca.mcgill.ecse.biketourplus.features.BikeToursStepDefinitions.the_following_bike_tours_exist_in_the_system(io.cucumber.datatable.DataTable)?[0m
  ?[32mGiven ?[0m?[32mthe participant with email ?[0m?[32m?[1m"charlie@hotmail.ca"?[0m?[32m has finished their tour?[0m                              ?[90m# ca.mcgill.ecse.biketourplus.features.BikeToursStepDefinitions.the_participant_with_email_has_finished_their_tour(java.lang.String)?[0m
  ?[32mWhen ?[0m?[32mthe manager attempts to cancel the tour for email ?[0m?[32m?[1m"charlie@hotmail.ca"?[0m                                ?[90m# ca.mcgill.ecse.biketourplus.features.BikeToursStepDefinitions.the_manager_attempts_to_cancel_the_tour_for_email(java.lang.String)?[0m
<<<<<<< HEAD
  ?[31mThen ?[0m?[31mthe participant with ?[0m?[31m?[1m"charlie@hotmail.ca"?[0m?[31m shall be marked as ?[0m?[31m?[1m"Finished"?[0m                               ?[90m# ca.mcgill.ecse.biketourplus.features.BikeToursStepDefinitions.the_participant_with_shall_be_marked_as(java.lang.String,java.lang.String)?[0m
      ?[31morg.opentest4j.AssertionFailedError: expected: <Finished> but was: <NotAssigned>
	at org.junit.jupiter.api.AssertionUtils.fail(AssertionUtils.java:55)
	at org.junit.jupiter.api.AssertionUtils.failNotEqual(AssertionUtils.java:62)
	at org.junit.jupiter.api.AssertEquals.assertEquals(AssertEquals.java:182)
	at org.junit.jupiter.api.AssertEquals.assertEquals(AssertEquals.java:177)
	at org.junit.jupiter.api.Assertions.assertEquals(Assertions.java:1124)
	at ca.mcgill.ecse.biketourplus.features.BikeToursStepDefinitions.the_participant_with_shall_be_marked_as(BikeToursStepDefinitions.java:315)
	at âœ½.the participant with "charlie@hotmail.ca" shall be marked as "Finished"(file:///C:/Users/alexa/ecse223-group-project-p7/src/test/resources/ProcessBikeTours.feature:265)
?[0m
  ?[36mThen ?[0m?[36mthe system shall raise the error ?[0m?[36m?[1m"Cannot cancel tour because the participant has finished their tour"?[0m ?[90m# ca.mcgill.ecse.biketourplus.features.BikeToursStepDefinitions.the_system_shall_raise_the_error(java.lang.String)?[0m
=======
  ?[32mThen ?[0m?[32mthe participant with email ?[0m?[32m?[1m"charlie@hotmail.ca"?[0m?[32m shall be marked as ?[0m?[32m?[1m"Finished"?[0m                         ?[90m# ca.mcgill.ecse.biketourplus.features.BikeToursStepDefinitions.the_participant_with_email_shall_be_marked_as(java.lang.String,java.lang.String)?[0m
  ?[32mThen ?[0m?[32mthe system shall raise the error ?[0m?[32m?[1m"Cannot cancel tour because the participant has finished their tour"?[0m ?[90m# ca.mcgill.ecse.biketourplus.features.BikeToursStepDefinitions.the_system_shall_raise_the_error(java.lang.String)?[0m
>>>>>>> d4b4bca9468a8a36e85c47ec29e953b9e2418674

Scenario Outline: Register a guide successfully                                                                                                ?[90m# src/test/resources/RegisterAndUpdateGuide.feature:24?[0m
  ?[32mGiven ?[0m?[32mthe following BikeTourPlus system exists: (p9)?[0m                                                                                         ?[90m# ca.mcgill.ecse.biketourplus.features.RegisterAndUpdateGuideStepDefinitions.the_following_bike_tour_plus_system_exists_p9(io.cucumber.datatable.DataTable)?[0m
  ?[32mGiven ?[0m?[32mthe following guides exist in the system: (p9)?[0m                                                                                         ?[90m# ca.mcgill.ecse.biketourplus.features.RegisterAndUpdateGuideStepDefinitions.the_following_guides_exist_in_the_system_p9(io.cucumber.datatable.DataTable)?[0m
  ?[32mGiven ?[0m?[32mthe following participants exist in the system: (p9)?[0m                                                                                   ?[90m# ca.mcgill.ecse.biketourplus.features.RegisterAndUpdateGuideStepDefinitions.the_following_participants_exist_in_the_system_p9(io.cucumber.datatable.DataTable)?[0m
ok
  ?[32mWhen ?[0m?[32ma new guide attempts to register with email ?[0m?[32m?[1m"lisa@email.com"?[0m?[32m, password ?[0m?[32m?[1m"pass1"?[0m?[32m, name ?[0m?[32m?[1m"Lisa"?[0m?[32m, and emergency contact ?[0m?[32m?[1m"(666)666-6666"?[0m?[32m (p9)?[0m ?[90m# ca.mcgill.ecse.biketourplus.features.RegisterAndUpdateGuideStepDefinitions.a_new_guide_attempts_to_register_with_email_password_name_and_emergency_contact_p9(java.lang.String,java.lang.String,java.lang.String,java.lang.String)?[0m
  ?[32mThen ?[0m?[32ma guide account shall exist with email ?[0m?[32m?[1m"lisa@email.com"?[0m?[32m, password ?[0m?[32m?[1m"pass1"?[0m?[32m, name ?[0m?[32m?[1m"Lisa"?[0m?[32m, and emergency contact ?[0m?[32m?[1m"(666)666-6666"?[0m?[32m (p9)?[0m      ?[90m# ca.mcgill.ecse.biketourplus.features.RegisterAndUpdateGuideStepDefinitions.a_guide_account_shall_exist_with_email_password_name_and_emergency_contact_p9(java.lang.String,java.lang.String,java.lang.String,java.lang.String)?[0m
  ?[32mThen ?[0m?[32mthe number of guides shall be ?[0m?[32m?[1m"3"?[0m?[32m (p9)?[0m                                                                                                  ?[90m# ca.mcgill.ecse.biketourplus.features.RegisterAndUpdateGuideStepDefinitions.the_number_of_guides_shall_be_p9(java.lang.String)?[0m

Scenario Outline: Register a guide successfully                                                                                                ?[90m# src/test/resources/RegisterAndUpdateGuide.feature:25?[0m
  ?[32mGiven ?[0m?[32mthe following BikeTourPlus system exists: (p9)?[0m                                                                                         ?[90m# ca.mcgill.ecse.biketourplus.features.RegisterAndUpdateGuideStepDefinitions.the_following_bike_tour_plus_system_exists_p9(io.cucumber.datatable.DataTable)?[0m
  ?[32mGiven ?[0m?[32mthe following guides exist in the system: (p9)?[0m                                                                                         ?[90m# ca.mcgill.ecse.biketourplus.features.RegisterAndUpdateGuideStepDefinitions.the_following_guides_exist_in_the_system_p9(io.cucumber.datatable.DataTable)?[0m
  ?[32mGiven ?[0m?[32mthe following participants exist in the system: (p9)?[0m                                                                                   ?[90m# ca.mcgill.ecse.biketourplus.features.RegisterAndUpdateGuideStepDefinitions.the_following_participants_exist_in_the_system_p9(io.cucumber.datatable.DataTable)?[0m
ok
  ?[32mWhen ?[0m?[32ma new guide attempts to register with email ?[0m?[32m?[1m"liam@email.com"?[0m?[32m, password ?[0m?[32m?[1m"pass2"?[0m?[32m, name ?[0m?[32m?[1m"Liam"?[0m?[32m, and emergency contact ?[0m?[32m?[1m"(777)777-7777"?[0m?[32m (p9)?[0m ?[90m# ca.mcgill.ecse.biketourplus.features.RegisterAndUpdateGuideStepDefinitions.a_new_guide_attempts_to_register_with_email_password_name_and_emergency_contact_p9(java.lang.String,java.lang.String,java.lang.String,java.lang.String)?[0m
  ?[32mThen ?[0m?[32ma guide account shall exist with email ?[0m?[32m?[1m"liam@email.com"?[0m?[32m, password ?[0m?[32m?[1m"pass2"?[0m?[32m, name ?[0m?[32m?[1m"Liam"?[0m?[32m, and emergency contact ?[0m?[32m?[1m"(777)777-7777"?[0m?[32m (p9)?[0m      ?[90m# ca.mcgill.ecse.biketourplus.features.RegisterAndUpdateGuideStepDefinitions.a_guide_account_shall_exist_with_email_password_name_and_emergency_contact_p9(java.lang.String,java.lang.String,java.lang.String,java.lang.String)?[0m
  ?[32mThen ?[0m?[32mthe number of guides shall be ?[0m?[32m?[1m"3"?[0m?[32m (p9)?[0m                                                                                                  ?[90m# ca.mcgill.ecse.biketourplus.features.RegisterAndUpdateGuideStepDefinitions.the_number_of_guides_shall_be_p9(java.lang.String)?[0m

Scenario Outline: Register a guide unsuccessfully                                                                                               ?[90m# src/test/resources/RegisterAndUpdateGuide.feature:35?[0m
  ?[32mGiven ?[0m?[32mthe following BikeTourPlus system exists: (p9)?[0m                                                                                          ?[90m# ca.mcgill.ecse.biketourplus.features.RegisterAndUpdateGuideStepDefinitions.the_following_bike_tour_plus_system_exists_p9(io.cucumber.datatable.DataTable)?[0m
  ?[32mGiven ?[0m?[32mthe following guides exist in the system: (p9)?[0m                                                                                          ?[90m# ca.mcgill.ecse.biketourplus.features.RegisterAndUpdateGuideStepDefinitions.the_following_guides_exist_in_the_system_p9(io.cucumber.datatable.DataTable)?[0m
  ?[32mGiven ?[0m?[32mthe following participants exist in the system: (p9)?[0m                                                                                    ?[90m# ca.mcgill.ecse.biketourplus.features.RegisterAndUpdateGuideStepDefinitions.the_following_participants_exist_in_the_system_p9(io.cucumber.datatable.DataTable)?[0m
  ?[32mWhen ?[0m?[32ma new guide attempts to register with email ?[0m?[32m?[1m"manager@btp.com"?[0m?[32m, password ?[0m?[32m?[1m"pass1"?[0m?[32m, name ?[0m?[32m?[1m"Paul"?[0m?[32m, and emergency contact ?[0m?[32m?[1m"(111)111-1111"?[0m?[32m (p9)?[0m ?[90m# ca.mcgill.ecse.biketourplus.features.RegisterAndUpdateGuideStepDefinitions.a_new_guide_attempts_to_register_with_email_password_name_and_emergency_contact_p9(java.lang.String,java.lang.String,java.lang.String,java.lang.String)?[0m
  ?[32mThen ?[0m?[32ma guide account shall not exist with email ?[0m?[32m?[1m"manager@btp.com"?[0m?[32m, password ?[0m?[32m?[1m"pass1"?[0m?[32m, name ?[0m?[32m?[1m"Paul"?[0m?[32m, and emergency contact ?[0m?[32m?[1m"(111)111-1111"?[0m?[32m (p9)?[0m  ?[90m# ca.mcgill.ecse.biketourplus.features.RegisterAndUpdateGuideStepDefinitions.a_guide_account_shall_not_exist_with_email_password_name_and_emergency_contact_p9(java.lang.String,java.lang.String,java.lang.String,java.lang.String)?[0m
  ?[32mThen ?[0m?[32mthe number of guides shall be ?[0m?[32m?[1m"2"?[0m?[32m (p9)?[0m                                                                                                   ?[90m# ca.mcgill.ecse.biketourplus.features.RegisterAndUpdateGuideStepDefinitions.the_number_of_guides_shall_be_p9(java.lang.String)?[0m
  ?[32mThen ?[0m?[32mthe system shall raise the error ?[0m?[32m?[1m"Email cannot be manager@btp.com"?[0m?[32m (p9)?[0m                                                                  ?[90m# ca.mcgill.ecse.biketourplus.features.RegisterAndUpdateGuideStepDefinitions.the_system_shall_raise_the_error_p9(java.lang.String)?[0m

Scenario Outline: Register a guide unsuccessfully                                                                                              ?[90m# src/test/resources/RegisterAndUpdateGuide.feature:36?[0m
  ?[32mGiven ?[0m?[32mthe following BikeTourPlus system exists: (p9)?[0m                                                                                         ?[90m# ca.mcgill.ecse.biketourplus.features.RegisterAndUpdateGuideStepDefinitions.the_following_bike_tour_plus_system_exists_p9(io.cucumber.datatable.DataTable)?[0m
  ?[32mGiven ?[0m?[32mthe following guides exist in the system: (p9)?[0m                                                                                         ?[90m# ca.mcgill.ecse.biketourplus.features.RegisterAndUpdateGuideStepDefinitions.the_following_guides_exist_in_the_system_p9(io.cucumber.datatable.DataTable)?[0m
  ?[32mGiven ?[0m?[32mthe following participants exist in the system: (p9)?[0m                                                                                   ?[90m# ca.mcgill.ecse.biketourplus.features.RegisterAndUpdateGuideStepDefinitions.the_following_participants_exist_in_the_system_p9(io.cucumber.datatable.DataTable)?[0m
ok
  ?[32mWhen ?[0m?[32ma new guide attempts to register with email ?[0m?[32m?[1m"jeff@email.com"?[0m?[32m, password ?[0m?[32m?[1m"pass2"?[0m?[32m, name ?[0m?[32m?[1m"Jeff"?[0m?[32m, and emergency contact ?[0m?[32m?[1m"(111)777-7777"?[0m?[32m (p9)?[0m ?[90m# ca.mcgill.ecse.biketourplus.features.RegisterAndUpdateGuideStepDefinitions.a_new_guide_attempts_to_register_with_email_password_name_and_emergency_contact_p9(java.lang.String,java.lang.String,java.lang.String,java.lang.String)?[0m
  ?[32mThen ?[0m?[32ma guide account shall not exist with email ?[0m?[32m?[1m"jeff@email.com"?[0m?[32m, password ?[0m?[32m?[1m"pass2"?[0m?[32m, name ?[0m?[32m?[1m"Jeff"?[0m?[32m, and emergency contact ?[0m?[32m?[1m"(111)777-7777"?[0m?[32m (p9)?[0m  ?[90m# ca.mcgill.ecse.biketourplus.features.RegisterAndUpdateGuideStepDefinitions.a_guide_account_shall_not_exist_with_email_password_name_and_emergency_contact_p9(java.lang.String,java.lang.String,java.lang.String,java.lang.String)?[0m
  ?[32mThen ?[0m?[32mthe number of guides shall be ?[0m?[32m?[1m"2"?[0m?[32m (p9)?[0m                                                                                                  ?[90m# ca.mcgill.ecse.biketourplus.features.RegisterAndUpdateGuideStepDefinitions.the_number_of_guides_shall_be_p9(java.lang.String)?[0m
  ?[32mThen ?[0m?[32mthe system shall raise the error ?[0m?[32m?[1m"Email already linked to a guide account"?[0m?[32m (p9)?[0m                                                         ?[90m# ca.mcgill.ecse.biketourplus.features.RegisterAndUpdateGuideStepDefinitions.the_system_shall_raise_the_error_p9(java.lang.String)?[0m

Scenario Outline: Register a guide unsuccessfully                                                                                                ?[90m# src/test/resources/RegisterAndUpdateGuide.feature:37?[0m
  ?[32mGiven ?[0m?[32mthe following BikeTourPlus system exists: (p9)?[0m                                                                                           ?[90m# ca.mcgill.ecse.biketourplus.features.RegisterAndUpdateGuideStepDefinitions.the_following_bike_tour_plus_system_exists_p9(io.cucumber.datatable.DataTable)?[0m
  ?[32mGiven ?[0m?[32mthe following guides exist in the system: (p9)?[0m                                                                                           ?[90m# ca.mcgill.ecse.biketourplus.features.RegisterAndUpdateGuideStepDefinitions.the_following_guides_exist_in_the_system_p9(io.cucumber.datatable.DataTable)?[0m
  ?[32mGiven ?[0m?[32mthe following participants exist in the system: (p9)?[0m                                                                                     ?[90m# ca.mcgill.ecse.biketourplus.features.RegisterAndUpdateGuideStepDefinitions.the_following_participants_exist_in_the_system_p9(io.cucumber.datatable.DataTable)?[0m
  ?[32mWhen ?[0m?[32ma new guide attempts to register with email ?[0m?[32m?[1m"peter@email.com"?[0m?[32m, password ?[0m?[32m?[1m"pass3"?[0m?[32m, name ?[0m?[32m?[1m"Peter"?[0m?[32m, and emergency contact ?[0m?[32m?[1m"(555)555-5555"?[0m?[32m (p9)?[0m ?[90m# ca.mcgill.ecse.biketourplus.features.RegisterAndUpdateGuideStepDefinitions.a_new_guide_attempts_to_register_with_email_password_name_and_emergency_contact_p9(java.lang.String,java.lang.String,java.lang.String,java.lang.String)?[0m
  ?[32mThen ?[0m?[32ma guide account shall not exist with email ?[0m?[32m?[1m"peter@email.com"?[0m?[32m, password ?[0m?[32m?[1m"pass3"?[0m?[32m, name ?[0m?[32m?[1m"Peter"?[0m?[32m, and emergency contact ?[0m?[32m?[1m"(555)555-5555"?[0m?[32m (p9)?[0m  ?[90m# ca.mcgill.ecse.biketourplus.features.RegisterAndUpdateGuideStepDefinitions.a_guide_account_shall_not_exist_with_email_password_name_and_emergency_contact_p9(java.lang.String,java.lang.String,java.lang.String,java.lang.String)?[0m
  ?[32mThen ?[0m?[32mthe number of guides shall be ?[0m?[32m?[1m"2"?[0m?[32m (p9)?[0m                                                                                                    ?[90m# ca.mcgill.ecse.biketourplus.features.RegisterAndUpdateGuideStepDefinitions.the_number_of_guides_shall_be_p9(java.lang.String)?[0m
  ?[32mThen ?[0m?[32mthe system shall raise the error ?[0m?[32m?[1m"Email already linked to a participant account"?[0m?[32m (p9)?[0m                                                     ?[90m# ca.mcgill.ecse.biketourplus.features.RegisterAndUpdateGuideStepDefinitions.the_system_shall_raise_the_error_p9(java.lang.String)?[0m

Scenario Outline: Register a guide unsuccessfully                                                                                                ?[90m# src/test/resources/RegisterAndUpdateGuide.feature:38?[0m
  ?[32mGiven ?[0m?[32mthe following BikeTourPlus system exists: (p9)?[0m                                                                                           ?[90m# ca.mcgill.ecse.biketourplus.features.RegisterAndUpdateGuideStepDefinitions.the_following_bike_tour_plus_system_exists_p9(io.cucumber.datatable.DataTable)?[0m
  ?[32mGiven ?[0m?[32mthe following guides exist in the system: (p9)?[0m                                                                                           ?[90m# ca.mcgill.ecse.biketourplus.features.RegisterAndUpdateGuideStepDefinitions.the_following_guides_exist_in_the_system_p9(io.cucumber.datatable.DataTable)?[0m
  ?[32mGiven ?[0m?[32mthe following participants exist in the system: (p9)?[0m                                                                                     ?[90m# ca.mcgill.ecse.biketourplus.features.RegisterAndUpdateGuideStepDefinitions.the_following_participants_exist_in_the_system_p9(io.cucumber.datatable.DataTable)?[0m
  ?[32mWhen ?[0m?[32ma new guide attempts to register with email ?[0m?[32m?[1m"bart @ email.com"?[0m?[32m, password ?[0m?[32m?[1m"pass3"?[0m?[32m, name ?[0m?[32m?[1m"Bart"?[0m?[32m, and emergency contact ?[0m?[32m?[1m"(444)666-6666"?[0m?[32m (p9)?[0m ?[90m# ca.mcgill.ecse.biketourplus.features.RegisterAndUpdateGuideStepDefinitions.a_new_guide_attempts_to_register_with_email_password_name_and_emergency_contact_p9(java.lang.String,java.lang.String,java.lang.String,java.lang.String)?[0m
  ?[32mThen ?[0m?[32ma guide account shall not exist with email ?[0m?[32m?[1m"bart @ email.com"?[0m?[32m, password ?[0m?[32m?[1m"pass3"?[0m?[32m, name ?[0m?[32m?[1m"Bart"?[0m?[32m, and emergency contact ?[0m?[32m?[1m"(444)666-6666"?[0m?[32m (p9)?[0m  ?[90m# ca.mcgill.ecse.biketourplus.features.RegisterAndUpdateGuideStepDefinitions.a_guide_account_shall_not_exist_with_email_password_name_and_emergency_contact_p9(java.lang.String,java.lang.String,java.lang.String,java.lang.String)?[0m
  ?[32mThen ?[0m?[32mthe number of guides shall be ?[0m?[32m?[1m"2"?[0m?[32m (p9)?[0m                                                                                                    ?[90m# ca.mcgill.ecse.biketourplus.features.RegisterAndUpdateGuideStepDefinitions.the_number_of_guides_shall_be_p9(java.lang.String)?[0m
  ?[32mThen ?[0m?[32mthe system shall raise the error ?[0m?[32m?[1m"Email must not contain any spaces"?[0m?[32m (p9)?[0m                                                                 ?[90m# ca.mcgill.ecse.biketourplus.features.RegisterAndUpdateGuideStepDefinitions.the_system_shall_raise_the_error_p9(java.lang.String)?[0m

Scenario Outline: Register a guide unsuccessfully                                                                                               ?[90m# src/test/resources/RegisterAndUpdateGuide.feature:39?[0m
  ?[32mGiven ?[0m?[32mthe following BikeTourPlus system exists: (p9)?[0m                                                                                          ?[90m# ca.mcgill.ecse.biketourplus.features.RegisterAndUpdateGuideStepDefinitions.the_following_bike_tour_plus_system_exists_p9(io.cucumber.datatable.DataTable)?[0m
  ?[32mGiven ?[0m?[32mthe following guides exist in the system: (p9)?[0m                                                                                          ?[90m# ca.mcgill.ecse.biketourplus.features.RegisterAndUpdateGuideStepDefinitions.the_following_guides_exist_in_the_system_p9(io.cucumber.datatable.DataTable)?[0m
  ?[32mGiven ?[0m?[32mthe following participants exist in the system: (p9)?[0m                                                                                    ?[90m# ca.mcgill.ecse.biketourplus.features.RegisterAndUpdateGuideStepDefinitions.the_following_participants_exist_in_the_system_p9(io.cucumber.datatable.DataTable)?[0m
  ?[32mWhen ?[0m?[32ma new guide attempts to register with email ?[0m?[32m?[1m"don@email@y.com"?[0m?[32m, password ?[0m?[32m?[1m"pass4"?[0m?[32m, name ?[0m?[32m?[1m"Dony"?[0m?[32m, and emergency contact ?[0m?[32m?[1m"(777)555-7777"?[0m?[32m (p9)?[0m ?[90m# ca.mcgill.ecse.biketourplus.features.RegisterAndUpdateGuideStepDefinitions.a_new_guide_attempts_to_register_with_email_password_name_and_emergency_contact_p9(java.lang.String,java.lang.String,java.lang.String,java.lang.String)?[0m
  ?[32mThen ?[0m?[32ma guide account shall not exist with email ?[0m?[32m?[1m"don@email@y.com"?[0m?[32m, password ?[0m?[32m?[1m"pass4"?[0m?[32m, name ?[0m?[32m?[1m"Dony"?[0m?[32m, and emergency contact ?[0m?[32m?[1m"(777)555-7777"?[0m?[32m (p9)?[0m  ?[90m# ca.mcgill.ecse.biketourplus.features.RegisterAndUpdateGuideStepDefinitions.a_guide_account_shall_not_exist_with_email_password_name_and_emergency_contact_p9(java.lang.String,java.lang.String,java.lang.String,java.lang.String)?[0m
  ?[32mThen ?[0m?[32mthe number of guides shall be ?[0m?[32m?[1m"2"?[0m?[32m (p9)?[0m                                                                                                   ?[90m# ca.mcgill.ecse.biketourplus.features.RegisterAndUpdateGuideStepDefinitions.the_number_of_guides_shall_be_p9(java.lang.String)?[0m
  ?[32mThen ?[0m?[32mthe system shall raise the error ?[0m?[32m?[1m"Invalid email"?[0m?[32m (p9)?[0m                                                                                    ?[90m# ca.mcgill.ecse.biketourplus.features.RegisterAndUpdateGuideStepDefinitions.the_system_shall_raise_the_error_p9(java.lang.String)?[0m

Scenario Outline: Register a guide unsuccessfully                                                                                           ?[90m# src/test/resources/RegisterAndUpdateGuide.feature:40?[0m
  ?[32mGiven ?[0m?[32mthe following BikeTourPlus system exists: (p9)?[0m                                                                                      ?[90m# ca.mcgill.ecse.biketourplus.features.RegisterAndUpdateGuideStepDefinitions.the_following_bike_tour_plus_system_exists_p9(io.cucumber.datatable.DataTable)?[0m
  ?[32mGiven ?[0m?[32mthe following guides exist in the system: (p9)?[0m                                                                                      ?[90m# ca.mcgill.ecse.biketourplus.features.RegisterAndUpdateGuideStepDefinitions.the_following_guides_exist_in_the_system_p9(io.cucumber.datatable.DataTable)?[0m
  ?[32mGiven ?[0m?[32mthe following participants exist in the system: (p9)?[0m                                                                                ?[90m# ca.mcgill.ecse.biketourplus.features.RegisterAndUpdateGuideStepDefinitions.the_following_participants_exist_in_the_system_p9(io.cucumber.datatable.DataTable)?[0m
  ?[32mWhen ?[0m?[32ma new guide attempts to register with email ?[0m?[32m?[1m"kyle@email."?[0m?[32m, password ?[0m?[32m?[1m"pass5"?[0m?[32m, name ?[0m?[32m?[1m"Kyle"?[0m?[32m, and emergency contact ?[0m?[32m?[1m"(666)777-6666"?[0m?[32m (p9)?[0m ?[90m# ca.mcgill.ecse.biketourplus.features.RegisterAndUpdateGuideStepDefinitions.a_new_guide_attempts_to_register_with_email_password_name_and_emergency_contact_p9(java.lang.String,java.lang.String,java.lang.String,java.lang.String)?[0m
  ?[32mThen ?[0m?[32ma guide account shall not exist with email ?[0m?[32m?[1m"kyle@email."?[0m?[32m, password ?[0m?[32m?[1m"pass5"?[0m?[32m, name ?[0m?[32m?[1m"Kyle"?[0m?[32m, and emergency contact ?[0m?[32m?[1m"(666)777-6666"?[0m?[32m (p9)?[0m  ?[90m# ca.mcgill.ecse.biketourplus.features.RegisterAndUpdateGuideStepDefinitions.a_guide_account_shall_not_exist_with_email_password_name_and_emergency_contact_p9(java.lang.String,java.lang.String,java.lang.String,java.lang.String)?[0m
  ?[32mThen ?[0m?[32mthe number of guides shall be ?[0m?[32m?[1m"2"?[0m?[32m (p9)?[0m                                                                                               ?[90m# ca.mcgill.ecse.biketourplus.features.RegisterAndUpdateGuideStepDefinitions.the_number_of_guides_shall_be_p9(java.lang.String)?[0m
  ?[32mThen ?[0m?[32mthe system shall raise the error ?[0m?[32m?[1m"Invalid email"?[0m?[32m (p9)?[0m                                                                                ?[90m# ca.mcgill.ecse.biketourplus.features.RegisterAndUpdateGuideStepDefinitions.the_system_shall_raise_the_error_p9(java.lang.String)?[0m

Scenario Outline: Register a guide unsuccessfully                                                                                              ?[90m# src/test/resources/RegisterAndUpdateGuide.feature:41?[0m
  ?[32mGiven ?[0m?[32mthe following BikeTourPlus system exists: (p9)?[0m                                                                                         ?[90m# ca.mcgill.ecse.biketourplus.features.RegisterAndUpdateGuideStepDefinitions.the_following_bike_tour_plus_system_exists_p9(io.cucumber.datatable.DataTable)?[0m
  ?[32mGiven ?[0m?[32mthe following guides exist in the system: (p9)?[0m                                                                                         ?[90m# ca.mcgill.ecse.biketourplus.features.RegisterAndUpdateGuideStepDefinitions.the_following_guides_exist_in_the_system_p9(io.cucumber.datatable.DataTable)?[0m
  ?[32mGiven ?[0m?[32mthe following participants exist in the system: (p9)?[0m                                                                                   ?[90m# ca.mcgill.ecse.biketourplus.features.RegisterAndUpdateGuideStepDefinitions.the_following_participants_exist_in_the_system_p9(io.cucumber.datatable.DataTable)?[0m
  ?[32mWhen ?[0m?[32ma new guide attempts to register with email ?[0m?[32m?[1m"greg.email@com"?[0m?[32m, password ?[0m?[32m?[1m"pass6"?[0m?[32m, name ?[0m?[32m?[1m"Greg"?[0m?[32m, and emergency contact ?[0m?[32m?[1m"(777)888-7777"?[0m?[32m (p9)?[0m ?[90m# ca.mcgill.ecse.biketourplus.features.RegisterAndUpdateGuideStepDefinitions.a_new_guide_attempts_to_register_with_email_password_name_and_emergency_contact_p9(java.lang.String,java.lang.String,java.lang.String,java.lang.String)?[0m
  ?[32mThen ?[0m?[32ma guide account shall not exist with email ?[0m?[32m?[1m"greg.email@com"?[0m?[32m, password ?[0m?[32m?[1m"pass6"?[0m?[32m, name ?[0m?[32m?[1m"Greg"?[0m?[32m, and emergency contact ?[0m?[32m?[1m"(777)888-7777"?[0m?[32m (p9)?[0m  ?[90m# ca.mcgill.ecse.biketourplus.features.RegisterAndUpdateGuideStepDefinitions.a_guide_account_shall_not_exist_with_email_password_name_and_emergency_contact_p9(java.lang.String,java.lang.String,java.lang.String,java.lang.String)?[0m
  ?[32mThen ?[0m?[32mthe number of guides shall be ?[0m?[32m?[1m"2"?[0m?[32m (p9)?[0m                                                                                                  ?[90m# ca.mcgill.ecse.biketourplus.features.RegisterAndUpdateGuideStepDefinitions.the_number_of_guides_shall_be_p9(java.lang.String)?[0m
  ?[32mThen ?[0m?[32mthe system shall raise the error ?[0m?[32m?[1m"Invalid email"?[0m?[32m (p9)?[0m                                                                                   ?[90m# ca.mcgill.ecse.biketourplus.features.RegisterAndUpdateGuideStepDefinitions.the_system_shall_raise_the_error_p9(java.lang.String)?[0m

Scenario Outline: Register a guide unsuccessfully                                                                                          ?[90m# src/test/resources/RegisterAndUpdateGuide.feature:42?[0m
  ?[32mGiven ?[0m?[32mthe following BikeTourPlus system exists: (p9)?[0m                                                                                     ?[90m# ca.mcgill.ecse.biketourplus.features.RegisterAndUpdateGuideStepDefinitions.the_following_bike_tour_plus_system_exists_p9(io.cucumber.datatable.DataTable)?[0m
  ?[32mGiven ?[0m?[32mthe following guides exist in the system: (p9)?[0m                                                                                     ?[90m# ca.mcgill.ecse.biketourplus.features.RegisterAndUpdateGuideStepDefinitions.the_following_guides_exist_in_the_system_p9(io.cucumber.datatable.DataTable)?[0m
  ?[32mGiven ?[0m?[32mthe following participants exist in the system: (p9)?[0m                                                                               ?[90m# ca.mcgill.ecse.biketourplus.features.RegisterAndUpdateGuideStepDefinitions.the_following_participants_exist_in_the_system_p9(io.cucumber.datatable.DataTable)?[0m
  ?[32mWhen ?[0m?[32ma new guide attempts to register with email ?[0m?[32m?[1m"@email.com"?[0m?[32m, password ?[0m?[32m?[1m"pass7"?[0m?[32m, name ?[0m?[32m?[1m"Otto"?[0m?[32m, and emergency contact ?[0m?[32m?[1m"(111)777-6666"?[0m?[32m (p9)?[0m ?[90m# ca.mcgill.ecse.biketourplus.features.RegisterAndUpdateGuideStepDefinitions.a_new_guide_attempts_to_register_with_email_password_name_and_emergency_contact_p9(java.lang.String,java.lang.String,java.lang.String,java.lang.String)?[0m
  ?[32mThen ?[0m?[32ma guide account shall not exist with email ?[0m?[32m?[1m"@email.com"?[0m?[32m, password ?[0m?[32m?[1m"pass7"?[0m?[32m, name ?[0m?[32m?[1m"Otto"?[0m?[32m, and emergency contact ?[0m?[32m?[1m"(111)777-6666"?[0m?[32m (p9)?[0m  ?[90m# ca.mcgill.ecse.biketourplus.features.RegisterAndUpdateGuideStepDefinitions.a_guide_account_shall_not_exist_with_email_password_name_and_emergency_contact_p9(java.lang.String,java.lang.String,java.lang.String,java.lang.String)?[0m
  ?[32mThen ?[0m?[32mthe number of guides shall be ?[0m?[32m?[1m"2"?[0m?[32m (p9)?[0m                                                                                              ?[90m# ca.mcgill.ecse.biketourplus.features.RegisterAndUpdateGuideStepDefinitions.the_number_of_guides_shall_be_p9(java.lang.String)?[0m
  ?[32mThen ?[0m?[32mthe system shall raise the error ?[0m?[32m?[1m"Invalid email"?[0m?[32m (p9)?[0m                                                                               ?[90m# ca.mcgill.ecse.biketourplus.features.RegisterAndUpdateGuideStepDefinitions.the_system_shall_raise_the_error_p9(java.lang.String)?[0m

Scenario Outline: Register a guide unsuccessfully                                                                                         ?[90m# src/test/resources/RegisterAndUpdateGuide.feature:43?[0m
  ?[32mGiven ?[0m?[32mthe following BikeTourPlus system exists: (p9)?[0m                                                                                    ?[90m# ca.mcgill.ecse.biketourplus.features.RegisterAndUpdateGuideStepDefinitions.the_following_bike_tour_plus_system_exists_p9(io.cucumber.datatable.DataTable)?[0m
  ?[32mGiven ?[0m?[32mthe following guides exist in the system: (p9)?[0m                                                                                    ?[90m# ca.mcgill.ecse.biketourplus.features.RegisterAndUpdateGuideStepDefinitions.the_following_guides_exist_in_the_system_p9(io.cucumber.datatable.DataTable)?[0m
  ?[32mGiven ?[0m?[32mthe following participants exist in the system: (p9)?[0m                                                                              ?[90m# ca.mcgill.ecse.biketourplus.features.RegisterAndUpdateGuideStepDefinitions.the_following_participants_exist_in_the_system_p9(io.cucumber.datatable.DataTable)?[0m
  ?[32mWhen ?[0m?[32ma new guide attempts to register with email ?[0m?[32m?[1m"karl@.com"?[0m?[32m, password ?[0m?[32m?[1m"pass8"?[0m?[32m, name ?[0m?[32m?[1m"Karl"?[0m?[32m, and emergency contact ?[0m?[32m?[1m"(111)777-6661"?[0m?[32m (p9)?[0m ?[90m# ca.mcgill.ecse.biketourplus.features.RegisterAndUpdateGuideStepDefinitions.a_new_guide_attempts_to_register_with_email_password_name_and_emergency_contact_p9(java.lang.String,java.lang.String,java.lang.String,java.lang.String)?[0m
  ?[32mThen ?[0m?[32ma guide account shall not exist with email ?[0m?[32m?[1m"karl@.com"?[0m?[32m, password ?[0m?[32m?[1m"pass8"?[0m?[32m, name ?[0m?[32m?[1m"Karl"?[0m?[32m, and emergency contact ?[0m?[32m?[1m"(111)777-6661"?[0m?[32m (p9)?[0m  ?[90m# ca.mcgill.ecse.biketourplus.features.RegisterAndUpdateGuideStepDefinitions.a_guide_account_shall_not_exist_with_email_password_name_and_emergency_contact_p9(java.lang.String,java.lang.String,java.lang.String,java.lang.String)?[0m
  ?[32mThen ?[0m?[32mthe number of guides shall be ?[0m?[32m?[1m"2"?[0m?[32m (p9)?[0m                                                                                             ?[90m# ca.mcgill.ecse.biketourplus.features.RegisterAndUpdateGuideStepDefinitions.the_number_of_guides_shall_be_p9(java.lang.String)?[0m
  ?[32mThen ?[0m?[32mthe system shall raise the error ?[0m?[32m?[1m"Invalid email"?[0m?[32m (p9)?[0m                                                                              ?[90m# ca.mcgill.ecse.biketourplus.features.RegisterAndUpdateGuideStepDefinitions.the_system_shall_raise_the_error_p9(java.lang.String)?[0m

Scenario Outline: Register a guide unsuccessfully                                                                                ?[90m# src/test/resources/RegisterAndUpdateGuide.feature:44?[0m
  ?[32mGiven ?[0m?[32mthe following BikeTourPlus system exists: (p9)?[0m                                                                           ?[90m# ca.mcgill.ecse.biketourplus.features.RegisterAndUpdateGuideStepDefinitions.the_following_bike_tour_plus_system_exists_p9(io.cucumber.datatable.DataTable)?[0m
  ?[32mGiven ?[0m?[32mthe following guides exist in the system: (p9)?[0m                                                                           ?[90m# ca.mcgill.ecse.biketourplus.features.RegisterAndUpdateGuideStepDefinitions.the_following_guides_exist_in_the_system_p9(io.cucumber.datatable.DataTable)?[0m
  ?[32mGiven ?[0m?[32mthe following participants exist in the system: (p9)?[0m                                                                     ?[90m# ca.mcgill.ecse.biketourplus.features.RegisterAndUpdateGuideStepDefinitions.the_following_participants_exist_in_the_system_p9(io.cucumber.datatable.DataTable)?[0m
  ?[32mWhen ?[0m?[32ma new guide attempts to register with email ?[0m?[32m?[1m""?[0m?[32m, password ?[0m?[32m?[1m"pass9"?[0m?[32m, name ?[0m?[32m?[1m"Vino"?[0m?[32m, and emergency contact ?[0m?[32m?[1m"(777)888-5555"?[0m?[32m (p9)?[0m ?[90m# ca.mcgill.ecse.biketourplus.features.RegisterAndUpdateGuideStepDefinitions.a_new_guide_attempts_to_register_with_email_password_name_and_emergency_contact_p9(java.lang.String,java.lang.String,java.lang.String,java.lang.String)?[0m
  ?[32mThen ?[0m?[32ma guide account shall not exist with email ?[0m?[32m?[1m""?[0m?[32m, password ?[0m?[32m?[1m"pass9"?[0m?[32m, name ?[0m?[32m?[1m"Vino"?[0m?[32m, and emergency contact ?[0m?[32m?[1m"(777)888-5555"?[0m?[32m (p9)?[0m  ?[90m# ca.mcgill.ecse.biketourplus.features.RegisterAndUpdateGuideStepDefinitions.a_guide_account_shall_not_exist_with_email_password_name_and_emergency_contact_p9(java.lang.String,java.lang.String,java.lang.String,java.lang.String)?[0m
  ?[32mThen ?[0m?[32mthe number of guides shall be ?[0m?[32m?[1m"2"?[0m?[32m (p9)?[0m                                                                                    ?[90m# ca.mcgill.ecse.biketourplus.features.RegisterAndUpdateGuideStepDefinitions.the_number_of_guides_shall_be_p9(java.lang.String)?[0m
  ?[32mThen ?[0m?[32mthe system shall raise the error ?[0m?[32m?[1m"Email cannot be empty"?[0m?[32m (p9)?[0m                                                             ?[90m# ca.mcgill.ecse.biketourplus.features.RegisterAndUpdateGuideStepDefinitions.the_system_shall_raise_the_error_p9(java.lang.String)?[0m

Scenario Outline: Register a guide unsuccessfully                                                                                         ?[90m# src/test/resources/RegisterAndUpdateGuide.feature:45?[0m
  ?[32mGiven ?[0m?[32mthe following BikeTourPlus system exists: (p9)?[0m                                                                                    ?[90m# ca.mcgill.ecse.biketourplus.features.RegisterAndUpdateGuideStepDefinitions.the_following_bike_tour_plus_system_exists_p9(io.cucumber.datatable.DataTable)?[0m
  ?[32mGiven ?[0m?[32mthe following guides exist in the system: (p9)?[0m                                                                                    ?[90m# ca.mcgill.ecse.biketourplus.features.RegisterAndUpdateGuideStepDefinitions.the_following_guides_exist_in_the_system_p9(io.cucumber.datatable.DataTable)?[0m
  ?[32mGiven ?[0m?[32mthe following participants exist in the system: (p9)?[0m                                                                              ?[90m# ca.mcgill.ecse.biketourplus.features.RegisterAndUpdateGuideStepDefinitions.the_following_participants_exist_in_the_system_p9(io.cucumber.datatable.DataTable)?[0m
  ?[32mWhen ?[0m?[32ma new guide attempts to register with email ?[0m?[32m?[1m"luke@email.com"?[0m?[32m, password ?[0m?[32m?[1m""?[0m?[32m, name ?[0m?[32m?[1m"Luke"?[0m?[32m, and emergency contact ?[0m?[32m?[1m"(999)888-5555"?[0m?[32m (p9)?[0m ?[90m# ca.mcgill.ecse.biketourplus.features.RegisterAndUpdateGuideStepDefinitions.a_new_guide_attempts_to_register_with_email_password_name_and_emergency_contact_p9(java.lang.String,java.lang.String,java.lang.String,java.lang.String)?[0m
  ?[32mThen ?[0m?[32ma guide account shall not exist with email ?[0m?[32m?[1m"luke@email.com"?[0m?[32m, password ?[0m?[32m?[1m""?[0m?[32m, name ?[0m?[32m?[1m"Luke"?[0m?[32m, and emergency contact ?[0m?[32m?[1m"(999)888-5555"?[0m?[32m (p9)?[0m  ?[90m# ca.mcgill.ecse.biketourplus.features.RegisterAndUpdateGuideStepDefinitions.a_guide_account_shall_not_exist_with_email_password_name_and_emergency_contact_p9(java.lang.String,java.lang.String,java.lang.String,java.lang.String)?[0m
  ?[32mThen ?[0m?[32mthe number of guides shall be ?[0m?[32m?[1m"2"?[0m?[32m (p9)?[0m                                                                                             ?[90m# ca.mcgill.ecse.biketourplus.features.RegisterAndUpdateGuideStepDefinitions.the_number_of_guides_shall_be_p9(java.lang.String)?[0m
  ?[32mThen ?[0m?[32mthe system shall raise the error ?[0m?[32m?[1m"Password cannot be empty"?[0m?[32m (p9)?[0m                                                                   ?[90m# ca.mcgill.ecse.biketourplus.features.RegisterAndUpdateGuideStepDefinitions.the_system_shall_raise_the_error_p9(java.lang.String)?[0m

Scenario Outline: Register a guide unsuccessfully                                                                                           ?[90m# src/test/resources/RegisterAndUpdateGuide.feature:46?[0m
  ?[32mGiven ?[0m?[32mthe following BikeTourPlus system exists: (p9)?[0m                                                                                      ?[90m# ca.mcgill.ecse.biketourplus.features.RegisterAndUpdateGuideStepDefinitions.the_following_bike_tour_plus_system_exists_p9(io.cucumber.datatable.DataTable)?[0m
  ?[32mGiven ?[0m?[32mthe following guides exist in the system: (p9)?[0m                                                                                      ?[90m# ca.mcgill.ecse.biketourplus.features.RegisterAndUpdateGuideStepDefinitions.the_following_guides_exist_in_the_system_p9(io.cucumber.datatable.DataTable)?[0m
  ?[32mGiven ?[0m?[32mthe following participants exist in the system: (p9)?[0m                                                                                ?[90m# ca.mcgill.ecse.biketourplus.features.RegisterAndUpdateGuideStepDefinitions.the_following_participants_exist_in_the_system_p9(io.cucumber.datatable.DataTable)?[0m
  ?[32mWhen ?[0m?[32ma new guide attempts to register with email ?[0m?[32m?[1m"owen@email.com"?[0m?[32m, password ?[0m?[32m?[1m"pass10"?[0m?[32m, name ?[0m?[32m?[1m""?[0m?[32m, and emergency contact ?[0m?[32m?[1m"(888)888-5555"?[0m?[32m (p9)?[0m ?[90m# ca.mcgill.ecse.biketourplus.features.RegisterAndUpdateGuideStepDefinitions.a_new_guide_attempts_to_register_with_email_password_name_and_emergency_contact_p9(java.lang.String,java.lang.String,java.lang.String,java.lang.String)?[0m
  ?[32mThen ?[0m?[32ma guide account shall not exist with email ?[0m?[32m?[1m"owen@email.com"?[0m?[32m, password ?[0m?[32m?[1m"pass10"?[0m?[32m, name ?[0m?[32m?[1m""?[0m?[32m, and emergency contact ?[0m?[32m?[1m"(888)888-5555"?[0m?[32m (p9)?[0m  ?[90m# ca.mcgill.ecse.biketourplus.features.RegisterAndUpdateGuideStepDefinitions.a_guide_account_shall_not_exist_with_email_password_name_and_emergency_contact_p9(java.lang.String,java.lang.String,java.lang.String,java.lang.String)?[0m
  ?[32mThen ?[0m?[32mthe number of guides shall be ?[0m?[32m?[1m"2"?[0m?[32m (p9)?[0m                                                                                               ?[90m# ca.mcgill.ecse.biketourplus.features.RegisterAndUpdateGuideStepDefinitions.the_number_of_guides_shall_be_p9(java.lang.String)?[0m
  ?[32mThen ?[0m?[32mthe system shall raise the error ?[0m?[32m?[1m"Name cannot be empty"?[0m?[32m (p9)?[0m                                                                         ?[90m# ca.mcgill.ecse.biketourplus.features.RegisterAndUpdateGuideStepDefinitions.the_system_shall_raise_the_error_p9(java.lang.String)?[0m

Scenario Outline: Register a guide unsuccessfully                                                                                  ?[90m# src/test/resources/RegisterAndUpdateGuide.feature:47?[0m
  ?[32mGiven ?[0m?[32mthe following BikeTourPlus system exists: (p9)?[0m                                                                             ?[90m# ca.mcgill.ecse.biketourplus.features.RegisterAndUpdateGuideStepDefinitions.the_following_bike_tour_plus_system_exists_p9(io.cucumber.datatable.DataTable)?[0m
  ?[32mGiven ?[0m?[32mthe following guides exist in the system: (p9)?[0m                                                                             ?[90m# ca.mcgill.ecse.biketourplus.features.RegisterAndUpdateGuideStepDefinitions.the_following_guides_exist_in_the_system_p9(io.cucumber.datatable.DataTable)?[0m
  ?[32mGiven ?[0m?[32mthe following participants exist in the system: (p9)?[0m                                                                       ?[90m# ca.mcgill.ecse.biketourplus.features.RegisterAndUpdateGuideStepDefinitions.the_following_participants_exist_in_the_system_p9(io.cucumber.datatable.DataTable)?[0m
  ?[32mWhen ?[0m?[32ma new guide attempts to register with email ?[0m?[32m?[1m"noah@email.com"?[0m?[32m, password ?[0m?[32m?[1m"pass11"?[0m?[32m, name ?[0m?[32m?[1m"Noah"?[0m?[32m, and emergency contact ?[0m?[32m?[1m""?[0m?[32m (p9)?[0m ?[90m# ca.mcgill.ecse.biketourplus.features.RegisterAndUpdateGuideStepDefinitions.a_new_guide_attempts_to_register_with_email_password_name_and_emergency_contact_p9(java.lang.String,java.lang.String,java.lang.String,java.lang.String)?[0m
  ?[32mThen ?[0m?[32ma guide account shall not exist with email ?[0m?[32m?[1m"noah@email.com"?[0m?[32m, password ?[0m?[32m?[1m"pass11"?[0m?[32m, name ?[0m?[32m?[1m"Noah"?[0m?[32m, and emergency contact ?[0m?[32m?[1m""?[0m?[32m (p9)?[0m  ?[90m# ca.mcgill.ecse.biketourplus.features.RegisterAndUpdateGuideStepDefinitions.a_guide_account_shall_not_exist_with_email_password_name_and_emergency_contact_p9(java.lang.String,java.lang.String,java.lang.String,java.lang.String)?[0m
  ?[32mThen ?[0m?[32mthe number of guides shall be ?[0m?[32m?[1m"2"?[0m?[32m (p9)?[0m                                                                                      ?[90m# ca.mcgill.ecse.biketourplus.features.RegisterAndUpdateGuideStepDefinitions.the_number_of_guides_shall_be_p9(java.lang.String)?[0m
  ?[32mThen ?[0m?[32mthe system shall raise the error ?[0m?[32m?[1m"Emergency contact cannot be empty"?[0m?[32m (p9)?[0m                                                   ?[90m# ca.mcgill.ecse.biketourplus.features.RegisterAndUpdateGuideStepDefinitions.the_system_shall_raise_the_error_p9(java.lang.String)?[0m

Scenario Outline: Update a guide account successfully                                                                                                                  ?[90m# src/test/resources/RegisterAndUpdateGuide.feature:57?[0m
  ?[32mGiven ?[0m?[32mthe following BikeTourPlus system exists: (p9)?[0m                                                                                                                 ?[90m# ca.mcgill.ecse.biketourplus.features.RegisterAndUpdateGuideStepDefinitions.the_following_bike_tour_plus_system_exists_p9(io.cucumber.datatable.DataTable)?[0m
  ?[32mGiven ?[0m?[32mthe following guides exist in the system: (p9)?[0m                                                                                                                 ?[90m# ca.mcgill.ecse.biketourplus.features.RegisterAndUpdateGuideStepDefinitions.the_following_guides_exist_in_the_system_p9(io.cucumber.datatable.DataTable)?[0m
  ?[32mGiven ?[0m?[32mthe following participants exist in the system: (p9)?[0m                                                                                                           ?[90m# ca.mcgill.ecse.biketourplus.features.RegisterAndUpdateGuideStepDefinitions.the_following_participants_exist_in_the_system_p9(io.cucumber.datatable.DataTable)?[0m
ok
  ?[32mWhen ?[0m?[32mthe guide with email ?[0m?[32m?[1m"jeff@email.com"?[0m?[32m attempts to update their account information to password ?[0m?[32m?[1m"pass5"?[0m?[32m, name ?[0m?[32m?[1m"Jake"?[0m?[32m, and emergency contact ?[0m?[32m?[1m"(111)111-1111"?[0m?[32m (p9)?[0m ?[90m# ca.mcgill.ecse.biketourplus.features.RegisterAndUpdateGuideStepDefinitions.the_guide_with_email_attempts_to_update_their_account_information_to_password_name_and_emergency_contact_p9(java.lang.String,java.lang.String,java.lang.String,java.lang.String)?[0m
  ?[32mThen ?[0m?[32ma guide account shall exist with email ?[0m?[32m?[1m"jeff@email.com"?[0m?[32m, password ?[0m?[32m?[1m"pass5"?[0m?[32m, name ?[0m?[32m?[1m"Jake"?[0m?[32m, and emergency contact ?[0m?[32m?[1m"(111)111-1111"?[0m?[32m (p9)?[0m                              ?[90m# ca.mcgill.ecse.biketourplus.features.RegisterAndUpdateGuideStepDefinitions.a_guide_account_shall_exist_with_email_password_name_and_emergency_contact_p9(java.lang.String,java.lang.String,java.lang.String,java.lang.String)?[0m
  ?[32mThen ?[0m?[32ma guide account shall not exist with email ?[0m?[32m?[1m"jeff@email.com"?[0m?[32m, password ?[0m?[32m?[1m"pass1"?[0m?[32m, name ?[0m?[32m?[1m"Jeff"?[0m?[32m, and emergency contact ?[0m?[32m?[1m"(555)555-5555"?[0m?[32m (p9)?[0m                          ?[90m# ca.mcgill.ecse.biketourplus.features.RegisterAndUpdateGuideStepDefinitions.a_guide_account_shall_not_exist_with_email_password_name_and_emergency_contact_p9(java.lang.String,java.lang.String,java.lang.String,java.lang.String)?[0m
  ?[32mThen ?[0m?[32mthe number of guides shall be ?[0m?[32m?[1m"2"?[0m?[32m (p9)?[0m                                                                                                                          ?[90m# ca.mcgill.ecse.biketourplus.features.RegisterAndUpdateGuideStepDefinitions.the_number_of_guides_shall_be_p9(java.lang.String)?[0m

Scenario Outline: Update a guide account successfully                                                                                                                    ?[90m# src/test/resources/RegisterAndUpdateGuide.feature:58?[0m
  ?[32mGiven ?[0m?[32mthe following BikeTourPlus system exists: (p9)?[0m                                                                                                                   ?[90m# ca.mcgill.ecse.biketourplus.features.RegisterAndUpdateGuideStepDefinitions.the_following_bike_tour_plus_system_exists_p9(io.cucumber.datatable.DataTable)?[0m
  ?[32mGiven ?[0m?[32mthe following guides exist in the system: (p9)?[0m                                                                                                                   ?[90m# ca.mcgill.ecse.biketourplus.features.RegisterAndUpdateGuideStepDefinitions.the_following_guides_exist_in_the_system_p9(io.cucumber.datatable.DataTable)?[0m
  ?[32mGiven ?[0m?[32mthe following participants exist in the system: (p9)?[0m                                                                                                             ?[90m# ca.mcgill.ecse.biketourplus.features.RegisterAndUpdateGuideStepDefinitions.the_following_participants_exist_in_the_system_p9(io.cucumber.datatable.DataTable)?[0m
ok
  ?[32mWhen ?[0m?[32mthe guide with email ?[0m?[32m?[1m"john@email.com"?[0m?[32m attempts to update their account information to password ?[0m?[32m?[1m"pass6"?[0m?[32m, name ?[0m?[32m?[1m"Johnny"?[0m?[32m, and emergency contact ?[0m?[32m?[1m"(111)777-7777"?[0m?[32m (p9)?[0m ?[90m# ca.mcgill.ecse.biketourplus.features.RegisterAndUpdateGuideStepDefinitions.the_guide_with_email_attempts_to_update_their_account_information_to_password_name_and_emergency_contact_p9(java.lang.String,java.lang.String,java.lang.String,java.lang.String)?[0m
  ?[32mThen ?[0m?[32ma guide account shall exist with email ?[0m?[32m?[1m"john@email.com"?[0m?[32m, password ?[0m?[32m?[1m"pass6"?[0m?[32m, name ?[0m?[32m?[1m"Johnny"?[0m?[32m, and emergency contact ?[0m?[32m?[1m"(111)777-7777"?[0m?[32m (p9)?[0m                              ?[90m# ca.mcgill.ecse.biketourplus.features.RegisterAndUpdateGuideStepDefinitions.a_guide_account_shall_exist_with_email_password_name_and_emergency_contact_p9(java.lang.String,java.lang.String,java.lang.String,java.lang.String)?[0m
  ?[32mThen ?[0m?[32ma guide account shall not exist with email ?[0m?[32m?[1m"john@email.com"?[0m?[32m, password ?[0m?[32m?[1m"pass2"?[0m?[32m, name ?[0m?[32m?[1m"John"?[0m?[32m, and emergency contact ?[0m?[32m?[1m"(444)444-4444"?[0m?[32m (p9)?[0m                            ?[90m# ca.mcgill.ecse.biketourplus.features.RegisterAndUpdateGuideStepDefinitions.a_guide_account_shall_not_exist_with_email_password_name_and_emergency_contact_p9(java.lang.String,java.lang.String,java.lang.String,java.lang.String)?[0m
  ?[32mThen ?[0m?[32mthe number of guides shall be ?[0m?[32m?[1m"2"?[0m?[32m (p9)?[0m                                                                                                                            ?[90m# ca.mcgill.ecse.biketourplus.features.RegisterAndUpdateGuideStepDefinitions.the_number_of_guides_shall_be_p9(java.lang.String)?[0m

Scenario Outline: Update a guide account unsuccessfully                                                                                                           ?[90m# src/test/resources/RegisterAndUpdateGuide.feature:69?[0m
  ?[32mGiven ?[0m?[32mthe following BikeTourPlus system exists: (p9)?[0m                                                                                                            ?[90m# ca.mcgill.ecse.biketourplus.features.RegisterAndUpdateGuideStepDefinitions.the_following_bike_tour_plus_system_exists_p9(io.cucumber.datatable.DataTable)?[0m
  ?[32mGiven ?[0m?[32mthe following guides exist in the system: (p9)?[0m                                                                                                            ?[90m# ca.mcgill.ecse.biketourplus.features.RegisterAndUpdateGuideStepDefinitions.the_following_guides_exist_in_the_system_p9(io.cucumber.datatable.DataTable)?[0m
  ?[32mGiven ?[0m?[32mthe following participants exist in the system: (p9)?[0m                                                                                                      ?[90m# ca.mcgill.ecse.biketourplus.features.RegisterAndUpdateGuideStepDefinitions.the_following_participants_exist_in_the_system_p9(io.cucumber.datatable.DataTable)?[0m
  ?[32mWhen ?[0m?[32mthe guide with email ?[0m?[32m?[1m"jeff@email.com"?[0m?[32m attempts to update their account information to password ?[0m?[32m?[1m""?[0m?[32m, name ?[0m?[32m?[1m"Jeff"?[0m?[32m, and emergency contact ?[0m?[32m?[1m"(555)666-5555"?[0m?[32m (p9)?[0m ?[90m# ca.mcgill.ecse.biketourplus.features.RegisterAndUpdateGuideStepDefinitions.the_guide_with_email_attempts_to_update_their_account_information_to_password_name_and_emergency_contact_p9(java.lang.String,java.lang.String,java.lang.String,java.lang.String)?[0m
  ?[32mThen ?[0m?[32ma guide account shall exist with email ?[0m?[32m?[1m"jeff@email.com"?[0m?[32m, password ?[0m?[32m?[1m"pass1"?[0m?[32m, name ?[0m?[32m?[1m"Jeff"?[0m?[32m, and emergency contact ?[0m?[32m?[1m"(555)555-5555"?[0m?[32m (p9)?[0m                         ?[90m# ca.mcgill.ecse.biketourplus.features.RegisterAndUpdateGuideStepDefinitions.a_guide_account_shall_exist_with_email_password_name_and_emergency_contact_p9(java.lang.String,java.lang.String,java.lang.String,java.lang.String)?[0m
  ?[32mThen ?[0m?[32ma guide account shall not exist with email ?[0m?[32m?[1m"jeff@email.com"?[0m?[32m, password ?[0m?[32m?[1m""?[0m?[32m, name ?[0m?[32m?[1m"Jeff"?[0m?[32m, and emergency contact ?[0m?[32m?[1m"(555)666-5555"?[0m?[32m (p9)?[0m                          ?[90m# ca.mcgill.ecse.biketourplus.features.RegisterAndUpdateGuideStepDefinitions.a_guide_account_shall_not_exist_with_email_password_name_and_emergency_contact_p9(java.lang.String,java.lang.String,java.lang.String,java.lang.String)?[0m
  ?[32mThen ?[0m?[32mthe number of guides shall be ?[0m?[32m?[1m"2"?[0m?[32m (p9)?[0m                                                                                                                     ?[90m# ca.mcgill.ecse.biketourplus.features.RegisterAndUpdateGuideStepDefinitions.the_number_of_guides_shall_be_p9(java.lang.String)?[0m
  ?[32mThen ?[0m?[32mthe system shall raise the error ?[0m?[32m?[1m"Password cannot be empty"?[0m?[32m (p9)?[0m                                                                                           ?[90m# ca.mcgill.ecse.biketourplus.features.RegisterAndUpdateGuideStepDefinitions.the_system_shall_raise_the_error_p9(java.lang.String)?[0m

Scenario Outline: Update a guide account unsuccessfully                                                                                                            ?[90m# src/test/resources/RegisterAndUpdateGuide.feature:70?[0m
  ?[32mGiven ?[0m?[32mthe following BikeTourPlus system exists: (p9)?[0m                                                                                                             ?[90m# ca.mcgill.ecse.biketourplus.features.RegisterAndUpdateGuideStepDefinitions.the_following_bike_tour_plus_system_exists_p9(io.cucumber.datatable.DataTable)?[0m
  ?[32mGiven ?[0m?[32mthe following guides exist in the system: (p9)?[0m                                                                                                             ?[90m# ca.mcgill.ecse.biketourplus.features.RegisterAndUpdateGuideStepDefinitions.the_following_guides_exist_in_the_system_p9(io.cucumber.datatable.DataTable)?[0m
  ?[32mGiven ?[0m?[32mthe following participants exist in the system: (p9)?[0m                                                                                                       ?[90m# ca.mcgill.ecse.biketourplus.features.RegisterAndUpdateGuideStepDefinitions.the_following_participants_exist_in_the_system_p9(io.cucumber.datatable.DataTable)?[0m
  ?[32mWhen ?[0m?[32mthe guide with email ?[0m?[32m?[1m"john@email.com"?[0m?[32m attempts to update their account information to password ?[0m?[32m?[1m"pass2"?[0m?[32m, name ?[0m?[32m?[1m""?[0m?[32m, and emergency contact ?[0m?[32m?[1m"(444)444-7777"?[0m?[32m (p9)?[0m ?[90m# ca.mcgill.ecse.biketourplus.features.RegisterAndUpdateGuideStepDefinitions.the_guide_with_email_attempts_to_update_their_account_information_to_password_name_and_emergency_contact_p9(java.lang.String,java.lang.String,java.lang.String,java.lang.String)?[0m
  ?[32mThen ?[0m?[32ma guide account shall exist with email ?[0m?[32m?[1m"john@email.com"?[0m?[32m, password ?[0m?[32m?[1m"pass2"?[0m?[32m, name ?[0m?[32m?[1m"John"?[0m?[32m, and emergency contact ?[0m?[32m?[1m"(444)444-4444"?[0m?[32m (p9)?[0m                          ?[90m# ca.mcgill.ecse.biketourplus.features.RegisterAndUpdateGuideStepDefinitions.a_guide_account_shall_exist_with_email_password_name_and_emergency_contact_p9(java.lang.String,java.lang.String,java.lang.String,java.lang.String)?[0m
  ?[32mThen ?[0m?[32ma guide account shall not exist with email ?[0m?[32m?[1m"john@email.com"?[0m?[32m, password ?[0m?[32m?[1m"pass2"?[0m?[32m, name ?[0m?[32m?[1m""?[0m?[32m, and emergency contact ?[0m?[32m?[1m"(444)444-7777"?[0m?[32m (p9)?[0m                          ?[90m# ca.mcgill.ecse.biketourplus.features.RegisterAndUpdateGuideStepDefinitions.a_guide_account_shall_not_exist_with_email_password_name_and_emergency_contact_p9(java.lang.String,java.lang.String,java.lang.String,java.lang.String)?[0m
  ?[32mThen ?[0m?[32mthe number of guides shall be ?[0m?[32m?[1m"2"?[0m?[32m (p9)?[0m                                                                                                                      ?[90m# ca.mcgill.ecse.biketourplus.features.RegisterAndUpdateGuideStepDefinitions.the_number_of_guides_shall_be_p9(java.lang.String)?[0m
  ?[32mThen ?[0m?[32mthe system shall raise the error ?[0m?[32m?[1m"Name cannot be empty"?[0m?[32m (p9)?[0m                                                                                                ?[90m# ca.mcgill.ecse.biketourplus.features.RegisterAndUpdateGuideStepDefinitions.the_system_shall_raise_the_error_p9(java.lang.String)?[0m

Scenario Outline: Update a guide account unsuccessfully                                                                                                   ?[90m# src/test/resources/RegisterAndUpdateGuide.feature:71?[0m
  ?[32mGiven ?[0m?[32mthe following BikeTourPlus system exists: (p9)?[0m                                                                                                    ?[90m# ca.mcgill.ecse.biketourplus.features.RegisterAndUpdateGuideStepDefinitions.the_following_bike_tour_plus_system_exists_p9(io.cucumber.datatable.DataTable)?[0m
  ?[32mGiven ?[0m?[32mthe following guides exist in the system: (p9)?[0m                                                                                                    ?[90m# ca.mcgill.ecse.biketourplus.features.RegisterAndUpdateGuideStepDefinitions.the_following_guides_exist_in_the_system_p9(io.cucumber.datatable.DataTable)?[0m
  ?[32mGiven ?[0m?[32mthe following participants exist in the system: (p9)?[0m                                                                                              ?[90m# ca.mcgill.ecse.biketourplus.features.RegisterAndUpdateGuideStepDefinitions.the_following_participants_exist_in_the_system_p9(io.cucumber.datatable.DataTable)?[0m
  ?[32mWhen ?[0m?[32mthe guide with email ?[0m?[32m?[1m"john@email.com"?[0m?[32m attempts to update their account information to password ?[0m?[32m?[1m"pass2"?[0m?[32m, name ?[0m?[32m?[1m"John"?[0m?[32m, and emergency contact ?[0m?[32m?[1m""?[0m?[32m (p9)?[0m ?[90m# ca.mcgill.ecse.biketourplus.features.RegisterAndUpdateGuideStepDefinitions.the_guide_with_email_attempts_to_update_their_account_information_to_password_name_and_emergency_contact_p9(java.lang.String,java.lang.String,java.lang.String,java.lang.String)?[0m
  ?[32mThen ?[0m?[32ma guide account shall exist with email ?[0m?[32m?[1m"john@email.com"?[0m?[32m, password ?[0m?[32m?[1m"pass2"?[0m?[32m, name ?[0m?[32m?[1m"John"?[0m?[32m, and emergency contact ?[0m?[32m?[1m"(444)444-4444"?[0m?[32m (p9)?[0m                 ?[90m# ca.mcgill.ecse.biketourplus.features.RegisterAndUpdateGuideStepDefinitions.a_guide_account_shall_exist_with_email_password_name_and_emergency_contact_p9(java.lang.String,java.lang.String,java.lang.String,java.lang.String)?[0m
  ?[32mThen ?[0m?[32ma guide account shall not exist with email ?[0m?[32m?[1m"john@email.com"?[0m?[32m, password ?[0m?[32m?[1m"pass2"?[0m?[32m, name ?[0m?[32m?[1m"John"?[0m?[32m, and emergency contact ?[0m?[32m?[1m""?[0m?[32m (p9)?[0m                          ?[90m# ca.mcgill.ecse.biketourplus.features.RegisterAndUpdateGuideStepDefinitions.a_guide_account_shall_not_exist_with_email_password_name_and_emergency_contact_p9(java.lang.String,java.lang.String,java.lang.String,java.lang.String)?[0m
  ?[32mThen ?[0m?[32mthe number of guides shall be ?[0m?[32m?[1m"2"?[0m?[32m (p9)?[0m                                                                                                             ?[90m# ca.mcgill.ecse.biketourplus.features.RegisterAndUpdateGuideStepDefinitions.the_number_of_guides_shall_be_p9(java.lang.String)?[0m
  ?[32mThen ?[0m?[32mthe system shall raise the error ?[0m?[32m?[1m"Emergency contact cannot be empty"?[0m?[32m (p9)?[0m                                                                          ?[90m# ca.mcgill.ecse.biketourplus.features.RegisterAndUpdateGuideStepDefinitions.the_system_shall_raise_the_error_p9(java.lang.String)?[0m

Scenario Outline: Unsuccessfully update a guide account that does not exist                                                                                            ?[90m# src/test/resources/RegisterAndUpdateGuide.feature:82?[0m
  ?[32mGiven ?[0m?[32mthe following BikeTourPlus system exists: (p9)?[0m                                                                                                                 ?[90m# ca.mcgill.ecse.biketourplus.features.RegisterAndUpdateGuideStepDefinitions.the_following_bike_tour_plus_system_exists_p9(io.cucumber.datatable.DataTable)?[0m
  ?[32mGiven ?[0m?[32mthe following guides exist in the system: (p9)?[0m                                                                                                                 ?[90m# ca.mcgill.ecse.biketourplus.features.RegisterAndUpdateGuideStepDefinitions.the_following_guides_exist_in_the_system_p9(io.cucumber.datatable.DataTable)?[0m
  ?[32mGiven ?[0m?[32mthe following participants exist in the system: (p9)?[0m                                                                                                           ?[90m# ca.mcgill.ecse.biketourplus.features.RegisterAndUpdateGuideStepDefinitions.the_following_participants_exist_in_the_system_p9(io.cucumber.datatable.DataTable)?[0m
ok
  ?[32mWhen ?[0m?[32mthe guide with email ?[0m?[32m?[1m"jane@email.com"?[0m?[32m attempts to update their account information to password ?[0m?[32m?[1m"pass2"?[0m?[32m, name ?[0m?[32m?[1m"Jeff"?[0m?[32m, and emergency contact ?[0m?[32m?[1m"(555)666-4444"?[0m?[32m (p9)?[0m ?[90m# ca.mcgill.ecse.biketourplus.features.RegisterAndUpdateGuideStepDefinitions.the_guide_with_email_attempts_to_update_their_account_information_to_password_name_and_emergency_contact_p9(java.lang.String,java.lang.String,java.lang.String,java.lang.String)?[0m
  ?[32mThen ?[0m?[32ma guide account shall not exist with email ?[0m?[32m?[1m"jane@email.com"?[0m?[32m, password ?[0m?[32m?[1m"pass1"?[0m?[32m, name ?[0m?[32m?[1m"Jane"?[0m?[32m, and emergency contact ?[0m?[32m?[1m"(333)333-3333"?[0m?[32m (p9)?[0m                          ?[90m# ca.mcgill.ecse.biketourplus.features.RegisterAndUpdateGuideStepDefinitions.a_guide_account_shall_not_exist_with_email_password_name_and_emergency_contact_p9(java.lang.String,java.lang.String,java.lang.String,java.lang.String)?[0m
  ?[32mThen ?[0m?[32ma guide account shall not exist with email ?[0m?[32m?[1m"jane@email.com"?[0m?[32m, password ?[0m?[32m?[1m"pass2"?[0m?[32m, name ?[0m?[32m?[1m"Jeff"?[0m?[32m, and emergency contact ?[0m?[32m?[1m"(555)666-4444"?[0m?[32m (p9)?[0m                          ?[90m# ca.mcgill.ecse.biketourplus.features.RegisterAndUpdateGuideStepDefinitions.a_guide_account_shall_not_exist_with_email_password_name_and_emergency_contact_p9(java.lang.String,java.lang.String,java.lang.String,java.lang.String)?[0m
  ?[32mThen ?[0m?[32mthe number of guides shall be ?[0m?[32m?[1m"2"?[0m?[32m (p9)?[0m                                                                                                                          ?[90m# ca.mcgill.ecse.biketourplus.features.RegisterAndUpdateGuideStepDefinitions.the_number_of_guides_shall_be_p9(java.lang.String)?[0m
  ?[32mThen ?[0m?[32mthe system shall raise the error ?[0m?[32m?[1m"The guide account does not exist"?[0m?[32m (p9)?[0m                                                                                        ?[90m# ca.mcgill.ecse.biketourplus.features.RegisterAndUpdateGuideStepDefinitions.the_system_shall_raise_the_error_p9(java.lang.String)?[0m

Scenario Outline: Register a participant successfully                                                                                                                                                                                                    ?[90m# src/test/resources/RegisterAndUpdateParticipant.feature:24?[0m
  ?[32mGiven ?[0m?[32mthe following BikeTourPlus system exists: (p1)?[0m                                                                                                                                                                                                   ?[90m# ca.mcgill.ecse.biketourplus.features.RegisterAndUpdateParticipantStepDefinitions.the_following_BikeTourPlus_System_exists_p1(io.cucumber.datatable.DataTable)?[0m
  ?[32mGiven ?[0m?[32mthe following guides exist in the system: (p1)?[0m                                                                                                                                                                                                   ?[90m# ca.mcgill.ecse.biketourplus.features.RegisterAndUpdateParticipantStepDefinitions.the_following_guides_exist_in_the_system_p1(io.cucumber.datatable.DataTable)?[0m
  ?[32mGiven ?[0m?[32mthe following participants exist in the system: (p1)?[0m                                                                                                                                                                                             ?[90m# ca.mcgill.ecse.biketourplus.features.RegisterAndUpdateParticipantStepDefinitions.the_following_participants_exist_in_the_system_p1(io.cucumber.datatable.DataTable)?[0m
  ?[32mWhen ?[0m?[32ma new participant attempts to register with email ?[0m?[32m?[1m"user3@mail.ca"?[0m?[32m, password ?[0m?[32m?[1m"password3"?[0m?[32m, name ?[0m?[32m?[1m"User3"?[0m?[32m, emergency contact ?[0m?[32m?[1m"(333)333-3333"?[0m?[32m, number of weeks ?[0m?[32m?[1m"3"?[0m?[32m, week available from ?[0m?[32m?[1m"3"?[0m?[32m, week available until ?[0m?[32m?[1m"10"?[0m?[32m, and lodge required ?[0m?[32m?[1m"true"?[0m?[32m (p1)?[0m ?[90m# ca.mcgill.ecse.biketourplus.features.RegisterAndUpdateParticipantStepDefinitions.a_new_participant_attempts_to_register_with_email_password_name_emergency_contact_number_of_weeks_week_available_from_week_available_until_and_lodge_required_p1(java.lang.String,java.lang.String,java.lang.String,java.lang.String,java.lang.String,java.lang.String,java.lang.String,java.lang.String)?[0m
  ?[32mThen ?[0m?[32ma participant account shall exist with email ?[0m?[32m?[1m"user3@mail.ca"?[0m?[32m, password ?[0m?[32m?[1m"password3"?[0m?[32m, name ?[0m?[32m?[1m"User3"?[0m?[32m, emergency contact ?[0m?[32m?[1m"(333)333-3333"?[0m?[32m, number of weeks ?[0m?[32m?[1m"3"?[0m?[32m, week available from ?[0m?[32m?[1m"3"?[0m?[32m, week available until ?[0m?[32m?[1m"10"?[0m?[32m, and lodge required ?[0m?[32m?[1m"true"?[0m?[32m (p1)?[0m      ?[90m# ca.mcgill.ecse.biketourplus.features.RegisterAndUpdateParticipantStepDefinitions.a_participant_account_shall_exist_with_email_password_name_emergency_contact_number_of_weeks_week_available_from_week_available_until_and_lodge_required_p1(java.lang.String,java.lang.String,java.lang.String,java.lang.String,java.lang.String,java.lang.String,java.lang.String,java.lang.String)?[0m
  ?[32mThen ?[0m?[32mthe number of participants shall be ?[0m?[32m?[1m"3"?[0m?[32m (p1)?[0m                                                                                                                                                                                                      ?[90m# ca.mcgill.ecse.biketourplus.features.RegisterAndUpdateParticipantStepDefinitions.the_number_of_participants_shall_be_p1(java.lang.String)?[0m

Scenario Outline: Register a participant successfully                                                                                                                                                                                                   ?[90m# src/test/resources/RegisterAndUpdateParticipant.feature:25?[0m
  ?[32mGiven ?[0m?[32mthe following BikeTourPlus system exists: (p1)?[0m                                                                                                                                                                                                  ?[90m# ca.mcgill.ecse.biketourplus.features.RegisterAndUpdateParticipantStepDefinitions.the_following_BikeTourPlus_System_exists_p1(io.cucumber.datatable.DataTable)?[0m
  ?[32mGiven ?[0m?[32mthe following guides exist in the system: (p1)?[0m                                                                                                                                                                                                  ?[90m# ca.mcgill.ecse.biketourplus.features.RegisterAndUpdateParticipantStepDefinitions.the_following_guides_exist_in_the_system_p1(io.cucumber.datatable.DataTable)?[0m
  ?[32mGiven ?[0m?[32mthe following participants exist in the system: (p1)?[0m                                                                                                                                                                                            ?[90m# ca.mcgill.ecse.biketourplus.features.RegisterAndUpdateParticipantStepDefinitions.the_following_participants_exist_in_the_system_p1(io.cucumber.datatable.DataTable)?[0m
  ?[32mWhen ?[0m?[32ma new participant attempts to register with email ?[0m?[32m?[1m"user4@mail.ca"?[0m?[32m, password ?[0m?[32m?[1m"password4"?[0m?[32m, name ?[0m?[32m?[1m"User4"?[0m?[32m, emergency contact ?[0m?[32m?[1m"(444)444-4444"?[0m?[32m, number of weeks ?[0m?[32m?[1m"4"?[0m?[32m, week available from ?[0m?[32m?[1m"4"?[0m?[32m, week available until ?[0m?[32m?[1m"7"?[0m?[32m, and lodge required ?[0m?[32m?[1m"true"?[0m?[32m (p1)?[0m ?[90m# ca.mcgill.ecse.biketourplus.features.RegisterAndUpdateParticipantStepDefinitions.a_new_participant_attempts_to_register_with_email_password_name_emergency_contact_number_of_weeks_week_available_from_week_available_until_and_lodge_required_p1(java.lang.String,java.lang.String,java.lang.String,java.lang.String,java.lang.String,java.lang.String,java.lang.String,java.lang.String)?[0m
  ?[32mThen ?[0m?[32ma participant account shall exist with email ?[0m?[32m?[1m"user4@mail.ca"?[0m?[32m, password ?[0m?[32m?[1m"password4"?[0m?[32m, name ?[0m?[32m?[1m"User4"?[0m?[32m, emergency contact ?[0m?[32m?[1m"(444)444-4444"?[0m?[32m, number of weeks ?[0m?[32m?[1m"4"?[0m?[32m, week available from ?[0m?[32m?[1m"4"?[0m?[32m, week available until ?[0m?[32m?[1m"7"?[0m?[32m, and lodge required ?[0m?[32m?[1m"true"?[0m?[32m (p1)?[0m      ?[90m# ca.mcgill.ecse.biketourplus.features.RegisterAndUpdateParticipantStepDefinitions.a_participant_account_shall_exist_with_email_password_name_emergency_contact_number_of_weeks_week_available_from_week_available_until_and_lodge_required_p1(java.lang.String,java.lang.String,java.lang.String,java.lang.String,java.lang.String,java.lang.String,java.lang.String,java.lang.String)?[0m
  ?[32mThen ?[0m?[32mthe number of participants shall be ?[0m?[32m?[1m"3"?[0m?[32m (p1)?[0m                                                                                                                                                                                                     ?[90m# ca.mcgill.ecse.biketourplus.features.RegisterAndUpdateParticipantStepDefinitions.the_number_of_participants_shall_be_p1(java.lang.String)?[0m

Scenario Outline: Register a participant unsuccessfully                                                                                                                                                                                                 ?[90m# src/test/resources/RegisterAndUpdateParticipant.feature:35?[0m
  ?[32mGiven ?[0m?[32mthe following BikeTourPlus system exists: (p1)?[0m                                                                                                                                                                                                  ?[90m# ca.mcgill.ecse.biketourplus.features.RegisterAndUpdateParticipantStepDefinitions.the_following_BikeTourPlus_System_exists_p1(io.cucumber.datatable.DataTable)?[0m
  ?[32mGiven ?[0m?[32mthe following guides exist in the system: (p1)?[0m                                                                                                                                                                                                  ?[90m# ca.mcgill.ecse.biketourplus.features.RegisterAndUpdateParticipantStepDefinitions.the_following_guides_exist_in_the_system_p1(io.cucumber.datatable.DataTable)?[0m
  ?[32mGiven ?[0m?[32mthe following participants exist in the system: (p1)?[0m                                                                                                                                                                                            ?[90m# ca.mcgill.ecse.biketourplus.features.RegisterAndUpdateParticipantStepDefinitions.the_following_participants_exist_in_the_system_p1(io.cucumber.datatable.DataTable)?[0m
  ?[32mWhen ?[0m?[32ma new participant attempts to register with email ?[0m?[32m?[1m"manager@btp.com"?[0m?[32m, password ?[0m?[32m?[1m"password"?[0m?[32m, name ?[0m?[32m?[1m"User"?[0m?[32m, emergency contact ?[0m?[32m?[1m"(555)555-5555"?[0m?[32m, number of weeks ?[0m?[32m?[1m"5"?[0m?[32m, week available from ?[0m?[32m?[1m"2"?[0m?[32m, week available until ?[0m?[32m?[1m"6"?[0m?[32m, and lodge required ?[0m?[32m?[1m"true"?[0m?[32m (p1)?[0m ?[90m# ca.mcgill.ecse.biketourplus.features.RegisterAndUpdateParticipantStepDefinitions.a_new_participant_attempts_to_register_with_email_password_name_emergency_contact_number_of_weeks_week_available_from_week_available_until_and_lodge_required_p1(java.lang.String,java.lang.String,java.lang.String,java.lang.String,java.lang.String,java.lang.String,java.lang.String,java.lang.String)?[0m
  ?[32mThen ?[0m?[32ma participant account shall not exist with email ?[0m?[32m?[1m"manager@btp.com"?[0m?[32m, password ?[0m?[32m?[1m"password"?[0m?[32m, name ?[0m?[32m?[1m"User"?[0m?[32m, emergency contact ?[0m?[32m?[1m"(555)555-5555"?[0m?[32m, number of weeks ?[0m?[32m?[1m"5"?[0m?[32m, week available from ?[0m?[32m?[1m"2"?[0m?[32m, week available until ?[0m?[32m?[1m"6"?[0m?[32m, and lodge required ?[0m?[32m?[1m"true"?[0m?[32m (p1)?[0m  ?[90m# ca.mcgill.ecse.biketourplus.features.RegisterAndUpdateParticipantStepDefinitions.a_participant_account_shall_not_exist_with_email_password_name_emergency_contact_number_of_weeks_week_available_from_week_available_until_and_lodge_required_p1(java.lang.String,java.lang.String,java.lang.String,java.lang.String,java.lang.String,java.lang.String,java.lang.String,java.lang.String)?[0m
  ?[32mThen ?[0m?[32mthe number of participants shall be ?[0m?[32m?[1m"2"?[0m?[32m (p1)?[0m                                                                                                                                                                                                     ?[90m# ca.mcgill.ecse.biketourplus.features.RegisterAndUpdateParticipantStepDefinitions.the_number_of_participants_shall_be_p1(java.lang.String)?[0m
  ?[32mThen ?[0m?[32mthe system shall raise the error ?[0m?[32m?[1m"Email cannot be manager@btp.com"?[0m?[32m (p1)?[0m                                                                                                                                                                          ?[90m# ca.mcgill.ecse.biketourplus.features.RegisterAndUpdateParticipantStepDefinitions.the_system_shall_raise_the_error_p1(java.lang.String)?[0m

Scenario Outline: Register a participant unsuccessfully                                                                                                                                                                                                 ?[90m# src/test/resources/RegisterAndUpdateParticipant.feature:36?[0m
  ?[32mGiven ?[0m?[32mthe following BikeTourPlus system exists: (p1)?[0m                                                                                                                                                                                                  ?[90m# ca.mcgill.ecse.biketourplus.features.RegisterAndUpdateParticipantStepDefinitions.the_following_BikeTourPlus_System_exists_p1(io.cucumber.datatable.DataTable)?[0m
  ?[32mGiven ?[0m?[32mthe following guides exist in the system: (p1)?[0m                                                                                                                                                                                                  ?[90m# ca.mcgill.ecse.biketourplus.features.RegisterAndUpdateParticipantStepDefinitions.the_following_guides_exist_in_the_system_p1(io.cucumber.datatable.DataTable)?[0m
  ?[32mGiven ?[0m?[32mthe following participants exist in the system: (p1)?[0m                                                                                                                                                                                            ?[90m# ca.mcgill.ecse.biketourplus.features.RegisterAndUpdateParticipantStepDefinitions.the_following_participants_exist_in_the_system_p1(io.cucumber.datatable.DataTable)?[0m
  ?[32mWhen ?[0m?[32ma new participant attempts to register with email ?[0m?[32m?[1m"john@email.com"?[0m?[32m, password ?[0m?[32m?[1m"password"?[0m?[32m, name ?[0m?[32m?[1m"User"?[0m?[32m, emergency contact ?[0m?[32m?[1m"(111)111-1111"?[0m?[32m, number of weeks ?[0m?[32m?[1m"1"?[0m?[32m, week available from ?[0m?[32m?[1m"1"?[0m?[32m, week available until ?[0m?[32m?[1m"10"?[0m?[32m, and lodge required ?[0m?[32m?[1m"true"?[0m?[32m (p1)?[0m ?[90m# ca.mcgill.ecse.biketourplus.features.RegisterAndUpdateParticipantStepDefinitions.a_new_participant_attempts_to_register_with_email_password_name_emergency_contact_number_of_weeks_week_available_from_week_available_until_and_lodge_required_p1(java.lang.String,java.lang.String,java.lang.String,java.lang.String,java.lang.String,java.lang.String,java.lang.String,java.lang.String)?[0m
  ?[32mThen ?[0m?[32ma participant account shall not exist with email ?[0m?[32m?[1m"john@email.com"?[0m?[32m, password ?[0m?[32m?[1m"password"?[0m?[32m, name ?[0m?[32m?[1m"User"?[0m?[32m, emergency contact ?[0m?[32m?[1m"(111)111-1111"?[0m?[32m, number of weeks ?[0m?[32m?[1m"1"?[0m?[32m, week available from ?[0m?[32m?[1m"1"?[0m?[32m, week available until ?[0m?[32m?[1m"10"?[0m?[32m, and lodge required ?[0m?[32m?[1m"true"?[0m?[32m (p1)?[0m  ?[90m# ca.mcgill.ecse.biketourplus.features.RegisterAndUpdateParticipantStepDefinitions.a_participant_account_shall_not_exist_with_email_password_name_emergency_contact_number_of_weeks_week_available_from_week_available_until_and_lodge_required_p1(java.lang.String,java.lang.String,java.lang.String,java.lang.String,java.lang.String,java.lang.String,java.lang.String,java.lang.String)?[0m
  ?[32mThen ?[0m?[32mthe number of participants shall be ?[0m?[32m?[1m"2"?[0m?[32m (p1)?[0m                                                                                                                                                                                                     ?[90m# ca.mcgill.ecse.biketourplus.features.RegisterAndUpdateParticipantStepDefinitions.the_number_of_participants_shall_be_p1(java.lang.String)?[0m
  ?[32mThen ?[0m?[32mthe system shall raise the error ?[0m?[32m?[1m"Email already linked to a guide account"?[0m?[32m (p1)?[0m                                                                                                                                                                  ?[90m# ca.mcgill.ecse.biketourplus.features.RegisterAndUpdateParticipantStepDefinitions.the_system_shall_raise_the_error_p1(java.lang.String)?[0m

Scenario Outline: Register a participant unsuccessfully                                                                                                                                                                                                  ?[90m# src/test/resources/RegisterAndUpdateParticipant.feature:37?[0m
  ?[32mGiven ?[0m?[32mthe following BikeTourPlus system exists: (p1)?[0m                                                                                                                                                                                                   ?[90m# ca.mcgill.ecse.biketourplus.features.RegisterAndUpdateParticipantStepDefinitions.the_following_BikeTourPlus_System_exists_p1(io.cucumber.datatable.DataTable)?[0m
  ?[32mGiven ?[0m?[32mthe following guides exist in the system: (p1)?[0m                                                                                                                                                                                                   ?[90m# ca.mcgill.ecse.biketourplus.features.RegisterAndUpdateParticipantStepDefinitions.the_following_guides_exist_in_the_system_p1(io.cucumber.datatable.DataTable)?[0m
  ?[32mGiven ?[0m?[32mthe following participants exist in the system: (p1)?[0m                                                                                                                                                                                             ?[90m# ca.mcgill.ecse.biketourplus.features.RegisterAndUpdateParticipantStepDefinitions.the_following_participants_exist_in_the_system_p1(io.cucumber.datatable.DataTable)?[0m
  ?[32mWhen ?[0m?[32ma new participant attempts to register with email ?[0m?[32m?[1m"peter@email.com"?[0m?[32m, password ?[0m?[32m?[1m"password"?[0m?[32m, name ?[0m?[32m?[1m"User"?[0m?[32m, emergency contact ?[0m?[32m?[1m"(111)111-1111"?[0m?[32m, number of weeks ?[0m?[32m?[1m"1"?[0m?[32m, week available from ?[0m?[32m?[1m"1"?[0m?[32m, week available until ?[0m?[32m?[1m"10"?[0m?[32m, and lodge required ?[0m?[32m?[1m"true"?[0m?[32m (p1)?[0m ?[90m# ca.mcgill.ecse.biketourplus.features.RegisterAndUpdateParticipantStepDefinitions.a_new_participant_attempts_to_register_with_email_password_name_emergency_contact_number_of_weeks_week_available_from_week_available_until_and_lodge_required_p1(java.lang.String,java.lang.String,java.lang.String,java.lang.String,java.lang.String,java.lang.String,java.lang.String,java.lang.String)?[0m
  ?[32mThen ?[0m?[32ma participant account shall not exist with email ?[0m?[32m?[1m"peter@email.com"?[0m?[32m, password ?[0m?[32m?[1m"password"?[0m?[32m, name ?[0m?[32m?[1m"User"?[0m?[32m, emergency contact ?[0m?[32m?[1m"(111)111-1111"?[0m?[32m, number of weeks ?[0m?[32m?[1m"1"?[0m?[32m, week available from ?[0m?[32m?[1m"1"?[0m?[32m, week available until ?[0m?[32m?[1m"10"?[0m?[32m, and lodge required ?[0m?[32m?[1m"true"?[0m?[32m (p1)?[0m  ?[90m# ca.mcgill.ecse.biketourplus.features.RegisterAndUpdateParticipantStepDefinitions.a_participant_account_shall_not_exist_with_email_password_name_emergency_contact_number_of_weeks_week_available_from_week_available_until_and_lodge_required_p1(java.lang.String,java.lang.String,java.lang.String,java.lang.String,java.lang.String,java.lang.String,java.lang.String,java.lang.String)?[0m
  ?[32mThen ?[0m?[32mthe number of participants shall be ?[0m?[32m?[1m"2"?[0m?[32m (p1)?[0m                                                                                                                                                                                                      ?[90m# ca.mcgill.ecse.biketourplus.features.RegisterAndUpdateParticipantStepDefinitions.the_number_of_participants_shall_be_p1(java.lang.String)?[0m
  ?[32mThen ?[0m?[32mthe system shall raise the error ?[0m?[32m?[1m"Email already linked to a participant account"?[0m?[32m (p1)?[0m                                                                                                                                                             ?[90m# ca.mcgill.ecse.biketourplus.features.RegisterAndUpdateParticipantStepDefinitions.the_system_shall_raise_the_error_p1(java.lang.String)?[0m

Scenario Outline: Register a participant unsuccessfully                                                                                                                                                                                              ?[90m# src/test/resources/RegisterAndUpdateParticipant.feature:38?[0m
  ?[32mGiven ?[0m?[32mthe following BikeTourPlus system exists: (p1)?[0m                                                                                                                                                                                               ?[90m# ca.mcgill.ecse.biketourplus.features.RegisterAndUpdateParticipantStepDefinitions.the_following_BikeTourPlus_System_exists_p1(io.cucumber.datatable.DataTable)?[0m
  ?[32mGiven ?[0m?[32mthe following guides exist in the system: (p1)?[0m                                                                                                                                                                                               ?[90m# ca.mcgill.ecse.biketourplus.features.RegisterAndUpdateParticipantStepDefinitions.the_following_guides_exist_in_the_system_p1(io.cucumber.datatable.DataTable)?[0m
  ?[32mGiven ?[0m?[32mthe following participants exist in the system: (p1)?[0m                                                                                                                                                                                         ?[90m# ca.mcgill.ecse.biketourplus.features.RegisterAndUpdateParticipantStepDefinitions.the_following_participants_exist_in_the_system_p1(io.cucumber.datatable.DataTable)?[0m
  ?[32mWhen ?[0m?[32ma new participant attempts to register with email ?[0m?[32m?[1m"user@ mail.ca"?[0m?[32m, password ?[0m?[32m?[1m"password"?[0m?[32m, name ?[0m?[32m?[1m"User"?[0m?[32m, emergency contact ?[0m?[32m?[1m"(111)222-333"?[0m?[32m, number of weeks ?[0m?[32m?[1m"1"?[0m?[32m, week available from ?[0m?[32m?[1m"8"?[0m?[32m, week available until ?[0m?[32m?[1m"9"?[0m?[32m, and lodge required ?[0m?[32m?[1m"true"?[0m?[32m (p1)?[0m ?[90m# ca.mcgill.ecse.biketourplus.features.RegisterAndUpdateParticipantStepDefinitions.a_new_participant_attempts_to_register_with_email_password_name_emergency_contact_number_of_weeks_week_available_from_week_available_until_and_lodge_required_p1(java.lang.String,java.lang.String,java.lang.String,java.lang.String,java.lang.String,java.lang.String,java.lang.String,java.lang.String)?[0m
  ?[32mThen ?[0m?[32ma participant account shall not exist with email ?[0m?[32m?[1m"user@ mail.ca"?[0m?[32m, password ?[0m?[32m?[1m"password"?[0m?[32m, name ?[0m?[32m?[1m"User"?[0m?[32m, emergency contact ?[0m?[32m?[1m"(111)222-333"?[0m?[32m, number of weeks ?[0m?[32m?[1m"1"?[0m?[32m, week available from ?[0m?[32m?[1m"8"?[0m?[32m, week available until ?[0m?[32m?[1m"9"?[0m?[32m, and lodge required ?[0m?[32m?[1m"true"?[0m?[32m (p1)?[0m  ?[90m# ca.mcgill.ecse.biketourplus.features.RegisterAndUpdateParticipantStepDefinitions.a_participant_account_shall_not_exist_with_email_password_name_emergency_contact_number_of_weeks_week_available_from_week_available_until_and_lodge_required_p1(java.lang.String,java.lang.String,java.lang.String,java.lang.String,java.lang.String,java.lang.String,java.lang.String,java.lang.String)?[0m
  ?[32mThen ?[0m?[32mthe number of participants shall be ?[0m?[32m?[1m"2"?[0m?[32m (p1)?[0m                                                                                                                                                                                                  ?[90m# ca.mcgill.ecse.biketourplus.features.RegisterAndUpdateParticipantStepDefinitions.the_number_of_participants_shall_be_p1(java.lang.String)?[0m
  ?[32mThen ?[0m?[32mthe system shall raise the error ?[0m?[32m?[1m"Email must not contain any spaces"?[0m?[32m (p1)?[0m                                                                                                                                                                     ?[90m# ca.mcgill.ecse.biketourplus.features.RegisterAndUpdateParticipantStepDefinitions.the_system_shall_raise_the_error_p1(java.lang.String)?[0m

Scenario Outline: Register a participant unsuccessfully                                                                                                                                                                                                ?[90m# src/test/resources/RegisterAndUpdateParticipant.feature:39?[0m
  ?[32mGiven ?[0m?[32mthe following BikeTourPlus system exists: (p1)?[0m                                                                                                                                                                                                 ?[90m# ca.mcgill.ecse.biketourplus.features.RegisterAndUpdateParticipantStepDefinitions.the_following_BikeTourPlus_System_exists_p1(io.cucumber.datatable.DataTable)?[0m
  ?[32mGiven ?[0m?[32mthe following guides exist in the system: (p1)?[0m                                                                                                                                                                                                 ?[90m# ca.mcgill.ecse.biketourplus.features.RegisterAndUpdateParticipantStepDefinitions.the_following_guides_exist_in_the_system_p1(io.cucumber.datatable.DataTable)?[0m
  ?[32mGiven ?[0m?[32mthe following participants exist in the system: (p1)?[0m                                                                                                                                                                                           ?[90m# ca.mcgill.ecse.biketourplus.features.RegisterAndUpdateParticipantStepDefinitions.the_following_participants_exist_in_the_system_p1(io.cucumber.datatable.DataTable)?[0m
  ?[32mWhen ?[0m?[32ma new participant attempts to register with email ?[0m?[32m?[1m"user@mail@y.ca"?[0m?[32m, password ?[0m?[32m?[1m"password"?[0m?[32m, name ?[0m?[32m?[1m"User"?[0m?[32m, emergency contact ?[0m?[32m?[1m"(111)222-333"?[0m?[32m, number of weeks ?[0m?[32m?[1m"1"?[0m?[32m, week available from ?[0m?[32m?[1m"3"?[0m?[32m, week available until ?[0m?[32m?[1m"10"?[0m?[32m, and lodge required ?[0m?[32m?[1m"true"?[0m?[32m (p1)?[0m ?[90m# ca.mcgill.ecse.biketourplus.features.RegisterAndUpdateParticipantStepDefinitions.a_new_participant_attempts_to_register_with_email_password_name_emergency_contact_number_of_weeks_week_available_from_week_available_until_and_lodge_required_p1(java.lang.String,java.lang.String,java.lang.String,java.lang.String,java.lang.String,java.lang.String,java.lang.String,java.lang.String)?[0m
  ?[32mThen ?[0m?[32ma participant account shall not exist with email ?[0m?[32m?[1m"user@mail@y.ca"?[0m?[32m, password ?[0m?[32m?[1m"password"?[0m?[32m, name ?[0m?[32m?[1m"User"?[0m?[32m, emergency contact ?[0m?[32m?[1m"(111)222-333"?[0m?[32m, number of weeks ?[0m?[32m?[1m"1"?[0m?[32m, week available from ?[0m?[32m?[1m"3"?[0m?[32m, week available until ?[0m?[32m?[1m"10"?[0m?[32m, and lodge required ?[0m?[32m?[1m"true"?[0m?[32m (p1)?[0m  ?[90m# ca.mcgill.ecse.biketourplus.features.RegisterAndUpdateParticipantStepDefinitions.a_participant_account_shall_not_exist_with_email_password_name_emergency_contact_number_of_weeks_week_available_from_week_available_until_and_lodge_required_p1(java.lang.String,java.lang.String,java.lang.String,java.lang.String,java.lang.String,java.lang.String,java.lang.String,java.lang.String)?[0m
  ?[32mThen ?[0m?[32mthe number of participants shall be ?[0m?[32m?[1m"2"?[0m?[32m (p1)?[0m                                                                                                                                                                                                    ?[90m# ca.mcgill.ecse.biketourplus.features.RegisterAndUpdateParticipantStepDefinitions.the_number_of_participants_shall_be_p1(java.lang.String)?[0m
  ?[32mThen ?[0m?[32mthe system shall raise the error ?[0m?[32m?[1m"Invalid email"?[0m?[32m (p1)?[0m                                                                                                                                                                                           ?[90m# ca.mcgill.ecse.biketourplus.features.RegisterAndUpdateParticipantStepDefinitions.the_system_shall_raise_the_error_p1(java.lang.String)?[0m

Scenario Outline: Register a participant unsuccessfully                                                                                                                                                                                             ?[90m# src/test/resources/RegisterAndUpdateParticipant.feature:40?[0m
  ?[32mGiven ?[0m?[32mthe following BikeTourPlus system exists: (p1)?[0m                                                                                                                                                                                              ?[90m# ca.mcgill.ecse.biketourplus.features.RegisterAndUpdateParticipantStepDefinitions.the_following_BikeTourPlus_System_exists_p1(io.cucumber.datatable.DataTable)?[0m
  ?[32mGiven ?[0m?[32mthe following guides exist in the system: (p1)?[0m                                                                                                                                                                                              ?[90m# ca.mcgill.ecse.biketourplus.features.RegisterAndUpdateParticipantStepDefinitions.the_following_guides_exist_in_the_system_p1(io.cucumber.datatable.DataTable)?[0m
  ?[32mGiven ?[0m?[32mthe following participants exist in the system: (p1)?[0m                                                                                                                                                                                        ?[90m# ca.mcgill.ecse.biketourplus.features.RegisterAndUpdateParticipantStepDefinitions.the_following_participants_exist_in_the_system_p1(io.cucumber.datatable.DataTable)?[0m
  ?[32mWhen ?[0m?[32ma new participant attempts to register with email ?[0m?[32m?[1m"kyle@email."?[0m?[32m, password ?[0m?[32m?[1m"password"?[0m?[32m, name ?[0m?[32m?[1m"User"?[0m?[32m, emergency contact ?[0m?[32m?[1m"(111)222-333"?[0m?[32m, number of weeks ?[0m?[32m?[1m"1"?[0m?[32m, week available from ?[0m?[32m?[1m"3"?[0m?[32m, week available until ?[0m?[32m?[1m"10"?[0m?[32m, and lodge required ?[0m?[32m?[1m"true"?[0m?[32m (p1)?[0m ?[90m# ca.mcgill.ecse.biketourplus.features.RegisterAndUpdateParticipantStepDefinitions.a_new_participant_attempts_to_register_with_email_password_name_emergency_contact_number_of_weeks_week_available_from_week_available_until_and_lodge_required_p1(java.lang.String,java.lang.String,java.lang.String,java.lang.String,java.lang.String,java.lang.String,java.lang.String,java.lang.String)?[0m
  ?[32mThen ?[0m?[32ma participant account shall not exist with email ?[0m?[32m?[1m"kyle@email."?[0m?[32m, password ?[0m?[32m?[1m"password"?[0m?[32m, name ?[0m?[32m?[1m"User"?[0m?[32m, emergency contact ?[0m?[32m?[1m"(111)222-333"?[0m?[32m, number of weeks ?[0m?[32m?[1m"1"?[0m?[32m, week available from ?[0m?[32m?[1m"3"?[0m?[32m, week available until ?[0m?[32m?[1m"10"?[0m?[32m, and lodge required ?[0m?[32m?[1m"true"?[0m?[32m (p1)?[0m  ?[90m# ca.mcgill.ecse.biketourplus.features.RegisterAndUpdateParticipantStepDefinitions.a_participant_account_shall_not_exist_with_email_password_name_emergency_contact_number_of_weeks_week_available_from_week_available_until_and_lodge_required_p1(java.lang.String,java.lang.String,java.lang.String,java.lang.String,java.lang.String,java.lang.String,java.lang.String,java.lang.String)?[0m
  ?[32mThen ?[0m?[32mthe number of participants shall be ?[0m?[32m?[1m"2"?[0m?[32m (p1)?[0m                                                                                                                                                                                                 ?[90m# ca.mcgill.ecse.biketourplus.features.RegisterAndUpdateParticipantStepDefinitions.the_number_of_participants_shall_be_p1(java.lang.String)?[0m
  ?[32mThen ?[0m?[32mthe system shall raise the error ?[0m?[32m?[1m"Invalid email"?[0m?[32m (p1)?[0m                                                                                                                                                                                        ?[90m# ca.mcgill.ecse.biketourplus.features.RegisterAndUpdateParticipantStepDefinitions.the_system_shall_raise_the_error_p1(java.lang.String)?[0m

Scenario Outline: Register a participant unsuccessfully                                                                                                                                                                                           ?[90m# src/test/resources/RegisterAndUpdateParticipant.feature:41?[0m
  ?[32mGiven ?[0m?[32mthe following BikeTourPlus system exists: (p1)?[0m                                                                                                                                                                                            ?[90m# ca.mcgill.ecse.biketourplus.features.RegisterAndUpdateParticipantStepDefinitions.the_following_BikeTourPlus_System_exists_p1(io.cucumber.datatable.DataTable)?[0m
  ?[32mGiven ?[0m?[32mthe following guides exist in the system: (p1)?[0m                                                                                                                                                                                            ?[90m# ca.mcgill.ecse.biketourplus.features.RegisterAndUpdateParticipantStepDefinitions.the_following_guides_exist_in_the_system_p1(io.cucumber.datatable.DataTable)?[0m
  ?[32mGiven ?[0m?[32mthe following participants exist in the system: (p1)?[0m                                                                                                                                                                                      ?[90m# ca.mcgill.ecse.biketourplus.features.RegisterAndUpdateParticipantStepDefinitions.the_following_participants_exist_in_the_system_p1(io.cucumber.datatable.DataTable)?[0m
  ?[32mWhen ?[0m?[32ma new participant attempts to register with email ?[0m?[32m?[1m"user@mail"?[0m?[32m, password ?[0m?[32m?[1m"password"?[0m?[32m, name ?[0m?[32m?[1m"User"?[0m?[32m, emergency contact ?[0m?[32m?[1m"(111)222-333"?[0m?[32m, number of weeks ?[0m?[32m?[1m"1"?[0m?[32m, week available from ?[0m?[32m?[1m"3"?[0m?[32m, week available until ?[0m?[32m?[1m"10"?[0m?[32m, and lodge required ?[0m?[32m?[1m"true"?[0m?[32m (p1)?[0m ?[90m# ca.mcgill.ecse.biketourplus.features.RegisterAndUpdateParticipantStepDefinitions.a_new_participant_attempts_to_register_with_email_password_name_emergency_contact_number_of_weeks_week_available_from_week_available_until_and_lodge_required_p1(java.lang.String,java.lang.String,java.lang.String,java.lang.String,java.lang.String,java.lang.String,java.lang.String,java.lang.String)?[0m
  ?[32mThen ?[0m?[32ma participant account shall not exist with email ?[0m?[32m?[1m"user@mail"?[0m?[32m, password ?[0m?[32m?[1m"password"?[0m?[32m, name ?[0m?[32m?[1m"User"?[0m?[32m, emergency contact ?[0m?[32m?[1m"(111)222-333"?[0m?[32m, number of weeks ?[0m?[32m?[1m"1"?[0m?[32m, week available from ?[0m?[32m?[1m"3"?[0m?[32m, week available until ?[0m?[32m?[1m"10"?[0m?[32m, and lodge required ?[0m?[32m?[1m"true"?[0m?[32m (p1)?[0m  ?[90m# ca.mcgill.ecse.biketourplus.features.RegisterAndUpdateParticipantStepDefinitions.a_participant_account_shall_not_exist_with_email_password_name_emergency_contact_number_of_weeks_week_available_from_week_available_until_and_lodge_required_p1(java.lang.String,java.lang.String,java.lang.String,java.lang.String,java.lang.String,java.lang.String,java.lang.String,java.lang.String)?[0m
  ?[32mThen ?[0m?[32mthe number of participants shall be ?[0m?[32m?[1m"2"?[0m?[32m (p1)?[0m                                                                                                                                                                                               ?[90m# ca.mcgill.ecse.biketourplus.features.RegisterAndUpdateParticipantStepDefinitions.the_number_of_participants_shall_be_p1(java.lang.String)?[0m
  ?[32mThen ?[0m?[32mthe system shall raise the error ?[0m?[32m?[1m"Invalid email"?[0m?[32m (p1)?[0m                                                                                                                                                                                      ?[90m# ca.mcgill.ecse.biketourplus.features.RegisterAndUpdateParticipantStepDefinitions.the_system_shall_raise_the_error_p1(java.lang.String)?[0m

Scenario Outline: Register a participant unsuccessfully                                                                                                                                                                                          ?[90m# src/test/resources/RegisterAndUpdateParticipant.feature:42?[0m
  ?[32mGiven ?[0m?[32mthe following BikeTourPlus system exists: (p1)?[0m                                                                                                                                                                                           ?[90m# ca.mcgill.ecse.biketourplus.features.RegisterAndUpdateParticipantStepDefinitions.the_following_BikeTourPlus_System_exists_p1(io.cucumber.datatable.DataTable)?[0m
  ?[32mGiven ?[0m?[32mthe following guides exist in the system: (p1)?[0m                                                                                                                                                                                           ?[90m# ca.mcgill.ecse.biketourplus.features.RegisterAndUpdateParticipantStepDefinitions.the_following_guides_exist_in_the_system_p1(io.cucumber.datatable.DataTable)?[0m
  ?[32mGiven ?[0m?[32mthe following participants exist in the system: (p1)?[0m                                                                                                                                                                                     ?[90m# ca.mcgill.ecse.biketourplus.features.RegisterAndUpdateParticipantStepDefinitions.the_following_participants_exist_in_the_system_p1(io.cucumber.datatable.DataTable)?[0m
  ?[32mWhen ?[0m?[32ma new participant attempts to register with email ?[0m?[32m?[1m"@mail.ca"?[0m?[32m, password ?[0m?[32m?[1m"password"?[0m?[32m, name ?[0m?[32m?[1m"User"?[0m?[32m, emergency contact ?[0m?[32m?[1m"(111)222-333"?[0m?[32m, number of weeks ?[0m?[32m?[1m"1"?[0m?[32m, week available from ?[0m?[32m?[1m"3"?[0m?[32m, week available until ?[0m?[32m?[1m"10"?[0m?[32m, and lodge required ?[0m?[32m?[1m"true"?[0m?[32m (p1)?[0m ?[90m# ca.mcgill.ecse.biketourplus.features.RegisterAndUpdateParticipantStepDefinitions.a_new_participant_attempts_to_register_with_email_password_name_emergency_contact_number_of_weeks_week_available_from_week_available_until_and_lodge_required_p1(java.lang.String,java.lang.String,java.lang.String,java.lang.String,java.lang.String,java.lang.String,java.lang.String,java.lang.String)?[0m
  ?[32mThen ?[0m?[32ma participant account shall not exist with email ?[0m?[32m?[1m"@mail.ca"?[0m?[32m, password ?[0m?[32m?[1m"password"?[0m?[32m, name ?[0m?[32m?[1m"User"?[0m?[32m, emergency contact ?[0m?[32m?[1m"(111)222-333"?[0m?[32m, number of weeks ?[0m?[32m?[1m"1"?[0m?[32m, week available from ?[0m?[32m?[1m"3"?[0m?[32m, week available until ?[0m?[32m?[1m"10"?[0m?[32m, and lodge required ?[0m?[32m?[1m"true"?[0m?[32m (p1)?[0m  ?[90m# ca.mcgill.ecse.biketourplus.features.RegisterAndUpdateParticipantStepDefinitions.a_participant_account_shall_not_exist_with_email_password_name_emergency_contact_number_of_weeks_week_available_from_week_available_until_and_lodge_required_p1(java.lang.String,java.lang.String,java.lang.String,java.lang.String,java.lang.String,java.lang.String,java.lang.String,java.lang.String)?[0m
  ?[32mThen ?[0m?[32mthe number of participants shall be ?[0m?[32m?[1m"2"?[0m?[32m (p1)?[0m                                                                                                                                                                                              ?[90m# ca.mcgill.ecse.biketourplus.features.RegisterAndUpdateParticipantStepDefinitions.the_number_of_participants_shall_be_p1(java.lang.String)?[0m
  ?[32mThen ?[0m?[32mthe system shall raise the error ?[0m?[32m?[1m"Invalid email"?[0m?[32m (p1)?[0m                                                                                                                                                                                     ?[90m# ca.mcgill.ecse.biketourplus.features.RegisterAndUpdateParticipantStepDefinitions.the_system_shall_raise_the_error_p1(java.lang.String)?[0m

Scenario Outline: Register a participant unsuccessfully                                                                                                                                                                                          ?[90m# src/test/resources/RegisterAndUpdateParticipant.feature:43?[0m
  ?[32mGiven ?[0m?[32mthe following BikeTourPlus system exists: (p1)?[0m                                                                                                                                                                                           ?[90m# ca.mcgill.ecse.biketourplus.features.RegisterAndUpdateParticipantStepDefinitions.the_following_BikeTourPlus_System_exists_p1(io.cucumber.datatable.DataTable)?[0m
  ?[32mGiven ?[0m?[32mthe following guides exist in the system: (p1)?[0m                                                                                                                                                                                           ?[90m# ca.mcgill.ecse.biketourplus.features.RegisterAndUpdateParticipantStepDefinitions.the_following_guides_exist_in_the_system_p1(io.cucumber.datatable.DataTable)?[0m
  ?[32mGiven ?[0m?[32mthe following participants exist in the system: (p1)?[0m                                                                                                                                                                                     ?[90m# ca.mcgill.ecse.biketourplus.features.RegisterAndUpdateParticipantStepDefinitions.the_following_participants_exist_in_the_system_p1(io.cucumber.datatable.DataTable)?[0m
  ?[32mWhen ?[0m?[32ma new participant attempts to register with email ?[0m?[32m?[1m"user@.ca"?[0m?[32m, password ?[0m?[32m?[1m"password"?[0m?[32m, name ?[0m?[32m?[1m"User"?[0m?[32m, emergency contact ?[0m?[32m?[1m"(111)222-333"?[0m?[32m, number of weeks ?[0m?[32m?[1m"1"?[0m?[32m, week available from ?[0m?[32m?[1m"3"?[0m?[32m, week available until ?[0m?[32m?[1m"10"?[0m?[32m, and lodge required ?[0m?[32m?[1m"true"?[0m?[32m (p1)?[0m ?[90m# ca.mcgill.ecse.biketourplus.features.RegisterAndUpdateParticipantStepDefinitions.a_new_participant_attempts_to_register_with_email_password_name_emergency_contact_number_of_weeks_week_available_from_week_available_until_and_lodge_required_p1(java.lang.String,java.lang.String,java.lang.String,java.lang.String,java.lang.String,java.lang.String,java.lang.String,java.lang.String)?[0m
  ?[32mThen ?[0m?[32ma participant account shall not exist with email ?[0m?[32m?[1m"user@.ca"?[0m?[32m, password ?[0m?[32m?[1m"password"?[0m?[32m, name ?[0m?[32m?[1m"User"?[0m?[32m, emergency contact ?[0m?[32m?[1m"(111)222-333"?[0m?[32m, number of weeks ?[0m?[32m?[1m"1"?[0m?[32m, week available from ?[0m?[32m?[1m"3"?[0m?[32m, week available until ?[0m?[32m?[1m"10"?[0m?[32m, and lodge required ?[0m?[32m?[1m"true"?[0m?[32m (p1)?[0m  ?[90m# ca.mcgill.ecse.biketourplus.features.RegisterAndUpdateParticipantStepDefinitions.a_participant_account_shall_not_exist_with_email_password_name_emergency_contact_number_of_weeks_week_available_from_week_available_until_and_lodge_required_p1(java.lang.String,java.lang.String,java.lang.String,java.lang.String,java.lang.String,java.lang.String,java.lang.String,java.lang.String)?[0m
  ?[32mThen ?[0m?[32mthe number of participants shall be ?[0m?[32m?[1m"2"?[0m?[32m (p1)?[0m                                                                                                                                                                                              ?[90m# ca.mcgill.ecse.biketourplus.features.RegisterAndUpdateParticipantStepDefinitions.the_number_of_participants_shall_be_p1(java.lang.String)?[0m
  ?[32mThen ?[0m?[32mthe system shall raise the error ?[0m?[32m?[1m"Invalid email"?[0m?[32m (p1)?[0m                                                                                                                                                                                     ?[90m# ca.mcgill.ecse.biketourplus.features.RegisterAndUpdateParticipantStepDefinitions.the_system_shall_raise_the_error_p1(java.lang.String)?[0m

Scenario Outline: Register a participant unsuccessfully                                                                                                                                                                                   ?[90m# src/test/resources/RegisterAndUpdateParticipant.feature:44?[0m
  ?[32mGiven ?[0m?[32mthe following BikeTourPlus system exists: (p1)?[0m                                                                                                                                                                                    ?[90m# ca.mcgill.ecse.biketourplus.features.RegisterAndUpdateParticipantStepDefinitions.the_following_BikeTourPlus_System_exists_p1(io.cucumber.datatable.DataTable)?[0m
  ?[32mGiven ?[0m?[32mthe following guides exist in the system: (p1)?[0m                                                                                                                                                                                    ?[90m# ca.mcgill.ecse.biketourplus.features.RegisterAndUpdateParticipantStepDefinitions.the_following_guides_exist_in_the_system_p1(io.cucumber.datatable.DataTable)?[0m
  ?[32mGiven ?[0m?[32mthe following participants exist in the system: (p1)?[0m                                                                                                                                                                              ?[90m# ca.mcgill.ecse.biketourplus.features.RegisterAndUpdateParticipantStepDefinitions.the_following_participants_exist_in_the_system_p1(io.cucumber.datatable.DataTable)?[0m
  ?[32mWhen ?[0m?[32ma new participant attempts to register with email ?[0m?[32m?[1m""?[0m?[32m, password ?[0m?[32m?[1m"password"?[0m?[32m, name ?[0m?[32m?[1m"User"?[0m?[32m, emergency contact ?[0m?[32m?[1m"(111)222-333"?[0m?[32m, number of weeks ?[0m?[32m?[1m"5"?[0m?[32m, week available from ?[0m?[32m?[1m"2"?[0m?[32m, week available until ?[0m?[32m?[1m"10"?[0m?[32m, and lodge required ?[0m?[32m?[1m"false"?[0m?[32m (p1)?[0m ?[90m# ca.mcgill.ecse.biketourplus.features.RegisterAndUpdateParticipantStepDefinitions.a_new_participant_attempts_to_register_with_email_password_name_emergency_contact_number_of_weeks_week_available_from_week_available_until_and_lodge_required_p1(java.lang.String,java.lang.String,java.lang.String,java.lang.String,java.lang.String,java.lang.String,java.lang.String,java.lang.String)?[0m
  ?[32mThen ?[0m?[32ma participant account shall not exist with email ?[0m?[32m?[1m""?[0m?[32m, password ?[0m?[32m?[1m"password"?[0m?[32m, name ?[0m?[32m?[1m"User"?[0m?[32m, emergency contact ?[0m?[32m?[1m"(111)222-333"?[0m?[32m, number of weeks ?[0m?[32m?[1m"5"?[0m?[32m, week available from ?[0m?[32m?[1m"2"?[0m?[32m, week available until ?[0m?[32m?[1m"10"?[0m?[32m, and lodge required ?[0m?[32m?[1m"false"?[0m?[32m (p1)?[0m  ?[90m# ca.mcgill.ecse.biketourplus.features.RegisterAndUpdateParticipantStepDefinitions.a_participant_account_shall_not_exist_with_email_password_name_emergency_contact_number_of_weeks_week_available_from_week_available_until_and_lodge_required_p1(java.lang.String,java.lang.String,java.lang.String,java.lang.String,java.lang.String,java.lang.String,java.lang.String,java.lang.String)?[0m
  ?[32mThen ?[0m?[32mthe number of participants shall be ?[0m?[32m?[1m"2"?[0m?[32m (p1)?[0m                                                                                                                                                                                       ?[90m# ca.mcgill.ecse.biketourplus.features.RegisterAndUpdateParticipantStepDefinitions.the_number_of_participants_shall_be_p1(java.lang.String)?[0m
  ?[32mThen ?[0m?[32mthe system shall raise the error ?[0m?[32m?[1m"Email cannot be empty"?[0m?[32m (p1)?[0m                                                                                                                                                                      ?[90m# ca.mcgill.ecse.biketourplus.features.RegisterAndUpdateParticipantStepDefinitions.the_system_shall_raise_the_error_p1(java.lang.String)?[0m

Scenario Outline: Register a participant unsuccessfully                                                                                                                                                                                        ?[90m# src/test/resources/RegisterAndUpdateParticipant.feature:45?[0m
  ?[32mGiven ?[0m?[32mthe following BikeTourPlus system exists: (p1)?[0m                                                                                                                                                                                         ?[90m# ca.mcgill.ecse.biketourplus.features.RegisterAndUpdateParticipantStepDefinitions.the_following_BikeTourPlus_System_exists_p1(io.cucumber.datatable.DataTable)?[0m
  ?[32mGiven ?[0m?[32mthe following guides exist in the system: (p1)?[0m                                                                                                                                                                                         ?[90m# ca.mcgill.ecse.biketourplus.features.RegisterAndUpdateParticipantStepDefinitions.the_following_guides_exist_in_the_system_p1(io.cucumber.datatable.DataTable)?[0m
  ?[32mGiven ?[0m?[32mthe following participants exist in the system: (p1)?[0m                                                                                                                                                                                   ?[90m# ca.mcgill.ecse.biketourplus.features.RegisterAndUpdateParticipantStepDefinitions.the_following_participants_exist_in_the_system_p1(io.cucumber.datatable.DataTable)?[0m
  ?[32mWhen ?[0m?[32ma new participant attempts to register with email ?[0m?[32m?[1m"user@mail.ca"?[0m?[32m, password ?[0m?[32m?[1m""?[0m?[32m, name ?[0m?[32m?[1m"User"?[0m?[32m, emergency contact ?[0m?[32m?[1m"(555)555-5555"?[0m?[32m, number of weeks ?[0m?[32m?[1m"5"?[0m?[32m, week available from ?[0m?[32m?[1m"2"?[0m?[32m, week available until ?[0m?[32m?[1m"10"?[0m?[32m, and lodge required ?[0m?[32m?[1m"false"?[0m?[32m (p1)?[0m ?[90m# ca.mcgill.ecse.biketourplus.features.RegisterAndUpdateParticipantStepDefinitions.a_new_participant_attempts_to_register_with_email_password_name_emergency_contact_number_of_weeks_week_available_from_week_available_until_and_lodge_required_p1(java.lang.String,java.lang.String,java.lang.String,java.lang.String,java.lang.String,java.lang.String,java.lang.String,java.lang.String)?[0m
  ?[32mThen ?[0m?[32ma participant account shall not exist with email ?[0m?[32m?[1m"user@mail.ca"?[0m?[32m, password ?[0m?[32m?[1m""?[0m?[32m, name ?[0m?[32m?[1m"User"?[0m?[32m, emergency contact ?[0m?[32m?[1m"(555)555-5555"?[0m?[32m, number of weeks ?[0m?[32m?[1m"5"?[0m?[32m, week available from ?[0m?[32m?[1m"2"?[0m?[32m, week available until ?[0m?[32m?[1m"10"?[0m?[32m, and lodge required ?[0m?[32m?[1m"false"?[0m?[32m (p1)?[0m  ?[90m# ca.mcgill.ecse.biketourplus.features.RegisterAndUpdateParticipantStepDefinitions.a_participant_account_shall_not_exist_with_email_password_name_emergency_contact_number_of_weeks_week_available_from_week_available_until_and_lodge_required_p1(java.lang.String,java.lang.String,java.lang.String,java.lang.String,java.lang.String,java.lang.String,java.lang.String,java.lang.String)?[0m
  ?[32mThen ?[0m?[32mthe number of participants shall be ?[0m?[32m?[1m"2"?[0m?[32m (p1)?[0m                                                                                                                                                                                            ?[90m# ca.mcgill.ecse.biketourplus.features.RegisterAndUpdateParticipantStepDefinitions.the_number_of_participants_shall_be_p1(java.lang.String)?[0m
  ?[32mThen ?[0m?[32mthe system shall raise the error ?[0m?[32m?[1m"Password cannot be empty"?[0m?[32m (p1)?[0m                                                                                                                                                                        ?[90m# ca.mcgill.ecse.biketourplus.features.RegisterAndUpdateParticipantStepDefinitions.the_system_shall_raise_the_error_p1(java.lang.String)?[0m

Scenario Outline: Register a participant unsuccessfully                                                                                                                                                                                            ?[90m# src/test/resources/RegisterAndUpdateParticipant.feature:46?[0m
  ?[32mGiven ?[0m?[32mthe following BikeTourPlus system exists: (p1)?[0m                                                                                                                                                                                             ?[90m# ca.mcgill.ecse.biketourplus.features.RegisterAndUpdateParticipantStepDefinitions.the_following_BikeTourPlus_System_exists_p1(io.cucumber.datatable.DataTable)?[0m
  ?[32mGiven ?[0m?[32mthe following guides exist in the system: (p1)?[0m                                                                                                                                                                                             ?[90m# ca.mcgill.ecse.biketourplus.features.RegisterAndUpdateParticipantStepDefinitions.the_following_guides_exist_in_the_system_p1(io.cucumber.datatable.DataTable)?[0m
  ?[32mGiven ?[0m?[32mthe following participants exist in the system: (p1)?[0m                                                                                                                                                                                       ?[90m# ca.mcgill.ecse.biketourplus.features.RegisterAndUpdateParticipantStepDefinitions.the_following_participants_exist_in_the_system_p1(io.cucumber.datatable.DataTable)?[0m
  ?[32mWhen ?[0m?[32ma new participant attempts to register with email ?[0m?[32m?[1m"user@mail.ca"?[0m?[32m, password ?[0m?[32m?[1m"password"?[0m?[32m, name ?[0m?[32m?[1m""?[0m?[32m, emergency contact ?[0m?[32m?[1m"(555)555-5555"?[0m?[32m, number of weeks ?[0m?[32m?[1m"5"?[0m?[32m, week available from ?[0m?[32m?[1m"2"?[0m?[32m, week available until ?[0m?[32m?[1m"10"?[0m?[32m, and lodge required ?[0m?[32m?[1m"false"?[0m?[32m (p1)?[0m ?[90m# ca.mcgill.ecse.biketourplus.features.RegisterAndUpdateParticipantStepDefinitions.a_new_participant_attempts_to_register_with_email_password_name_emergency_contact_number_of_weeks_week_available_from_week_available_until_and_lodge_required_p1(java.lang.String,java.lang.String,java.lang.String,java.lang.String,java.lang.String,java.lang.String,java.lang.String,java.lang.String)?[0m
  ?[32mThen ?[0m?[32ma participant account shall not exist with email ?[0m?[32m?[1m"user@mail.ca"?[0m?[32m, password ?[0m?[32m?[1m"password"?[0m?[32m, name ?[0m?[32m?[1m""?[0m?[32m, emergency contact ?[0m?[32m?[1m"(555)555-5555"?[0m?[32m, number of weeks ?[0m?[32m?[1m"5"?[0m?[32m, week available from ?[0m?[32m?[1m"2"?[0m?[32m, week available until ?[0m?[32m?[1m"10"?[0m?[32m, and lodge required ?[0m?[32m?[1m"false"?[0m?[32m (p1)?[0m  ?[90m# ca.mcgill.ecse.biketourplus.features.RegisterAndUpdateParticipantStepDefinitions.a_participant_account_shall_not_exist_with_email_password_name_emergency_contact_number_of_weeks_week_available_from_week_available_until_and_lodge_required_p1(java.lang.String,java.lang.String,java.lang.String,java.lang.String,java.lang.String,java.lang.String,java.lang.String,java.lang.String)?[0m
  ?[32mThen ?[0m?[32mthe number of participants shall be ?[0m?[32m?[1m"2"?[0m?[32m (p1)?[0m                                                                                                                                                                                                ?[90m# ca.mcgill.ecse.biketourplus.features.RegisterAndUpdateParticipantStepDefinitions.the_number_of_participants_shall_be_p1(java.lang.String)?[0m
  ?[32mThen ?[0m?[32mthe system shall raise the error ?[0m?[32m?[1m"Name cannot be empty"?[0m?[32m (p1)?[0m                                                                                                                                                                                ?[90m# ca.mcgill.ecse.biketourplus.features.RegisterAndUpdateParticipantStepDefinitions.the_system_shall_raise_the_error_p1(java.lang.String)?[0m

Scenario Outline: Register a participant unsuccessfully                                                                                                                                                                                   ?[90m# src/test/resources/RegisterAndUpdateParticipant.feature:47?[0m
  ?[32mGiven ?[0m?[32mthe following BikeTourPlus system exists: (p1)?[0m                                                                                                                                                                                    ?[90m# ca.mcgill.ecse.biketourplus.features.RegisterAndUpdateParticipantStepDefinitions.the_following_BikeTourPlus_System_exists_p1(io.cucumber.datatable.DataTable)?[0m
  ?[32mGiven ?[0m?[32mthe following guides exist in the system: (p1)?[0m                                                                                                                                                                                    ?[90m# ca.mcgill.ecse.biketourplus.features.RegisterAndUpdateParticipantStepDefinitions.the_following_guides_exist_in_the_system_p1(io.cucumber.datatable.DataTable)?[0m
  ?[32mGiven ?[0m?[32mthe following participants exist in the system: (p1)?[0m                                                                                                                                                                              ?[90m# ca.mcgill.ecse.biketourplus.features.RegisterAndUpdateParticipantStepDefinitions.the_following_participants_exist_in_the_system_p1(io.cucumber.datatable.DataTable)?[0m
  ?[32mWhen ?[0m?[32ma new participant attempts to register with email ?[0m?[32m?[1m"user@mail.ca"?[0m?[32m, password ?[0m?[32m?[1m"password"?[0m?[32m, name ?[0m?[32m?[1m"User"?[0m?[32m, emergency contact ?[0m?[32m?[1m""?[0m?[32m, number of weeks ?[0m?[32m?[1m"5"?[0m?[32m, week available from ?[0m?[32m?[1m"2"?[0m?[32m, week available until ?[0m?[32m?[1m"10"?[0m?[32m, and lodge required ?[0m?[32m?[1m"false"?[0m?[32m (p1)?[0m ?[90m# ca.mcgill.ecse.biketourplus.features.RegisterAndUpdateParticipantStepDefinitions.a_new_participant_attempts_to_register_with_email_password_name_emergency_contact_number_of_weeks_week_available_from_week_available_until_and_lodge_required_p1(java.lang.String,java.lang.String,java.lang.String,java.lang.String,java.lang.String,java.lang.String,java.lang.String,java.lang.String)?[0m
  ?[32mThen ?[0m?[32ma participant account shall not exist with email ?[0m?[32m?[1m"user@mail.ca"?[0m?[32m, password ?[0m?[32m?[1m"password"?[0m?[32m, name ?[0m?[32m?[1m"User"?[0m?[32m, emergency contact ?[0m?[32m?[1m""?[0m?[32m, number of weeks ?[0m?[32m?[1m"5"?[0m?[32m, week available from ?[0m?[32m?[1m"2"?[0m?[32m, week available until ?[0m?[32m?[1m"10"?[0m?[32m, and lodge required ?[0m?[32m?[1m"false"?[0m?[32m (p1)?[0m  ?[90m# ca.mcgill.ecse.biketourplus.features.RegisterAndUpdateParticipantStepDefinitions.a_participant_account_shall_not_exist_with_email_password_name_emergency_contact_number_of_weeks_week_available_from_week_available_until_and_lodge_required_p1(java.lang.String,java.lang.String,java.lang.String,java.lang.String,java.lang.String,java.lang.String,java.lang.String,java.lang.String)?[0m
  ?[32mThen ?[0m?[32mthe number of participants shall be ?[0m?[32m?[1m"2"?[0m?[32m (p1)?[0m                                                                                                                                                                                       ?[90m# ca.mcgill.ecse.biketourplus.features.RegisterAndUpdateParticipantStepDefinitions.the_number_of_participants_shall_be_p1(java.lang.String)?[0m
  ?[32mThen ?[0m?[32mthe system shall raise the error ?[0m?[32m?[1m"Emergency contact cannot be empty"?[0m?[32m (p1)?[0m                                                                                                                                                          ?[90m# ca.mcgill.ecse.biketourplus.features.RegisterAndUpdateParticipantStepDefinitions.the_system_shall_raise_the_error_p1(java.lang.String)?[0m

Scenario Outline: Register a participant unsuccessfully                                                                                                                                                                                              ?[90m# src/test/resources/RegisterAndUpdateParticipant.feature:48?[0m
  ?[32mGiven ?[0m?[32mthe following BikeTourPlus system exists: (p1)?[0m                                                                                                                                                                                               ?[90m# ca.mcgill.ecse.biketourplus.features.RegisterAndUpdateParticipantStepDefinitions.the_following_BikeTourPlus_System_exists_p1(io.cucumber.datatable.DataTable)?[0m
  ?[32mGiven ?[0m?[32mthe following guides exist in the system: (p1)?[0m                                                                                                                                                                                               ?[90m# ca.mcgill.ecse.biketourplus.features.RegisterAndUpdateParticipantStepDefinitions.the_following_guides_exist_in_the_system_p1(io.cucumber.datatable.DataTable)?[0m
  ?[32mGiven ?[0m?[32mthe following participants exist in the system: (p1)?[0m                                                                                                                                                                                         ?[90m# ca.mcgill.ecse.biketourplus.features.RegisterAndUpdateParticipantStepDefinitions.the_following_participants_exist_in_the_system_p1(io.cucumber.datatable.DataTable)?[0m
  ?[32mWhen ?[0m?[32ma new participant attempts to register with email ?[0m?[32m?[1m"user@mail.ca"?[0m?[32m, password ?[0m?[32m?[1m"password"?[0m?[32m, name ?[0m?[32m?[1m"User"?[0m?[32m, emergency contact ?[0m?[32m?[1m"(555)555-5555"?[0m?[32m, number of weeks ?[0m?[32m?[1m"0"?[0m?[32m, week available from ?[0m?[32m?[1m"5"?[0m?[32m, week available until ?[0m?[32m?[1m"8"?[0m?[32m, and lodge required ?[0m?[32m?[1m"true"?[0m?[32m (p1)?[0m ?[90m# ca.mcgill.ecse.biketourplus.features.RegisterAndUpdateParticipantStepDefinitions.a_new_participant_attempts_to_register_with_email_password_name_emergency_contact_number_of_weeks_week_available_from_week_available_until_and_lodge_required_p1(java.lang.String,java.lang.String,java.lang.String,java.lang.String,java.lang.String,java.lang.String,java.lang.String,java.lang.String)?[0m
  ?[32mThen ?[0m?[32ma participant account shall not exist with email ?[0m?[32m?[1m"user@mail.ca"?[0m?[32m, password ?[0m?[32m?[1m"password"?[0m?[32m, name ?[0m?[32m?[1m"User"?[0m?[32m, emergency contact ?[0m?[32m?[1m"(555)555-5555"?[0m?[32m, number of weeks ?[0m?[32m?[1m"0"?[0m?[32m, week available from ?[0m?[32m?[1m"5"?[0m?[32m, week available until ?[0m?[32m?[1m"8"?[0m?[32m, and lodge required ?[0m?[32m?[1m"true"?[0m?[32m (p1)?[0m  ?[90m# ca.mcgill.ecse.biketourplus.features.RegisterAndUpdateParticipantStepDefinitions.a_participant_account_shall_not_exist_with_email_password_name_emergency_contact_number_of_weeks_week_available_from_week_available_until_and_lodge_required_p1(java.lang.String,java.lang.String,java.lang.String,java.lang.String,java.lang.String,java.lang.String,java.lang.String,java.lang.String)?[0m
  ?[32mThen ?[0m?[32mthe number of participants shall be ?[0m?[32m?[1m"2"?[0m?[32m (p1)?[0m                                                                                                                                                                                                  ?[90m# ca.mcgill.ecse.biketourplus.features.RegisterAndUpdateParticipantStepDefinitions.the_number_of_participants_shall_be_p1(java.lang.String)?[0m
  ?[32mThen ?[0m?[32mthe system shall raise the error ?[0m?[32m?[1m"Number of weeks must be greater than zero"?[0m?[32m (p1)?[0m                                                                                                                                                             ?[90m# ca.mcgill.ecse.biketourplus.features.RegisterAndUpdateParticipantStepDefinitions.the_system_shall_raise_the_error_p1(java.lang.String)?[0m

Scenario Outline: Register a participant unsuccessfully                                                                                                                                                                                               ?[90m# src/test/resources/RegisterAndUpdateParticipant.feature:49?[0m
  ?[32mGiven ?[0m?[32mthe following BikeTourPlus system exists: (p1)?[0m                                                                                                                                                                                                ?[90m# ca.mcgill.ecse.biketourplus.features.RegisterAndUpdateParticipantStepDefinitions.the_following_BikeTourPlus_System_exists_p1(io.cucumber.datatable.DataTable)?[0m
  ?[32mGiven ?[0m?[32mthe following guides exist in the system: (p1)?[0m                                                                                                                                                                                                ?[90m# ca.mcgill.ecse.biketourplus.features.RegisterAndUpdateParticipantStepDefinitions.the_following_guides_exist_in_the_system_p1(io.cucumber.datatable.DataTable)?[0m
  ?[32mGiven ?[0m?[32mthe following participants exist in the system: (p1)?[0m                                                                                                                                                                                          ?[90m# ca.mcgill.ecse.biketourplus.features.RegisterAndUpdateParticipantStepDefinitions.the_following_participants_exist_in_the_system_p1(io.cucumber.datatable.DataTable)?[0m
  ?[32mWhen ?[0m?[32ma new participant attempts to register with email ?[0m?[32m?[1m"user@mail.ca"?[0m?[32m, password ?[0m?[32m?[1m"password"?[0m?[32m, name ?[0m?[32m?[1m"User"?[0m?[32m, emergency contact ?[0m?[32m?[1m"(555)555-5555"?[0m?[32m, number of weeks ?[0m?[32m?[1m"11"?[0m?[32m, week available from ?[0m?[32m?[1m"5"?[0m?[32m, week available until ?[0m?[32m?[1m"8"?[0m?[32m, and lodge required ?[0m?[32m?[1m"true"?[0m?[32m (p1)?[0m ?[90m# ca.mcgill.ecse.biketourplus.features.RegisterAndUpdateParticipantStepDefinitions.a_new_participant_attempts_to_register_with_email_password_name_emergency_contact_number_of_weeks_week_available_from_week_available_until_and_lodge_required_p1(java.lang.String,java.lang.String,java.lang.String,java.lang.String,java.lang.String,java.lang.String,java.lang.String,java.lang.String)?[0m
  ?[32mThen ?[0m?[32ma participant account shall not exist with email ?[0m?[32m?[1m"user@mail.ca"?[0m?[32m, password ?[0m?[32m?[1m"password"?[0m?[32m, name ?[0m?[32m?[1m"User"?[0m?[32m, emergency contact ?[0m?[32m?[1m"(555)555-5555"?[0m?[32m, number of weeks ?[0m?[32m?[1m"11"?[0m?[32m, week available from ?[0m?[32m?[1m"5"?[0m?[32m, week available until ?[0m?[32m?[1m"8"?[0m?[32m, and lodge required ?[0m?[32m?[1m"true"?[0m?[32m (p1)?[0m  ?[90m# ca.mcgill.ecse.biketourplus.features.RegisterAndUpdateParticipantStepDefinitions.a_participant_account_shall_not_exist_with_email_password_name_emergency_contact_number_of_weeks_week_available_from_week_available_until_and_lodge_required_p1(java.lang.String,java.lang.String,java.lang.String,java.lang.String,java.lang.String,java.lang.String,java.lang.String,java.lang.String)?[0m
  ?[32mThen ?[0m?[32mthe number of participants shall be ?[0m?[32m?[1m"2"?[0m?[32m (p1)?[0m                                                                                                                                                                                                   ?[90m# ca.mcgill.ecse.biketourplus.features.RegisterAndUpdateParticipantStepDefinitions.the_number_of_participants_shall_be_p1(java.lang.String)?[0m
  ?[32mThen ?[0m?[32mthe system shall raise the error ?[0m?[32m?[1m"Number of weeks must be less than or equal to the number of biking weeks in the biking season"?[0m?[32m (p1)?[0m                                                                                                          ?[90m# ca.mcgill.ecse.biketourplus.features.RegisterAndUpdateParticipantStepDefinitions.the_system_shall_raise_the_error_p1(java.lang.String)?[0m

Scenario Outline: Register a participant unsuccessfully                                                                                                                                                                                              ?[90m# src/test/resources/RegisterAndUpdateParticipant.feature:50?[0m
  ?[32mGiven ?[0m?[32mthe following BikeTourPlus system exists: (p1)?[0m                                                                                                                                                                                               ?[90m# ca.mcgill.ecse.biketourplus.features.RegisterAndUpdateParticipantStepDefinitions.the_following_BikeTourPlus_System_exists_p1(io.cucumber.datatable.DataTable)?[0m
  ?[32mGiven ?[0m?[32mthe following guides exist in the system: (p1)?[0m                                                                                                                                                                                               ?[90m# ca.mcgill.ecse.biketourplus.features.RegisterAndUpdateParticipantStepDefinitions.the_following_guides_exist_in_the_system_p1(io.cucumber.datatable.DataTable)?[0m
  ?[32mGiven ?[0m?[32mthe following participants exist in the system: (p1)?[0m                                                                                                                                                                                         ?[90m# ca.mcgill.ecse.biketourplus.features.RegisterAndUpdateParticipantStepDefinitions.the_following_participants_exist_in_the_system_p1(io.cucumber.datatable.DataTable)?[0m
  ?[32mWhen ?[0m?[32ma new participant attempts to register with email ?[0m?[32m?[1m"user@mail.ca"?[0m?[32m, password ?[0m?[32m?[1m"password"?[0m?[32m, name ?[0m?[32m?[1m"User"?[0m?[32m, emergency contact ?[0m?[32m?[1m"(555)555-5555"?[0m?[32m, number of weeks ?[0m?[32m?[1m"3"?[0m?[32m, week available from ?[0m?[32m?[1m"5"?[0m?[32m, week available until ?[0m?[32m?[1m"6"?[0m?[32m, and lodge required ?[0m?[32m?[1m"true"?[0m?[32m (p1)?[0m ?[90m# ca.mcgill.ecse.biketourplus.features.RegisterAndUpdateParticipantStepDefinitions.a_new_participant_attempts_to_register_with_email_password_name_emergency_contact_number_of_weeks_week_available_from_week_available_until_and_lodge_required_p1(java.lang.String,java.lang.String,java.lang.String,java.lang.String,java.lang.String,java.lang.String,java.lang.String,java.lang.String)?[0m
  ?[32mThen ?[0m?[32ma participant account shall not exist with email ?[0m?[32m?[1m"user@mail.ca"?[0m?[32m, password ?[0m?[32m?[1m"password"?[0m?[32m, name ?[0m?[32m?[1m"User"?[0m?[32m, emergency contact ?[0m?[32m?[1m"(555)555-5555"?[0m?[32m, number of weeks ?[0m?[32m?[1m"3"?[0m?[32m, week available from ?[0m?[32m?[1m"5"?[0m?[32m, week available until ?[0m?[32m?[1m"6"?[0m?[32m, and lodge required ?[0m?[32m?[1m"true"?[0m?[32m (p1)?[0m  ?[90m# ca.mcgill.ecse.biketourplus.features.RegisterAndUpdateParticipantStepDefinitions.a_participant_account_shall_not_exist_with_email_password_name_emergency_contact_number_of_weeks_week_available_from_week_available_until_and_lodge_required_p1(java.lang.String,java.lang.String,java.lang.String,java.lang.String,java.lang.String,java.lang.String,java.lang.String,java.lang.String)?[0m
  ?[32mThen ?[0m?[32mthe number of participants shall be ?[0m?[32m?[1m"2"?[0m?[32m (p1)?[0m                                                                                                                                                                                                  ?[90m# ca.mcgill.ecse.biketourplus.features.RegisterAndUpdateParticipantStepDefinitions.the_number_of_participants_shall_be_p1(java.lang.String)?[0m
  ?[32mThen ?[0m?[32mthe system shall raise the error ?[0m?[32m?[1m"Number of weeks must be less than or equal to the number of available weeks"?[0m?[32m (p1)?[0m                                                                                                                           ?[90m# ca.mcgill.ecse.biketourplus.features.RegisterAndUpdateParticipantStepDefinitions.the_system_shall_raise_the_error_p1(java.lang.String)?[0m

Scenario Outline: Register a participant unsuccessfully                                                                                                                                                                                              ?[90m# src/test/resources/RegisterAndUpdateParticipant.feature:51?[0m
  ?[32mGiven ?[0m?[32mthe following BikeTourPlus system exists: (p1)?[0m                                                                                                                                                                                               ?[90m# ca.mcgill.ecse.biketourplus.features.RegisterAndUpdateParticipantStepDefinitions.the_following_BikeTourPlus_System_exists_p1(io.cucumber.datatable.DataTable)?[0m
  ?[32mGiven ?[0m?[32mthe following guides exist in the system: (p1)?[0m                                                                                                                                                                                               ?[90m# ca.mcgill.ecse.biketourplus.features.RegisterAndUpdateParticipantStepDefinitions.the_following_guides_exist_in_the_system_p1(io.cucumber.datatable.DataTable)?[0m
  ?[32mGiven ?[0m?[32mthe following participants exist in the system: (p1)?[0m                                                                                                                                                                                         ?[90m# ca.mcgill.ecse.biketourplus.features.RegisterAndUpdateParticipantStepDefinitions.the_following_participants_exist_in_the_system_p1(io.cucumber.datatable.DataTable)?[0m
  ?[32mWhen ?[0m?[32ma new participant attempts to register with email ?[0m?[32m?[1m"user@mail.ca"?[0m?[32m, password ?[0m?[32m?[1m"password"?[0m?[32m, name ?[0m?[32m?[1m"User"?[0m?[32m, emergency contact ?[0m?[32m?[1m"(555)555-5555"?[0m?[32m, number of weeks ?[0m?[32m?[1m"3"?[0m?[32m, week available from ?[0m?[32m?[1m"6"?[0m?[32m, week available until ?[0m?[32m?[1m"5"?[0m?[32m, and lodge required ?[0m?[32m?[1m"true"?[0m?[32m (p1)?[0m ?[90m# ca.mcgill.ecse.biketourplus.features.RegisterAndUpdateParticipantStepDefinitions.a_new_participant_attempts_to_register_with_email_password_name_emergency_contact_number_of_weeks_week_available_from_week_available_until_and_lodge_required_p1(java.lang.String,java.lang.String,java.lang.String,java.lang.String,java.lang.String,java.lang.String,java.lang.String,java.lang.String)?[0m
  ?[32mThen ?[0m?[32ma participant account shall not exist with email ?[0m?[32m?[1m"user@mail.ca"?[0m?[32m, password ?[0m?[32m?[1m"password"?[0m?[32m, name ?[0m?[32m?[1m"User"?[0m?[32m, emergency contact ?[0m?[32m?[1m"(555)555-5555"?[0m?[32m, number of weeks ?[0m?[32m?[1m"3"?[0m?[32m, week available from ?[0m?[32m?[1m"6"?[0m?[32m, week available until ?[0m?[32m?[1m"5"?[0m?[32m, and lodge required ?[0m?[32m?[1m"true"?[0m?[32m (p1)?[0m  ?[90m# ca.mcgill.ecse.biketourplus.features.RegisterAndUpdateParticipantStepDefinitions.a_participant_account_shall_not_exist_with_email_password_name_emergency_contact_number_of_weeks_week_available_from_week_available_until_and_lodge_required_p1(java.lang.String,java.lang.String,java.lang.String,java.lang.String,java.lang.String,java.lang.String,java.lang.String,java.lang.String)?[0m
  ?[32mThen ?[0m?[32mthe number of participants shall be ?[0m?[32m?[1m"2"?[0m?[32m (p1)?[0m                                                                                                                                                                                                  ?[90m# ca.mcgill.ecse.biketourplus.features.RegisterAndUpdateParticipantStepDefinitions.the_number_of_participants_shall_be_p1(java.lang.String)?[0m
  ?[32mThen ?[0m?[32mthe system shall raise the error ?[0m?[32m?[1m"Week from which one is available must be less than or equal to the week until which one is available"?[0m?[32m (p1)?[0m                                                                                                  ?[90m# ca.mcgill.ecse.biketourplus.features.RegisterAndUpdateParticipantStepDefinitions.the_system_shall_raise_the_error_p1(java.lang.String)?[0m

Scenario Outline: Register a participant unsuccessfully                                                                                                                                                                                              ?[90m# src/test/resources/RegisterAndUpdateParticipant.feature:52?[0m
  ?[32mGiven ?[0m?[32mthe following BikeTourPlus system exists: (p1)?[0m                                                                                                                                                                                               ?[90m# ca.mcgill.ecse.biketourplus.features.RegisterAndUpdateParticipantStepDefinitions.the_following_BikeTourPlus_System_exists_p1(io.cucumber.datatable.DataTable)?[0m
  ?[32mGiven ?[0m?[32mthe following guides exist in the system: (p1)?[0m                                                                                                                                                                                               ?[90m# ca.mcgill.ecse.biketourplus.features.RegisterAndUpdateParticipantStepDefinitions.the_following_guides_exist_in_the_system_p1(io.cucumber.datatable.DataTable)?[0m
  ?[32mGiven ?[0m?[32mthe following participants exist in the system: (p1)?[0m                                                                                                                                                                                         ?[90m# ca.mcgill.ecse.biketourplus.features.RegisterAndUpdateParticipantStepDefinitions.the_following_participants_exist_in_the_system_p1(io.cucumber.datatable.DataTable)?[0m
  ?[32mWhen ?[0m?[32ma new participant attempts to register with email ?[0m?[32m?[1m"user@mail.ca"?[0m?[32m, password ?[0m?[32m?[1m"password"?[0m?[32m, name ?[0m?[32m?[1m"User"?[0m?[32m, emergency contact ?[0m?[32m?[1m"(555)555-5555"?[0m?[32m, number of weeks ?[0m?[32m?[1m"3"?[0m?[32m, week available from ?[0m?[32m?[1m"0"?[0m?[32m, week available until ?[0m?[32m?[1m"6"?[0m?[32m, and lodge required ?[0m?[32m?[1m"true"?[0m?[32m (p1)?[0m ?[90m# ca.mcgill.ecse.biketourplus.features.RegisterAndUpdateParticipantStepDefinitions.a_new_participant_attempts_to_register_with_email_password_name_emergency_contact_number_of_weeks_week_available_from_week_available_until_and_lodge_required_p1(java.lang.String,java.lang.String,java.lang.String,java.lang.String,java.lang.String,java.lang.String,java.lang.String,java.lang.String)?[0m
  ?[32mThen ?[0m?[32ma participant account shall not exist with email ?[0m?[32m?[1m"user@mail.ca"?[0m?[32m, password ?[0m?[32m?[1m"password"?[0m?[32m, name ?[0m?[32m?[1m"User"?[0m?[32m, emergency contact ?[0m?[32m?[1m"(555)555-5555"?[0m?[32m, number of weeks ?[0m?[32m?[1m"3"?[0m?[32m, week available from ?[0m?[32m?[1m"0"?[0m?[32m, week available until ?[0m?[32m?[1m"6"?[0m?[32m, and lodge required ?[0m?[32m?[1m"true"?[0m?[32m (p1)?[0m  ?[90m# ca.mcgill.ecse.biketourplus.features.RegisterAndUpdateParticipantStepDefinitions.a_participant_account_shall_not_exist_with_email_password_name_emergency_contact_number_of_weeks_week_available_from_week_available_until_and_lodge_required_p1(java.lang.String,java.lang.String,java.lang.String,java.lang.String,java.lang.String,java.lang.String,java.lang.String,java.lang.String)?[0m
  ?[32mThen ?[0m?[32mthe number of participants shall be ?[0m?[32m?[1m"2"?[0m?[32m (p1)?[0m                                                                                                                                                                                                  ?[90m# ca.mcgill.ecse.biketourplus.features.RegisterAndUpdateParticipantStepDefinitions.the_number_of_participants_shall_be_p1(java.lang.String)?[0m
  ?[32mThen ?[0m?[32mthe system shall raise the error ?[0m?[32m?[1m"Available weeks must be within weeks of biking season (1-10)"?[0m?[32m (p1)?[0m                                                                                                                                          ?[90m# ca.mcgill.ecse.biketourplus.features.RegisterAndUpdateParticipantStepDefinitions.the_system_shall_raise_the_error_p1(java.lang.String)?[0m

Scenario Outline: Register a participant unsuccessfully                                                                                                                                                                                               ?[90m# src/test/resources/RegisterAndUpdateParticipant.feature:53?[0m
  ?[32mGiven ?[0m?[32mthe following BikeTourPlus system exists: (p1)?[0m                                                                                                                                                                                                ?[90m# ca.mcgill.ecse.biketourplus.features.RegisterAndUpdateParticipantStepDefinitions.the_following_BikeTourPlus_System_exists_p1(io.cucumber.datatable.DataTable)?[0m
  ?[32mGiven ?[0m?[32mthe following guides exist in the system: (p1)?[0m                                                                                                                                                                                                ?[90m# ca.mcgill.ecse.biketourplus.features.RegisterAndUpdateParticipantStepDefinitions.the_following_guides_exist_in_the_system_p1(io.cucumber.datatable.DataTable)?[0m
  ?[32mGiven ?[0m?[32mthe following participants exist in the system: (p1)?[0m                                                                                                                                                                                          ?[90m# ca.mcgill.ecse.biketourplus.features.RegisterAndUpdateParticipantStepDefinitions.the_following_participants_exist_in_the_system_p1(io.cucumber.datatable.DataTable)?[0m
  ?[32mWhen ?[0m?[32ma new participant attempts to register with email ?[0m?[32m?[1m"user@mail.ca"?[0m?[32m, password ?[0m?[32m?[1m"password"?[0m?[32m, name ?[0m?[32m?[1m"User"?[0m?[32m, emergency contact ?[0m?[32m?[1m"(555)555-5555"?[0m?[32m, number of weeks ?[0m?[32m?[1m"3"?[0m?[32m, week available from ?[0m?[32m?[1m"11"?[0m?[32m, week available until ?[0m?[32m?[1m"6"?[0m?[32m, and lodge required ?[0m?[32m?[1m"true"?[0m?[32m (p1)?[0m ?[90m# ca.mcgill.ecse.biketourplus.features.RegisterAndUpdateParticipantStepDefinitions.a_new_participant_attempts_to_register_with_email_password_name_emergency_contact_number_of_weeks_week_available_from_week_available_until_and_lodge_required_p1(java.lang.String,java.lang.String,java.lang.String,java.lang.String,java.lang.String,java.lang.String,java.lang.String,java.lang.String)?[0m
  ?[32mThen ?[0m?[32ma participant account shall not exist with email ?[0m?[32m?[1m"user@mail.ca"?[0m?[32m, password ?[0m?[32m?[1m"password"?[0m?[32m, name ?[0m?[32m?[1m"User"?[0m?[32m, emergency contact ?[0m?[32m?[1m"(555)555-5555"?[0m?[32m, number of weeks ?[0m?[32m?[1m"3"?[0m?[32m, week available from ?[0m?[32m?[1m"11"?[0m?[32m, week available until ?[0m?[32m?[1m"6"?[0m?[32m, and lodge required ?[0m?[32m?[1m"true"?[0m?[32m (p1)?[0m  ?[90m# ca.mcgill.ecse.biketourplus.features.RegisterAndUpdateParticipantStepDefinitions.a_participant_account_shall_not_exist_with_email_password_name_emergency_contact_number_of_weeks_week_available_from_week_available_until_and_lodge_required_p1(java.lang.String,java.lang.String,java.lang.String,java.lang.String,java.lang.String,java.lang.String,java.lang.String,java.lang.String)?[0m
  ?[32mThen ?[0m?[32mthe number of participants shall be ?[0m?[32m?[1m"2"?[0m?[32m (p1)?[0m                                                                                                                                                                                                   ?[90m# ca.mcgill.ecse.biketourplus.features.RegisterAndUpdateParticipantStepDefinitions.the_number_of_participants_shall_be_p1(java.lang.String)?[0m
  ?[32mThen ?[0m?[32mthe system shall raise the error ?[0m?[32m?[1m"Available weeks must be within weeks of biking season (1-10)"?[0m?[32m (p1)?[0m                                                                                                                                           ?[90m# ca.mcgill.ecse.biketourplus.features.RegisterAndUpdateParticipantStepDefinitions.the_system_shall_raise_the_error_p1(java.lang.String)?[0m

Scenario Outline: Register a participant unsuccessfully                                                                                                                                                                                               ?[90m# src/test/resources/RegisterAndUpdateParticipant.feature:54?[0m
  ?[32mGiven ?[0m?[32mthe following BikeTourPlus system exists: (p1)?[0m                                                                                                                                                                                                ?[90m# ca.mcgill.ecse.biketourplus.features.RegisterAndUpdateParticipantStepDefinitions.the_following_BikeTourPlus_System_exists_p1(io.cucumber.datatable.DataTable)?[0m
  ?[32mGiven ?[0m?[32mthe following guides exist in the system: (p1)?[0m                                                                                                                                                                                                ?[90m# ca.mcgill.ecse.biketourplus.features.RegisterAndUpdateParticipantStepDefinitions.the_following_guides_exist_in_the_system_p1(io.cucumber.datatable.DataTable)?[0m
  ?[32mGiven ?[0m?[32mthe following participants exist in the system: (p1)?[0m                                                                                                                                                                                          ?[90m# ca.mcgill.ecse.biketourplus.features.RegisterAndUpdateParticipantStepDefinitions.the_following_participants_exist_in_the_system_p1(io.cucumber.datatable.DataTable)?[0m
  ?[32mWhen ?[0m?[32ma new participant attempts to register with email ?[0m?[32m?[1m"user@mail.ca"?[0m?[32m, password ?[0m?[32m?[1m"password"?[0m?[32m, name ?[0m?[32m?[1m"User"?[0m?[32m, emergency contact ?[0m?[32m?[1m"(555)555-5555"?[0m?[32m, number of weeks ?[0m?[32m?[1m"3"?[0m?[32m, week available from ?[0m?[32m?[1m"-1"?[0m?[32m, week available until ?[0m?[32m?[1m"0"?[0m?[32m, and lodge required ?[0m?[32m?[1m"true"?[0m?[32m (p1)?[0m ?[90m# ca.mcgill.ecse.biketourplus.features.RegisterAndUpdateParticipantStepDefinitions.a_new_participant_attempts_to_register_with_email_password_name_emergency_contact_number_of_weeks_week_available_from_week_available_until_and_lodge_required_p1(java.lang.String,java.lang.String,java.lang.String,java.lang.String,java.lang.String,java.lang.String,java.lang.String,java.lang.String)?[0m
  ?[32mThen ?[0m?[32ma participant account shall not exist with email ?[0m?[32m?[1m"user@mail.ca"?[0m?[32m, password ?[0m?[32m?[1m"password"?[0m?[32m, name ?[0m?[32m?[1m"User"?[0m?[32m, emergency contact ?[0m?[32m?[1m"(555)555-5555"?[0m?[32m, number of weeks ?[0m?[32m?[1m"3"?[0m?[32m, week available from ?[0m?[32m?[1m"-1"?[0m?[32m, week available until ?[0m?[32m?[1m"0"?[0m?[32m, and lodge required ?[0m?[32m?[1m"true"?[0m?[32m (p1)?[0m  ?[90m# ca.mcgill.ecse.biketourplus.features.RegisterAndUpdateParticipantStepDefinitions.a_participant_account_shall_not_exist_with_email_password_name_emergency_contact_number_of_weeks_week_available_from_week_available_until_and_lodge_required_p1(java.lang.String,java.lang.String,java.lang.String,java.lang.String,java.lang.String,java.lang.String,java.lang.String,java.lang.String)?[0m
  ?[32mThen ?[0m?[32mthe number of participants shall be ?[0m?[32m?[1m"2"?[0m?[32m (p1)?[0m                                                                                                                                                                                                   ?[90m# ca.mcgill.ecse.biketourplus.features.RegisterAndUpdateParticipantStepDefinitions.the_number_of_participants_shall_be_p1(java.lang.String)?[0m
  ?[32mThen ?[0m?[32mthe system shall raise the error ?[0m?[32m?[1m"Available weeks must be within weeks of biking season (1-10)"?[0m?[32m (p1)?[0m                                                                                                                                           ?[90m# ca.mcgill.ecse.biketourplus.features.RegisterAndUpdateParticipantStepDefinitions.the_system_shall_raise_the_error_p1(java.lang.String)?[0m

Scenario Outline: Register a participant unsuccessfully                                                                                                                                                                                               ?[90m# src/test/resources/RegisterAndUpdateParticipant.feature:55?[0m
  ?[32mGiven ?[0m?[32mthe following BikeTourPlus system exists: (p1)?[0m                                                                                                                                                                                                ?[90m# ca.mcgill.ecse.biketourplus.features.RegisterAndUpdateParticipantStepDefinitions.the_following_BikeTourPlus_System_exists_p1(io.cucumber.datatable.DataTable)?[0m
  ?[32mGiven ?[0m?[32mthe following guides exist in the system: (p1)?[0m                                                                                                                                                                                                ?[90m# ca.mcgill.ecse.biketourplus.features.RegisterAndUpdateParticipantStepDefinitions.the_following_guides_exist_in_the_system_p1(io.cucumber.datatable.DataTable)?[0m
  ?[32mGiven ?[0m?[32mthe following participants exist in the system: (p1)?[0m                                                                                                                                                                                          ?[90m# ca.mcgill.ecse.biketourplus.features.RegisterAndUpdateParticipantStepDefinitions.the_following_participants_exist_in_the_system_p1(io.cucumber.datatable.DataTable)?[0m
  ?[32mWhen ?[0m?[32ma new participant attempts to register with email ?[0m?[32m?[1m"user@mail.ca"?[0m?[32m, password ?[0m?[32m?[1m"password"?[0m?[32m, name ?[0m?[32m?[1m"User"?[0m?[32m, emergency contact ?[0m?[32m?[1m"(555)555-5555"?[0m?[32m, number of weeks ?[0m?[32m?[1m"3"?[0m?[32m, week available from ?[0m?[32m?[1m"6"?[0m?[32m, week available until ?[0m?[32m?[1m"11"?[0m?[32m, and lodge required ?[0m?[32m?[1m"true"?[0m?[32m (p1)?[0m ?[90m# ca.mcgill.ecse.biketourplus.features.RegisterAndUpdateParticipantStepDefinitions.a_new_participant_attempts_to_register_with_email_password_name_emergency_contact_number_of_weeks_week_available_from_week_available_until_and_lodge_required_p1(java.lang.String,java.lang.String,java.lang.String,java.lang.String,java.lang.String,java.lang.String,java.lang.String,java.lang.String)?[0m
  ?[32mThen ?[0m?[32ma participant account shall not exist with email ?[0m?[32m?[1m"user@mail.ca"?[0m?[32m, password ?[0m?[32m?[1m"password"?[0m?[32m, name ?[0m?[32m?[1m"User"?[0m?[32m, emergency contact ?[0m?[32m?[1m"(555)555-5555"?[0m?[32m, number of weeks ?[0m?[32m?[1m"3"?[0m?[32m, week available from ?[0m?[32m?[1m"6"?[0m?[32m, week available until ?[0m?[32m?[1m"11"?[0m?[32m, and lodge required ?[0m?[32m?[1m"true"?[0m?[32m (p1)?[0m  ?[90m# ca.mcgill.ecse.biketourplus.features.RegisterAndUpdateParticipantStepDefinitions.a_participant_account_shall_not_exist_with_email_password_name_emergency_contact_number_of_weeks_week_available_from_week_available_until_and_lodge_required_p1(java.lang.String,java.lang.String,java.lang.String,java.lang.String,java.lang.String,java.lang.String,java.lang.String,java.lang.String)?[0m
  ?[32mThen ?[0m?[32mthe number of participants shall be ?[0m?[32m?[1m"2"?[0m?[32m (p1)?[0m                                                                                                                                                                                                   ?[90m# ca.mcgill.ecse.biketourplus.features.RegisterAndUpdateParticipantStepDefinitions.the_number_of_participants_shall_be_p1(java.lang.String)?[0m
  ?[32mThen ?[0m?[32mthe system shall raise the error ?[0m?[32m?[1m"Available weeks must be within weeks of biking season (1-10)"?[0m?[32m (p1)?[0m                                                                                                                                           ?[90m# ca.mcgill.ecse.biketourplus.features.RegisterAndUpdateParticipantStepDefinitions.the_system_shall_raise_the_error_p1(java.lang.String)?[0m

Scenario Outline: Update a participant account successfully                                                                                                                                                                                                                        ?[90m# src/test/resources/RegisterAndUpdateParticipant.feature:65?[0m
  ?[32mGiven ?[0m?[32mthe following BikeTourPlus system exists: (p1)?[0m                                                                                                                                                                                                                             ?[90m# ca.mcgill.ecse.biketourplus.features.RegisterAndUpdateParticipantStepDefinitions.the_following_BikeTourPlus_System_exists_p1(io.cucumber.datatable.DataTable)?[0m
  ?[32mGiven ?[0m?[32mthe following guides exist in the system: (p1)?[0m                                                                                                                                                                                                                             ?[90m# ca.mcgill.ecse.biketourplus.features.RegisterAndUpdateParticipantStepDefinitions.the_following_guides_exist_in_the_system_p1(io.cucumber.datatable.DataTable)?[0m
  ?[32mGiven ?[0m?[32mthe following participants exist in the system: (p1)?[0m                                                                                                                                                                                                                       ?[90m# ca.mcgill.ecse.biketourplus.features.RegisterAndUpdateParticipantStepDefinitions.the_following_participants_exist_in_the_system_p1(io.cucumber.datatable.DataTable)?[0m
  ?[32mWhen ?[0m?[32mthe participant with email ?[0m?[32m?[1m"peter@email.com"?[0m?[32m attempts to update their account information to password ?[0m?[32m?[1m"password3"?[0m?[32m, name ?[0m?[32m?[1m"User3"?[0m?[32m, emergency contact ?[0m?[32m?[1m"(333)333-3333"?[0m?[32m, number of weeks ?[0m?[32m?[1m"3"?[0m?[32m, week available from ?[0m?[32m?[1m"3"?[0m?[32m, week available until ?[0m?[32m?[1m"10"?[0m?[32m, and lodge required ?[0m?[32m?[1m"true"?[0m?[32m (p1)?[0m ?[90m# ca.mcgill.ecse.biketourplus.features.RegisterAndUpdateParticipantStepDefinitions.the_participant_with_email_attempts_to_update_their_account_information_to_password_name_emergency_contact_number_of_weeks_week_available_from_week_available_until_and_lodge_required_p1(java.lang.String,java.lang.String,java.lang.String,java.lang.String,java.lang.String,java.lang.String,java.lang.String,java.lang.String)?[0m
  ?[32mThen ?[0m?[32ma participant account shall exist with email ?[0m?[32m?[1m"peter@email.com"?[0m?[32m, password ?[0m?[32m?[1m"password3"?[0m?[32m, name ?[0m?[32m?[1m"User3"?[0m?[32m, emergency contact ?[0m?[32m?[1m"(333)333-3333"?[0m?[32m, number of weeks ?[0m?[32m?[1m"3"?[0m?[32m, week available from ?[0m?[32m?[1m"3"?[0m?[32m, week available until ?[0m?[32m?[1m"10"?[0m?[32m, and lodge required ?[0m?[32m?[1m"true"?[0m?[32m (p1)?[0m                              ?[90m# ca.mcgill.ecse.biketourplus.features.RegisterAndUpdateParticipantStepDefinitions.a_participant_account_shall_exist_with_email_password_name_emergency_contact_number_of_weeks_week_available_from_week_available_until_and_lodge_required_p1(java.lang.String,java.lang.String,java.lang.String,java.lang.String,java.lang.String,java.lang.String,java.lang.String,java.lang.String)?[0m
  ?[32mThen ?[0m?[32ma participant account shall not exist with email ?[0m?[32m?[1m"peter@email.com"?[0m?[32m, password ?[0m?[32m?[1m"pass1"?[0m?[32m, name ?[0m?[32m?[1m"Peter"?[0m?[32m, emergency contact ?[0m?[32m?[1m"(666)555-5555"?[0m?[32m, number of weeks ?[0m?[32m?[1m"1"?[0m?[32m, week available from ?[0m?[32m?[1m"1"?[0m?[32m, week available until ?[0m?[32m?[1m"2"?[0m?[32m, and lodge required ?[0m?[32m?[1m"true"?[0m?[32m (p1)?[0m                               ?[90m# ca.mcgill.ecse.biketourplus.features.RegisterAndUpdateParticipantStepDefinitions.a_participant_account_shall_not_exist_with_email_password_name_emergency_contact_number_of_weeks_week_available_from_week_available_until_and_lodge_required_p1(java.lang.String,java.lang.String,java.lang.String,java.lang.String,java.lang.String,java.lang.String,java.lang.String,java.lang.String)?[0m
  ?[32mThen ?[0m?[32mthe number of participants shall be ?[0m?[32m?[1m"2"?[0m?[32m (p1)?[0m                                                                                                                                                                                                                                ?[90m# ca.mcgill.ecse.biketourplus.features.RegisterAndUpdateParticipantStepDefinitions.the_number_of_participants_shall_be_p1(java.lang.String)?[0m

Scenario Outline: Update a participant account successfully                                                                                                                                                                                                                       ?[90m# src/test/resources/RegisterAndUpdateParticipant.feature:66?[0m
  ?[32mGiven ?[0m?[32mthe following BikeTourPlus system exists: (p1)?[0m                                                                                                                                                                                                                            ?[90m# ca.mcgill.ecse.biketourplus.features.RegisterAndUpdateParticipantStepDefinitions.the_following_BikeTourPlus_System_exists_p1(io.cucumber.datatable.DataTable)?[0m
  ?[32mGiven ?[0m?[32mthe following guides exist in the system: (p1)?[0m                                                                                                                                                                                                                            ?[90m# ca.mcgill.ecse.biketourplus.features.RegisterAndUpdateParticipantStepDefinitions.the_following_guides_exist_in_the_system_p1(io.cucumber.datatable.DataTable)?[0m
  ?[32mGiven ?[0m?[32mthe following participants exist in the system: (p1)?[0m                                                                                                                                                                                                                      ?[90m# ca.mcgill.ecse.biketourplus.features.RegisterAndUpdateParticipantStepDefinitions.the_following_participants_exist_in_the_system_p1(io.cucumber.datatable.DataTable)?[0m
  ?[32mWhen ?[0m?[32mthe participant with email ?[0m?[32m?[1m"tyler@email.com"?[0m?[32m attempts to update their account information to password ?[0m?[32m?[1m"password4"?[0m?[32m, name ?[0m?[32m?[1m"User4"?[0m?[32m, emergency contact ?[0m?[32m?[1m"(444)444-4444"?[0m?[32m, number of weeks ?[0m?[32m?[1m"4"?[0m?[32m, week available from ?[0m?[32m?[1m"4"?[0m?[32m, week available until ?[0m?[32m?[1m"7"?[0m?[32m, and lodge required ?[0m?[32m?[1m"true"?[0m?[32m (p1)?[0m ?[90m# ca.mcgill.ecse.biketourplus.features.RegisterAndUpdateParticipantStepDefinitions.the_participant_with_email_attempts_to_update_their_account_information_to_password_name_emergency_contact_number_of_weeks_week_available_from_week_available_until_and_lodge_required_p1(java.lang.String,java.lang.String,java.lang.String,java.lang.String,java.lang.String,java.lang.String,java.lang.String,java.lang.String)?[0m
  ?[32mThen ?[0m?[32ma participant account shall exist with email ?[0m?[32m?[1m"tyler@email.com"?[0m?[32m, password ?[0m?[32m?[1m"password4"?[0m?[32m, name ?[0m?[32m?[1m"User4"?[0m?[32m, emergency contact ?[0m?[32m?[1m"(444)444-4444"?[0m?[32m, number of weeks ?[0m?[32m?[1m"4"?[0m?[32m, week available from ?[0m?[32m?[1m"4"?[0m?[32m, week available until ?[0m?[32m?[1m"7"?[0m?[32m, and lodge required ?[0m?[32m?[1m"true"?[0m?[32m (p1)?[0m                              ?[90m# ca.mcgill.ecse.biketourplus.features.RegisterAndUpdateParticipantStepDefinitions.a_participant_account_shall_exist_with_email_password_name_emergency_contact_number_of_weeks_week_available_from_week_available_until_and_lodge_required_p1(java.lang.String,java.lang.String,java.lang.String,java.lang.String,java.lang.String,java.lang.String,java.lang.String,java.lang.String)?[0m
  ?[32mThen ?[0m?[32ma participant account shall not exist with email ?[0m?[32m?[1m"tyler@email.com"?[0m?[32m, password ?[0m?[32m?[1m"pass2"?[0m?[32m, name ?[0m?[32m?[1m"Tyler"?[0m?[32m, emergency contact ?[0m?[32m?[1m"(777)444-4444"?[0m?[32m, number of weeks ?[0m?[32m?[1m"2"?[0m?[32m, week available from ?[0m?[32m?[1m"2"?[0m?[32m, week available until ?[0m?[32m?[1m"5"?[0m?[32m, and lodge required ?[0m?[32m?[1m"false"?[0m?[32m (p1)?[0m                             ?[90m# ca.mcgill.ecse.biketourplus.features.RegisterAndUpdateParticipantStepDefinitions.a_participant_account_shall_not_exist_with_email_password_name_emergency_contact_number_of_weeks_week_available_from_week_available_until_and_lodge_required_p1(java.lang.String,java.lang.String,java.lang.String,java.lang.String,java.lang.String,java.lang.String,java.lang.String,java.lang.String)?[0m
  ?[32mThen ?[0m?[32mthe number of participants shall be ?[0m?[32m?[1m"2"?[0m?[32m (p1)?[0m                                                                                                                                                                                                                               ?[90m# ca.mcgill.ecse.biketourplus.features.RegisterAndUpdateParticipantStepDefinitions.the_number_of_participants_shall_be_p1(java.lang.String)?[0m

Scenario Outline: Update a participant account unsuccessfully                                                                                                                                                                                                             ?[90m# src/test/resources/RegisterAndUpdateParticipant.feature:77?[0m
  ?[32mGiven ?[0m?[32mthe following BikeTourPlus system exists: (p1)?[0m                                                                                                                                                                                                                    ?[90m# ca.mcgill.ecse.biketourplus.features.RegisterAndUpdateParticipantStepDefinitions.the_following_BikeTourPlus_System_exists_p1(io.cucumber.datatable.DataTable)?[0m
  ?[32mGiven ?[0m?[32mthe following guides exist in the system: (p1)?[0m                                                                                                                                                                                                                    ?[90m# ca.mcgill.ecse.biketourplus.features.RegisterAndUpdateParticipantStepDefinitions.the_following_guides_exist_in_the_system_p1(io.cucumber.datatable.DataTable)?[0m
  ?[32mGiven ?[0m?[32mthe following participants exist in the system: (p1)?[0m                                                                                                                                                                                                              ?[90m# ca.mcgill.ecse.biketourplus.features.RegisterAndUpdateParticipantStepDefinitions.the_following_participants_exist_in_the_system_p1(io.cucumber.datatable.DataTable)?[0m
  ?[32mWhen ?[0m?[32mthe participant with email ?[0m?[32m?[1m"peter@email.com"?[0m?[32m attempts to update their account information to password ?[0m?[32m?[1m""?[0m?[32m, name ?[0m?[32m?[1m"User"?[0m?[32m, emergency contact ?[0m?[32m?[1m"(555)555-5555"?[0m?[32m, number of weeks ?[0m?[32m?[1m"5"?[0m?[32m, week available from ?[0m?[32m?[1m"2"?[0m?[32m, week available until ?[0m?[32m?[1m"10"?[0m?[32m, and lodge required ?[0m?[32m?[1m"false"?[0m?[32m (p1)?[0m ?[90m# ca.mcgill.ecse.biketourplus.features.RegisterAndUpdateParticipantStepDefinitions.the_participant_with_email_attempts_to_update_their_account_information_to_password_name_emergency_contact_number_of_weeks_week_available_from_week_available_until_and_lodge_required_p1(java.lang.String,java.lang.String,java.lang.String,java.lang.String,java.lang.String,java.lang.String,java.lang.String,java.lang.String)?[0m
  ?[32mThen ?[0m?[32ma participant account shall exist with email ?[0m?[32m?[1m"peter@email.com"?[0m?[32m, password ?[0m?[32m?[1m"pass1"?[0m?[32m, name ?[0m?[32m?[1m"Peter"?[0m?[32m, emergency contact ?[0m?[32m?[1m"(666)555-5555"?[0m?[32m, number of weeks ?[0m?[32m?[1m"1"?[0m?[32m, week available from ?[0m?[32m?[1m"1"?[0m?[32m, week available until ?[0m?[32m?[1m"2"?[0m?[32m, and lodge required ?[0m?[32m?[1m"true"?[0m?[32m (p1)?[0m                          ?[90m# ca.mcgill.ecse.biketourplus.features.RegisterAndUpdateParticipantStepDefinitions.a_participant_account_shall_exist_with_email_password_name_emergency_contact_number_of_weeks_week_available_from_week_available_until_and_lodge_required_p1(java.lang.String,java.lang.String,java.lang.String,java.lang.String,java.lang.String,java.lang.String,java.lang.String,java.lang.String)?[0m
  ?[32mThen ?[0m?[32ma participant account shall not exist with email ?[0m?[32m?[1m"peter@email.com"?[0m?[32m, password ?[0m?[32m?[1m""?[0m?[32m, name ?[0m?[32m?[1m"User"?[0m?[32m, emergency contact ?[0m?[32m?[1m"(555)555-5555"?[0m?[32m, number of weeks ?[0m?[32m?[1m"5"?[0m?[32m, week available from ?[0m?[32m?[1m"2"?[0m?[32m, week available until ?[0m?[32m?[1m"10"?[0m?[32m, and lodge required ?[0m?[32m?[1m"false"?[0m?[32m (p1)?[0m                          ?[90m# ca.mcgill.ecse.biketourplus.features.RegisterAndUpdateParticipantStepDefinitions.a_participant_account_shall_not_exist_with_email_password_name_emergency_contact_number_of_weeks_week_available_from_week_available_until_and_lodge_required_p1(java.lang.String,java.lang.String,java.lang.String,java.lang.String,java.lang.String,java.lang.String,java.lang.String,java.lang.String)?[0m
  ?[32mThen ?[0m?[32mthe number of participants shall be ?[0m?[32m?[1m"2"?[0m?[32m (p1)?[0m                                                                                                                                                                                                                       ?[90m# ca.mcgill.ecse.biketourplus.features.RegisterAndUpdateParticipantStepDefinitions.the_number_of_participants_shall_be_p1(java.lang.String)?[0m
  ?[32mThen ?[0m?[32mthe system shall raise the error ?[0m?[32m?[1m"Password cannot be empty"?[0m?[32m (p1)?[0m                                                                                                                                                                                                   ?[90m# ca.mcgill.ecse.biketourplus.features.RegisterAndUpdateParticipantStepDefinitions.the_system_shall_raise_the_error_p1(java.lang.String)?[0m

Scenario Outline: Update a participant account unsuccessfully                                                                                                                                                                                                                 ?[90m# src/test/resources/RegisterAndUpdateParticipant.feature:78?[0m
  ?[32mGiven ?[0m?[32mthe following BikeTourPlus system exists: (p1)?[0m                                                                                                                                                                                                                        ?[90m# ca.mcgill.ecse.biketourplus.features.RegisterAndUpdateParticipantStepDefinitions.the_following_BikeTourPlus_System_exists_p1(io.cucumber.datatable.DataTable)?[0m
  ?[32mGiven ?[0m?[32mthe following guides exist in the system: (p1)?[0m                                                                                                                                                                                                                        ?[90m# ca.mcgill.ecse.biketourplus.features.RegisterAndUpdateParticipantStepDefinitions.the_following_guides_exist_in_the_system_p1(io.cucumber.datatable.DataTable)?[0m
  ?[32mGiven ?[0m?[32mthe following participants exist in the system: (p1)?[0m                                                                                                                                                                                                                  ?[90m# ca.mcgill.ecse.biketourplus.features.RegisterAndUpdateParticipantStepDefinitions.the_following_participants_exist_in_the_system_p1(io.cucumber.datatable.DataTable)?[0m
  ?[32mWhen ?[0m?[32mthe participant with email ?[0m?[32m?[1m"peter@email.com"?[0m?[32m attempts to update their account information to password ?[0m?[32m?[1m"password"?[0m?[32m, name ?[0m?[32m?[1m""?[0m?[32m, emergency contact ?[0m?[32m?[1m"(555)555-5555"?[0m?[32m, number of weeks ?[0m?[32m?[1m"5"?[0m?[32m, week available from ?[0m?[32m?[1m"2"?[0m?[32m, week available until ?[0m?[32m?[1m"10"?[0m?[32m, and lodge required ?[0m?[32m?[1m"false"?[0m?[32m (p1)?[0m ?[90m# ca.mcgill.ecse.biketourplus.features.RegisterAndUpdateParticipantStepDefinitions.the_participant_with_email_attempts_to_update_their_account_information_to_password_name_emergency_contact_number_of_weeks_week_available_from_week_available_until_and_lodge_required_p1(java.lang.String,java.lang.String,java.lang.String,java.lang.String,java.lang.String,java.lang.String,java.lang.String,java.lang.String)?[0m
  ?[32mThen ?[0m?[32ma participant account shall exist with email ?[0m?[32m?[1m"peter@email.com"?[0m?[32m, password ?[0m?[32m?[1m"pass1"?[0m?[32m, name ?[0m?[32m?[1m"Peter"?[0m?[32m, emergency contact ?[0m?[32m?[1m"(666)555-5555"?[0m?[32m, number of weeks ?[0m?[32m?[1m"1"?[0m?[32m, week available from ?[0m?[32m?[1m"1"?[0m?[32m, week available until ?[0m?[32m?[1m"2"?[0m?[32m, and lodge required ?[0m?[32m?[1m"true"?[0m?[32m (p1)?[0m                              ?[90m# ca.mcgill.ecse.biketourplus.features.RegisterAndUpdateParticipantStepDefinitions.a_participant_account_shall_exist_with_email_password_name_emergency_contact_number_of_weeks_week_available_from_week_available_until_and_lodge_required_p1(java.lang.String,java.lang.String,java.lang.String,java.lang.String,java.lang.String,java.lang.String,java.lang.String,java.lang.String)?[0m
  ?[32mThen ?[0m?[32ma participant account shall not exist with email ?[0m?[32m?[1m"peter@email.com"?[0m?[32m, password ?[0m?[32m?[1m"password"?[0m?[32m, name ?[0m?[32m?[1m""?[0m?[32m, emergency contact ?[0m?[32m?[1m"(555)555-5555"?[0m?[32m, number of weeks ?[0m?[32m?[1m"5"?[0m?[32m, week available from ?[0m?[32m?[1m"2"?[0m?[32m, week available until ?[0m?[32m?[1m"10"?[0m?[32m, and lodge required ?[0m?[32m?[1m"false"?[0m?[32m (p1)?[0m                          ?[90m# ca.mcgill.ecse.biketourplus.features.RegisterAndUpdateParticipantStepDefinitions.a_participant_account_shall_not_exist_with_email_password_name_emergency_contact_number_of_weeks_week_available_from_week_available_until_and_lodge_required_p1(java.lang.String,java.lang.String,java.lang.String,java.lang.String,java.lang.String,java.lang.String,java.lang.String,java.lang.String)?[0m
  ?[32mThen ?[0m?[32mthe number of participants shall be ?[0m?[32m?[1m"2"?[0m?[32m (p1)?[0m                                                                                                                                                                                                                           ?[90m# ca.mcgill.ecse.biketourplus.features.RegisterAndUpdateParticipantStepDefinitions.the_number_of_participants_shall_be_p1(java.lang.String)?[0m
  ?[32mThen ?[0m?[32mthe system shall raise the error ?[0m?[32m?[1m"Name cannot be empty"?[0m?[32m (p1)?[0m                                                                                                                                                                                                           ?[90m# ca.mcgill.ecse.biketourplus.features.RegisterAndUpdateParticipantStepDefinitions.the_system_shall_raise_the_error_p1(java.lang.String)?[0m

Scenario Outline: Update a participant account unsuccessfully                                                                                                                                                                                                        ?[90m# src/test/resources/RegisterAndUpdateParticipant.feature:79?[0m
  ?[32mGiven ?[0m?[32mthe following BikeTourPlus system exists: (p1)?[0m                                                                                                                                                                                                               ?[90m# ca.mcgill.ecse.biketourplus.features.RegisterAndUpdateParticipantStepDefinitions.the_following_BikeTourPlus_System_exists_p1(io.cucumber.datatable.DataTable)?[0m
  ?[32mGiven ?[0m?[32mthe following guides exist in the system: (p1)?[0m                                                                                                                                                                                                               ?[90m# ca.mcgill.ecse.biketourplus.features.RegisterAndUpdateParticipantStepDefinitions.the_following_guides_exist_in_the_system_p1(io.cucumber.datatable.DataTable)?[0m
  ?[32mGiven ?[0m?[32mthe following participants exist in the system: (p1)?[0m                                                                                                                                                                                                         ?[90m# ca.mcgill.ecse.biketourplus.features.RegisterAndUpdateParticipantStepDefinitions.the_following_participants_exist_in_the_system_p1(io.cucumber.datatable.DataTable)?[0m
  ?[32mWhen ?[0m?[32mthe participant with email ?[0m?[32m?[1m"peter@email.com"?[0m?[32m attempts to update their account information to password ?[0m?[32m?[1m"password"?[0m?[32m, name ?[0m?[32m?[1m"User"?[0m?[32m, emergency contact ?[0m?[32m?[1m""?[0m?[32m, number of weeks ?[0m?[32m?[1m"5"?[0m?[32m, week available from ?[0m?[32m?[1m"2"?[0m?[32m, week available until ?[0m?[32m?[1m"10"?[0m?[32m, and lodge required ?[0m?[32m?[1m"false"?[0m?[32m (p1)?[0m ?[90m# ca.mcgill.ecse.biketourplus.features.RegisterAndUpdateParticipantStepDefinitions.the_participant_with_email_attempts_to_update_their_account_information_to_password_name_emergency_contact_number_of_weeks_week_available_from_week_available_until_and_lodge_required_p1(java.lang.String,java.lang.String,java.lang.String,java.lang.String,java.lang.String,java.lang.String,java.lang.String,java.lang.String)?[0m
  ?[32mThen ?[0m?[32ma participant account shall exist with email ?[0m?[32m?[1m"peter@email.com"?[0m?[32m, password ?[0m?[32m?[1m"pass1"?[0m?[32m, name ?[0m?[32m?[1m"Peter"?[0m?[32m, emergency contact ?[0m?[32m?[1m"(666)555-5555"?[0m?[32m, number of weeks ?[0m?[32m?[1m"1"?[0m?[32m, week available from ?[0m?[32m?[1m"1"?[0m?[32m, week available until ?[0m?[32m?[1m"2"?[0m?[32m, and lodge required ?[0m?[32m?[1m"true"?[0m?[32m (p1)?[0m                     ?[90m# ca.mcgill.ecse.biketourplus.features.RegisterAndUpdateParticipantStepDefinitions.a_participant_account_shall_exist_with_email_password_name_emergency_contact_number_of_weeks_week_available_from_week_available_until_and_lodge_required_p1(java.lang.String,java.lang.String,java.lang.String,java.lang.String,java.lang.String,java.lang.String,java.lang.String,java.lang.String)?[0m
  ?[32mThen ?[0m?[32ma participant account shall not exist with email ?[0m?[32m?[1m"peter@email.com"?[0m?[32m, password ?[0m?[32m?[1m"password"?[0m?[32m, name ?[0m?[32m?[1m"User"?[0m?[32m, emergency contact ?[0m?[32m?[1m""?[0m?[32m, number of weeks ?[0m?[32m?[1m"5"?[0m?[32m, week available from ?[0m?[32m?[1m"2"?[0m?[32m, week available until ?[0m?[32m?[1m"10"?[0m?[32m, and lodge required ?[0m?[32m?[1m"false"?[0m?[32m (p1)?[0m                          ?[90m# ca.mcgill.ecse.biketourplus.features.RegisterAndUpdateParticipantStepDefinitions.a_participant_account_shall_not_exist_with_email_password_name_emergency_contact_number_of_weeks_week_available_from_week_available_until_and_lodge_required_p1(java.lang.String,java.lang.String,java.lang.String,java.lang.String,java.lang.String,java.lang.String,java.lang.String,java.lang.String)?[0m
  ?[32mThen ?[0m?[32mthe number of participants shall be ?[0m?[32m?[1m"2"?[0m?[32m (p1)?[0m                                                                                                                                                                                                                  ?[90m# ca.mcgill.ecse.biketourplus.features.RegisterAndUpdateParticipantStepDefinitions.the_number_of_participants_shall_be_p1(java.lang.String)?[0m
  ?[32mThen ?[0m?[32mthe system shall raise the error ?[0m?[32m?[1m"Emergency contact cannot be empty"?[0m?[32m (p1)?[0m                                                                                                                                                                                     ?[90m# ca.mcgill.ecse.biketourplus.features.RegisterAndUpdateParticipantStepDefinitions.the_system_shall_raise_the_error_p1(java.lang.String)?[0m

Scenario Outline: Update a participant account unsuccessfully                                                                                                                                                                                                                   ?[90m# src/test/resources/RegisterAndUpdateParticipant.feature:80?[0m
  ?[32mGiven ?[0m?[32mthe following BikeTourPlus system exists: (p1)?[0m                                                                                                                                                                                                                          ?[90m# ca.mcgill.ecse.biketourplus.features.RegisterAndUpdateParticipantStepDefinitions.the_following_BikeTourPlus_System_exists_p1(io.cucumber.datatable.DataTable)?[0m
  ?[32mGiven ?[0m?[32mthe following guides exist in the system: (p1)?[0m                                                                                                                                                                                                                          ?[90m# ca.mcgill.ecse.biketourplus.features.RegisterAndUpdateParticipantStepDefinitions.the_following_guides_exist_in_the_system_p1(io.cucumber.datatable.DataTable)?[0m
  ?[32mGiven ?[0m?[32mthe following participants exist in the system: (p1)?[0m                                                                                                                                                                                                                    ?[90m# ca.mcgill.ecse.biketourplus.features.RegisterAndUpdateParticipantStepDefinitions.the_following_participants_exist_in_the_system_p1(io.cucumber.datatable.DataTable)?[0m
  ?[32mWhen ?[0m?[32mthe participant with email ?[0m?[32m?[1m"peter@email.com"?[0m?[32m attempts to update their account information to password ?[0m?[32m?[1m"password"?[0m?[32m, name ?[0m?[32m?[1m"User"?[0m?[32m, emergency contact ?[0m?[32m?[1m"(555)555-5555"?[0m?[32m, number of weeks ?[0m?[32m?[1m"0"?[0m?[32m, week available from ?[0m?[32m?[1m"5"?[0m?[32m, week available until ?[0m?[32m?[1m"8"?[0m?[32m, and lodge required ?[0m?[32m?[1m"true"?[0m?[32m (p1)?[0m ?[90m# ca.mcgill.ecse.biketourplus.features.RegisterAndUpdateParticipantStepDefinitions.the_participant_with_email_attempts_to_update_their_account_information_to_password_name_emergency_contact_number_of_weeks_week_available_from_week_available_until_and_lodge_required_p1(java.lang.String,java.lang.String,java.lang.String,java.lang.String,java.lang.String,java.lang.String,java.lang.String,java.lang.String)?[0m
  ?[32mThen ?[0m?[32ma participant account shall exist with email ?[0m?[32m?[1m"peter@email.com"?[0m?[32m, password ?[0m?[32m?[1m"pass1"?[0m?[32m, name ?[0m?[32m?[1m"Peter"?[0m?[32m, emergency contact ?[0m?[32m?[1m"(666)555-5555"?[0m?[32m, number of weeks ?[0m?[32m?[1m"1"?[0m?[32m, week available from ?[0m?[32m?[1m"1"?[0m?[32m, week available until ?[0m?[32m?[1m"2"?[0m?[32m, and lodge required ?[0m?[32m?[1m"true"?[0m?[32m (p1)?[0m                                ?[90m# ca.mcgill.ecse.biketourplus.features.RegisterAndUpdateParticipantStepDefinitions.a_participant_account_shall_exist_with_email_password_name_emergency_contact_number_of_weeks_week_available_from_week_available_until_and_lodge_required_p1(java.lang.String,java.lang.String,java.lang.String,java.lang.String,java.lang.String,java.lang.String,java.lang.String,java.lang.String)?[0m
  ?[32mThen ?[0m?[32ma participant account shall not exist with email ?[0m?[32m?[1m"peter@email.com"?[0m?[32m, password ?[0m?[32m?[1m"password"?[0m?[32m, name ?[0m?[32m?[1m"User"?[0m?[32m, emergency contact ?[0m?[32m?[1m"(555)555-5555"?[0m?[32m, number of weeks ?[0m?[32m?[1m"0"?[0m?[32m, week available from ?[0m?[32m?[1m"5"?[0m?[32m, week available until ?[0m?[32m?[1m"8"?[0m?[32m, and lodge required ?[0m?[32m?[1m"true"?[0m?[32m (p1)?[0m                          ?[90m# ca.mcgill.ecse.biketourplus.features.RegisterAndUpdateParticipantStepDefinitions.a_participant_account_shall_not_exist_with_email_password_name_emergency_contact_number_of_weeks_week_available_from_week_available_until_and_lodge_required_p1(java.lang.String,java.lang.String,java.lang.String,java.lang.String,java.lang.String,java.lang.String,java.lang.String,java.lang.String)?[0m
  ?[32mThen ?[0m?[32mthe number of participants shall be ?[0m?[32m?[1m"2"?[0m?[32m (p1)?[0m                                                                                                                                                                                                                             ?[90m# ca.mcgill.ecse.biketourplus.features.RegisterAndUpdateParticipantStepDefinitions.the_number_of_participants_shall_be_p1(java.lang.String)?[0m
  ?[32mThen ?[0m?[32mthe system shall raise the error ?[0m?[32m?[1m"Number of weeks must be greater than zero"?[0m?[32m (p1)?[0m                                                                                                                                                                                        ?[90m# ca.mcgill.ecse.biketourplus.features.RegisterAndUpdateParticipantStepDefinitions.the_system_shall_raise_the_error_p1(java.lang.String)?[0m

Scenario Outline: Update a participant account unsuccessfully                                                                                                                                                                                                                    ?[90m# src/test/resources/RegisterAndUpdateParticipant.feature:81?[0m
  ?[32mGiven ?[0m?[32mthe following BikeTourPlus system exists: (p1)?[0m                                                                                                                                                                                                                           ?[90m# ca.mcgill.ecse.biketourplus.features.RegisterAndUpdateParticipantStepDefinitions.the_following_BikeTourPlus_System_exists_p1(io.cucumber.datatable.DataTable)?[0m
  ?[32mGiven ?[0m?[32mthe following guides exist in the system: (p1)?[0m                                                                                                                                                                                                                           ?[90m# ca.mcgill.ecse.biketourplus.features.RegisterAndUpdateParticipantStepDefinitions.the_following_guides_exist_in_the_system_p1(io.cucumber.datatable.DataTable)?[0m
  ?[32mGiven ?[0m?[32mthe following participants exist in the system: (p1)?[0m                                                                                                                                                                                                                     ?[90m# ca.mcgill.ecse.biketourplus.features.RegisterAndUpdateParticipantStepDefinitions.the_following_participants_exist_in_the_system_p1(io.cucumber.datatable.DataTable)?[0m
  ?[32mWhen ?[0m?[32mthe participant with email ?[0m?[32m?[1m"peter@email.com"?[0m?[32m attempts to update their account information to password ?[0m?[32m?[1m"password"?[0m?[32m, name ?[0m?[32m?[1m"User"?[0m?[32m, emergency contact ?[0m?[32m?[1m"(555)555-5555"?[0m?[32m, number of weeks ?[0m?[32m?[1m"11"?[0m?[32m, week available from ?[0m?[32m?[1m"5"?[0m?[32m, week available until ?[0m?[32m?[1m"8"?[0m?[32m, and lodge required ?[0m?[32m?[1m"true"?[0m?[32m (p1)?[0m ?[90m# ca.mcgill.ecse.biketourplus.features.RegisterAndUpdateParticipantStepDefinitions.the_participant_with_email_attempts_to_update_their_account_information_to_password_name_emergency_contact_number_of_weeks_week_available_from_week_available_until_and_lodge_required_p1(java.lang.String,java.lang.String,java.lang.String,java.lang.String,java.lang.String,java.lang.String,java.lang.String,java.lang.String)?[0m
  ?[32mThen ?[0m?[32ma participant account shall exist with email ?[0m?[32m?[1m"peter@email.com"?[0m?[32m, password ?[0m?[32m?[1m"pass1"?[0m?[32m, name ?[0m?[32m?[1m"Peter"?[0m?[32m, emergency contact ?[0m?[32m?[1m"(666)555-5555"?[0m?[32m, number of weeks ?[0m?[32m?[1m"1"?[0m?[32m, week available from ?[0m?[32m?[1m"1"?[0m?[32m, week available until ?[0m?[32m?[1m"2"?[0m?[32m, and lodge required ?[0m?[32m?[1m"true"?[0m?[32m (p1)?[0m                                 ?[90m# ca.mcgill.ecse.biketourplus.features.RegisterAndUpdateParticipantStepDefinitions.a_participant_account_shall_exist_with_email_password_name_emergency_contact_number_of_weeks_week_available_from_week_available_until_and_lodge_required_p1(java.lang.String,java.lang.String,java.lang.String,java.lang.String,java.lang.String,java.lang.String,java.lang.String,java.lang.String)?[0m
  ?[32mThen ?[0m?[32ma participant account shall not exist with email ?[0m?[32m?[1m"peter@email.com"?[0m?[32m, password ?[0m?[32m?[1m"password"?[0m?[32m, name ?[0m?[32m?[1m"User"?[0m?[32m, emergency contact ?[0m?[32m?[1m"(555)555-5555"?[0m?[32m, number of weeks ?[0m?[32m?[1m"11"?[0m?[32m, week available from ?[0m?[32m?[1m"5"?[0m?[32m, week available until ?[0m?[32m?[1m"8"?[0m?[32m, and lodge required ?[0m?[32m?[1m"true"?[0m?[32m (p1)?[0m                          ?[90m# ca.mcgill.ecse.biketourplus.features.RegisterAndUpdateParticipantStepDefinitions.a_participant_account_shall_not_exist_with_email_password_name_emergency_contact_number_of_weeks_week_available_from_week_available_until_and_lodge_required_p1(java.lang.String,java.lang.String,java.lang.String,java.lang.String,java.lang.String,java.lang.String,java.lang.String,java.lang.String)?[0m
  ?[32mThen ?[0m?[32mthe number of participants shall be ?[0m?[32m?[1m"2"?[0m?[32m (p1)?[0m                                                                                                                                                                                                                              ?[90m# ca.mcgill.ecse.biketourplus.features.RegisterAndUpdateParticipantStepDefinitions.the_number_of_participants_shall_be_p1(java.lang.String)?[0m
  ?[32mThen ?[0m?[32mthe system shall raise the error ?[0m?[32m?[1m"Number of weeks must be less than or equal to the number of biking weeks in the biking season"?[0m?[32m (p1)?[0m                                                                                                                                     ?[90m# ca.mcgill.ecse.biketourplus.features.RegisterAndUpdateParticipantStepDefinitions.the_system_shall_raise_the_error_p1(java.lang.String)?[0m

Scenario Outline: Update a participant account unsuccessfully                                                                                                                                                                                                                   ?[90m# src/test/resources/RegisterAndUpdateParticipant.feature:82?[0m
  ?[32mGiven ?[0m?[32mthe following BikeTourPlus system exists: (p1)?[0m                                                                                                                                                                                                                          ?[90m# ca.mcgill.ecse.biketourplus.features.RegisterAndUpdateParticipantStepDefinitions.the_following_BikeTourPlus_System_exists_p1(io.cucumber.datatable.DataTable)?[0m
  ?[32mGiven ?[0m?[32mthe following guides exist in the system: (p1)?[0m                                                                                                                                                                                                                          ?[90m# ca.mcgill.ecse.biketourplus.features.RegisterAndUpdateParticipantStepDefinitions.the_following_guides_exist_in_the_system_p1(io.cucumber.datatable.DataTable)?[0m
  ?[32mGiven ?[0m?[32mthe following participants exist in the system: (p1)?[0m                                                                                                                                                                                                                    ?[90m# ca.mcgill.ecse.biketourplus.features.RegisterAndUpdateParticipantStepDefinitions.the_following_participants_exist_in_the_system_p1(io.cucumber.datatable.DataTable)?[0m
  ?[32mWhen ?[0m?[32mthe participant with email ?[0m?[32m?[1m"tyler@email.com"?[0m?[32m attempts to update their account information to password ?[0m?[32m?[1m"password"?[0m?[32m, name ?[0m?[32m?[1m"User"?[0m?[32m, emergency contact ?[0m?[32m?[1m"(555)555-5555"?[0m?[32m, number of weeks ?[0m?[32m?[1m"3"?[0m?[32m, week available from ?[0m?[32m?[1m"5"?[0m?[32m, week available until ?[0m?[32m?[1m"6"?[0m?[32m, and lodge required ?[0m?[32m?[1m"true"?[0m?[32m (p1)?[0m ?[90m# ca.mcgill.ecse.biketourplus.features.RegisterAndUpdateParticipantStepDefinitions.the_participant_with_email_attempts_to_update_their_account_information_to_password_name_emergency_contact_number_of_weeks_week_available_from_week_available_until_and_lodge_required_p1(java.lang.String,java.lang.String,java.lang.String,java.lang.String,java.lang.String,java.lang.String,java.lang.String,java.lang.String)?[0m
  ?[32mThen ?[0m?[32ma participant account shall exist with email ?[0m?[32m?[1m"tyler@email.com"?[0m?[32m, password ?[0m?[32m?[1m"pass2"?[0m?[32m, name ?[0m?[32m?[1m"Tyler"?[0m?[32m, emergency contact ?[0m?[32m?[1m"(777)444-4444"?[0m?[32m, number of weeks ?[0m?[32m?[1m"2"?[0m?[32m, week available from ?[0m?[32m?[1m"2"?[0m?[32m, week available until ?[0m?[32m?[1m"5"?[0m?[32m, and lodge required ?[0m?[32m?[1m"false"?[0m?[32m (p1)?[0m                               ?[90m# ca.mcgill.ecse.biketourplus.features.RegisterAndUpdateParticipantStepDefinitions.a_participant_account_shall_exist_with_email_password_name_emergency_contact_number_of_weeks_week_available_from_week_available_until_and_lodge_required_p1(java.lang.String,java.lang.String,java.lang.String,java.lang.String,java.lang.String,java.lang.String,java.lang.String,java.lang.String)?[0m
  ?[32mThen ?[0m?[32ma participant account shall not exist with email ?[0m?[32m?[1m"tyler@email.com"?[0m?[32m, password ?[0m?[32m?[1m"password"?[0m?[32m, name ?[0m?[32m?[1m"User"?[0m?[32m, emergency contact ?[0m?[32m?[1m"(555)555-5555"?[0m?[32m, number of weeks ?[0m?[32m?[1m"3"?[0m?[32m, week available from ?[0m?[32m?[1m"5"?[0m?[32m, week available until ?[0m?[32m?[1m"6"?[0m?[32m, and lodge required ?[0m?[32m?[1m"true"?[0m?[32m (p1)?[0m                          ?[90m# ca.mcgill.ecse.biketourplus.features.RegisterAndUpdateParticipantStepDefinitions.a_participant_account_shall_not_exist_with_email_password_name_emergency_contact_number_of_weeks_week_available_from_week_available_until_and_lodge_required_p1(java.lang.String,java.lang.String,java.lang.String,java.lang.String,java.lang.String,java.lang.String,java.lang.String,java.lang.String)?[0m
  ?[32mThen ?[0m?[32mthe number of participants shall be ?[0m?[32m?[1m"2"?[0m?[32m (p1)?[0m                                                                                                                                                                                                                             ?[90m# ca.mcgill.ecse.biketourplus.features.RegisterAndUpdateParticipantStepDefinitions.the_number_of_participants_shall_be_p1(java.lang.String)?[0m
  ?[32mThen ?[0m?[32mthe system shall raise the error ?[0m?[32m?[1m"Number of weeks must be less than or equal to the number of available weeks"?[0m?[32m (p1)?[0m                                                                                                                                                      ?[90m# ca.mcgill.ecse.biketourplus.features.RegisterAndUpdateParticipantStepDefinitions.the_system_shall_raise_the_error_p1(java.lang.String)?[0m

Scenario Outline: Update a participant account unsuccessfully                                                                                                                                                                                                                   ?[90m# src/test/resources/RegisterAndUpdateParticipant.feature:83?[0m
  ?[32mGiven ?[0m?[32mthe following BikeTourPlus system exists: (p1)?[0m                                                                                                                                                                                                                          ?[90m# ca.mcgill.ecse.biketourplus.features.RegisterAndUpdateParticipantStepDefinitions.the_following_BikeTourPlus_System_exists_p1(io.cucumber.datatable.DataTable)?[0m
  ?[32mGiven ?[0m?[32mthe following guides exist in the system: (p1)?[0m                                                                                                                                                                                                                          ?[90m# ca.mcgill.ecse.biketourplus.features.RegisterAndUpdateParticipantStepDefinitions.the_following_guides_exist_in_the_system_p1(io.cucumber.datatable.DataTable)?[0m
  ?[32mGiven ?[0m?[32mthe following participants exist in the system: (p1)?[0m                                                                                                                                                                                                                    ?[90m# ca.mcgill.ecse.biketourplus.features.RegisterAndUpdateParticipantStepDefinitions.the_following_participants_exist_in_the_system_p1(io.cucumber.datatable.DataTable)?[0m
  ?[32mWhen ?[0m?[32mthe participant with email ?[0m?[32m?[1m"tyler@email.com"?[0m?[32m attempts to update their account information to password ?[0m?[32m?[1m"password"?[0m?[32m, name ?[0m?[32m?[1m"User"?[0m?[32m, emergency contact ?[0m?[32m?[1m"(555)555-5555"?[0m?[32m, number of weeks ?[0m?[32m?[1m"3"?[0m?[32m, week available from ?[0m?[32m?[1m"6"?[0m?[32m, week available until ?[0m?[32m?[1m"5"?[0m?[32m, and lodge required ?[0m?[32m?[1m"true"?[0m?[32m (p1)?[0m ?[90m# ca.mcgill.ecse.biketourplus.features.RegisterAndUpdateParticipantStepDefinitions.the_participant_with_email_attempts_to_update_their_account_information_to_password_name_emergency_contact_number_of_weeks_week_available_from_week_available_until_and_lodge_required_p1(java.lang.String,java.lang.String,java.lang.String,java.lang.String,java.lang.String,java.lang.String,java.lang.String,java.lang.String)?[0m
  ?[32mThen ?[0m?[32ma participant account shall exist with email ?[0m?[32m?[1m"tyler@email.com"?[0m?[32m, password ?[0m?[32m?[1m"pass2"?[0m?[32m, name ?[0m?[32m?[1m"Tyler"?[0m?[32m, emergency contact ?[0m?[32m?[1m"(777)444-4444"?[0m?[32m, number of weeks ?[0m?[32m?[1m"2"?[0m?[32m, week available from ?[0m?[32m?[1m"2"?[0m?[32m, week available until ?[0m?[32m?[1m"5"?[0m?[32m, and lodge required ?[0m?[32m?[1m"false"?[0m?[32m (p1)?[0m                               ?[90m# ca.mcgill.ecse.biketourplus.features.RegisterAndUpdateParticipantStepDefinitions.a_participant_account_shall_exist_with_email_password_name_emergency_contact_number_of_weeks_week_available_from_week_available_until_and_lodge_required_p1(java.lang.String,java.lang.String,java.lang.String,java.lang.String,java.lang.String,java.lang.String,java.lang.String,java.lang.String)?[0m
  ?[32mThen ?[0m?[32ma participant account shall not exist with email ?[0m?[32m?[1m"tyler@email.com"?[0m?[32m, password ?[0m?[32m?[1m"password"?[0m?[32m, name ?[0m?[32m?[1m"User"?[0m?[32m, emergency contact ?[0m?[32m?[1m"(555)555-5555"?[0m?[32m, number of weeks ?[0m?[32m?[1m"3"?[0m?[32m, week available from ?[0m?[32m?[1m"6"?[0m?[32m, week available until ?[0m?[32m?[1m"5"?[0m?[32m, and lodge required ?[0m?[32m?[1m"true"?[0m?[32m (p1)?[0m                          ?[90m# ca.mcgill.ecse.biketourplus.features.RegisterAndUpdateParticipantStepDefinitions.a_participant_account_shall_not_exist_with_email_password_name_emergency_contact_number_of_weeks_week_available_from_week_available_until_and_lodge_required_p1(java.lang.String,java.lang.String,java.lang.String,java.lang.String,java.lang.String,java.lang.String,java.lang.String,java.lang.String)?[0m
  ?[32mThen ?[0m?[32mthe number of participants shall be ?[0m?[32m?[1m"2"?[0m?[32m (p1)?[0m                                                                                                                                                                                                                             ?[90m# ca.mcgill.ecse.biketourplus.features.RegisterAndUpdateParticipantStepDefinitions.the_number_of_participants_shall_be_p1(java.lang.String)?[0m
  ?[32mThen ?[0m?[32mthe system shall raise the error ?[0m?[32m?[1m"Week from which one is available must be less than or equal to the week until which one is available"?[0m?[32m (p1)?[0m                                                                                                                             ?[90m# ca.mcgill.ecse.biketourplus.features.RegisterAndUpdateParticipantStepDefinitions.the_system_shall_raise_the_error_p1(java.lang.String)?[0m

Scenario Outline: Update a participant account unsuccessfully                                                                                                                                                                                                                   ?[90m# src/test/resources/RegisterAndUpdateParticipant.feature:84?[0m
  ?[32mGiven ?[0m?[32mthe following BikeTourPlus system exists: (p1)?[0m                                                                                                                                                                                                                          ?[90m# ca.mcgill.ecse.biketourplus.features.RegisterAndUpdateParticipantStepDefinitions.the_following_BikeTourPlus_System_exists_p1(io.cucumber.datatable.DataTable)?[0m
  ?[32mGiven ?[0m?[32mthe following guides exist in the system: (p1)?[0m                                                                                                                                                                                                                          ?[90m# ca.mcgill.ecse.biketourplus.features.RegisterAndUpdateParticipantStepDefinitions.the_following_guides_exist_in_the_system_p1(io.cucumber.datatable.DataTable)?[0m
  ?[32mGiven ?[0m?[32mthe following participants exist in the system: (p1)?[0m                                                                                                                                                                                                                    ?[90m# ca.mcgill.ecse.biketourplus.features.RegisterAndUpdateParticipantStepDefinitions.the_following_participants_exist_in_the_system_p1(io.cucumber.datatable.DataTable)?[0m
  ?[32mWhen ?[0m?[32mthe participant with email ?[0m?[32m?[1m"tyler@email.com"?[0m?[32m attempts to update their account information to password ?[0m?[32m?[1m"password"?[0m?[32m, name ?[0m?[32m?[1m"User"?[0m?[32m, emergency contact ?[0m?[32m?[1m"(555)555-5555"?[0m?[32m, number of weeks ?[0m?[32m?[1m"3"?[0m?[32m, week available from ?[0m?[32m?[1m"0"?[0m?[32m, week available until ?[0m?[32m?[1m"6"?[0m?[32m, and lodge required ?[0m?[32m?[1m"true"?[0m?[32m (p1)?[0m ?[90m# ca.mcgill.ecse.biketourplus.features.RegisterAndUpdateParticipantStepDefinitions.the_participant_with_email_attempts_to_update_their_account_information_to_password_name_emergency_contact_number_of_weeks_week_available_from_week_available_until_and_lodge_required_p1(java.lang.String,java.lang.String,java.lang.String,java.lang.String,java.lang.String,java.lang.String,java.lang.String,java.lang.String)?[0m
  ?[32mThen ?[0m?[32ma participant account shall exist with email ?[0m?[32m?[1m"tyler@email.com"?[0m?[32m, password ?[0m?[32m?[1m"pass2"?[0m?[32m, name ?[0m?[32m?[1m"Tyler"?[0m?[32m, emergency contact ?[0m?[32m?[1m"(777)444-4444"?[0m?[32m, number of weeks ?[0m?[32m?[1m"2"?[0m?[32m, week available from ?[0m?[32m?[1m"2"?[0m?[32m, week available until ?[0m?[32m?[1m"5"?[0m?[32m, and lodge required ?[0m?[32m?[1m"false"?[0m?[32m (p1)?[0m                               ?[90m# ca.mcgill.ecse.biketourplus.features.RegisterAndUpdateParticipantStepDefinitions.a_participant_account_shall_exist_with_email_password_name_emergency_contact_number_of_weeks_week_available_from_week_available_until_and_lodge_required_p1(java.lang.String,java.lang.String,java.lang.String,java.lang.String,java.lang.String,java.lang.String,java.lang.String,java.lang.String)?[0m
  ?[32mThen ?[0m?[32ma participant account shall not exist with email ?[0m?[32m?[1m"tyler@email.com"?[0m?[32m, password ?[0m?[32m?[1m"password"?[0m?[32m, name ?[0m?[32m?[1m"User"?[0m?[32m, emergency contact ?[0m?[32m?[1m"(555)555-5555"?[0m?[32m, number of weeks ?[0m?[32m?[1m"3"?[0m?[32m, week available from ?[0m?[32m?[1m"0"?[0m?[32m, week available until ?[0m?[32m?[1m"6"?[0m?[32m, and lodge required ?[0m?[32m?[1m"true"?[0m?[32m (p1)?[0m                          ?[90m# ca.mcgill.ecse.biketourplus.features.RegisterAndUpdateParticipantStepDefinitions.a_participant_account_shall_not_exist_with_email_password_name_emergency_contact_number_of_weeks_week_available_from_week_available_until_and_lodge_required_p1(java.lang.String,java.lang.String,java.lang.String,java.lang.String,java.lang.String,java.lang.String,java.lang.String,java.lang.String)?[0m
  ?[32mThen ?[0m?[32mthe number of participants shall be ?[0m?[32m?[1m"2"?[0m?[32m (p1)?[0m                                                                                                                                                                                                                             ?[90m# ca.mcgill.ecse.biketourplus.features.RegisterAndUpdateParticipantStepDefinitions.the_number_of_participants_shall_be_p1(java.lang.String)?[0m
  ?[32mThen ?[0m?[32mthe system shall raise the error ?[0m?[32m?[1m"Available weeks must be within weeks of biking season (1-10)"?[0m?[32m (p1)?[0m                                                                                                                                                                     ?[90m# ca.mcgill.ecse.biketourplus.features.RegisterAndUpdateParticipantStepDefinitions.the_system_shall_raise_the_error_p1(java.lang.String)?[0m

Scenario Outline: Update a participant account unsuccessfully                                                                                                                                                                                                                    ?[90m# src/test/resources/RegisterAndUpdateParticipant.feature:85?[0m
  ?[32mGiven ?[0m?[32mthe following BikeTourPlus system exists: (p1)?[0m                                                                                                                                                                                                                           ?[90m# ca.mcgill.ecse.biketourplus.features.RegisterAndUpdateParticipantStepDefinitions.the_following_BikeTourPlus_System_exists_p1(io.cucumber.datatable.DataTable)?[0m
  ?[32mGiven ?[0m?[32mthe following guides exist in the system: (p1)?[0m                                                                                                                                                                                                                           ?[90m# ca.mcgill.ecse.biketourplus.features.RegisterAndUpdateParticipantStepDefinitions.the_following_guides_exist_in_the_system_p1(io.cucumber.datatable.DataTable)?[0m
  ?[32mGiven ?[0m?[32mthe following participants exist in the system: (p1)?[0m                                                                                                                                                                                                                     ?[90m# ca.mcgill.ecse.biketourplus.features.RegisterAndUpdateParticipantStepDefinitions.the_following_participants_exist_in_the_system_p1(io.cucumber.datatable.DataTable)?[0m
  ?[32mWhen ?[0m?[32mthe participant with email ?[0m?[32m?[1m"tyler@email.com"?[0m?[32m attempts to update their account information to password ?[0m?[32m?[1m"password"?[0m?[32m, name ?[0m?[32m?[1m"User"?[0m?[32m, emergency contact ?[0m?[32m?[1m"(555)555-5555"?[0m?[32m, number of weeks ?[0m?[32m?[1m"3"?[0m?[32m, week available from ?[0m?[32m?[1m"11"?[0m?[32m, week available until ?[0m?[32m?[1m"6"?[0m?[32m, and lodge required ?[0m?[32m?[1m"true"?[0m?[32m (p1)?[0m ?[90m# ca.mcgill.ecse.biketourplus.features.RegisterAndUpdateParticipantStepDefinitions.the_participant_with_email_attempts_to_update_their_account_information_to_password_name_emergency_contact_number_of_weeks_week_available_from_week_available_until_and_lodge_required_p1(java.lang.String,java.lang.String,java.lang.String,java.lang.String,java.lang.String,java.lang.String,java.lang.String,java.lang.String)?[0m
  ?[32mThen ?[0m?[32ma participant account shall exist with email ?[0m?[32m?[1m"tyler@email.com"?[0m?[32m, password ?[0m?[32m?[1m"pass2"?[0m?[32m, name ?[0m?[32m?[1m"Tyler"?[0m?[32m, emergency contact ?[0m?[32m?[1m"(777)444-4444"?[0m?[32m, number of weeks ?[0m?[32m?[1m"2"?[0m?[32m, week available from ?[0m?[32m?[1m"2"?[0m?[32m, week available until ?[0m?[32m?[1m"5"?[0m?[32m, and lodge required ?[0m?[32m?[1m"false"?[0m?[32m (p1)?[0m                                ?[90m# ca.mcgill.ecse.biketourplus.features.RegisterAndUpdateParticipantStepDefinitions.a_participant_account_shall_exist_with_email_password_name_emergency_contact_number_of_weeks_week_available_from_week_available_until_and_lodge_required_p1(java.lang.String,java.lang.String,java.lang.String,java.lang.String,java.lang.String,java.lang.String,java.lang.String,java.lang.String)?[0m
  ?[32mThen ?[0m?[32ma participant account shall not exist with email ?[0m?[32m?[1m"tyler@email.com"?[0m?[32m, password ?[0m?[32m?[1m"password"?[0m?[32m, name ?[0m?[32m?[1m"User"?[0m?[32m, emergency contact ?[0m?[32m?[1m"(555)555-5555"?[0m?[32m, number of weeks ?[0m?[32m?[1m"3"?[0m?[32m, week available from ?[0m?[32m?[1m"11"?[0m?[32m, week available until ?[0m?[32m?[1m"6"?[0m?[32m, and lodge required ?[0m?[32m?[1m"true"?[0m?[32m (p1)?[0m                          ?[90m# ca.mcgill.ecse.biketourplus.features.RegisterAndUpdateParticipantStepDefinitions.a_participant_account_shall_not_exist_with_email_password_name_emergency_contact_number_of_weeks_week_available_from_week_available_until_and_lodge_required_p1(java.lang.String,java.lang.String,java.lang.String,java.lang.String,java.lang.String,java.lang.String,java.lang.String,java.lang.String)?[0m
  ?[32mThen ?[0m?[32mthe number of participants shall be ?[0m?[32m?[1m"2"?[0m?[32m (p1)?[0m                                                                                                                                                                                                                              ?[90m# ca.mcgill.ecse.biketourplus.features.RegisterAndUpdateParticipantStepDefinitions.the_number_of_participants_shall_be_p1(java.lang.String)?[0m
  ?[32mThen ?[0m?[32mthe system shall raise the error ?[0m?[32m?[1m"Available weeks must be within weeks of biking season (1-10)"?[0m?[32m (p1)?[0m                                                                                                                                                                      ?[90m# ca.mcgill.ecse.biketourplus.features.RegisterAndUpdateParticipantStepDefinitions.the_system_shall_raise_the_error_p1(java.lang.String)?[0m

Scenario Outline: Update a participant account unsuccessfully                                                                                                                                                                                                                    ?[90m# src/test/resources/RegisterAndUpdateParticipant.feature:86?[0m
  ?[32mGiven ?[0m?[32mthe following BikeTourPlus system exists: (p1)?[0m                                                                                                                                                                                                                           ?[90m# ca.mcgill.ecse.biketourplus.features.RegisterAndUpdateParticipantStepDefinitions.the_following_BikeTourPlus_System_exists_p1(io.cucumber.datatable.DataTable)?[0m
  ?[32mGiven ?[0m?[32mthe following guides exist in the system: (p1)?[0m                                                                                                                                                                                                                           ?[90m# ca.mcgill.ecse.biketourplus.features.RegisterAndUpdateParticipantStepDefinitions.the_following_guides_exist_in_the_system_p1(io.cucumber.datatable.DataTable)?[0m
  ?[32mGiven ?[0m?[32mthe following participants exist in the system: (p1)?[0m                                                                                                                                                                                                                     ?[90m# ca.mcgill.ecse.biketourplus.features.RegisterAndUpdateParticipantStepDefinitions.the_following_participants_exist_in_the_system_p1(io.cucumber.datatable.DataTable)?[0m
  ?[32mWhen ?[0m?[32mthe participant with email ?[0m?[32m?[1m"tyler@email.com"?[0m?[32m attempts to update their account information to password ?[0m?[32m?[1m"password"?[0m?[32m, name ?[0m?[32m?[1m"User"?[0m?[32m, emergency contact ?[0m?[32m?[1m"(555)555-5555"?[0m?[32m, number of weeks ?[0m?[32m?[1m"3"?[0m?[32m, week available from ?[0m?[32m?[1m"-1"?[0m?[32m, week available until ?[0m?[32m?[1m"0"?[0m?[32m, and lodge required ?[0m?[32m?[1m"true"?[0m?[32m (p1)?[0m ?[90m# ca.mcgill.ecse.biketourplus.features.RegisterAndUpdateParticipantStepDefinitions.the_participant_with_email_attempts_to_update_their_account_information_to_password_name_emergency_contact_number_of_weeks_week_available_from_week_available_until_and_lodge_required_p1(java.lang.String,java.lang.String,java.lang.String,java.lang.String,java.lang.String,java.lang.String,java.lang.String,java.lang.String)?[0m
  ?[32mThen ?[0m?[32ma participant account shall exist with email ?[0m?[32m?[1m"tyler@email.com"?[0m?[32m, password ?[0m?[32m?[1m"pass2"?[0m?[32m, name ?[0m?[32m?[1m"Tyler"?[0m?[32m, emergency contact ?[0m?[32m?[1m"(777)444-4444"?[0m?[32m, number of weeks ?[0m?[32m?[1m"2"?[0m?[32m, week available from ?[0m?[32m?[1m"2"?[0m?[32m, week available until ?[0m?[32m?[1m"5"?[0m?[32m, and lodge required ?[0m?[32m?[1m"false"?[0m?[32m (p1)?[0m                                ?[90m# ca.mcgill.ecse.biketourplus.features.RegisterAndUpdateParticipantStepDefinitions.a_participant_account_shall_exist_with_email_password_name_emergency_contact_number_of_weeks_week_available_from_week_available_until_and_lodge_required_p1(java.lang.String,java.lang.String,java.lang.String,java.lang.String,java.lang.String,java.lang.String,java.lang.String,java.lang.String)?[0m
  ?[32mThen ?[0m?[32ma participant account shall not exist with email ?[0m?[32m?[1m"tyler@email.com"?[0m?[32m, password ?[0m?[32m?[1m"password"?[0m?[32m, name ?[0m?[32m?[1m"User"?[0m?[32m, emergency contact ?[0m?[32m?[1m"(555)555-5555"?[0m?[32m, number of weeks ?[0m?[32m?[1m"3"?[0m?[32m, week available from ?[0m?[32m?[1m"-1"?[0m?[32m, week available until ?[0m?[32m?[1m"0"?[0m?[32m, and lodge required ?[0m?[32m?[1m"true"?[0m?[32m (p1)?[0m                          ?[90m# ca.mcgill.ecse.biketourplus.features.RegisterAndUpdateParticipantStepDefinitions.a_participant_account_shall_not_exist_with_email_password_name_emergency_contact_number_of_weeks_week_available_from_week_available_until_and_lodge_required_p1(java.lang.String,java.lang.String,java.lang.String,java.lang.String,java.lang.String,java.lang.String,java.lang.String,java.lang.String)?[0m
  ?[32mThen ?[0m?[32mthe number of participants shall be ?[0m?[32m?[1m"2"?[0m?[32m (p1)?[0m                                                                                                                                                                                                                              ?[90m# ca.mcgill.ecse.biketourplus.features.RegisterAndUpdateParticipantStepDefinitions.the_number_of_participants_shall_be_p1(java.lang.String)?[0m
  ?[32mThen ?[0m?[32mthe system shall raise the error ?[0m?[32m?[1m"Available weeks must be within weeks of biking season (1-10)"?[0m?[32m (p1)?[0m                                                                                                                                                                      ?[90m# ca.mcgill.ecse.biketourplus.features.RegisterAndUpdateParticipantStepDefinitions.the_system_shall_raise_the_error_p1(java.lang.String)?[0m

Scenario Outline: Update a participant account unsuccessfully                                                                                                                                                                                                                    ?[90m# src/test/resources/RegisterAndUpdateParticipant.feature:87?[0m
  ?[32mGiven ?[0m?[32mthe following BikeTourPlus system exists: (p1)?[0m                                                                                                                                                                                                                           ?[90m# ca.mcgill.ecse.biketourplus.features.RegisterAndUpdateParticipantStepDefinitions.the_following_BikeTourPlus_System_exists_p1(io.cucumber.datatable.DataTable)?[0m
  ?[32mGiven ?[0m?[32mthe following guides exist in the system: (p1)?[0m                                                                                                                                                                                                                           ?[90m# ca.mcgill.ecse.biketourplus.features.RegisterAndUpdateParticipantStepDefinitions.the_following_guides_exist_in_the_system_p1(io.cucumber.datatable.DataTable)?[0m
  ?[32mGiven ?[0m?[32mthe following participants exist in the system: (p1)?[0m                                                                                                                                                                                                                     ?[90m# ca.mcgill.ecse.biketourplus.features.RegisterAndUpdateParticipantStepDefinitions.the_following_participants_exist_in_the_system_p1(io.cucumber.datatable.DataTable)?[0m
  ?[32mWhen ?[0m?[32mthe participant with email ?[0m?[32m?[1m"tyler@email.com"?[0m?[32m attempts to update their account information to password ?[0m?[32m?[1m"password"?[0m?[32m, name ?[0m?[32m?[1m"User"?[0m?[32m, emergency contact ?[0m?[32m?[1m"(555)555-5555"?[0m?[32m, number of weeks ?[0m?[32m?[1m"3"?[0m?[32m, week available from ?[0m?[32m?[1m"6"?[0m?[32m, week available until ?[0m?[32m?[1m"11"?[0m?[32m, and lodge required ?[0m?[32m?[1m"true"?[0m?[32m (p1)?[0m ?[90m# ca.mcgill.ecse.biketourplus.features.RegisterAndUpdateParticipantStepDefinitions.the_participant_with_email_attempts_to_update_their_account_information_to_password_name_emergency_contact_number_of_weeks_week_available_from_week_available_until_and_lodge_required_p1(java.lang.String,java.lang.String,java.lang.String,java.lang.String,java.lang.String,java.lang.String,java.lang.String,java.lang.String)?[0m
  ?[32mThen ?[0m?[32ma participant account shall exist with email ?[0m?[32m?[1m"tyler@email.com"?[0m?[32m, password ?[0m?[32m?[1m"pass2"?[0m?[32m, name ?[0m?[32m?[1m"Tyler"?[0m?[32m, emergency contact ?[0m?[32m?[1m"(777)444-4444"?[0m?[32m, number of weeks ?[0m?[32m?[1m"2"?[0m?[32m, week available from ?[0m?[32m?[1m"2"?[0m?[32m, week available until ?[0m?[32m?[1m"5"?[0m?[32m, and lodge required ?[0m?[32m?[1m"false"?[0m?[32m (p1)?[0m                                ?[90m# ca.mcgill.ecse.biketourplus.features.RegisterAndUpdateParticipantStepDefinitions.a_participant_account_shall_exist_with_email_password_name_emergency_contact_number_of_weeks_week_available_from_week_available_until_and_lodge_required_p1(java.lang.String,java.lang.String,java.lang.String,java.lang.String,java.lang.String,java.lang.String,java.lang.String,java.lang.String)?[0m
  ?[32mThen ?[0m?[32ma participant account shall not exist with email ?[0m?[32m?[1m"tyler@email.com"?[0m?[32m, password ?[0m?[32m?[1m"password"?[0m?[32m, name ?[0m?[32m?[1m"User"?[0m?[32m, emergency contact ?[0m?[32m?[1m"(555)555-5555"?[0m?[32m, number of weeks ?[0m?[32m?[1m"3"?[0m?[32m, week available from ?[0m?[32m?[1m"6"?[0m?[32m, week available until ?[0m?[32m?[1m"11"?[0m?[32m, and lodge required ?[0m?[32m?[1m"true"?[0m?[32m (p1)?[0m                          ?[90m# ca.mcgill.ecse.biketourplus.features.RegisterAndUpdateParticipantStepDefinitions.a_participant_account_shall_not_exist_with_email_password_name_emergency_contact_number_of_weeks_week_available_from_week_available_until_and_lodge_required_p1(java.lang.String,java.lang.String,java.lang.String,java.lang.String,java.lang.String,java.lang.String,java.lang.String,java.lang.String)?[0m
  ?[32mThen ?[0m?[32mthe number of participants shall be ?[0m?[32m?[1m"2"?[0m?[32m (p1)?[0m                                                                                                                                                                                                                              ?[90m# ca.mcgill.ecse.biketourplus.features.RegisterAndUpdateParticipantStepDefinitions.the_number_of_participants_shall_be_p1(java.lang.String)?[0m
  ?[32mThen ?[0m?[32mthe system shall raise the error ?[0m?[32m?[1m"Available weeks must be within weeks of biking season (1-10)"?[0m?[32m (p1)?[0m                                                                                                                                                                      ?[90m# ca.mcgill.ecse.biketourplus.features.RegisterAndUpdateParticipantStepDefinitions.the_system_shall_raise_the_error_p1(java.lang.String)?[0m

Scenario Outline: Unsuccessfully update a participant account that does not exist                                                                                                                                                                                        ?[90m# src/test/resources/RegisterAndUpdateParticipant.feature:98?[0m
  ?[32mGiven ?[0m?[32mthe following BikeTourPlus system exists: (p1)?[0m                                                                                                                                                                                                                   ?[90m# ca.mcgill.ecse.biketourplus.features.RegisterAndUpdateParticipantStepDefinitions.the_following_BikeTourPlus_System_exists_p1(io.cucumber.datatable.DataTable)?[0m
  ?[32mGiven ?[0m?[32mthe following guides exist in the system: (p1)?[0m                                                                                                                                                                                                                   ?[90m# ca.mcgill.ecse.biketourplus.features.RegisterAndUpdateParticipantStepDefinitions.the_following_guides_exist_in_the_system_p1(io.cucumber.datatable.DataTable)?[0m
  ?[32mGiven ?[0m?[32mthe following participants exist in the system: (p1)?[0m                                                                                                                                                                                                             ?[90m# ca.mcgill.ecse.biketourplus.features.RegisterAndUpdateParticipantStepDefinitions.the_following_participants_exist_in_the_system_p1(io.cucumber.datatable.DataTable)?[0m
  ?[32mWhen ?[0m?[32mthe participant with email ?[0m?[32m?[1m"jane@email.com"?[0m?[32m attempts to update their account information to password ?[0m?[32m?[1m""?[0m?[32m, name ?[0m?[32m?[1m"User"?[0m?[32m, emergency contact ?[0m?[32m?[1m"(555)555-5555"?[0m?[32m, number of weeks ?[0m?[32m?[1m"5"?[0m?[32m, week available from ?[0m?[32m?[1m"2"?[0m?[32m, week available until ?[0m?[32m?[1m"10"?[0m?[32m, and lodge required ?[0m?[32m?[1m"false"?[0m?[32m (p1)?[0m ?[90m# ca.mcgill.ecse.biketourplus.features.RegisterAndUpdateParticipantStepDefinitions.the_participant_with_email_attempts_to_update_their_account_information_to_password_name_emergency_contact_number_of_weeks_week_available_from_week_available_until_and_lodge_required_p1(java.lang.String,java.lang.String,java.lang.String,java.lang.String,java.lang.String,java.lang.String,java.lang.String,java.lang.String)?[0m
  ?[32mThen ?[0m?[32ma participant account shall not exist with email ?[0m?[32m?[1m"jane@email.com"?[0m?[32m, password ?[0m?[32m?[1m"pass1"?[0m?[32m, name ?[0m?[32m?[1m"Peter"?[0m?[32m, emergency contact ?[0m?[32m?[1m"(666)555-5555"?[0m?[32m, number of weeks ?[0m?[32m?[1m"1"?[0m?[32m, week available from ?[0m?[32m?[1m"1"?[0m?[32m, week available until ?[0m?[32m?[1m"2"?[0m?[32m, and lodge required ?[0m?[32m?[1m"true"?[0m?[32m (p1)?[0m                      ?[90m# ca.mcgill.ecse.biketourplus.features.RegisterAndUpdateParticipantStepDefinitions.a_participant_account_shall_not_exist_with_email_password_name_emergency_contact_number_of_weeks_week_available_from_week_available_until_and_lodge_required_p1(java.lang.String,java.lang.String,java.lang.String,java.lang.String,java.lang.String,java.lang.String,java.lang.String,java.lang.String)?[0m
  ?[32mThen ?[0m?[32ma participant account shall not exist with email ?[0m?[32m?[1m"jane@email.com"?[0m?[32m, password ?[0m?[32m?[1m""?[0m?[32m, name ?[0m?[32m?[1m"User"?[0m?[32m, emergency contact ?[0m?[32m?[1m"(555)555-5555"?[0m?[32m, number of weeks ?[0m?[32m?[1m"5"?[0m?[32m, week available from ?[0m?[32m?[1m"2"?[0m?[32m, week available until ?[0m?[32m?[1m"10"?[0m?[32m, and lodge required ?[0m?[32m?[1m"false"?[0m?[32m (p1)?[0m                          ?[90m# ca.mcgill.ecse.biketourplus.features.RegisterAndUpdateParticipantStepDefinitions.a_participant_account_shall_not_exist_with_email_password_name_emergency_contact_number_of_weeks_week_available_from_week_available_until_and_lodge_required_p1(java.lang.String,java.lang.String,java.lang.String,java.lang.String,java.lang.String,java.lang.String,java.lang.String,java.lang.String)?[0m
  ?[32mThen ?[0m?[32mthe number of participants shall be ?[0m?[32m?[1m"2"?[0m?[32m (p1)?[0m                                                                                                                                                                                                                      ?[90m# ca.mcgill.ecse.biketourplus.features.RegisterAndUpdateParticipantStepDefinitions.the_number_of_participants_shall_be_p1(java.lang.String)?[0m
  ?[32mThen ?[0m?[32mthe system shall raise the error ?[0m?[32m?[1m"The participant account does not exist"?[0m?[32m (p1)?[0m                                                                                                                                                                                    ?[90m# ca.mcgill.ecse.biketourplus.features.RegisterAndUpdateParticipantStepDefinitions.the_system_shall_raise_the_error_p1(java.lang.String)?[0m

Scenario Outline: Update BikeTourPlus information successfully                                                                                              ?[90m# src/test/resources/UpdateBikeTourPlus.feature:15?[0m
  ?[32mGiven ?[0m?[32mthe following BikeTourPlus system exists: (p8)?[0m                                                                                                      ?[90m# ca.mcgill.ecse.biketourplus.features.UpdateBikeTourPlusStepDefinitions.the_following_bike_tour_plus_system_exists_p8(io.cucumber.datatable.DataTable)?[0m
  ?[32mWhen ?[0m?[32mthe manager attempts to update the BikeTourPlus information to start date ?[0m?[32m?[1m"2023-03-14"?[0m?[32m, number of weeks ?[0m?[32m?[1m"10"?[0m?[32m, and price of guide per week ?[0m?[32m?[1m"100"?[0m?[32m (p8)?[0m ?[90m# ca.mcgill.ecse.biketourplus.features.UpdateBikeTourPlusStepDefinitions.the_manager_attempts_to_update_the_bike_tour_plus_information_to_start_date_number_of_weeks_and_price_of_guide_per_week_p8(java.lang.String,java.lang.String,java.lang.String)?[0m
  ?[32mThen ?[0m?[32mthe BikeTourPlus information shall be start date ?[0m?[32m?[1m"2023-03-14"?[0m?[32m, number of weeks ?[0m?[32m?[1m"10"?[0m?[32m, and price of guide per week ?[0m?[32m?[1m"100"?[0m?[32m (p8)?[0m                          ?[90m# ca.mcgill.ecse.biketourplus.features.UpdateBikeTourPlusStepDefinitions.the_bike_tour_plus_information_shall_be_start_date_number_of_weeks_and_price_of_guide_per_week_p8(java.lang.String,java.lang.String,java.lang.String)?[0m

Scenario Outline: Update BikeTourPlus information successfully                                                                                             ?[90m# src/test/resources/UpdateBikeTourPlus.feature:16?[0m
  ?[32mGiven ?[0m?[32mthe following BikeTourPlus system exists: (p8)?[0m                                                                                                     ?[90m# ca.mcgill.ecse.biketourplus.features.UpdateBikeTourPlusStepDefinitions.the_following_bike_tour_plus_system_exists_p8(io.cucumber.datatable.DataTable)?[0m
  ?[32mWhen ?[0m?[32mthe manager attempts to update the BikeTourPlus information to start date ?[0m?[32m?[1m"2023-03-13"?[0m?[32m, number of weeks ?[0m?[32m?[1m"0"?[0m?[32m, and price of guide per week ?[0m?[32m?[1m"100"?[0m?[32m (p8)?[0m ?[90m# ca.mcgill.ecse.biketourplus.features.UpdateBikeTourPlusStepDefinitions.the_manager_attempts_to_update_the_bike_tour_plus_information_to_start_date_number_of_weeks_and_price_of_guide_per_week_p8(java.lang.String,java.lang.String,java.lang.String)?[0m
  ?[32mThen ?[0m?[32mthe BikeTourPlus information shall be start date ?[0m?[32m?[1m"2023-03-13"?[0m?[32m, number of weeks ?[0m?[32m?[1m"0"?[0m?[32m, and price of guide per week ?[0m?[32m?[1m"100"?[0m?[32m (p8)?[0m                          ?[90m# ca.mcgill.ecse.biketourplus.features.UpdateBikeTourPlusStepDefinitions.the_bike_tour_plus_information_shall_be_start_date_number_of_weeks_and_price_of_guide_per_week_p8(java.lang.String,java.lang.String,java.lang.String)?[0m

Scenario Outline: Update BikeTourPlus information successfully                                                                                            ?[90m# src/test/resources/UpdateBikeTourPlus.feature:17?[0m
  ?[32mGiven ?[0m?[32mthe following BikeTourPlus system exists: (p8)?[0m                                                                                                    ?[90m# ca.mcgill.ecse.biketourplus.features.UpdateBikeTourPlusStepDefinitions.the_following_bike_tour_plus_system_exists_p8(io.cucumber.datatable.DataTable)?[0m
  ?[32mWhen ?[0m?[32mthe manager attempts to update the BikeTourPlus information to start date ?[0m?[32m?[1m"2023-03-13"?[0m?[32m, number of weeks ?[0m?[32m?[1m"10"?[0m?[32m, and price of guide per week ?[0m?[32m?[1m"0"?[0m?[32m (p8)?[0m ?[90m# ca.mcgill.ecse.biketourplus.features.UpdateBikeTourPlusStepDefinitions.the_manager_attempts_to_update_the_bike_tour_plus_information_to_start_date_number_of_weeks_and_price_of_guide_per_week_p8(java.lang.String,java.lang.String,java.lang.String)?[0m
  ?[32mThen ?[0m?[32mthe BikeTourPlus information shall be start date ?[0m?[32m?[1m"2023-03-13"?[0m?[32m, number of weeks ?[0m?[32m?[1m"10"?[0m?[32m, and price of guide per week ?[0m?[32m?[1m"0"?[0m?[32m (p8)?[0m                          ?[90m# ca.mcgill.ecse.biketourplus.features.UpdateBikeTourPlusStepDefinitions.the_bike_tour_plus_information_shall_be_start_date_number_of_weeks_and_price_of_guide_per_week_p8(java.lang.String,java.lang.String,java.lang.String)?[0m

Scenario Outline: Update BikeTourPlus information unsuccessfully                                                                                            ?[90m# src/test/resources/UpdateBikeTourPlus.feature:26?[0m
  ?[32mGiven ?[0m?[32mthe following BikeTourPlus system exists: (p8)?[0m                                                                                                      ?[90m# ca.mcgill.ecse.biketourplus.features.UpdateBikeTourPlusStepDefinitions.the_following_bike_tour_plus_system_exists_p8(io.cucumber.datatable.DataTable)?[0m
  ?[32mWhen ?[0m?[32mthe manager attempts to update the BikeTourPlus information to start date ?[0m?[32m?[1m"2023-01-13"?[0m?[32m, number of weeks ?[0m?[32m?[1m"-1"?[0m?[32m, and price of guide per week ?[0m?[32m?[1m"100"?[0m?[32m (p8)?[0m ?[90m# ca.mcgill.ecse.biketourplus.features.UpdateBikeTourPlusStepDefinitions.the_manager_attempts_to_update_the_bike_tour_plus_information_to_start_date_number_of_weeks_and_price_of_guide_per_week_p8(java.lang.String,java.lang.String,java.lang.String)?[0m
  ?[32mThen ?[0m?[32mthe BikeTourPlus information shall be start date ?[0m?[32m?[1m"2023-03-13"?[0m?[32m, number of weeks ?[0m?[32m?[1m"10"?[0m?[32m, and price of guide per week ?[0m?[32m?[1m"100"?[0m?[32m (p8)?[0m                          ?[90m# ca.mcgill.ecse.biketourplus.features.UpdateBikeTourPlusStepDefinitions.the_bike_tour_plus_information_shall_be_start_date_number_of_weeks_and_price_of_guide_per_week_p8(java.lang.String,java.lang.String,java.lang.String)?[0m
  ?[32mThen ?[0m?[32mthe system shall raise the error ?[0m?[32m?[1m"The number of riding weeks must be greater than or equal to zero"?[0m?[32m (p8)?[0m                                             ?[90m# ca.mcgill.ecse.biketourplus.features.UpdateBikeTourPlusStepDefinitions.the_system_shall_raise_the_error_p8(java.lang.String)?[0m

Scenario Outline: Update BikeTourPlus information unsuccessfully                                                                                           ?[90m# src/test/resources/UpdateBikeTourPlus.feature:27?[0m
  ?[32mGiven ?[0m?[32mthe following BikeTourPlus system exists: (p8)?[0m                                                                                                     ?[90m# ca.mcgill.ecse.biketourplus.features.UpdateBikeTourPlusStepDefinitions.the_following_bike_tour_plus_system_exists_p8(io.cucumber.datatable.DataTable)?[0m
  ?[32mWhen ?[0m?[32mthe manager attempts to update the BikeTourPlus information to start date ?[0m?[32m?[1m"2023-01-13"?[0m?[32m, number of weeks ?[0m?[32m?[1m"10"?[0m?[32m, and price of guide per week ?[0m?[32m?[1m"-1"?[0m?[32m (p8)?[0m ?[90m# ca.mcgill.ecse.biketourplus.features.UpdateBikeTourPlusStepDefinitions.the_manager_attempts_to_update_the_bike_tour_plus_information_to_start_date_number_of_weeks_and_price_of_guide_per_week_p8(java.lang.String,java.lang.String,java.lang.String)?[0m
  ?[32mThen ?[0m?[32mthe BikeTourPlus information shall be start date ?[0m?[32m?[1m"2023-03-13"?[0m?[32m, number of weeks ?[0m?[32m?[1m"10"?[0m?[32m, and price of guide per week ?[0m?[32m?[1m"100"?[0m?[32m (p8)?[0m                         ?[90m# ca.mcgill.ecse.biketourplus.features.UpdateBikeTourPlusStepDefinitions.the_bike_tour_plus_information_shall_be_start_date_number_of_weeks_and_price_of_guide_per_week_p8(java.lang.String,java.lang.String,java.lang.String)?[0m
  ?[32mThen ?[0m?[32mthe system shall raise the error ?[0m?[32m?[1m"The price of guide per week must be greater than or equal to zero"?[0m?[32m (p8)?[0m                                           ?[90m# ca.mcgill.ecse.biketourplus.features.UpdateBikeTourPlusStepDefinitions.the_system_shall_raise_the_error_p8(java.lang.String)?[0m

Scenario Outline: Update BikeTourPlus information unsuccessfully                                                                                            ?[90m# src/test/resources/UpdateBikeTourPlus.feature:28?[0m
  ?[32mGiven ?[0m?[32mthe following BikeTourPlus system exists: (p8)?[0m                                                                                                      ?[90m# ca.mcgill.ecse.biketourplus.features.UpdateBikeTourPlusStepDefinitions.the_following_bike_tour_plus_system_exists_p8(io.cucumber.datatable.DataTable)?[0m
  ?[32mWhen ?[0m?[32mthe manager attempts to update the BikeTourPlus information to start date ?[0m?[32m?[1m"2021-01-13"?[0m?[32m, number of weeks ?[0m?[32m?[1m"10"?[0m?[32m, and price of guide per week ?[0m?[32m?[1m"100"?[0m?[32m (p8)?[0m ?[90m# ca.mcgill.ecse.biketourplus.features.UpdateBikeTourPlusStepDefinitions.the_manager_attempts_to_update_the_bike_tour_plus_information_to_start_date_number_of_weeks_and_price_of_guide_per_week_p8(java.lang.String,java.lang.String,java.lang.String)?[0m
  ?[32mThen ?[0m?[32mthe BikeTourPlus information shall be start date ?[0m?[32m?[1m"2023-03-13"?[0m?[32m, number of weeks ?[0m?[32m?[1m"10"?[0m?[32m, and price of guide per week ?[0m?[32m?[1m"100"?[0m?[32m (p8)?[0m                          ?[90m# ca.mcgill.ecse.biketourplus.features.UpdateBikeTourPlusStepDefinitions.the_bike_tour_plus_information_shall_be_start_date_number_of_weeks_and_price_of_guide_per_week_p8(java.lang.String,java.lang.String,java.lang.String)?[0m
  ?[32mThen ?[0m?[32mthe system shall raise the error ?[0m?[32m?[1m"The start date cannot be from previous year or earlier"?[0m?[32m (p8)?[0m                                                       ?[90m# ca.mcgill.ecse.biketourplus.features.UpdateBikeTourPlusStepDefinitions.the_system_shall_raise_the_error_p8(java.lang.String)?[0m

Scenario Outline: Update the manager successfully                                               ?[90m# src/test/resources/UpdateManager.feature:19?[0m
  ?[32mGiven ?[0m?[32mthe following BikeTourPlus system exists: (p5)?[0m                                          ?[90m# ca.mcgill.ecse.biketourplus.features.UpdateManagerStepDefinitions.the_following_bike_tour_plus_system_exists_p5(io.cucumber.datatable.DataTable)?[0m
  ?[32mGiven ?[0m?[32mthe following manager exists in the system: (p5)?[0m                                        ?[90m# ca.mcgill.ecse.biketourplus.features.UpdateManagerStepDefinitions.the_following_manager_exists_in_the_system_p5(io.cucumber.datatable.DataTable)?[0m
  ?[32mWhen ?[0m?[32mthe manager attempts to update their password to ?[0m?[32m?[1m"P!p1"?[0m?[32m (p5)?[0m                             ?[90m# ca.mcgill.ecse.biketourplus.features.UpdateManagerStepDefinitions.the_manager_attempts_to_update_their_password_to_p5(java.lang.String)?[0m
  ?[32mThen ?[0m?[32ma manager account shall exist with email ?[0m?[32m?[1m"manager@btp.com"?[0m?[32m and with password ?[0m?[32m?[1m"P!p1"?[0m?[32m (p5)?[0m ?[90m# ca.mcgill.ecse.biketourplus.features.UpdateManagerStepDefinitions.a_manager_account_shall_exist_with_email_and_with_password_p5(java.lang.String,java.lang.String)?[0m
  ?[32mThen ?[0m?[32mthe number of managers shall be ?[0m?[32m?[1m"1"?[0m?[32m (p5)?[0m                                                 ?[90m# ca.mcgill.ecse.biketourplus.features.UpdateManagerStepDefinitions.the_number_of_managers_shall_be_p5(java.lang.String)?[0m

Scenario Outline: Update the manager successfully                                               ?[90m# src/test/resources/UpdateManager.feature:20?[0m
  ?[32mGiven ?[0m?[32mthe following BikeTourPlus system exists: (p5)?[0m                                          ?[90m# ca.mcgill.ecse.biketourplus.features.UpdateManagerStepDefinitions.the_following_bike_tour_plus_system_exists_p5(io.cucumber.datatable.DataTable)?[0m
  ?[32mGiven ?[0m?[32mthe following manager exists in the system: (p5)?[0m                                        ?[90m# ca.mcgill.ecse.biketourplus.features.UpdateManagerStepDefinitions.the_following_manager_exists_in_the_system_p5(io.cucumber.datatable.DataTable)?[0m
  ?[32mWhen ?[0m?[32mthe manager attempts to update their password to ?[0m?[32m?[1m"p#2P"?[0m?[32m (p5)?[0m                             ?[90m# ca.mcgill.ecse.biketourplus.features.UpdateManagerStepDefinitions.the_manager_attempts_to_update_their_password_to_p5(java.lang.String)?[0m
  ?[32mThen ?[0m?[32ma manager account shall exist with email ?[0m?[32m?[1m"manager@btp.com"?[0m?[32m and with password ?[0m?[32m?[1m"p#2P"?[0m?[32m (p5)?[0m ?[90m# ca.mcgill.ecse.biketourplus.features.UpdateManagerStepDefinitions.a_manager_account_shall_exist_with_email_and_with_password_p5(java.lang.String,java.lang.String)?[0m
  ?[32mThen ?[0m?[32mthe number of managers shall be ?[0m?[32m?[1m"1"?[0m?[32m (p5)?[0m                                                 ?[90m# ca.mcgill.ecse.biketourplus.features.UpdateManagerStepDefinitions.the_number_of_managers_shall_be_p5(java.lang.String)?[0m

Scenario Outline: Update the manager successfully                                               ?[90m# src/test/resources/UpdateManager.feature:21?[0m
  ?[32mGiven ?[0m?[32mthe following BikeTourPlus system exists: (p5)?[0m                                          ?[90m# ca.mcgill.ecse.biketourplus.features.UpdateManagerStepDefinitions.the_following_bike_tour_plus_system_exists_p5(io.cucumber.datatable.DataTable)?[0m
  ?[32mGiven ?[0m?[32mthe following manager exists in the system: (p5)?[0m                                        ?[90m# ca.mcgill.ecse.biketourplus.features.UpdateManagerStepDefinitions.the_following_manager_exists_in_the_system_p5(io.cucumber.datatable.DataTable)?[0m
  ?[32mWhen ?[0m?[32mthe manager attempts to update their password to ?[0m?[32m?[1m"$aA3"?[0m?[32m (p5)?[0m                             ?[90m# ca.mcgill.ecse.biketourplus.features.UpdateManagerStepDefinitions.the_manager_attempts_to_update_their_password_to_p5(java.lang.String)?[0m
  ?[32mThen ?[0m?[32ma manager account shall exist with email ?[0m?[32m?[1m"manager@btp.com"?[0m?[32m and with password ?[0m?[32m?[1m"$aA3"?[0m?[32m (p5)?[0m ?[90m# ca.mcgill.ecse.biketourplus.features.UpdateManagerStepDefinitions.a_manager_account_shall_exist_with_email_and_with_password_p5(java.lang.String,java.lang.String)?[0m
  ?[32mThen ?[0m?[32mthe number of managers shall be ?[0m?[32m?[1m"1"?[0m?[32m (p5)?[0m                                                 ?[90m# ca.mcgill.ecse.biketourplus.features.UpdateManagerStepDefinitions.the_number_of_managers_shall_be_p5(java.lang.String)?[0m

Scenario Outline: Update a manager unsuccessfully                                             ?[90m# src/test/resources/UpdateManager.feature:31?[0m
  ?[32mGiven ?[0m?[32mthe following BikeTourPlus system exists: (p5)?[0m                                        ?[90m# ca.mcgill.ecse.biketourplus.features.UpdateManagerStepDefinitions.the_following_bike_tour_plus_system_exists_p5(io.cucumber.datatable.DataTable)?[0m
  ?[32mGiven ?[0m?[32mthe following manager exists in the system: (p5)?[0m                                      ?[90m# ca.mcgill.ecse.biketourplus.features.UpdateManagerStepDefinitions.the_following_manager_exists_in_the_system_p5(io.cucumber.datatable.DataTable)?[0m
  ?[32mWhen ?[0m?[32mthe manager attempts to update their password to ?[0m?[32m?[1m"P!p"?[0m?[32m (p5)?[0m                            ?[90m# ca.mcgill.ecse.biketourplus.features.UpdateManagerStepDefinitions.the_manager_attempts_to_update_their_password_to_p5(java.lang.String)?[0m
  ?[32mThen ?[0m?[32ma manager account shall exist with email ?[0m?[32m?[1m"manager@btp.com"?[0m?[32m and password ?[0m?[32m?[1m"manager"?[0m?[32m (p5)?[0m ?[90m# ca.mcgill.ecse.biketourplus.features.UpdateManagerStepDefinitions.a_manager_account_shall_exist_with_email_and_password_p5(java.lang.String,java.lang.String)?[0m
  ?[32mThen ?[0m?[32mthe number of managers shall be ?[0m?[32m?[1m"1"?[0m?[32m (p5)?[0m                                               ?[90m# ca.mcgill.ecse.biketourplus.features.UpdateManagerStepDefinitions.the_number_of_managers_shall_be_p5(java.lang.String)?[0m
  ?[32mThen ?[0m?[32mthe system shall raise the error ?[0m?[32m?[1m"Password must be at least four characters long"?[0m?[32m (p5)?[0m ?[90m# ca.mcgill.ecse.biketourplus.features.UpdateManagerStepDefinitions.the_system_shall_raise_the_error_p5(java.lang.String)?[0m

Scenario Outline: Update a manager unsuccessfully                                             ?[90m# src/test/resources/UpdateManager.feature:32?[0m
  ?[32mGiven ?[0m?[32mthe following BikeTourPlus system exists: (p5)?[0m                                        ?[90m# ca.mcgill.ecse.biketourplus.features.UpdateManagerStepDefinitions.the_following_bike_tour_plus_system_exists_p5(io.cucumber.datatable.DataTable)?[0m
  ?[32mGiven ?[0m?[32mthe following manager exists in the system: (p5)?[0m                                      ?[90m# ca.mcgill.ecse.biketourplus.features.UpdateManagerStepDefinitions.the_following_manager_exists_in_the_system_p5(io.cucumber.datatable.DataTable)?[0m
  ?[32mWhen ?[0m?[32mthe manager attempts to update their password to ?[0m?[32m?[1m"p2P2"?[0m?[32m (p5)?[0m                           ?[90m# ca.mcgill.ecse.biketourplus.features.UpdateManagerStepDefinitions.the_manager_attempts_to_update_their_password_to_p5(java.lang.String)?[0m
  ?[32mThen ?[0m?[32ma manager account shall exist with email ?[0m?[32m?[1m"manager@btp.com"?[0m?[32m and password ?[0m?[32m?[1m"manager"?[0m?[32m (p5)?[0m ?[90m# ca.mcgill.ecse.biketourplus.features.UpdateManagerStepDefinitions.a_manager_account_shall_exist_with_email_and_password_p5(java.lang.String,java.lang.String)?[0m
  ?[32mThen ?[0m?[32mthe number of managers shall be ?[0m?[32m?[1m"1"?[0m?[32m (p5)?[0m                                               ?[90m# ca.mcgill.ecse.biketourplus.features.UpdateManagerStepDefinitions.the_number_of_managers_shall_be_p5(java.lang.String)?[0m
  ?[32mThen ?[0m?[32mthe system shall raise the error ?[0m?[32m?[1m"Password must contain one character out of !#$"?[0m?[32m (p5)?[0m ?[90m# ca.mcgill.ecse.biketourplus.features.UpdateManagerStepDefinitions.the_system_shall_raise_the_error_p5(java.lang.String)?[0m

Scenario Outline: Update a manager unsuccessfully                                             ?[90m# src/test/resources/UpdateManager.feature:33?[0m
  ?[32mGiven ?[0m?[32mthe following BikeTourPlus system exists: (p5)?[0m                                        ?[90m# ca.mcgill.ecse.biketourplus.features.UpdateManagerStepDefinitions.the_following_bike_tour_plus_system_exists_p5(io.cucumber.datatable.DataTable)?[0m
  ?[32mGiven ?[0m?[32mthe following manager exists in the system: (p5)?[0m                                      ?[90m# ca.mcgill.ecse.biketourplus.features.UpdateManagerStepDefinitions.the_following_manager_exists_in_the_system_p5(io.cucumber.datatable.DataTable)?[0m
  ?[32mWhen ?[0m?[32mthe manager attempts to update their password to ?[0m?[32m?[1m""?[0m?[32m (p5)?[0m                               ?[90m# ca.mcgill.ecse.biketourplus.features.UpdateManagerStepDefinitions.the_manager_attempts_to_update_their_password_to_p5(java.lang.String)?[0m
  ?[32mThen ?[0m?[32ma manager account shall exist with email ?[0m?[32m?[1m"manager@btp.com"?[0m?[32m and password ?[0m?[32m?[1m"manager"?[0m?[32m (p5)?[0m ?[90m# ca.mcgill.ecse.biketourplus.features.UpdateManagerStepDefinitions.a_manager_account_shall_exist_with_email_and_password_p5(java.lang.String,java.lang.String)?[0m
  ?[32mThen ?[0m?[32mthe number of managers shall be ?[0m?[32m?[1m"1"?[0m?[32m (p5)?[0m                                               ?[90m# ca.mcgill.ecse.biketourplus.features.UpdateManagerStepDefinitions.the_number_of_managers_shall_be_p5(java.lang.String)?[0m
  ?[32mThen ?[0m?[32mthe system shall raise the error ?[0m?[32m?[1m"Password cannot be empty"?[0m?[32m (p5)?[0m                       ?[90m# ca.mcgill.ecse.biketourplus.features.UpdateManagerStepDefinitions.the_system_shall_raise_the_error_p5(java.lang.String)?[0m

Scenario Outline: Update a manager unsuccessfully                                             ?[90m# src/test/resources/UpdateManager.feature:34?[0m
  ?[32mGiven ?[0m?[32mthe following BikeTourPlus system exists: (p5)?[0m                                        ?[90m# ca.mcgill.ecse.biketourplus.features.UpdateManagerStepDefinitions.the_following_bike_tour_plus_system_exists_p5(io.cucumber.datatable.DataTable)?[0m
  ?[32mGiven ?[0m?[32mthe following manager exists in the system: (p5)?[0m                                      ?[90m# ca.mcgill.ecse.biketourplus.features.UpdateManagerStepDefinitions.the_following_manager_exists_in_the_system_p5(io.cucumber.datatable.DataTable)?[0m
  ?[32mWhen ?[0m?[32mthe manager attempts to update their password to ?[0m?[32m?[1m"!2P2"?[0m?[32m (p5)?[0m                           ?[90m# ca.mcgill.ecse.biketourplus.features.UpdateManagerStepDefinitions.the_manager_attempts_to_update_their_password_to_p5(java.lang.String)?[0m
  ?[32mThen ?[0m?[32ma manager account shall exist with email ?[0m?[32m?[1m"manager@btp.com"?[0m?[32m and password ?[0m?[32m?[1m"manager"?[0m?[32m (p5)?[0m ?[90m# ca.mcgill.ecse.biketourplus.features.UpdateManagerStepDefinitions.a_manager_account_shall_exist_with_email_and_password_p5(java.lang.String,java.lang.String)?[0m
  ?[32mThen ?[0m?[32mthe number of managers shall be ?[0m?[32m?[1m"1"?[0m?[32m (p5)?[0m                                               ?[90m# ca.mcgill.ecse.biketourplus.features.UpdateManagerStepDefinitions.the_number_of_managers_shall_be_p5(java.lang.String)?[0m
  ?[32mThen ?[0m?[32mthe system shall raise the error ?[0m?[32m?[1m"Password must contain one lower-case character"?[0m?[32m (p5)?[0m ?[90m# ca.mcgill.ecse.biketourplus.features.UpdateManagerStepDefinitions.the_system_shall_raise_the_error_p5(java.lang.String)?[0m

Scenario Outline: Update a manager unsuccessfully                                             ?[90m# src/test/resources/UpdateManager.feature:35?[0m
  ?[32mGiven ?[0m?[32mthe following BikeTourPlus system exists: (p5)?[0m                                        ?[90m# ca.mcgill.ecse.biketourplus.features.UpdateManagerStepDefinitions.the_following_bike_tour_plus_system_exists_p5(io.cucumber.datatable.DataTable)?[0m
  ?[32mGiven ?[0m?[32mthe following manager exists in the system: (p5)?[0m                                      ?[90m# ca.mcgill.ecse.biketourplus.features.UpdateManagerStepDefinitions.the_following_manager_exists_in_the_system_p5(io.cucumber.datatable.DataTable)?[0m
  ?[32mWhen ?[0m?[32mthe manager attempts to update their password to ?[0m?[32m?[1m"!2p2"?[0m?[32m (p5)?[0m                           ?[90m# ca.mcgill.ecse.biketourplus.features.UpdateManagerStepDefinitions.the_manager_attempts_to_update_their_password_to_p5(java.lang.String)?[0m
  ?[32mThen ?[0m?[32ma manager account shall exist with email ?[0m?[32m?[1m"manager@btp.com"?[0m?[32m and password ?[0m?[32m?[1m"manager"?[0m?[32m (p5)?[0m ?[90m# ca.mcgill.ecse.biketourplus.features.UpdateManagerStepDefinitions.a_manager_account_shall_exist_with_email_and_password_p5(java.lang.String,java.lang.String)?[0m
  ?[32mThen ?[0m?[32mthe number of managers shall be ?[0m?[32m?[1m"1"?[0m?[32m (p5)?[0m                                               ?[90m# ca.mcgill.ecse.biketourplus.features.UpdateManagerStepDefinitions.the_number_of_managers_shall_be_p5(java.lang.String)?[0m
  ?[32mThen ?[0m?[32mthe system shall raise the error ?[0m?[32m?[1m"Password must contain one upper-case character"?[0m?[32m (p5)?[0m ?[90m# ca.mcgill.ecse.biketourplus.features.UpdateManagerStepDefinitions.the_system_shall_raise_the_error_p5(java.lang.String)?[0m

Scenario: Successfully view bike tour 1                                        ?[90m# src/test/resources/ViewBikeTour.feature:41?[0m
  ?[32mGiven ?[0m?[32mthe following BikeTourPlus system exists: (p11)?[0m                        ?[90m# ca.mcgill.ecse.biketourplus.features.ViewBikeTourStepDefinitions.the_following_bike_tour_plus_system_exists_p11(io.cucumber.datatable.DataTable)?[0m
  ?[32mGiven ?[0m?[32mthe following pieces of gear exist in the system: (p11)?[0m                ?[90m# ca.mcgill.ecse.biketourplus.features.ViewBikeTourStepDefinitions.the_following_pieces_of_gear_exist_in_the_system_p11(io.cucumber.datatable.DataTable)?[0m
  ?[32mGiven ?[0m?[32mthe following combos exist in the system: (p11)?[0m                        ?[90m# ca.mcgill.ecse.biketourplus.features.ViewBikeTourStepDefinitions.the_following_combos_exist_in_the_system_p11(io.cucumber.datatable.DataTable)?[0m
  ?[32mGiven ?[0m?[32mthe following guides exist in the system: (p11)?[0m                        ?[90m# ca.mcgill.ecse.biketourplus.features.ViewBikeTourStepDefinitions.the_following_guides_exist_in_the_system_p11(io.cucumber.datatable.DataTable)?[0m
  ?[32mGiven ?[0m?[32mthe following participants exist in the system: (p11)?[0m                  ?[90m# ca.mcgill.ecse.biketourplus.features.ViewBikeTourStepDefinitions.the_following_participants_exist_in_the_system_p11(io.cucumber.datatable.DataTable)?[0m
  ?[32mGiven ?[0m?[32mthe following participants request the following pieces of gear: (p11)?[0m ?[90m# ca.mcgill.ecse.biketourplus.features.ViewBikeTourStepDefinitions.the_following_participants_request_the_following_pieces_of_gear_p11(io.cucumber.datatable.DataTable)?[0m
  ?[32mGiven ?[0m?[32mthe following participants request the following combos: (p11)?[0m         ?[90m# ca.mcgill.ecse.biketourplus.features.ViewBikeTourStepDefinitions.the_following_participants_request_the_following_combos_p11(io.cucumber.datatable.DataTable)?[0m
  ?[32mGiven ?[0m?[32mthe following bike tours exist in the system: (p11)?[0m                    ?[90m# ca.mcgill.ecse.biketourplus.features.ViewBikeTourStepDefinitions.the_following_bike_tours_exist_in_the_system_p11(io.cucumber.datatable.DataTable)?[0m
  ?[32mWhen ?[0m?[32mthe manager attempts to view the bike tour with id ?[0m?[32m?[1m"1"?[0m?[32m (p11)?[0m            ?[90m# ca.mcgill.ecse.biketourplus.features.ViewBikeTourStepDefinitions.the_manager_attempts_to_view_the_bike_tour_with_id_p11(java.lang.String)?[0m
  ?[32mThen ?[0m?[32mthe following bike tour information shall be provided: (p11)?[0m            ?[90m# ca.mcgill.ecse.biketourplus.features.ViewBikeTourStepDefinitions.the_following_bike_tour_information_shall_be_provided_p11(io.cucumber.datatable.DataTable)?[0m

Scenario: Successfully view bike tour 2                                        ?[90m# src/test/resources/ViewBikeTour.feature:49?[0m
  ?[32mGiven ?[0m?[32mthe following BikeTourPlus system exists: (p11)?[0m                        ?[90m# ca.mcgill.ecse.biketourplus.features.ViewBikeTourStepDefinitions.the_following_bike_tour_plus_system_exists_p11(io.cucumber.datatable.DataTable)?[0m
  ?[32mGiven ?[0m?[32mthe following pieces of gear exist in the system: (p11)?[0m                ?[90m# ca.mcgill.ecse.biketourplus.features.ViewBikeTourStepDefinitions.the_following_pieces_of_gear_exist_in_the_system_p11(io.cucumber.datatable.DataTable)?[0m
  ?[32mGiven ?[0m?[32mthe following combos exist in the system: (p11)?[0m                        ?[90m# ca.mcgill.ecse.biketourplus.features.ViewBikeTourStepDefinitions.the_following_combos_exist_in_the_system_p11(io.cucumber.datatable.DataTable)?[0m
  ?[32mGiven ?[0m?[32mthe following guides exist in the system: (p11)?[0m                        ?[90m# ca.mcgill.ecse.biketourplus.features.ViewBikeTourStepDefinitions.the_following_guides_exist_in_the_system_p11(io.cucumber.datatable.DataTable)?[0m
  ?[32mGiven ?[0m?[32mthe following participants exist in the system: (p11)?[0m                  ?[90m# ca.mcgill.ecse.biketourplus.features.ViewBikeTourStepDefinitions.the_following_participants_exist_in_the_system_p11(io.cucumber.datatable.DataTable)?[0m
  ?[32mGiven ?[0m?[32mthe following participants request the following pieces of gear: (p11)?[0m ?[90m# ca.mcgill.ecse.biketourplus.features.ViewBikeTourStepDefinitions.the_following_participants_request_the_following_pieces_of_gear_p11(io.cucumber.datatable.DataTable)?[0m
  ?[32mGiven ?[0m?[32mthe following participants request the following combos: (p11)?[0m         ?[90m# ca.mcgill.ecse.biketourplus.features.ViewBikeTourStepDefinitions.the_following_participants_request_the_following_combos_p11(io.cucumber.datatable.DataTable)?[0m
  ?[32mGiven ?[0m?[32mthe following bike tours exist in the system: (p11)?[0m                    ?[90m# ca.mcgill.ecse.biketourplus.features.ViewBikeTourStepDefinitions.the_following_bike_tours_exist_in_the_system_p11(io.cucumber.datatable.DataTable)?[0m
  ?[32mWhen ?[0m?[32mthe manager attempts to view the bike tour with id ?[0m?[32m?[1m"2"?[0m?[32m (p11)?[0m            ?[90m# ca.mcgill.ecse.biketourplus.features.ViewBikeTourStepDefinitions.the_manager_attempts_to_view_the_bike_tour_with_id_p11(java.lang.String)?[0m
  ?[32mThen ?[0m?[32mthe following bike tour information shall be provided: (p11)?[0m            ?[90m# ca.mcgill.ecse.biketourplus.features.ViewBikeTourStepDefinitions.the_following_bike_tour_information_shall_be_provided_p11(io.cucumber.datatable.DataTable)?[0m
]]></system-out>
  <system-err><![CDATA[?[32m?[1m????????????????????????????????????????????????????????????????????????????????[0m
?[32m?[1m??[0m Share your Cucumber Report with your team at ?[36m?[1m?[4mhttps://reports.cucumber.io?[0m    ?[32m?[1m??[0m
?[32m?[1m??[0m Activate publishing with one of the following:                              ?[32m?[1m??[0m
?[32m?[1m??[0m                                                                             ?[32m?[1m??[0m
?[32m?[1m??[0m src/test/resources/cucumber.properties:    ?[36mcucumber.publish.enabled?[0m=?[36mtrue?[0m    ?[32m?[1m??[0m
?[32m?[1m??[0m Environment variable:                      ?[36mCUCUMBER_PUBLISH_ENABLED?[0m=?[36mtrue?[0m    ?[32m?[1m??[0m
?[32m?[1m??[0m JUnit:                                     ?[36m@CucumberOptions?[0m(publish = ?[36mtrue?[0m) ?[32m?[1m??[0m
?[32m?[1m??[0m                                                                             ?[32m?[1m??[0m
?[32m?[1m??[0m More information at ?[36mhttps://reports.cucumber.io/docs/cucumber-jvm?[0m           ?[32m?[1m??[0m
?[32m?[1m??[0m                                                                             ?[32m?[1m??[0m
?[32m?[1m??[0m To disable this message, add ?[1mcucumber.publish.quiet?[0m?[1m=?[0m?[1mtrue?[0m to                 ?[32m?[1m??[0m
?[32m?[1m??[0m ?[1msrc/test/resources/cucumber.properties?[0m                                      ?[32m?[1m??[0m
?[32m?[1m????????????????????????????????????????????????????????????????????????????????[0m
]]></system-err>
</testsuite>
